[ 2018-08-11T22:16:11+08:00 ] 113.201.6.251 /kdadmin
INFO: [ app_init ] --START--
INFO: Run Behavior\BuildLiteBehavior [ RunTime:0.000039s ]
INFO: [ app_init ] --END-- [ RunTime:0.000584s ]
NOTIC: [8] Use of undefined constant Doeradmin - assumed 'Doeradmin' C:\wamp64\www\Express\Kdadmin\Conf\Config.php 第 9 行.
NOTIC: [8] Use of undefined constant Doeradmin - assumed 'Doeradmin' C:\wamp64\www\Express\Kdadmin\Conf\Config.php 第 10 行.
NOTIC: [8] Use of undefined constant Doeradmin - assumed 'Doeradmin' C:\wamp64\www\Express\Kdadmin\Conf\Config.php 第 11 行.
NOTIC: [8] Use of undefined constant Doeradmin - assumed 'Doeradmin' C:\wamp64\www\Express\Kdadmin\Conf\Config.php 第 12 行.
NOTIC: [8] Use of undefined constant Doeradmin - assumed 'Doeradmin' C:\wamp64\www\Express\Kdadmin\Conf\Config.php 第 13 行.
INFO: [ app_begin ] --START--
INFO: Run Behavior\ReadHtmlCacheBehavior [ RunTime:0.000623s ]
INFO: [ app_begin ] --END-- [ RunTime:0.000816s ]
INFO: [ view_parse ] --START--
INFO: [ template_filter ] --START--
INFO: Run Behavior\ContentReplaceBehavior [ RunTime:0.000119s ]
INFO: [ template_filter ] --END-- [ RunTime:0.000317s ]
INFO: Run Behavior\ParseTemplateBehavior [ RunTime:0.006700s ]
INFO: [ view_parse ] --END-- [ RunTime:0.006899s ]
INFO: [ view_filter ] --START--
INFO: Run Behavior\WriteHtmlCacheBehavior [ RunTime:0.000388s ]
INFO: [ view_filter ] --END-- [ RunTime:0.000566s ]
INFO: [ app_end ] --START--
INFO: Run Behavior\ShowPageTraceBehavior [ RunTime:0.000711s ]
INFO: [ app_end ] --END-- [ RunTime:0.000900s ]

[ 2018-08-11T22:16:49+08:00 ] 113.201.6.251 /kdadmin
INFO: [ app_init ] --START--
INFO: Run Behavior\BuildLiteBehavior [ RunTime:0.000057s ]
INFO: [ app_init ] --END-- [ RunTime:0.000645s ]
NOTIC: [8] Use of undefined constant Doeradmin - assumed 'Doeradmin' C:\wamp64\www\Express\Kdadmin\Conf\Config.php 第 9 行.
NOTIC: [8] Use of undefined constant Doeradmin - assumed 'Doeradmin' C:\wamp64\www\Express\Kdadmin\Conf\Config.php 第 10 行.
NOTIC: [8] Use of undefined constant Doeradmin - assumed 'Doeradmin' C:\wamp64\www\Express\Kdadmin\Conf\Config.php 第 11 行.
NOTIC: [8] Use of undefined constant Doeradmin - assumed 'Doeradmin' C:\wamp64\www\Express\Kdadmin\Conf\Config.php 第 12 行.
NOTIC: [8] Use of undefined constant Doeradmin - assumed 'Doeradmin' C:\wamp64\www\Express\Kdadmin\Conf\Config.php 第 13 行.
INFO: [ app_begin ] --START--
INFO: Run Behavior\ReadHtmlCacheBehavior [ RunTime:0.000693s ]
INFO: [ app_begin ] --END-- [ RunTime:0.000899s ]
INFO: [ view_parse ] --START--
INFO: [ template_filter ] --START--
INFO: Run Behavior\ContentReplaceBehavior [ RunTime:0.000124s ]
INFO: [ template_filter ] --END-- [ RunTime:0.000363s ]
INFO: Run Behavior\ParseTemplateBehavior [ RunTime:0.007115s ]
INFO: [ view_parse ] --END-- [ RunTime:0.007321s ]
INFO: [ view_filter ] --START--
INFO: Run Behavior\WriteHtmlCacheBehavior [ RunTime:0.000421s ]
INFO: [ view_filter ] --END-- [ RunTime:0.000602s ]
INFO: [ app_end ] --START--
INFO: Run Behavior\ShowPageTraceBehavior [ RunTime:0.000732s ]
INFO: [ app_end ] --END-- [ RunTime:0.000929s ]

[ 2018-08-11T22:17:02+08:00 ] 61.151.178.171 /kdadmin
INFO: [ app_init ] --START--
INFO: Run Behavior\BuildLiteBehavior [ RunTime:0.000071s ]
INFO: [ app_init ] --END-- [ RunTime:0.000882s ]
NOTIC: [8] Use of undefined constant Doeradmin - assumed 'Doeradmin' C:\wamp64\www\Express\Kdadmin\Conf\Config.php 第 9 行.
NOTIC: [8] Use of undefined constant Doeradmin - assumed 'Doeradmin' C:\wamp64\www\Express\Kdadmin\Conf\Config.php 第 10 行.
NOTIC: [8] Use of undefined constant Doeradmin - assumed 'Doeradmin' C:\wamp64\www\Express\Kdadmin\Conf\Config.php 第 11 行.
NOTIC: [8] Use of undefined constant Doeradmin - assumed 'Doeradmin' C:\wamp64\www\Express\Kdadmin\Conf\Config.php 第 12 行.
NOTIC: [8] Use of undefined constant Doeradmin - assumed 'Doeradmin' C:\wamp64\www\Express\Kdadmin\Conf\Config.php 第 13 行.
INFO: [ app_begin ] --START--
INFO: Run Behavior\ReadHtmlCacheBehavior [ RunTime:0.000873s ]
INFO: [ app_begin ] --END-- [ RunTime:0.001229s ]
INFO: [ view_parse ] --START--
INFO: [ template_filter ] --START--
INFO: Run Behavior\ContentReplaceBehavior [ RunTime:0.000219s ]
INFO: [ template_filter ] --END-- [ RunTime:0.000586s ]
INFO: Run Behavior\ParseTemplateBehavior [ RunTime:0.012357s ]
INFO: [ view_parse ] --END-- [ RunTime:0.012713s ]
INFO: [ view_filter ] --START--
INFO: Run Behavior\WriteHtmlCacheBehavior [ RunTime:0.000458s ]
INFO: [ view_filter ] --END-- [ RunTime:0.000797s ]
INFO: [ app_end ] --START--
INFO: Run Behavior\ShowPageTraceBehavior [ RunTime:0.001034s ]
INFO: [ app_end ] --END-- [ RunTime:0.001370s ]

[ 2018-08-11T22:18:17+08:00 ] 61.151.218.118 /kdadmin
INFO: [ app_init ] --START--
INFO: Run Behavior\BuildLiteBehavior [ RunTime:0.000041s ]
INFO: [ app_init ] --END-- [ RunTime:0.000592s ]
NOTIC: [8] Use of undefined constant Doeradmin - assumed 'Doeradmin' C:\wamp64\www\Express\Kdadmin\Conf\Config.php 第 9 行.
NOTIC: [8] Use of undefined constant Doeradmin - assumed 'Doeradmin' C:\wamp64\www\Express\Kdadmin\Conf\Config.php 第 10 行.
NOTIC: [8] Use of undefined constant Doeradmin - assumed 'Doeradmin' C:\wamp64\www\Express\Kdadmin\Conf\Config.php 第 11 行.
NOTIC: [8] Use of undefined constant Doeradmin - assumed 'Doeradmin' C:\wamp64\www\Express\Kdadmin\Conf\Config.php 第 12 行.
NOTIC: [8] Use of undefined constant Doeradmin - assumed 'Doeradmin' C:\wamp64\www\Express\Kdadmin\Conf\Config.php 第 13 行.
INFO: [ app_begin ] --START--
INFO: Run Behavior\ReadHtmlCacheBehavior [ RunTime:0.000638s ]
INFO: [ app_begin ] --END-- [ RunTime:0.000834s ]
INFO: [ view_parse ] --START--
INFO: [ template_filter ] --START--
INFO: Run Behavior\ContentReplaceBehavior [ RunTime:0.000125s ]
INFO: [ template_filter ] --END-- [ RunTime:0.000329s ]
INFO: Run Behavior\ParseTemplateBehavior [ RunTime:0.006967s ]
INFO: [ view_parse ] --END-- [ RunTime:0.007169s ]
INFO: [ view_filter ] --START--
INFO: Run Behavior\WriteHtmlCacheBehavior [ RunTime:0.000391s ]
INFO: [ view_filter ] --END-- [ RunTime:0.000582s ]
INFO: [ app_end ] --START--
INFO: Run Behavior\ShowPageTraceBehavior [ RunTime:0.000694s ]
INFO: [ app_end ] --END-- [ RunTime:0.000883s ]

