[ 2018-09-16T16:59:12+08:00 ] 58.250.137.194 /kdadmin/Main
ERR: 1054:Unknown column 'addtime' in 'where clause'
 [ SQL语句 ] : SELECT COUNT(id) AS tp_count FROM `ui_order` WHERE ( addtime >= '1537027200' ) LIMIT 1  
ERR: 1054:Unknown column 'addtime' in 'where clause'
 [ SQL语句 ] : SELECT COUNT(id) AS tp_count FROM `ui_order` WHERE ( addtime >= '1537027200' ) LIMIT 1  

[ 2018-09-16T16:59:29+08:00 ] 58.250.137.194 /kdadmin/Main
ERR: 1054:Unknown column 'addtime' in 'where clause'
 [ SQL语句 ] : SELECT COUNT(id) AS tp_count FROM `ui_order` WHERE ( addtime >= '1537027200' ) LIMIT 1  
ERR: 1054:Unknown column 'addtime' in 'where clause'
 [ SQL语句 ] : SELECT COUNT(id) AS tp_count FROM `ui_order` WHERE ( addtime >= '1537027200' ) LIMIT 1  

[ 2018-09-16T16:59:49+08:00 ] 58.250.137.194 /kdadmin/Main
INFO: [ app_init ] --START--
INFO: Run Behavior\BuildLiteBehavior [ RunTime:0.000040s ]
INFO: [ app_init ] --END-- [ RunTime:0.000575s ]
NOTIC: [8] Use of undefined constant Kdadmin - assumed 'Kdadmin' C:\wamp64\www\Express\Kdadmin\Conf\Config.php 第 9 行.
NOTIC: [8] Use of undefined constant Kdadmin - assumed 'Kdadmin' C:\wamp64\www\Express\Kdadmin\Conf\Config.php 第 10 行.
NOTIC: [8] Use of undefined constant Kdadmin - assumed 'Kdadmin' C:\wamp64\www\Express\Kdadmin\Conf\Config.php 第 11 行.
NOTIC: [8] Use of undefined constant Kdadmin - assumed 'Kdadmin' C:\wamp64\www\Express\Kdadmin\Conf\Config.php 第 12 行.
NOTIC: [8] Use of undefined constant Kdadmin - assumed 'Kdadmin' C:\wamp64\www\Express\Kdadmin\Conf\Config.php 第 13 行.
INFO: [ app_begin ] --START--
INFO: Run Behavior\ReadHtmlCacheBehavior [ RunTime:0.000641s ]
INFO: [ app_begin ] --END-- [ RunTime:0.000874s ]
SQL: SHOW COLUMNS FROM `ui_admin` [ RunTime:0.0015s ]
SQL: SELECT `sysname`,`lastlog`,`logtime`,`logip`,`class` FROM `ui_admin` WHERE ( sysid=1 ) LIMIT 1   [ RunTime:0.0004s ]
NOTIC: [8] Undefined variable: logtime C:\wamp64\www\Express\Kdadmin\Controller\MainController.class.php 第 23 行.
SQL: SHOW COLUMNS FROM `ui_userinfo` [ RunTime:0.0007s ]
SQL: SELECT COUNT(id) AS tp_count FROM `ui_userinfo` WHERE ( addtime >= '1537027200' ) LIMIT 1   [ RunTime:0.0004s ]
SQL: SHOW COLUMNS FROM `ui_order` [ RunTime:0.0005s ]
ERR: 1054:Unknown column 'addtime' in 'where clause'
 [ SQL语句 ] : SELECT COUNT(id) AS tp_count FROM `ui_order` WHERE ( addtime >= '1537027200' ) LIMIT 1  
ERR: 1054:Unknown column 'addtime' in 'where clause'
 [ SQL语句 ] : SELECT COUNT(id) AS tp_count FROM `ui_order` WHERE ( addtime >= '1537027200' ) LIMIT 1  

[ 2018-09-16T17:00:53+08:00 ] 58.250.137.194 /kdadmin/Main
INFO: [ app_init ] --START--
INFO: Run Behavior\BuildLiteBehavior [ RunTime:0.000067s ]
INFO: [ app_init ] --END-- [ RunTime:0.000602s ]
NOTIC: [8] Use of undefined constant Kdadmin - assumed 'Kdadmin' C:\wamp64\www\Express\Kdadmin\Conf\Config.php 第 9 行.
NOTIC: [8] Use of undefined constant Kdadmin - assumed 'Kdadmin' C:\wamp64\www\Express\Kdadmin\Conf\Config.php 第 10 行.
NOTIC: [8] Use of undefined constant Kdadmin - assumed 'Kdadmin' C:\wamp64\www\Express\Kdadmin\Conf\Config.php 第 11 行.
NOTIC: [8] Use of undefined constant Kdadmin - assumed 'Kdadmin' C:\wamp64\www\Express\Kdadmin\Conf\Config.php 第 12 行.
NOTIC: [8] Use of undefined constant Kdadmin - assumed 'Kdadmin' C:\wamp64\www\Express\Kdadmin\Conf\Config.php 第 13 行.
INFO: [ app_begin ] --START--
INFO: Run Behavior\ReadHtmlCacheBehavior [ RunTime:0.000499s ]
INFO: [ app_begin ] --END-- [ RunTime:0.000695s ]
SQL: SHOW COLUMNS FROM `ui_admin` [ RunTime:0.0008s ]
SQL: SELECT `sysname`,`lastlog`,`logtime`,`logip`,`class` FROM `ui_admin` WHERE ( sysid=1 ) LIMIT 1   [ RunTime:0.0004s ]
NOTIC: [8] Undefined variable: logtime C:\wamp64\www\Express\Kdadmin\Controller\MainController.class.php 第 23 行.
SQL: SHOW COLUMNS FROM `ui_userinfo` [ RunTime:0.0007s ]
SQL: SELECT COUNT(id) AS tp_count FROM `ui_userinfo` WHERE ( addtime >= '1537027200' ) LIMIT 1   [ RunTime:0.0004s ]
ERR: 1146:Table 'express.ui_feedback' doesn't exist
 [ SQL语句 ] : SHOW COLUMNS FROM `ui_feedback`
ERR: 1146:Table 'express.ui_feedback' doesn't exist
 [ SQL语句 ] : SHOW COLUMNS FROM `ui_feedback`

[ 2018-09-16T17:00:59+08:00 ] 58.250.137.194 /kdadmin/Main
INFO: [ app_init ] --START--
INFO: Run Behavior\BuildLiteBehavior [ RunTime:0.000042s ]
INFO: [ app_init ] --END-- [ RunTime:0.000599s ]
NOTIC: [8] Use of undefined constant Kdadmin - assumed 'Kdadmin' C:\wamp64\www\Express\Kdadmin\Conf\Config.php 第 9 行.
NOTIC: [8] Use of undefined constant Kdadmin - assumed 'Kdadmin' C:\wamp64\www\Express\Kdadmin\Conf\Config.php 第 10 行.
NOTIC: [8] Use of undefined constant Kdadmin - assumed 'Kdadmin' C:\wamp64\www\Express\Kdadmin\Conf\Config.php 第 11 行.
NOTIC: [8] Use of undefined constant Kdadmin - assumed 'Kdadmin' C:\wamp64\www\Express\Kdadmin\Conf\Config.php 第 12 行.
NOTIC: [8] Use of undefined constant Kdadmin - assumed 'Kdadmin' C:\wamp64\www\Express\Kdadmin\Conf\Config.php 第 13 行.
INFO: [ app_begin ] --START--
INFO: Run Behavior\ReadHtmlCacheBehavior [ RunTime:0.000523s ]
INFO: [ app_begin ] --END-- [ RunTime:0.000727s ]
SQL: SHOW COLUMNS FROM `ui_admin` [ RunTime:0.0008s ]
SQL: SELECT `sysname`,`lastlog`,`logtime`,`logip`,`class` FROM `ui_admin` WHERE ( sysid=1 ) LIMIT 1   [ RunTime:0.0004s ]
NOTIC: [8] Undefined variable: logtime C:\wamp64\www\Express\Kdadmin\Controller\MainController.class.php 第 23 行.
SQL: SHOW COLUMNS FROM `ui_userinfo` [ RunTime:0.0009s ]
SQL: SELECT COUNT(id) AS tp_count FROM `ui_userinfo` WHERE ( addtime >= '1537027200' ) LIMIT 1   [ RunTime:0.0004s ]
ERR: 1146:Table 'express.ui_takeout' doesn't exist
 [ SQL语句 ] : SHOW COLUMNS FROM `ui_takeout`
ERR: 1146:Table 'express.ui_takeout' doesn't exist
 [ SQL语句 ] : SHOW COLUMNS FROM `ui_takeout`

[ 2018-09-16T17:01:15+08:00 ] 58.250.137.194 /kdadmin/Main
INFO: [ app_init ] --START--
INFO: Run Behavior\BuildLiteBehavior [ RunTime:0.000042s ]
INFO: [ app_init ] --END-- [ RunTime:0.000512s ]
NOTIC: [8] Use of undefined constant Kdadmin - assumed 'Kdadmin' C:\wamp64\www\Express\Kdadmin\Conf\Config.php 第 9 行.
NOTIC: [8] Use of undefined constant Kdadmin - assumed 'Kdadmin' C:\wamp64\www\Express\Kdadmin\Conf\Config.php 第 10 行.
NOTIC: [8] Use of undefined constant Kdadmin - assumed 'Kdadmin' C:\wamp64\www\Express\Kdadmin\Conf\Config.php 第 11 行.
NOTIC: [8] Use of undefined constant Kdadmin - assumed 'Kdadmin' C:\wamp64\www\Express\Kdadmin\Conf\Config.php 第 12 行.
NOTIC: [8] Use of undefined constant Kdadmin - assumed 'Kdadmin' C:\wamp64\www\Express\Kdadmin\Conf\Config.php 第 13 行.
INFO: [ app_begin ] --START--
INFO: Run Behavior\ReadHtmlCacheBehavior [ RunTime:0.000498s ]
INFO: [ app_begin ] --END-- [ RunTime:0.000691s ]
SQL: SHOW COLUMNS FROM `ui_admin` [ RunTime:0.0007s ]
SQL: SELECT `sysname`,`lastlog`,`logtime`,`logip`,`class` FROM `ui_admin` WHERE ( sysid=1 ) LIMIT 1   [ RunTime:0.0003s ]
NOTIC: [8] Undefined variable: logtime C:\wamp64\www\Express\Kdadmin\Controller\MainController.class.php 第 23 行.
SQL: SHOW COLUMNS FROM `ui_userinfo` [ RunTime:0.0005s ]
SQL: SELECT COUNT(id) AS tp_count FROM `ui_userinfo` WHERE ( addtime >= '1537027200' ) LIMIT 1   [ RunTime:0.0003s ]
SQL: SHOW COLUMNS FROM `ui_order` [ RunTime:0.0006s ]
SQL: SELECT COUNT(id) AS tp_count FROM `ui_order` WHERE ( status=-1 ) LIMIT 1   [ RunTime:0.0123s ]
ERR: 1146:Table 'express.ui_message' doesn't exist
 [ SQL语句 ] : SHOW COLUMNS FROM `ui_message`
ERR: 1146:Table 'express.ui_message' doesn't exist
 [ SQL语句 ] : SHOW COLUMNS FROM `ui_message`

[ 2018-09-16T17:01:24+08:00 ] 183.3.227.100 /kdadmin/Main
INFO: [ app_init ] --START--
INFO: Run Behavior\BuildLiteBehavior [ RunTime:0.000041s ]
INFO: [ app_init ] --END-- [ RunTime:0.000531s ]
NOTIC: [8] Use of undefined constant Kdadmin - assumed 'Kdadmin' C:\wamp64\www\Express\Kdadmin\Conf\Config.php 第 9 行.
NOTIC: [8] Use of undefined constant Kdadmin - assumed 'Kdadmin' C:\wamp64\www\Express\Kdadmin\Conf\Config.php 第 10 行.
NOTIC: [8] Use of undefined constant Kdadmin - assumed 'Kdadmin' C:\wamp64\www\Express\Kdadmin\Conf\Config.php 第 11 行.
NOTIC: [8] Use of undefined constant Kdadmin - assumed 'Kdadmin' C:\wamp64\www\Express\Kdadmin\Conf\Config.php 第 12 行.
NOTIC: [8] Use of undefined constant Kdadmin - assumed 'Kdadmin' C:\wamp64\www\Express\Kdadmin\Conf\Config.php 第 13 行.
INFO: [ app_begin ] --START--
INFO: Run Behavior\ReadHtmlCacheBehavior [ RunTime:0.000554s ]
INFO: [ app_begin ] --END-- [ RunTime:0.000754s ]
SQL: SHOW COLUMNS FROM `ui_admin` [ RunTime:0.0007s ]
SQL: SELECT `sysname`,`lastlog`,`logtime`,`logip`,`class` FROM `ui_admin` WHERE ( sysid=1 ) LIMIT 1   [ RunTime:0.0003s ]
NOTIC: [8] Undefined variable: logtime C:\wamp64\www\Express\Kdadmin\Controller\MainController.class.php 第 23 行.
SQL: SHOW COLUMNS FROM `ui_userinfo` [ RunTime:0.0006s ]
SQL: SELECT COUNT(id) AS tp_count FROM `ui_userinfo` WHERE ( addtime >= '1537027200' ) LIMIT 1   [ RunTime:0.0003s ]
SQL: SHOW COLUMNS FROM `ui_order` [ RunTime:0.0006s ]
SQL: SELECT COUNT(id) AS tp_count FROM `ui_order` WHERE ( status=-1 ) LIMIT 1   [ RunTime:0.0003s ]
NOTIC: [8] Undefined variable: countorder C:\wamp64\www\Express\Kdadmin\Controller\MainController.class.php 第 31 行.
NOTIC: [8] Undefined variable: countfee C:\wamp64\www\Express\Kdadmin\Controller\MainController.class.php 第 32 行.
NOTIC: [8] Undefined variable: countme C:\wamp64\www\Express\Kdadmin\Controller\MainController.class.php 第 33 行.
NOTIC: [8] Undefined variable: countpro C:\wamp64\www\Express\Kdadmin\Controller\MainController.class.php 第 34 行.
NOTIC: [8] Undefined variable: countmessage C:\wamp64\www\Express\Kdadmin\Controller\MainController.class.php 第 36 行.
NOTIC: [8] Undefined variable: counttake C:\wamp64\www\Express\Kdadmin\Controller\MainController.class.php 第 37 行.
NOTIC: [8] Undefined variable: countrechar C:\wamp64\www\Express\Kdadmin\Controller\MainController.class.php 第 38 行.
INFO: [ view_parse ] --START--
INFO: [ template_filter ] --START--
INFO: Run Behavior\ContentReplaceBehavior [ RunTime:0.000184s ]
INFO: [ template_filter ] --END-- [ RunTime:0.000382s ]
NOTIC: [8] Undefined variable: title C:\wamp64\www\Express\Runtime\Cache\Kdadmin\31e245fd6182baaf79357f140e2f1cb2.php 第 6 行.
INFO: Run Behavior\ParseTemplateBehavior [ RunTime:0.011368s ]
INFO: [ view_parse ] --END-- [ RunTime:0.011575s ]
INFO: [ view_filter ] --START--
INFO: Run Behavior\WriteHtmlCacheBehavior [ RunTime:0.000394s ]
INFO: [ view_filter ] --END-- [ RunTime:0.000833s ]
INFO: [ app_end ] --START--
INFO: Run Behavior\ShowPageTraceBehavior [ RunTime:0.000598s ]
INFO: [ app_end ] --END-- [ RunTime:0.000785s ]

[ 2018-09-16T17:01:51+08:00 ] 58.250.137.194 /kdadmin/Main
INFO: [ app_init ] --START--
INFO: Run Behavior\BuildLiteBehavior [ RunTime:0.000048s ]
INFO: [ app_init ] --END-- [ RunTime:0.000624s ]
NOTIC: [8] Use of undefined constant Kdadmin - assumed 'Kdadmin' C:\wamp64\www\Express\Kdadmin\Conf\Config.php 第 9 行.
NOTIC: [8] Use of undefined constant Kdadmin - assumed 'Kdadmin' C:\wamp64\www\Express\Kdadmin\Conf\Config.php 第 10 行.
NOTIC: [8] Use of undefined constant Kdadmin - assumed 'Kdadmin' C:\wamp64\www\Express\Kdadmin\Conf\Config.php 第 11 行.
NOTIC: [8] Use of undefined constant Kdadmin - assumed 'Kdadmin' C:\wamp64\www\Express\Kdadmin\Conf\Config.php 第 12 行.
NOTIC: [8] Use of undefined constant Kdadmin - assumed 'Kdadmin' C:\wamp64\www\Express\Kdadmin\Conf\Config.php 第 13 行.
INFO: [ app_begin ] --START--
INFO: Run Behavior\ReadHtmlCacheBehavior [ RunTime:0.000696s ]
INFO: [ app_begin ] --END-- [ RunTime:0.000924s ]
SQL: SHOW COLUMNS FROM `ui_admin` [ RunTime:0.0007s ]
SQL: SELECT `sysname`,`lastlog`,`logtime`,`logip`,`class` FROM `ui_admin` WHERE ( sysid=1 ) LIMIT 1   [ RunTime:0.0004s ]
NOTIC: [8] Undefined variable: logtime C:\wamp64\www\Express\Kdadmin\Controller\MainController.class.php 第 23 行.
SQL: SHOW COLUMNS FROM `ui_userinfo` [ RunTime:0.0006s ]
SQL: SELECT COUNT(id) AS tp_count FROM `ui_userinfo` WHERE ( addtime >= '1537027200' ) LIMIT 1   [ RunTime:0.0003s ]
SQL: SHOW COLUMNS FROM `ui_order` [ RunTime:0.0006s ]
ERR: 1054:Unknown column 'addtime' in 'where clause'
 [ SQL语句 ] : SELECT COUNT(id) AS tp_count FROM `ui_order` WHERE ( addtime >= '1537027200' ) LIMIT 1  
ERR: 1054:Unknown column 'addtime' in 'where clause'
 [ SQL语句 ] : SELECT COUNT(id) AS tp_count FROM `ui_order` WHERE ( addtime >= '1537027200' ) LIMIT 1  

[ 2018-09-16T17:02:03+08:00 ] 58.250.137.194 /kdadmin/Main
INFO: [ app_init ] --START--
INFO: Run Behavior\BuildLiteBehavior [ RunTime:0.000043s ]
INFO: [ app_init ] --END-- [ RunTime:0.000564s ]
NOTIC: [8] Use of undefined constant Kdadmin - assumed 'Kdadmin' C:\wamp64\www\Express\Kdadmin\Conf\Config.php 第 9 行.
NOTIC: [8] Use of undefined constant Kdadmin - assumed 'Kdadmin' C:\wamp64\www\Express\Kdadmin\Conf\Config.php 第 10 行.
NOTIC: [8] Use of undefined constant Kdadmin - assumed 'Kdadmin' C:\wamp64\www\Express\Kdadmin\Conf\Config.php 第 11 行.
NOTIC: [8] Use of undefined constant Kdadmin - assumed 'Kdadmin' C:\wamp64\www\Express\Kdadmin\Conf\Config.php 第 12 行.
NOTIC: [8] Use of undefined constant Kdadmin - assumed 'Kdadmin' C:\wamp64\www\Express\Kdadmin\Conf\Config.php 第 13 行.
INFO: [ app_begin ] --START--
INFO: Run Behavior\ReadHtmlCacheBehavior [ RunTime:0.000526s ]
INFO: [ app_begin ] --END-- [ RunTime:0.000749s ]
SQL: SHOW COLUMNS FROM `ui_admin` [ RunTime:0.0008s ]
SQL: SELECT `sysname`,`lastlog`,`logtime`,`logip`,`class` FROM `ui_admin` WHERE ( sysid=1 ) LIMIT 1   [ RunTime:0.0004s ]
NOTIC: [8] Undefined variable: logtime C:\wamp64\www\Express\Kdadmin\Controller\MainController.class.php 第 23 行.
SQL: SHOW COLUMNS FROM `ui_userinfo` [ RunTime:0.0006s ]
SQL: SELECT COUNT(id) AS tp_count FROM `ui_userinfo` WHERE ( addtime >= '1537027200' ) LIMIT 1   [ RunTime:0.0005s ]
SQL: SHOW COLUMNS FROM `ui_order` [ RunTime:0.0006s ]
SQL: SELECT COUNT(id) AS tp_count FROM `ui_order` WHERE ( paytime >= '1537027200' ) LIMIT 1   [ RunTime:0.0003s ]
SQL: SELECT COUNT(id) AS tp_count FROM `ui_order` WHERE ( status=-1 ) LIMIT 1   [ RunTime:0.0003s ]
NOTIC: [8] Undefined variable: countfee C:\wamp64\www\Express\Kdadmin\Controller\MainController.class.php 第 32 行.
NOTIC: [8] Undefined variable: countme C:\wamp64\www\Express\Kdadmin\Controller\MainController.class.php 第 33 行.
NOTIC: [8] Undefined variable: countpro C:\wamp64\www\Express\Kdadmin\Controller\MainController.class.php 第 34 行.
NOTIC: [8] Undefined variable: countmessage C:\wamp64\www\Express\Kdadmin\Controller\MainController.class.php 第 36 行.
NOTIC: [8] Undefined variable: counttake C:\wamp64\www\Express\Kdadmin\Controller\MainController.class.php 第 37 行.
NOTIC: [8] Undefined variable: countrechar C:\wamp64\www\Express\Kdadmin\Controller\MainController.class.php 第 38 行.
INFO: [ view_parse ] --START--
INFO: [ template_filter ] --START--
INFO: Run Behavior\ContentReplaceBehavior [ RunTime:0.000186s ]
INFO: [ template_filter ] --END-- [ RunTime:0.000387s ]
NOTIC: [8] Undefined variable: title C:\wamp64\www\Express\Runtime\Cache\Kdadmin\31e245fd6182baaf79357f140e2f1cb2.php 第 6 行.
INFO: Run Behavior\ParseTemplateBehavior [ RunTime:0.011598s ]
INFO: [ view_parse ] --END-- [ RunTime:0.011798s ]
INFO: [ view_filter ] --START--
INFO: Run Behavior\WriteHtmlCacheBehavior [ RunTime:0.000366s ]
INFO: [ view_filter ] --END-- [ RunTime:0.000549s ]
INFO: [ app_end ] --START--
INFO: Run Behavior\ShowPageTraceBehavior [ RunTime:0.000505s ]
INFO: [ app_end ] --END-- [ RunTime:0.000697s ]

[ 2018-09-16T17:02:37+08:00 ] 58.250.137.194 /kdadmin/Main
INFO: [ app_init ] --START--
INFO: Run Behavior\BuildLiteBehavior [ RunTime:0.000201s ]
INFO: [ app_init ] --END-- [ RunTime:0.000957s ]
NOTIC: [8] Use of undefined constant Kdadmin - assumed 'Kdadmin' C:\wamp64\www\Express\Kdadmin\Conf\Config.php 第 9 行.
NOTIC: [8] Use of undefined constant Kdadmin - assumed 'Kdadmin' C:\wamp64\www\Express\Kdadmin\Conf\Config.php 第 10 行.
NOTIC: [8] Use of undefined constant Kdadmin - assumed 'Kdadmin' C:\wamp64\www\Express\Kdadmin\Conf\Config.php 第 11 行.
NOTIC: [8] Use of undefined constant Kdadmin - assumed 'Kdadmin' C:\wamp64\www\Express\Kdadmin\Conf\Config.php 第 12 行.
NOTIC: [8] Use of undefined constant Kdadmin - assumed 'Kdadmin' C:\wamp64\www\Express\Kdadmin\Conf\Config.php 第 13 行.
INFO: [ app_begin ] --START--
INFO: Run Behavior\ReadHtmlCacheBehavior [ RunTime:0.000881s ]
INFO: [ app_begin ] --END-- [ RunTime:0.001157s ]
SQL: SHOW COLUMNS FROM `ui_admin` [ RunTime:0.0011s ]
SQL: SELECT `sysname`,`lastlog`,`logtime`,`logip`,`class` FROM `ui_admin` WHERE ( sysid=1 ) LIMIT 1   [ RunTime:0.0004s ]
NOTIC: [8] Undefined variable: logtime C:\wamp64\www\Express\Kdadmin\Controller\MainController.class.php 第 23 行.
SQL: SHOW COLUMNS FROM `ui_userinfo` [ RunTime:0.0023s ]
SQL: SELECT COUNT(id) AS tp_count FROM `ui_userinfo` WHERE ( addtime >= '1537027200' ) LIMIT 1   [ RunTime:0.0004s ]
SQL: SHOW COLUMNS FROM `ui_order` [ RunTime:0.0007s ]
SQL: SELECT COUNT(id) AS tp_count FROM `ui_order` WHERE ( paytime >= '1537027200' ) LIMIT 1   [ RunTime:0.0004s ]
SQL: SELECT COUNT(id) AS tp_count FROM `ui_order` WHERE ( status=-1 ) LIMIT 1   [ RunTime:0.0004s ]
NOTIC: [8] Undefined variable: countfee C:\wamp64\www\Express\Kdadmin\Controller\MainController.class.php 第 32 行.
NOTIC: [8] Undefined variable: countme C:\wamp64\www\Express\Kdadmin\Controller\MainController.class.php 第 33 行.
NOTIC: [8] Undefined variable: countpro C:\wamp64\www\Express\Kdadmin\Controller\MainController.class.php 第 34 行.
NOTIC: [8] Undefined variable: countmessage C:\wamp64\www\Express\Kdadmin\Controller\MainController.class.php 第 36 行.
NOTIC: [8] Undefined variable: counttake C:\wamp64\www\Express\Kdadmin\Controller\MainController.class.php 第 37 行.
NOTIC: [8] Undefined variable: countrechar C:\wamp64\www\Express\Kdadmin\Controller\MainController.class.php 第 38 行.
INFO: [ view_parse ] --START--
INFO: [ template_filter ] --START--
INFO: Run Behavior\ContentReplaceBehavior [ RunTime:0.000289s ]
INFO: [ template_filter ] --END-- [ RunTime:0.000602s ]
NOTIC: [8] Undefined variable: title C:\wamp64\www\Express\Runtime\Cache\Kdadmin\31e245fd6182baaf79357f140e2f1cb2.php 第 6 行.
INFO: Run Behavior\ParseTemplateBehavior [ RunTime:0.018848s ]
INFO: [ view_parse ] --END-- [ RunTime:0.019137s ]
INFO: [ view_filter ] --START--
INFO: Run Behavior\WriteHtmlCacheBehavior [ RunTime:0.000573s ]
INFO: [ view_filter ] --END-- [ RunTime:0.000859s ]
INFO: [ app_end ] --START--
INFO: Run Behavior\ShowPageTraceBehavior [ RunTime:0.000754s ]
INFO: [ app_end ] --END-- [ RunTime:0.001043s ]

[ 2018-09-16T17:02:50+08:00 ] 58.250.137.194 /kdadmin/Main
INFO: [ app_init ] --START--
INFO: Run Behavior\BuildLiteBehavior [ RunTime:0.000070s ]
INFO: [ app_init ] --END-- [ RunTime:0.000777s ]
NOTIC: [8] Use of undefined constant Kdadmin - assumed 'Kdadmin' C:\wamp64\www\Express\Kdadmin\Conf\Config.php 第 9 行.
NOTIC: [8] Use of undefined constant Kdadmin - assumed 'Kdadmin' C:\wamp64\www\Express\Kdadmin\Conf\Config.php 第 10 行.
NOTIC: [8] Use of undefined constant Kdadmin - assumed 'Kdadmin' C:\wamp64\www\Express\Kdadmin\Conf\Config.php 第 11 行.
NOTIC: [8] Use of undefined constant Kdadmin - assumed 'Kdadmin' C:\wamp64\www\Express\Kdadmin\Conf\Config.php 第 12 行.
NOTIC: [8] Use of undefined constant Kdadmin - assumed 'Kdadmin' C:\wamp64\www\Express\Kdadmin\Conf\Config.php 第 13 行.
INFO: [ app_begin ] --START--
INFO: Run Behavior\ReadHtmlCacheBehavior [ RunTime:0.000492s ]
INFO: [ app_begin ] --END-- [ RunTime:0.000686s ]
SQL: SHOW COLUMNS FROM `ui_admin` [ RunTime:0.0007s ]
SQL: SELECT `sysname`,`lastlog`,`logtime`,`logip`,`class` FROM `ui_admin` WHERE ( sysid=1 ) LIMIT 1   [ RunTime:0.0003s ]
NOTIC: [8] Undefined variable: logtime C:\wamp64\www\Express\Kdadmin\Controller\MainController.class.php 第 23 行.
SQL: SHOW COLUMNS FROM `ui_userinfo` [ RunTime:0.0005s ]
SQL: SELECT COUNT(id) AS tp_count FROM `ui_userinfo` WHERE ( addtime >= '1537027200' ) LIMIT 1   [ RunTime:0.0003s ]
SQL: SHOW COLUMNS FROM `ui_order` [ RunTime:0.0006s ]
SQL: SELECT COUNT(id) AS tp_count FROM `ui_order` WHERE ( paytime >= '1537027200' ) LIMIT 1   [ RunTime:0.0003s ]
SQL: SELECT COUNT(id) AS tp_count FROM `ui_order` WHERE ( status=-1 ) LIMIT 1   [ RunTime:0.0003s ]
NOTIC: [8] Undefined variable: countfee C:\wamp64\www\Express\Kdadmin\Controller\MainController.class.php 第 32 行.
NOTIC: [8] Undefined variable: countme C:\wamp64\www\Express\Kdadmin\Controller\MainController.class.php 第 33 行.
NOTIC: [8] Undefined variable: countpro C:\wamp64\www\Express\Kdadmin\Controller\MainController.class.php 第 34 行.
NOTIC: [8] Undefined variable: countmessage C:\wamp64\www\Express\Kdadmin\Controller\MainController.class.php 第 36 行.
NOTIC: [8] Undefined variable: counttake C:\wamp64\www\Express\Kdadmin\Controller\MainController.class.php 第 37 行.
NOTIC: [8] Undefined variable: countrechar C:\wamp64\www\Express\Kdadmin\Controller\MainController.class.php 第 38 行.
INFO: [ view_parse ] --START--
INFO: [ template_filter ] --START--
INFO: Run Behavior\ContentReplaceBehavior [ RunTime:0.000188s ]
INFO: [ template_filter ] --END-- [ RunTime:0.000381s ]
NOTIC: [8] Undefined variable: title C:\wamp64\www\Express\Runtime\Cache\Kdadmin\31e245fd6182baaf79357f140e2f1cb2.php 第 6 行.
INFO: Run Behavior\ParseTemplateBehavior [ RunTime:0.011636s ]
INFO: [ view_parse ] --END-- [ RunTime:0.011839s ]
INFO: [ view_filter ] --START--
INFO: Run Behavior\WriteHtmlCacheBehavior [ RunTime:0.000434s ]
INFO: [ view_filter ] --END-- [ RunTime:0.000627s ]
INFO: [ app_end ] --START--
INFO: Run Behavior\ShowPageTraceBehavior [ RunTime:0.000476s ]
INFO: [ app_end ] --END-- [ RunTime:0.000661s ]

[ 2018-09-16T17:02:58+08:00 ] 113.200.157.235 /kdadmin/Main
INFO: [ app_init ] --START--
INFO: Run Behavior\BuildLiteBehavior [ RunTime:0.000051s ]
INFO: [ app_init ] --END-- [ RunTime:0.000516s ]
NOTIC: [8] Use of undefined constant Kdadmin - assumed 'Kdadmin' C:\wamp64\www\Express\Kdadmin\Conf\Config.php 第 9 行.
NOTIC: [8] Use of undefined constant Kdadmin - assumed 'Kdadmin' C:\wamp64\www\Express\Kdadmin\Conf\Config.php 第 10 行.
NOTIC: [8] Use of undefined constant Kdadmin - assumed 'Kdadmin' C:\wamp64\www\Express\Kdadmin\Conf\Config.php 第 11 行.
NOTIC: [8] Use of undefined constant Kdadmin - assumed 'Kdadmin' C:\wamp64\www\Express\Kdadmin\Conf\Config.php 第 12 行.
NOTIC: [8] Use of undefined constant Kdadmin - assumed 'Kdadmin' C:\wamp64\www\Express\Kdadmin\Conf\Config.php 第 13 行.
INFO: [ app_begin ] --START--
INFO: Run Behavior\ReadHtmlCacheBehavior [ RunTime:0.000509s ]
INFO: [ app_begin ] --END-- [ RunTime:0.000707s ]
NOTIC: [8] Undefined index: HTTP_X_FORWARDED_FOR C:\wamp64\www\Express\Kdadmin\Common\function.php 第 99 行.
NOTIC: [8] Undefined index: HTTP_CLIENT_IP C:\wamp64\www\Express\Kdadmin\Common\function.php 第 101 行.
SQL: SHOW COLUMNS FROM `ui_admin` [ RunTime:0.0007s ]
SQL: SELECT `sysname`,`lastlog`,`logtime`,`logip`,`class` FROM `ui_admin` WHERE ( sysid=1 ) LIMIT 1   [ RunTime:0.0004s ]
NOTIC: [8] Undefined variable: logtime C:\wamp64\www\Express\Kdadmin\Controller\MainController.class.php 第 23 行.
SQL: SHOW COLUMNS FROM `ui_userinfo` [ RunTime:0.0006s ]
SQL: SELECT COUNT(id) AS tp_count FROM `ui_userinfo` WHERE ( addtime >= '1537027200' ) LIMIT 1   [ RunTime:0.0003s ]
SQL: SHOW COLUMNS FROM `ui_order` [ RunTime:0.0006s ]
SQL: SELECT COUNT(id) AS tp_count FROM `ui_order` WHERE ( paytime >= '1537027200' ) LIMIT 1   [ RunTime:0.0003s ]
SQL: SELECT COUNT(id) AS tp_count FROM `ui_order` WHERE ( status=-1 ) LIMIT 1   [ RunTime:0.0003s ]
NOTIC: [8] Undefined variable: countfee C:\wamp64\www\Express\Kdadmin\Controller\MainController.class.php 第 32 行.
NOTIC: [8] Undefined variable: countme C:\wamp64\www\Express\Kdadmin\Controller\MainController.class.php 第 33 行.
NOTIC: [8] Undefined variable: countpro C:\wamp64\www\Express\Kdadmin\Controller\MainController.class.php 第 34 行.
NOTIC: [8] Undefined variable: countmessage C:\wamp64\www\Express\Kdadmin\Controller\MainController.class.php 第 36 行.
NOTIC: [8] Undefined variable: counttake C:\wamp64\www\Express\Kdadmin\Controller\MainController.class.php 第 37 行.
NOTIC: [8] Undefined variable: countrechar C:\wamp64\www\Express\Kdadmin\Controller\MainController.class.php 第 38 行.
INFO: [ view_parse ] --START--
INFO: [ template_filter ] --START--
INFO: Run Behavior\ContentReplaceBehavior [ RunTime:0.000181s ]
INFO: [ template_filter ] --END-- [ RunTime:0.000390s ]
NOTIC: [8] Undefined variable: title C:\wamp64\www\Express\Runtime\Cache\Kdadmin\31e245fd6182baaf79357f140e2f1cb2.php 第 6 行.
INFO: Run Behavior\ParseTemplateBehavior [ RunTime:0.011410s ]
INFO: [ view_parse ] --END-- [ RunTime:0.011596s ]
INFO: [ view_filter ] --START--
INFO: Run Behavior\WriteHtmlCacheBehavior [ RunTime:0.000421s ]
INFO: [ view_filter ] --END-- [ RunTime:0.000602s ]
INFO: [ app_end ] --START--
INFO: Run Behavior\ShowPageTraceBehavior [ RunTime:0.000513s ]
INFO: [ app_end ] --END-- [ RunTime:0.000711s ]

[ 2018-09-16T17:03:49+08:00 ] 58.250.137.194 /kdadmin/Main
INFO: [ app_init ] --START--
INFO: Run Behavior\BuildLiteBehavior [ RunTime:0.000045s ]
INFO: [ app_init ] --END-- [ RunTime:0.000579s ]
NOTIC: [8] Use of undefined constant Kdadmin - assumed 'Kdadmin' C:\wamp64\www\Express\Kdadmin\Conf\Config.php 第 9 行.
NOTIC: [8] Use of undefined constant Kdadmin - assumed 'Kdadmin' C:\wamp64\www\Express\Kdadmin\Conf\Config.php 第 10 行.
NOTIC: [8] Use of undefined constant Kdadmin - assumed 'Kdadmin' C:\wamp64\www\Express\Kdadmin\Conf\Config.php 第 11 行.
NOTIC: [8] Use of undefined constant Kdadmin - assumed 'Kdadmin' C:\wamp64\www\Express\Kdadmin\Conf\Config.php 第 12 行.
NOTIC: [8] Use of undefined constant Kdadmin - assumed 'Kdadmin' C:\wamp64\www\Express\Kdadmin\Conf\Config.php 第 13 行.
INFO: [ app_begin ] --START--
INFO: Run Behavior\ReadHtmlCacheBehavior [ RunTime:0.000536s ]
INFO: [ app_begin ] --END-- [ RunTime:0.000750s ]
SQL: SHOW COLUMNS FROM `ui_admin` [ RunTime:0.0007s ]
SQL: SELECT `sysname`,`lastlog`,`logtime`,`logip`,`class` FROM `ui_admin` WHERE ( sysid=1 ) LIMIT 1   [ RunTime:0.0004s ]
NOTIC: [8] Undefined variable: logtime C:\wamp64\www\Express\Kdadmin\Controller\MainController.class.php 第 23 行.
SQL: SHOW COLUMNS FROM `ui_userinfo` [ RunTime:0.0006s ]
SQL: SELECT COUNT(id) AS tp_count FROM `ui_userinfo` WHERE ( addtime >= '1537027200' ) LIMIT 1   [ RunTime:0.0004s ]
SQL: SHOW COLUMNS FROM `ui_order` [ RunTime:0.0006s ]
SQL: SELECT COUNT(id) AS tp_count FROM `ui_order` WHERE ( paytime >= '1537027200' ) LIMIT 1   [ RunTime:0.0003s ]
SQL: SELECT COUNT(id) AS tp_count FROM `ui_order` WHERE ( status=-1 ) LIMIT 1   [ RunTime:0.0003s ]
NOTIC: [8] Undefined variable: countfee C:\wamp64\www\Express\Kdadmin\Controller\MainController.class.php 第 32 行.
NOTIC: [8] Undefined variable: countme C:\wamp64\www\Express\Kdadmin\Controller\MainController.class.php 第 33 行.
NOTIC: [8] Undefined variable: countpro C:\wamp64\www\Express\Kdadmin\Controller\MainController.class.php 第 34 行.
NOTIC: [8] Undefined variable: countmessage C:\wamp64\www\Express\Kdadmin\Controller\MainController.class.php 第 36 行.
NOTIC: [8] Undefined variable: counttake C:\wamp64\www\Express\Kdadmin\Controller\MainController.class.php 第 37 行.
NOTIC: [8] Undefined variable: countrechar C:\wamp64\www\Express\Kdadmin\Controller\MainController.class.php 第 38 行.
INFO: [ view_parse ] --START--
INFO: [ template_filter ] --START--
INFO: Run Behavior\ContentReplaceBehavior [ RunTime:0.000247s ]
INFO: [ template_filter ] --END-- [ RunTime:0.000448s ]
NOTIC: [8] Undefined variable: title C:\wamp64\www\Express\Runtime\Cache\Kdadmin\31e245fd6182baaf79357f140e2f1cb2.php 第 6 行.
INFO: Run Behavior\ParseTemplateBehavior [ RunTime:0.012497s ]
INFO: [ view_parse ] --END-- [ RunTime:0.012768s ]
INFO: [ view_filter ] --START--
INFO: Run Behavior\WriteHtmlCacheBehavior [ RunTime:0.000538s ]
INFO: [ view_filter ] --END-- [ RunTime:0.000759s ]
INFO: [ app_end ] --START--
INFO: Run Behavior\ShowPageTraceBehavior [ RunTime:0.000615s ]
INFO: [ app_end ] --END-- [ RunTime:0.000839s ]

[ 2018-09-16T17:04:14+08:00 ] 183.3.227.100 /kdadmin/Main
INFO: [ app_init ] --START--
INFO: Run Behavior\BuildLiteBehavior [ RunTime:0.000067s ]
INFO: [ app_init ] --END-- [ RunTime:0.000918s ]
NOTIC: [8] Use of undefined constant Kdadmin - assumed 'Kdadmin' C:\wamp64\www\Express\Kdadmin\Conf\Config.php 第 9 行.
NOTIC: [8] Use of undefined constant Kdadmin - assumed 'Kdadmin' C:\wamp64\www\Express\Kdadmin\Conf\Config.php 第 10 行.
NOTIC: [8] Use of undefined constant Kdadmin - assumed 'Kdadmin' C:\wamp64\www\Express\Kdadmin\Conf\Config.php 第 11 行.
NOTIC: [8] Use of undefined constant Kdadmin - assumed 'Kdadmin' C:\wamp64\www\Express\Kdadmin\Conf\Config.php 第 12 行.
NOTIC: [8] Use of undefined constant Kdadmin - assumed 'Kdadmin' C:\wamp64\www\Express\Kdadmin\Conf\Config.php 第 13 行.
INFO: [ app_begin ] --START--
INFO: Run Behavior\ReadHtmlCacheBehavior [ RunTime:0.000791s ]
INFO: [ app_begin ] --END-- [ RunTime:0.001114s ]
SQL: SHOW COLUMNS FROM `ui_admin` [ RunTime:0.0009s ]
SQL: SELECT `sysname`,`lastlog`,`logtime`,`logip`,`class` FROM `ui_admin` WHERE ( sysid=1 ) LIMIT 1   [ RunTime:0.0004s ]
NOTIC: [8] Undefined variable: logtime C:\wamp64\www\Express\Kdadmin\Controller\MainController.class.php 第 23 行.
SQL: SHOW COLUMNS FROM `ui_userinfo` [ RunTime:0.0006s ]
SQL: SELECT COUNT(id) AS tp_count FROM `ui_userinfo` WHERE ( addtime >= '1537027200' ) LIMIT 1   [ RunTime:0.0003s ]
SQL: SHOW COLUMNS FROM `ui_order` [ RunTime:0.0006s ]
SQL: SELECT COUNT(id) AS tp_count FROM `ui_order` WHERE ( paytime >= '1537027200' ) LIMIT 1   [ RunTime:0.0003s ]
SQL: SELECT COUNT(id) AS tp_count FROM `ui_order` WHERE ( status=-1 ) LIMIT 1   [ RunTime:0.0003s ]
NOTIC: [8] Undefined variable: countfee C:\wamp64\www\Express\Kdadmin\Controller\MainController.class.php 第 32 行.
NOTIC: [8] Undefined variable: countme C:\wamp64\www\Express\Kdadmin\Controller\MainController.class.php 第 33 行.
NOTIC: [8] Undefined variable: countpro C:\wamp64\www\Express\Kdadmin\Controller\MainController.class.php 第 34 行.
NOTIC: [8] Undefined variable: countmessage C:\wamp64\www\Express\Kdadmin\Controller\MainController.class.php 第 36 行.
NOTIC: [8] Undefined variable: counttake C:\wamp64\www\Express\Kdadmin\Controller\MainController.class.php 第 37 行.
NOTIC: [8] Undefined variable: countrechar C:\wamp64\www\Express\Kdadmin\Controller\MainController.class.php 第 38 行.
INFO: [ view_parse ] --START--
INFO: [ template_filter ] --START--
INFO: Run Behavior\ContentReplaceBehavior [ RunTime:0.000210s ]
INFO: [ template_filter ] --END-- [ RunTime:0.000451s ]
NOTIC: [8] Undefined variable: title C:\wamp64\www\Express\Runtime\Cache\Kdadmin\31e245fd6182baaf79357f140e2f1cb2.php 第 6 行.
INFO: Run Behavior\ParseTemplateBehavior [ RunTime:0.018035s ]
INFO: [ view_parse ] --END-- [ RunTime:0.018313s ]
INFO: [ view_filter ] --START--
INFO: Run Behavior\WriteHtmlCacheBehavior [ RunTime:0.000429s ]
INFO: [ view_filter ] --END-- [ RunTime:0.000655s ]
INFO: [ app_end ] --START--
INFO: Run Behavior\ShowPageTraceBehavior [ RunTime:0.000648s ]
INFO: [ app_end ] --END-- [ RunTime:0.000887s ]

[ 2018-09-16T17:04:31+08:00 ] 58.250.137.194 /kdadmin/Main
INFO: [ app_init ] --START--
INFO: Run Behavior\BuildLiteBehavior [ RunTime:0.000042s ]
INFO: [ app_init ] --END-- [ RunTime:0.000509s ]
NOTIC: [8] Use of undefined constant Kdadmin - assumed 'Kdadmin' C:\wamp64\www\Express\Kdadmin\Conf\Config.php 第 9 行.
NOTIC: [8] Use of undefined constant Kdadmin - assumed 'Kdadmin' C:\wamp64\www\Express\Kdadmin\Conf\Config.php 第 10 行.
NOTIC: [8] Use of undefined constant Kdadmin - assumed 'Kdadmin' C:\wamp64\www\Express\Kdadmin\Conf\Config.php 第 11 行.
NOTIC: [8] Use of undefined constant Kdadmin - assumed 'Kdadmin' C:\wamp64\www\Express\Kdadmin\Conf\Config.php 第 12 行.
NOTIC: [8] Use of undefined constant Kdadmin - assumed 'Kdadmin' C:\wamp64\www\Express\Kdadmin\Conf\Config.php 第 13 行.
INFO: [ app_begin ] --START--
INFO: Run Behavior\ReadHtmlCacheBehavior [ RunTime:0.000515s ]
INFO: [ app_begin ] --END-- [ RunTime:0.000760s ]
SQL: SHOW COLUMNS FROM `ui_admin` [ RunTime:0.0008s ]
SQL: SELECT `sysname`,`lastlog`,`logtime`,`logip`,`class` FROM `ui_admin` WHERE ( sysid=1 ) LIMIT 1   [ RunTime:0.0003s ]
NOTIC: [8] Undefined variable: logtime C:\wamp64\www\Express\Kdadmin\Controller\MainController.class.php 第 23 行.
SQL: SHOW COLUMNS FROM `ui_userinfo` [ RunTime:0.0006s ]
SQL: SELECT COUNT(id) AS tp_count FROM `ui_userinfo` WHERE ( addtime >= '1537027200' ) LIMIT 1   [ RunTime:0.0003s ]
SQL: SHOW COLUMNS FROM `ui_order` [ RunTime:0.0005s ]
SQL: SELECT COUNT(id) AS tp_count FROM `ui_order` WHERE ( paytime >= '1537027200' ) LIMIT 1   [ RunTime:0.0003s ]
SQL: SELECT COUNT(id) AS tp_count FROM `ui_order` WHERE ( status=-1 ) LIMIT 1   [ RunTime:0.0003s ]
NOTIC: [8] Undefined variable: countfee C:\wamp64\www\Express\Kdadmin\Controller\MainController.class.php 第 32 行.
NOTIC: [8] Undefined variable: countme C:\wamp64\www\Express\Kdadmin\Controller\MainController.class.php 第 33 行.
NOTIC: [8] Undefined variable: countpro C:\wamp64\www\Express\Kdadmin\Controller\MainController.class.php 第 34 行.
NOTIC: [8] Undefined variable: countmessage C:\wamp64\www\Express\Kdadmin\Controller\MainController.class.php 第 36 行.
NOTIC: [8] Undefined variable: counttake C:\wamp64\www\Express\Kdadmin\Controller\MainController.class.php 第 37 行.
NOTIC: [8] Undefined variable: countrechar C:\wamp64\www\Express\Kdadmin\Controller\MainController.class.php 第 38 行.
INFO: [ view_parse ] --START--
INFO: [ template_filter ] --START--
INFO: Run Behavior\ContentReplaceBehavior [ RunTime:0.000215s ]
INFO: [ template_filter ] --END-- [ RunTime:0.000517s ]
NOTIC: [8] Undefined variable: title C:\wamp64\www\Express\Runtime\Cache\Kdadmin\31e245fd6182baaf79357f140e2f1cb2.php 第 6 行.
INFO: Run Behavior\ParseTemplateBehavior [ RunTime:0.011804s ]
INFO: [ view_parse ] --END-- [ RunTime:0.011996s ]
INFO: [ view_filter ] --START--
INFO: Run Behavior\WriteHtmlCacheBehavior [ RunTime:0.000428s ]
INFO: [ view_filter ] --END-- [ RunTime:0.000605s ]
INFO: [ app_end ] --START--
INFO: Run Behavior\ShowPageTraceBehavior [ RunTime:0.000500s ]
INFO: [ app_end ] --END-- [ RunTime:0.000685s ]

[ 2018-09-16T17:04:39+08:00 ] 58.250.137.194 /kdadmin/Main
INFO: [ app_init ] --START--
INFO: Run Behavior\BuildLiteBehavior [ RunTime:0.000042s ]
INFO: [ app_init ] --END-- [ RunTime:0.000530s ]
NOTIC: [8] Use of undefined constant Kdadmin - assumed 'Kdadmin' C:\wamp64\www\Express\Kdadmin\Conf\Config.php 第 9 行.
NOTIC: [8] Use of undefined constant Kdadmin - assumed 'Kdadmin' C:\wamp64\www\Express\Kdadmin\Conf\Config.php 第 10 行.
NOTIC: [8] Use of undefined constant Kdadmin - assumed 'Kdadmin' C:\wamp64\www\Express\Kdadmin\Conf\Config.php 第 11 行.
NOTIC: [8] Use of undefined constant Kdadmin - assumed 'Kdadmin' C:\wamp64\www\Express\Kdadmin\Conf\Config.php 第 12 行.
NOTIC: [8] Use of undefined constant Kdadmin - assumed 'Kdadmin' C:\wamp64\www\Express\Kdadmin\Conf\Config.php 第 13 行.
INFO: [ app_begin ] --START--
INFO: Run Behavior\ReadHtmlCacheBehavior [ RunTime:0.000560s ]
INFO: [ app_begin ] --END-- [ RunTime:0.000758s ]
SQL: SHOW COLUMNS FROM `ui_admin` [ RunTime:0.0007s ]
SQL: SELECT `sysname`,`lastlog`,`logtime`,`logip`,`class` FROM `ui_admin` WHERE ( sysid=1 ) LIMIT 1   [ RunTime:0.0004s ]
NOTIC: [8] Undefined variable: logtime C:\wamp64\www\Express\Kdadmin\Controller\MainController.class.php 第 23 行.
SQL: SHOW COLUMNS FROM `ui_userinfo` [ RunTime:0.0005s ]
SQL: SELECT COUNT(id) AS tp_count FROM `ui_userinfo` WHERE ( addtime >= '1537027200' ) LIMIT 1   [ RunTime:0.0003s ]
SQL: SHOW COLUMNS FROM `ui_order` [ RunTime:0.0006s ]
SQL: SELECT COUNT(id) AS tp_count FROM `ui_order` WHERE ( paytime >= '1537027200' ) LIMIT 1   [ RunTime:0.0003s ]
SQL: SELECT COUNT(id) AS tp_count FROM `ui_order` WHERE ( status=-1 ) LIMIT 1   [ RunTime:0.0003s ]
NOTIC: [8] Undefined variable: countfee C:\wamp64\www\Express\Kdadmin\Controller\MainController.class.php 第 32 行.
NOTIC: [8] Undefined variable: countme C:\wamp64\www\Express\Kdadmin\Controller\MainController.class.php 第 33 行.
NOTIC: [8] Undefined variable: countpro C:\wamp64\www\Express\Kdadmin\Controller\MainController.class.php 第 34 行.
NOTIC: [8] Undefined variable: countmessage C:\wamp64\www\Express\Kdadmin\Controller\MainController.class.php 第 36 行.
NOTIC: [8] Undefined variable: counttake C:\wamp64\www\Express\Kdadmin\Controller\MainController.class.php 第 37 行.
NOTIC: [8] Undefined variable: countrechar C:\wamp64\www\Express\Kdadmin\Controller\MainController.class.php 第 38 行.
INFO: [ view_parse ] --START--
INFO: [ template_filter ] --START--
INFO: Run Behavior\ContentReplaceBehavior [ RunTime:0.000177s ]
INFO: [ template_filter ] --END-- [ RunTime:0.000538s ]
NOTIC: [8] Undefined variable: title C:\wamp64\www\Express\Runtime\Cache\Kdadmin\31e245fd6182baaf79357f140e2f1cb2.php 第 6 行.
INFO: Run Behavior\ParseTemplateBehavior [ RunTime:0.011206s ]
INFO: [ view_parse ] --END-- [ RunTime:0.011394s ]
INFO: [ view_filter ] --START--
INFO: Run Behavior\WriteHtmlCacheBehavior [ RunTime:0.000406s ]
INFO: [ view_filter ] --END-- [ RunTime:0.000584s ]
INFO: [ app_end ] --START--
INFO: Run Behavior\ShowPageTraceBehavior [ RunTime:0.000542s ]
INFO: [ app_end ] --END-- [ RunTime:0.000725s ]

[ 2018-09-16T17:07:13+08:00 ] 42.236.10.124 /kdadmin/order/Invalid
INFO: [ app_init ] --START--
INFO: Run Behavior\BuildLiteBehavior [ RunTime:0.000049s ]
INFO: [ app_init ] --END-- [ RunTime:0.000667s ]
NOTIC: [8] Use of undefined constant Kdadmin - assumed 'Kdadmin' C:\wamp64\www\Express\Kdadmin\Conf\Config.php 第 9 行.
NOTIC: [8] Use of undefined constant Kdadmin - assumed 'Kdadmin' C:\wamp64\www\Express\Kdadmin\Conf\Config.php 第 10 行.
NOTIC: [8] Use of undefined constant Kdadmin - assumed 'Kdadmin' C:\wamp64\www\Express\Kdadmin\Conf\Config.php 第 11 行.
NOTIC: [8] Use of undefined constant Kdadmin - assumed 'Kdadmin' C:\wamp64\www\Express\Kdadmin\Conf\Config.php 第 12 行.
NOTIC: [8] Use of undefined constant Kdadmin - assumed 'Kdadmin' C:\wamp64\www\Express\Kdadmin\Conf\Config.php 第 13 行.
INFO: [ app_begin ] --START--
INFO: Run Behavior\ReadHtmlCacheBehavior [ RunTime:0.000589s ]
INFO: [ app_begin ] --END-- [ RunTime:0.000796s ]

[ 2018-09-16T17:07:13+08:00 ] 42.236.10.124 /kdadmin/index/index.html
INFO: [ app_init ] --START--
INFO: Run Behavior\BuildLiteBehavior [ RunTime:0.000042s ]
INFO: [ app_init ] --END-- [ RunTime:0.000555s ]
NOTIC: [8] Use of undefined constant Kdadmin - assumed 'Kdadmin' C:\wamp64\www\Express\Kdadmin\Conf\Config.php 第 9 行.
NOTIC: [8] Use of undefined constant Kdadmin - assumed 'Kdadmin' C:\wamp64\www\Express\Kdadmin\Conf\Config.php 第 10 行.
NOTIC: [8] Use of undefined constant Kdadmin - assumed 'Kdadmin' C:\wamp64\www\Express\Kdadmin\Conf\Config.php 第 11 行.
NOTIC: [8] Use of undefined constant Kdadmin - assumed 'Kdadmin' C:\wamp64\www\Express\Kdadmin\Conf\Config.php 第 12 行.
NOTIC: [8] Use of undefined constant Kdadmin - assumed 'Kdadmin' C:\wamp64\www\Express\Kdadmin\Conf\Config.php 第 13 行.
INFO: [ app_begin ] --START--
INFO: Run Behavior\ReadHtmlCacheBehavior [ RunTime:0.000822s ]
INFO: [ app_begin ] --END-- [ RunTime:0.001019s ]
INFO: [ view_parse ] --START--
INFO: [ template_filter ] --START--
INFO: Run Behavior\ContentReplaceBehavior [ RunTime:0.000149s ]
INFO: [ template_filter ] --END-- [ RunTime:0.000345s ]
INFO: Run Behavior\ParseTemplateBehavior [ RunTime:0.007892s ]
INFO: [ view_parse ] --END-- [ RunTime:0.008152s ]
INFO: [ view_filter ] --START--
INFO: Run Behavior\WriteHtmlCacheBehavior [ RunTime:0.000417s ]
INFO: [ view_filter ] --END-- [ RunTime:0.000662s ]
INFO: [ app_end ] --START--
INFO: Run Behavior\ShowPageTraceBehavior [ RunTime:0.000636s ]
INFO: [ app_end ] --END-- [ RunTime:0.000831s ]

[ 2018-09-16T17:07:15+08:00 ] 42.236.10.124 /kdadmin/Index/Code
INFO: [ app_init ] --START--
INFO: Run Behavior\BuildLiteBehavior [ RunTime:0.000040s ]
INFO: [ app_init ] --END-- [ RunTime:0.000599s ]
NOTIC: [8] Use of undefined constant Kdadmin - assumed 'Kdadmin' C:\wamp64\www\Express\Kdadmin\Conf\Config.php 第 9 行.
NOTIC: [8] Use of undefined constant Kdadmin - assumed 'Kdadmin' C:\wamp64\www\Express\Kdadmin\Conf\Config.php 第 10 行.
NOTIC: [8] Use of undefined constant Kdadmin - assumed 'Kdadmin' C:\wamp64\www\Express\Kdadmin\Conf\Config.php 第 11 行.
NOTIC: [8] Use of undefined constant Kdadmin - assumed 'Kdadmin' C:\wamp64\www\Express\Kdadmin\Conf\Config.php 第 12 行.
NOTIC: [8] Use of undefined constant Kdadmin - assumed 'Kdadmin' C:\wamp64\www\Express\Kdadmin\Conf\Config.php 第 13 行.
INFO: [ app_begin ] --START--
INFO: Run Behavior\ReadHtmlCacheBehavior [ RunTime:0.000561s ]
INFO: [ app_begin ] --END-- [ RunTime:0.000795s ]
INFO: [ app_end ] --START--
INFO: Run Behavior\ShowPageTraceBehavior [ RunTime:0.000635s ]
INFO: [ app_end ] --END-- [ RunTime:0.000942s ]

[ 2018-09-16T17:08:06+08:00 ] 183.3.227.100 /kdadmin/Main
INFO: [ app_init ] --START--
INFO: Run Behavior\BuildLiteBehavior [ RunTime:0.000042s ]
INFO: [ app_init ] --END-- [ RunTime:0.000582s ]
NOTIC: [8] Use of undefined constant Kdadmin - assumed 'Kdadmin' C:\wamp64\www\Express\Kdadmin\Conf\Config.php 第 9 行.
NOTIC: [8] Use of undefined constant Kdadmin - assumed 'Kdadmin' C:\wamp64\www\Express\Kdadmin\Conf\Config.php 第 10 行.
NOTIC: [8] Use of undefined constant Kdadmin - assumed 'Kdadmin' C:\wamp64\www\Express\Kdadmin\Conf\Config.php 第 11 行.
NOTIC: [8] Use of undefined constant Kdadmin - assumed 'Kdadmin' C:\wamp64\www\Express\Kdadmin\Conf\Config.php 第 12 行.
NOTIC: [8] Use of undefined constant Kdadmin - assumed 'Kdadmin' C:\wamp64\www\Express\Kdadmin\Conf\Config.php 第 13 行.
INFO: [ app_begin ] --START--
INFO: Run Behavior\ReadHtmlCacheBehavior [ RunTime:0.000594s ]
INFO: [ app_begin ] --END-- [ RunTime:0.000803s ]
SQL: SHOW COLUMNS FROM `ui_admin` [ RunTime:0.0008s ]
SQL: SELECT `sysname`,`lastlog`,`logtime`,`logip`,`class` FROM `ui_admin` WHERE ( sysid=1 ) LIMIT 1   [ RunTime:0.0004s ]
NOTIC: [8] Undefined variable: logtime C:\wamp64\www\Express\Kdadmin\Controller\MainController.class.php 第 23 行.
SQL: SHOW COLUMNS FROM `ui_userinfo` [ RunTime:0.0006s ]
SQL: SELECT COUNT(id) AS tp_count FROM `ui_userinfo` WHERE ( addtime >= '1537027200' ) LIMIT 1   [ RunTime:0.0003s ]
SQL: SHOW COLUMNS FROM `ui_order` [ RunTime:0.0006s ]
SQL: SELECT COUNT(id) AS tp_count FROM `ui_order` WHERE ( paytime >= '1537027200' ) LIMIT 1   [ RunTime:0.0003s ]
SQL: SELECT COUNT(id) AS tp_count FROM `ui_order` WHERE ( status=-1 ) LIMIT 1   [ RunTime:0.0003s ]
NOTIC: [8] Undefined variable: countfee C:\wamp64\www\Express\Kdadmin\Controller\MainController.class.php 第 32 行.
NOTIC: [8] Undefined variable: countme C:\wamp64\www\Express\Kdadmin\Controller\MainController.class.php 第 33 行.
NOTIC: [8] Undefined variable: countpro C:\wamp64\www\Express\Kdadmin\Controller\MainController.class.php 第 34 行.
NOTIC: [8] Undefined variable: countmessage C:\wamp64\www\Express\Kdadmin\Controller\MainController.class.php 第 36 行.
NOTIC: [8] Undefined variable: counttake C:\wamp64\www\Express\Kdadmin\Controller\MainController.class.php 第 37 行.
NOTIC: [8] Undefined variable: countrechar C:\wamp64\www\Express\Kdadmin\Controller\MainController.class.php 第 38 行.
INFO: [ view_parse ] --START--
INFO: [ template_filter ] --START--
INFO: Run Behavior\ContentReplaceBehavior [ RunTime:0.000224s ]
INFO: [ template_filter ] --END-- [ RunTime:0.000446s ]
NOTIC: [8] Undefined variable: title C:\wamp64\www\Express\Runtime\Cache\Kdadmin\31e245fd6182baaf79357f140e2f1cb2.php 第 6 行.
INFO: Run Behavior\ParseTemplateBehavior [ RunTime:0.013402s ]
INFO: [ view_parse ] --END-- [ RunTime:0.013635s ]
INFO: [ view_filter ] --START--
INFO: Run Behavior\WriteHtmlCacheBehavior [ RunTime:0.000520s ]
INFO: [ view_filter ] --END-- [ RunTime:0.000712s ]
INFO: [ app_end ] --START--
INFO: Run Behavior\ShowPageTraceBehavior [ RunTime:0.000691s ]
INFO: [ app_end ] --END-- [ RunTime:0.000902s ]

[ 2018-09-16T17:08:18+08:00 ] 58.250.137.194 /kdadmin/Main
INFO: [ app_init ] --START--
INFO: Run Behavior\BuildLiteBehavior [ RunTime:0.000061s ]
INFO: [ app_init ] --END-- [ RunTime:0.000742s ]
NOTIC: [8] Use of undefined constant Kdadmin - assumed 'Kdadmin' C:\wamp64\www\Express\Kdadmin\Conf\Config.php 第 9 行.
NOTIC: [8] Use of undefined constant Kdadmin - assumed 'Kdadmin' C:\wamp64\www\Express\Kdadmin\Conf\Config.php 第 10 行.
NOTIC: [8] Use of undefined constant Kdadmin - assumed 'Kdadmin' C:\wamp64\www\Express\Kdadmin\Conf\Config.php 第 11 行.
NOTIC: [8] Use of undefined constant Kdadmin - assumed 'Kdadmin' C:\wamp64\www\Express\Kdadmin\Conf\Config.php 第 12 行.
NOTIC: [8] Use of undefined constant Kdadmin - assumed 'Kdadmin' C:\wamp64\www\Express\Kdadmin\Conf\Config.php 第 13 行.
INFO: [ app_begin ] --START--
INFO: Run Behavior\ReadHtmlCacheBehavior [ RunTime:0.000675s ]
INFO: [ app_begin ] --END-- [ RunTime:0.000960s ]
SQL: SHOW COLUMNS FROM `ui_admin` [ RunTime:0.0008s ]
SQL: SELECT `sysname`,`lastlog`,`logtime`,`logip`,`class` FROM `ui_admin` WHERE ( sysid=1 ) LIMIT 1   [ RunTime:0.0004s ]
NOTIC: [8] Undefined variable: logtime C:\wamp64\www\Express\Kdadmin\Controller\MainController.class.php 第 23 行.
SQL: SHOW COLUMNS FROM `ui_userinfo` [ RunTime:0.0006s ]
SQL: SELECT COUNT(id) AS tp_count FROM `ui_userinfo` WHERE ( addtime >= '1537027200' ) LIMIT 1   [ RunTime:0.0003s ]
SQL: SHOW COLUMNS FROM `ui_order` [ RunTime:0.0006s ]
SQL: SELECT COUNT(id) AS tp_count FROM `ui_order` WHERE ( paytime >= '1537027200' ) LIMIT 1   [ RunTime:0.0003s ]
SQL: SELECT COUNT(id) AS tp_count FROM `ui_order` WHERE ( status=-1 ) LIMIT 1   [ RunTime:0.0003s ]
NOTIC: [8] Undefined variable: countfee C:\wamp64\www\Express\Kdadmin\Controller\MainController.class.php 第 32 行.
NOTIC: [8] Undefined variable: countme C:\wamp64\www\Express\Kdadmin\Controller\MainController.class.php 第 33 行.
NOTIC: [8] Undefined variable: countpro C:\wamp64\www\Express\Kdadmin\Controller\MainController.class.php 第 34 行.
NOTIC: [8] Undefined variable: countmessage C:\wamp64\www\Express\Kdadmin\Controller\MainController.class.php 第 36 行.
NOTIC: [8] Undefined variable: counttake C:\wamp64\www\Express\Kdadmin\Controller\MainController.class.php 第 37 行.
NOTIC: [8] Undefined variable: countrechar C:\wamp64\www\Express\Kdadmin\Controller\MainController.class.php 第 38 行.
INFO: [ view_parse ] --START--
INFO: [ template_filter ] --START--
INFO: Run Behavior\ContentReplaceBehavior [ RunTime:0.000235s ]
INFO: [ template_filter ] --END-- [ RunTime:0.000439s ]
NOTIC: [8] Undefined variable: title C:\wamp64\www\Express\Runtime\Cache\Kdadmin\31e245fd6182baaf79357f140e2f1cb2.php 第 6 行.
INFO: Run Behavior\ParseTemplateBehavior [ RunTime:0.013465s ]
INFO: [ view_parse ] --END-- [ RunTime:0.013702s ]
INFO: [ view_filter ] --START--
INFO: Run Behavior\WriteHtmlCacheBehavior [ RunTime:0.000316s ]
INFO: [ view_filter ] --END-- [ RunTime:0.000493s ]
INFO: [ app_end ] --START--
INFO: Run Behavior\ShowPageTraceBehavior [ RunTime:0.000559s ]
INFO: [ app_end ] --END-- [ RunTime:0.000805s ]

[ 2018-09-16T17:09:50+08:00 ] 58.250.137.194 /kdadmin/Main
INFO: [ app_init ] --START--
INFO: Run Behavior\BuildLiteBehavior [ RunTime:0.000042s ]
INFO: [ app_init ] --END-- [ RunTime:0.000528s ]
NOTIC: [8] Use of undefined constant Kdadmin - assumed 'Kdadmin' C:\wamp64\www\Express\Kdadmin\Conf\Config.php 第 9 行.
NOTIC: [8] Use of undefined constant Kdadmin - assumed 'Kdadmin' C:\wamp64\www\Express\Kdadmin\Conf\Config.php 第 10 行.
NOTIC: [8] Use of undefined constant Kdadmin - assumed 'Kdadmin' C:\wamp64\www\Express\Kdadmin\Conf\Config.php 第 11 行.
NOTIC: [8] Use of undefined constant Kdadmin - assumed 'Kdadmin' C:\wamp64\www\Express\Kdadmin\Conf\Config.php 第 12 行.
NOTIC: [8] Use of undefined constant Kdadmin - assumed 'Kdadmin' C:\wamp64\www\Express\Kdadmin\Conf\Config.php 第 13 行.
INFO: [ app_begin ] --START--
INFO: Run Behavior\ReadHtmlCacheBehavior [ RunTime:0.000503s ]
INFO: [ app_begin ] --END-- [ RunTime:0.000710s ]
SQL: SHOW COLUMNS FROM `ui_admin` [ RunTime:0.0008s ]
SQL: SELECT `sysname`,`lastlog`,`logtime`,`logip`,`class` FROM `ui_admin` WHERE ( sysid=1 ) LIMIT 1   [ RunTime:0.0004s ]
NOTIC: [8] Undefined variable: logtime C:\wamp64\www\Express\Kdadmin\Controller\MainController.class.php 第 23 行.
SQL: SHOW COLUMNS FROM `ui_userinfo` [ RunTime:0.0005s ]
SQL: SELECT COUNT(id) AS tp_count FROM `ui_userinfo` WHERE ( addtime >= '1537027200' ) LIMIT 1   [ RunTime:0.0003s ]
SQL: SHOW COLUMNS FROM `ui_order` [ RunTime:0.0006s ]
SQL: SELECT COUNT(id) AS tp_count FROM `ui_order` WHERE ( paytime >= '1537027200' ) LIMIT 1   [ RunTime:0.0003s ]
SQL: SELECT COUNT(id) AS tp_count FROM `ui_order` WHERE ( status=-1 ) LIMIT 1   [ RunTime:0.0003s ]
NOTIC: [8] Undefined variable: countfee C:\wamp64\www\Express\Kdadmin\Controller\MainController.class.php 第 32 行.
NOTIC: [8] Undefined variable: countme C:\wamp64\www\Express\Kdadmin\Controller\MainController.class.php 第 33 行.
NOTIC: [8] Undefined variable: countpro C:\wamp64\www\Express\Kdadmin\Controller\MainController.class.php 第 34 行.
NOTIC: [8] Undefined variable: countmessage C:\wamp64\www\Express\Kdadmin\Controller\MainController.class.php 第 36 行.
NOTIC: [8] Undefined variable: counttake C:\wamp64\www\Express\Kdadmin\Controller\MainController.class.php 第 37 行.
NOTIC: [8] Undefined variable: countrechar C:\wamp64\www\Express\Kdadmin\Controller\MainController.class.php 第 38 行.
INFO: [ view_parse ] --START--
INFO: [ template_filter ] --START--
INFO: Run Behavior\ContentReplaceBehavior [ RunTime:0.000187s ]
INFO: [ template_filter ] --END-- [ RunTime:0.000385s ]
NOTIC: [8] Undefined variable: title C:\wamp64\www\Express\Runtime\Cache\Kdadmin\31e245fd6182baaf79357f140e2f1cb2.php 第 6 行.
INFO: Run Behavior\ParseTemplateBehavior [ RunTime:0.013127s ]
INFO: [ view_parse ] --END-- [ RunTime:0.013403s ]
INFO: [ view_filter ] --START--
INFO: Run Behavior\WriteHtmlCacheBehavior [ RunTime:0.000607s ]
INFO: [ view_filter ] --END-- [ RunTime:0.000911s ]
INFO: [ app_end ] --START--
INFO: Run Behavior\ShowPageTraceBehavior [ RunTime:0.000773s ]
INFO: [ app_end ] --END-- [ RunTime:0.001094s ]

[ 2018-09-16T17:10:03+08:00 ] 183.3.227.100 /kdadmin/Main
INFO: [ app_init ] --START--
INFO: Run Behavior\BuildLiteBehavior [ RunTime:0.000042s ]
INFO: [ app_init ] --END-- [ RunTime:0.000627s ]
NOTIC: [8] Use of undefined constant Kdadmin - assumed 'Kdadmin' C:\wamp64\www\Express\Kdadmin\Conf\Config.php 第 9 行.
NOTIC: [8] Use of undefined constant Kdadmin - assumed 'Kdadmin' C:\wamp64\www\Express\Kdadmin\Conf\Config.php 第 10 行.
NOTIC: [8] Use of undefined constant Kdadmin - assumed 'Kdadmin' C:\wamp64\www\Express\Kdadmin\Conf\Config.php 第 11 行.
NOTIC: [8] Use of undefined constant Kdadmin - assumed 'Kdadmin' C:\wamp64\www\Express\Kdadmin\Conf\Config.php 第 12 行.
NOTIC: [8] Use of undefined constant Kdadmin - assumed 'Kdadmin' C:\wamp64\www\Express\Kdadmin\Conf\Config.php 第 13 行.
INFO: [ app_begin ] --START--
INFO: Run Behavior\ReadHtmlCacheBehavior [ RunTime:0.000657s ]
INFO: [ app_begin ] --END-- [ RunTime:0.000923s ]
SQL: SHOW COLUMNS FROM `ui_admin` [ RunTime:0.0008s ]
SQL: SELECT `sysname`,`lastlog`,`logtime`,`logip`,`class` FROM `ui_admin` WHERE ( sysid=1 ) LIMIT 1   [ RunTime:0.0004s ]
NOTIC: [8] Undefined variable: logtime C:\wamp64\www\Express\Kdadmin\Controller\MainController.class.php 第 23 行.
SQL: SHOW COLUMNS FROM `ui_userinfo` [ RunTime:0.0006s ]
SQL: SELECT COUNT(id) AS tp_count FROM `ui_userinfo` WHERE ( addtime >= '1537027200' ) LIMIT 1   [ RunTime:0.0003s ]
SQL: SHOW COLUMNS FROM `ui_order` [ RunTime:0.0006s ]
SQL: SELECT COUNT(id) AS tp_count FROM `ui_order` WHERE ( paytime >= '1537027200' ) LIMIT 1   [ RunTime:0.0003s ]
SQL: SELECT COUNT(id) AS tp_count FROM `ui_order` WHERE ( status=-1 ) LIMIT 1   [ RunTime:0.0003s ]
NOTIC: [8] Undefined variable: countfee C:\wamp64\www\Express\Kdadmin\Controller\MainController.class.php 第 32 行.
NOTIC: [8] Undefined variable: countme C:\wamp64\www\Express\Kdadmin\Controller\MainController.class.php 第 33 行.
NOTIC: [8] Undefined variable: countpro C:\wamp64\www\Express\Kdadmin\Controller\MainController.class.php 第 34 行.
NOTIC: [8] Undefined variable: countmessage C:\wamp64\www\Express\Kdadmin\Controller\MainController.class.php 第 36 行.
NOTIC: [8] Undefined variable: counttake C:\wamp64\www\Express\Kdadmin\Controller\MainController.class.php 第 37 行.
NOTIC: [8] Undefined variable: countrechar C:\wamp64\www\Express\Kdadmin\Controller\MainController.class.php 第 38 行.
INFO: [ view_parse ] --START--
INFO: [ template_filter ] --START--
INFO: Run Behavior\ContentReplaceBehavior [ RunTime:0.000266s ]
INFO: [ template_filter ] --END-- [ RunTime:0.000536s ]
NOTIC: [8] Undefined variable: title C:\wamp64\www\Express\Runtime\Cache\Kdadmin\31e245fd6182baaf79357f140e2f1cb2.php 第 6 行.
INFO: Run Behavior\ParseTemplateBehavior [ RunTime:0.014965s ]
INFO: [ view_parse ] --END-- [ RunTime:0.015201s ]
INFO: [ view_filter ] --START--
INFO: Run Behavior\WriteHtmlCacheBehavior [ RunTime:0.000410s ]
INFO: [ view_filter ] --END-- [ RunTime:0.000586s ]
INFO: [ app_end ] --START--
INFO: Run Behavior\ShowPageTraceBehavior [ RunTime:0.000505s ]
INFO: [ app_end ] --END-- [ RunTime:0.000690s ]

[ 2018-09-16T17:10:15+08:00 ] 183.3.227.100 /kdadmin/Main
INFO: [ app_init ] --START--
INFO: Run Behavior\BuildLiteBehavior [ RunTime:0.000042s ]
INFO: [ app_init ] --END-- [ RunTime:0.000610s ]
NOTIC: [8] Use of undefined constant Kdadmin - assumed 'Kdadmin' C:\wamp64\www\Express\Kdadmin\Conf\Config.php 第 9 行.
NOTIC: [8] Use of undefined constant Kdadmin - assumed 'Kdadmin' C:\wamp64\www\Express\Kdadmin\Conf\Config.php 第 10 行.
NOTIC: [8] Use of undefined constant Kdadmin - assumed 'Kdadmin' C:\wamp64\www\Express\Kdadmin\Conf\Config.php 第 11 行.
NOTIC: [8] Use of undefined constant Kdadmin - assumed 'Kdadmin' C:\wamp64\www\Express\Kdadmin\Conf\Config.php 第 12 行.
NOTIC: [8] Use of undefined constant Kdadmin - assumed 'Kdadmin' C:\wamp64\www\Express\Kdadmin\Conf\Config.php 第 13 行.
INFO: [ app_begin ] --START--
INFO: Run Behavior\ReadHtmlCacheBehavior [ RunTime:0.000594s ]
INFO: [ app_begin ] --END-- [ RunTime:0.000789s ]
SQL: SHOW COLUMNS FROM `ui_admin` [ RunTime:0.0007s ]
SQL: SELECT `sysname`,`lastlog`,`logtime`,`logip`,`class` FROM `ui_admin` WHERE ( sysid=1 ) LIMIT 1   [ RunTime:0.0003s ]
NOTIC: [8] Undefined variable: logtime C:\wamp64\www\Express\Kdadmin\Controller\MainController.class.php 第 23 行.
SQL: SHOW COLUMNS FROM `ui_userinfo` [ RunTime:0.0005s ]
SQL: SELECT COUNT(id) AS tp_count FROM `ui_userinfo` WHERE ( addtime >= '1537027200' ) LIMIT 1   [ RunTime:0.0006s ]
SQL: SHOW COLUMNS FROM `ui_order` [ RunTime:0.0006s ]
SQL: SELECT COUNT(id) AS tp_count FROM `ui_order` WHERE ( paytime >= '1537027200' ) LIMIT 1   [ RunTime:0.0003s ]
SQL: SELECT COUNT(id) AS tp_count FROM `ui_order` WHERE ( status=-1 ) LIMIT 1   [ RunTime:0.0003s ]
NOTIC: [8] Undefined variable: countfee C:\wamp64\www\Express\Kdadmin\Controller\MainController.class.php 第 32 行.
NOTIC: [8] Undefined variable: countme C:\wamp64\www\Express\Kdadmin\Controller\MainController.class.php 第 33 行.
NOTIC: [8] Undefined variable: countpro C:\wamp64\www\Express\Kdadmin\Controller\MainController.class.php 第 34 行.
NOTIC: [8] Undefined variable: countmessage C:\wamp64\www\Express\Kdadmin\Controller\MainController.class.php 第 36 行.
NOTIC: [8] Undefined variable: counttake C:\wamp64\www\Express\Kdadmin\Controller\MainController.class.php 第 37 行.
NOTIC: [8] Undefined variable: countrechar C:\wamp64\www\Express\Kdadmin\Controller\MainController.class.php 第 38 行.
INFO: [ view_parse ] --START--
INFO: [ template_filter ] --START--
INFO: Run Behavior\ContentReplaceBehavior [ RunTime:0.000188s ]
INFO: [ template_filter ] --END-- [ RunTime:0.000386s ]
NOTIC: [8] Undefined variable: title C:\wamp64\www\Express\Runtime\Cache\Kdadmin\31e245fd6182baaf79357f140e2f1cb2.php 第 6 行.
INFO: Run Behavior\ParseTemplateBehavior [ RunTime:0.014120s ]
INFO: [ view_parse ] --END-- [ RunTime:0.014307s ]
INFO: [ view_filter ] --START--
INFO: Run Behavior\WriteHtmlCacheBehavior [ RunTime:0.000418s ]
INFO: [ view_filter ] --END-- [ RunTime:0.000595s ]
INFO: [ app_end ] --START--
INFO: Run Behavior\ShowPageTraceBehavior [ RunTime:0.000546s ]
INFO: [ app_end ] --END-- [ RunTime:0.000728s ]

[ 2018-09-16T17:12:16+08:00 ] 183.3.227.100 /kdadmin/Main
INFO: [ app_init ] --START--
INFO: Run Behavior\BuildLiteBehavior [ RunTime:0.000046s ]
INFO: [ app_init ] --END-- [ RunTime:0.000707s ]
NOTIC: [8] Use of undefined constant Kdadmin - assumed 'Kdadmin' C:\wamp64\www\Express\Kdadmin\Conf\Config.php 第 9 行.
NOTIC: [8] Use of undefined constant Kdadmin - assumed 'Kdadmin' C:\wamp64\www\Express\Kdadmin\Conf\Config.php 第 10 行.
NOTIC: [8] Use of undefined constant Kdadmin - assumed 'Kdadmin' C:\wamp64\www\Express\Kdadmin\Conf\Config.php 第 11 行.
NOTIC: [8] Use of undefined constant Kdadmin - assumed 'Kdadmin' C:\wamp64\www\Express\Kdadmin\Conf\Config.php 第 12 行.
NOTIC: [8] Use of undefined constant Kdadmin - assumed 'Kdadmin' C:\wamp64\www\Express\Kdadmin\Conf\Config.php 第 13 行.
INFO: [ app_begin ] --START--
INFO: Run Behavior\ReadHtmlCacheBehavior [ RunTime:0.000908s ]
INFO: [ app_begin ] --END-- [ RunTime:0.001222s ]

[ 2018-09-16T17:12:29+08:00 ] 183.3.227.100 /kdadmin/Main
INFO: [ app_init ] --START--
INFO: Run Behavior\BuildLiteBehavior [ RunTime:0.000042s ]
INFO: [ app_init ] --END-- [ RunTime:0.000522s ]
NOTIC: [8] Use of undefined constant Kdadmin - assumed 'Kdadmin' C:\wamp64\www\Express\Kdadmin\Conf\Config.php 第 9 行.
NOTIC: [8] Use of undefined constant Kdadmin - assumed 'Kdadmin' C:\wamp64\www\Express\Kdadmin\Conf\Config.php 第 10 行.
NOTIC: [8] Use of undefined constant Kdadmin - assumed 'Kdadmin' C:\wamp64\www\Express\Kdadmin\Conf\Config.php 第 11 行.
NOTIC: [8] Use of undefined constant Kdadmin - assumed 'Kdadmin' C:\wamp64\www\Express\Kdadmin\Conf\Config.php 第 12 行.
NOTIC: [8] Use of undefined constant Kdadmin - assumed 'Kdadmin' C:\wamp64\www\Express\Kdadmin\Conf\Config.php 第 13 行.
INFO: [ app_begin ] --START--
INFO: Run Behavior\ReadHtmlCacheBehavior [ RunTime:0.000496s ]
INFO: [ app_begin ] --END-- [ RunTime:0.000697s ]
SQL: SHOW COLUMNS FROM `ui_admin` [ RunTime:0.0010s ]
SQL: SELECT `sysname`,`lastlog`,`logtime`,`logip`,`class` FROM `ui_admin` WHERE ( sysid=1 ) LIMIT 1   [ RunTime:0.0004s ]
NOTIC: [8] Undefined variable: logtime C:\wamp64\www\Express\Kdadmin\Controller\MainController.class.php 第 23 行.
SQL: SHOW COLUMNS FROM `ui_userinfo` [ RunTime:0.0006s ]
SQL: SELECT COUNT(id) AS tp_count FROM `ui_userinfo` WHERE ( addtime >= '1537027200' ) LIMIT 1   [ RunTime:0.0003s ]
SQL: SHOW COLUMNS FROM `ui_order` [ RunTime:0.0006s ]
SQL: SELECT COUNT(id) AS tp_count FROM `ui_order` WHERE ( paytime >= '1537027200' ) LIMIT 1   [ RunTime:0.0003s ]
SQL: SELECT COUNT(id) AS tp_count FROM `ui_order` WHERE ( status=-1 ) LIMIT 1   [ RunTime:0.0003s ]
SQL: SHOW COLUMNS FROM `ui_sender` [ RunTime:0.0005s ]
ERR: 1054:Unknown column 'status' in 'where clause'
 [ SQL语句 ] : SELECT COUNT(id) AS tp_count FROM `ui_sender` WHERE ( status=1 ) LIMIT 1  
ERR: 1054:Unknown column 'status' in 'where clause'
 [ SQL语句 ] : SELECT COUNT(id) AS tp_count FROM `ui_sender` WHERE ( status=1 ) LIMIT 1  

[ 2018-09-16T17:12:48+08:00 ] 183.3.227.100 /kdadmin/Main
INFO: [ app_init ] --START--
INFO: Run Behavior\BuildLiteBehavior [ RunTime:0.000055s ]
INFO: [ app_init ] --END-- [ RunTime:0.000760s ]
NOTIC: [8] Use of undefined constant Kdadmin - assumed 'Kdadmin' C:\wamp64\www\Express\Kdadmin\Conf\Config.php 第 9 行.
NOTIC: [8] Use of undefined constant Kdadmin - assumed 'Kdadmin' C:\wamp64\www\Express\Kdadmin\Conf\Config.php 第 10 行.
NOTIC: [8] Use of undefined constant Kdadmin - assumed 'Kdadmin' C:\wamp64\www\Express\Kdadmin\Conf\Config.php 第 11 行.
NOTIC: [8] Use of undefined constant Kdadmin - assumed 'Kdadmin' C:\wamp64\www\Express\Kdadmin\Conf\Config.php 第 12 行.
NOTIC: [8] Use of undefined constant Kdadmin - assumed 'Kdadmin' C:\wamp64\www\Express\Kdadmin\Conf\Config.php 第 13 行.
INFO: [ app_begin ] --START--
INFO: Run Behavior\ReadHtmlCacheBehavior [ RunTime:0.000586s ]
INFO: [ app_begin ] --END-- [ RunTime:0.000812s ]
SQL: SHOW COLUMNS FROM `ui_admin` [ RunTime:0.0011s ]
SQL: SELECT `sysname`,`lastlog`,`logtime`,`logip`,`class` FROM `ui_admin` WHERE ( sysid=1 ) LIMIT 1   [ RunTime:0.0003s ]
NOTIC: [8] Undefined variable: logtime C:\wamp64\www\Express\Kdadmin\Controller\MainController.class.php 第 23 行.
SQL: SHOW COLUMNS FROM `ui_userinfo` [ RunTime:0.0006s ]
SQL: SELECT COUNT(id) AS tp_count FROM `ui_userinfo` WHERE ( addtime >= '1537027200' ) LIMIT 1   [ RunTime:0.0003s ]
SQL: SHOW COLUMNS FROM `ui_order` [ RunTime:0.0005s ]
SQL: SELECT COUNT(id) AS tp_count FROM `ui_order` WHERE ( paytime >= '1537027200' ) LIMIT 1   [ RunTime:0.0003s ]
SQL: SELECT COUNT(id) AS tp_count FROM `ui_order` WHERE ( status=-1 ) LIMIT 1   [ RunTime:0.0003s ]
SQL: SHOW COLUMNS FROM `ui_sender` [ RunTime:0.0006s ]
SQL: SELECT COUNT(id) AS tp_count FROM `ui_sender` WHERE ( state=1 ) LIMIT 1   [ RunTime:0.0003s ]
INFO: [ view_parse ] --START--
INFO: [ template_filter ] --START--
INFO: Run Behavior\ContentReplaceBehavior [ RunTime:0.000210s ]
INFO: [ template_filter ] --END-- [ RunTime:0.000413s ]
NOTIC: [8] Undefined variable: title C:\wamp64\www\Express\Runtime\Cache\Kdadmin\31e245fd6182baaf79357f140e2f1cb2.php 第 6 行.
INFO: Run Behavior\ParseTemplateBehavior [ RunTime:0.015543s ]
INFO: [ view_parse ] --END-- [ RunTime:0.015788s ]
INFO: [ view_filter ] --START--
INFO: Run Behavior\WriteHtmlCacheBehavior [ RunTime:0.000532s ]
INFO: [ view_filter ] --END-- [ RunTime:0.000767s ]
INFO: [ app_end ] --START--
INFO: Run Behavior\ShowPageTraceBehavior [ RunTime:0.000562s ]
INFO: [ app_end ] --END-- [ RunTime:0.000762s ]

[ 2018-09-16T17:13:03+08:00 ] 113.200.157.235 /kdadmin/order/preorder
INFO: [ app_init ] --START--
INFO: Run Behavior\BuildLiteBehavior [ RunTime:0.000062s ]
INFO: [ app_init ] --END-- [ RunTime:0.000660s ]
NOTIC: [8] Use of undefined constant Kdadmin - assumed 'Kdadmin' C:\wamp64\www\Express\Kdadmin\Conf\Config.php 第 9 行.
NOTIC: [8] Use of undefined constant Kdadmin - assumed 'Kdadmin' C:\wamp64\www\Express\Kdadmin\Conf\Config.php 第 10 行.
NOTIC: [8] Use of undefined constant Kdadmin - assumed 'Kdadmin' C:\wamp64\www\Express\Kdadmin\Conf\Config.php 第 11 行.
NOTIC: [8] Use of undefined constant Kdadmin - assumed 'Kdadmin' C:\wamp64\www\Express\Kdadmin\Conf\Config.php 第 12 行.
NOTIC: [8] Use of undefined constant Kdadmin - assumed 'Kdadmin' C:\wamp64\www\Express\Kdadmin\Conf\Config.php 第 13 行.
INFO: [ app_begin ] --START--
INFO: Run Behavior\ReadHtmlCacheBehavior [ RunTime:0.000604s ]
INFO: [ app_begin ] --END-- [ RunTime:0.000919s ]
SQL: SHOW COLUMNS FROM `ui_order` [ RunTime:0.0010s ]
NOTIC: [8] Undefined index: number C:\wamp64\www\Express\Kdadmin\Controller\OrderController.class.php 第 9 行.
SQL: SELECT * FROM `ui_order` WHERE `status` IN ('1') ORDER BY paytime desc  [ RunTime:0.0006s ]
INFO: [ view_parse ] --START--
INFO: [ template_filter ] --START--
INFO: Run Behavior\ContentReplaceBehavior [ RunTime:0.000259s ]
INFO: [ template_filter ] --END-- [ RunTime:0.000525s ]
NOTIC: [8] Undefined index: number C:\wamp64\www\Express\Runtime\Cache\Kdadmin\c7088c7b73f611ffadfec9ee4505737e.php 第 77 行.
INFO: Run Behavior\ParseTemplateBehavior [ RunTime:0.019622s ]
INFO: [ view_parse ] --END-- [ RunTime:0.019931s ]
INFO: [ view_filter ] --START--
INFO: Run Behavior\WriteHtmlCacheBehavior [ RunTime:0.000571s ]
INFO: [ view_filter ] --END-- [ RunTime:0.000808s ]
INFO: [ app_end ] --START--
INFO: Run Behavior\ShowPageTraceBehavior [ RunTime:0.000727s ]
INFO: [ app_end ] --END-- [ RunTime:0.001040s ]

[ 2018-09-16T17:13:07+08:00 ] 113.200.157.235 /kdadmin/Sender/
INFO: [ app_init ] --START--
INFO: Run Behavior\BuildLiteBehavior [ RunTime:0.000049s ]
INFO: [ app_init ] --END-- [ RunTime:0.000580s ]
NOTIC: [8] Use of undefined constant Kdadmin - assumed 'Kdadmin' C:\wamp64\www\Express\Kdadmin\Conf\Config.php 第 9 行.
NOTIC: [8] Use of undefined constant Kdadmin - assumed 'Kdadmin' C:\wamp64\www\Express\Kdadmin\Conf\Config.php 第 10 行.
NOTIC: [8] Use of undefined constant Kdadmin - assumed 'Kdadmin' C:\wamp64\www\Express\Kdadmin\Conf\Config.php 第 11 行.
NOTIC: [8] Use of undefined constant Kdadmin - assumed 'Kdadmin' C:\wamp64\www\Express\Kdadmin\Conf\Config.php 第 12 行.
NOTIC: [8] Use of undefined constant Kdadmin - assumed 'Kdadmin' C:\wamp64\www\Express\Kdadmin\Conf\Config.php 第 13 行.
INFO: [ app_begin ] --START--
INFO: Run Behavior\ReadHtmlCacheBehavior [ RunTime:0.000578s ]
INFO: [ app_begin ] --END-- [ RunTime:0.000817s ]
SQL: SHOW COLUMNS FROM `ui_sender` [ RunTime:0.0007s ]
SQL: SELECT * FROM `ui_sender` WHERE `state` <> -1  [ RunTime:0.0004s ]
INFO: [ view_parse ] --START--
INFO: [ template_filter ] --START--
INFO: Run Behavior\ContentReplaceBehavior [ RunTime:0.000260s ]
INFO: [ template_filter ] --END-- [ RunTime:0.000464s ]
NOTIC: [8] Undefined variable: title C:\wamp64\www\Express\Runtime\Cache\Kdadmin\e1fd74a1d32178650578c03ba6ce8052.php 第 6 行.
INFO: Run Behavior\ParseTemplateBehavior [ RunTime:0.016036s ]
INFO: [ view_parse ] --END-- [ RunTime:0.016228s ]
INFO: [ view_filter ] --START--
INFO: Run Behavior\WriteHtmlCacheBehavior [ RunTime:0.000425s ]
INFO: [ view_filter ] --END-- [ RunTime:0.000615s ]
INFO: [ app_end ] --START--
INFO: Run Behavior\ShowPageTraceBehavior [ RunTime:0.000505s ]
INFO: [ app_end ] --END-- [ RunTime:0.000698s ]

[ 2018-09-16T17:13:15+08:00 ] 113.200.157.235 /kdadmin/order/presend
INFO: [ app_init ] --START--
INFO: Run Behavior\BuildLiteBehavior [ RunTime:0.000050s ]
INFO: [ app_init ] --END-- [ RunTime:0.000570s ]
NOTIC: [8] Use of undefined constant Kdadmin - assumed 'Kdadmin' C:\wamp64\www\Express\Kdadmin\Conf\Config.php 第 9 行.
NOTIC: [8] Use of undefined constant Kdadmin - assumed 'Kdadmin' C:\wamp64\www\Express\Kdadmin\Conf\Config.php 第 10 行.
NOTIC: [8] Use of undefined constant Kdadmin - assumed 'Kdadmin' C:\wamp64\www\Express\Kdadmin\Conf\Config.php 第 11 行.
NOTIC: [8] Use of undefined constant Kdadmin - assumed 'Kdadmin' C:\wamp64\www\Express\Kdadmin\Conf\Config.php 第 12 行.
NOTIC: [8] Use of undefined constant Kdadmin - assumed 'Kdadmin' C:\wamp64\www\Express\Kdadmin\Conf\Config.php 第 13 行.
INFO: [ app_begin ] --START--
INFO: Run Behavior\ReadHtmlCacheBehavior [ RunTime:0.000546s ]
INFO: [ app_begin ] --END-- [ RunTime:0.000792s ]
SQL: SHOW COLUMNS FROM `ui_order` [ RunTime:0.0007s ]
NOTIC: [8] Undefined index: ordernum C:\wamp64\www\Express\Kdadmin\Controller\OrderController.class.php 第 23 行.
SQL: SELECT * FROM `ui_order` WHERE `status` IN ('2','3') ORDER BY paytime desc  [ RunTime:0.0004s ]
INFO: [ view_parse ] --START--
INFO: [ template_filter ] --START--
INFO: Run Behavior\ContentReplaceBehavior [ RunTime:0.000220s ]
INFO: [ template_filter ] --END-- [ RunTime:0.000426s ]
NOTIC: [8] Undefined index: ordernum C:\wamp64\www\Express\Runtime\Cache\Kdadmin\8c0753fd584a391ed12711b784248e8b.php 第 77 行.
INFO: Run Behavior\ParseTemplateBehavior [ RunTime:0.014186s ]
INFO: [ view_parse ] --END-- [ RunTime:0.014411s ]
INFO: [ view_filter ] --START--
INFO: Run Behavior\WriteHtmlCacheBehavior [ RunTime:0.000455s ]
INFO: [ view_filter ] --END-- [ RunTime:0.000644s ]
INFO: [ app_end ] --START--
INFO: Run Behavior\ShowPageTraceBehavior [ RunTime:0.000510s ]
INFO: [ app_end ] --END-- [ RunTime:0.000744s ]

[ 2018-09-16T17:13:16+08:00 ] 113.200.157.235 /kdadmin/order/preorder
INFO: [ app_init ] --START--
INFO: Run Behavior\BuildLiteBehavior [ RunTime:0.000046s ]
INFO: [ app_init ] --END-- [ RunTime:0.000526s ]
NOTIC: [8] Use of undefined constant Kdadmin - assumed 'Kdadmin' C:\wamp64\www\Express\Kdadmin\Conf\Config.php 第 9 行.
NOTIC: [8] Use of undefined constant Kdadmin - assumed 'Kdadmin' C:\wamp64\www\Express\Kdadmin\Conf\Config.php 第 10 行.
NOTIC: [8] Use of undefined constant Kdadmin - assumed 'Kdadmin' C:\wamp64\www\Express\Kdadmin\Conf\Config.php 第 11 行.
NOTIC: [8] Use of undefined constant Kdadmin - assumed 'Kdadmin' C:\wamp64\www\Express\Kdadmin\Conf\Config.php 第 12 行.
NOTIC: [8] Use of undefined constant Kdadmin - assumed 'Kdadmin' C:\wamp64\www\Express\Kdadmin\Conf\Config.php 第 13 行.
INFO: [ app_begin ] --START--
INFO: Run Behavior\ReadHtmlCacheBehavior [ RunTime:0.000468s ]
INFO: [ app_begin ] --END-- [ RunTime:0.000661s ]
SQL: SHOW COLUMNS FROM `ui_order` [ RunTime:0.0007s ]
NOTIC: [8] Undefined index: number C:\wamp64\www\Express\Kdadmin\Controller\OrderController.class.php 第 9 行.
SQL: SELECT * FROM `ui_order` WHERE `status` IN ('1') ORDER BY paytime desc  [ RunTime:0.0004s ]
INFO: [ view_parse ] --START--
INFO: [ template_filter ] --START--
INFO: Run Behavior\ContentReplaceBehavior [ RunTime:0.000196s ]
INFO: [ template_filter ] --END-- [ RunTime:0.000397s ]
NOTIC: [8] Undefined index: number C:\wamp64\www\Express\Runtime\Cache\Kdadmin\c7088c7b73f611ffadfec9ee4505737e.php 第 77 行.
INFO: Run Behavior\ParseTemplateBehavior [ RunTime:0.014146s ]
INFO: [ view_parse ] --END-- [ RunTime:0.014450s ]
INFO: [ view_filter ] --START--
INFO: Run Behavior\WriteHtmlCacheBehavior [ RunTime:0.000391s ]
INFO: [ view_filter ] --END-- [ RunTime:0.000573s ]
INFO: [ app_end ] --START--
INFO: Run Behavior\ShowPageTraceBehavior [ RunTime:0.000466s ]
INFO: [ app_end ] --END-- [ RunTime:0.000650s ]

[ 2018-09-16T17:13:18+08:00 ] 113.200.157.235 /kdadmin/order/presend
INFO: [ app_init ] --START--
INFO: Run Behavior\BuildLiteBehavior [ RunTime:0.000072s ]
INFO: [ app_init ] --END-- [ RunTime:0.000613s ]
NOTIC: [8] Use of undefined constant Kdadmin - assumed 'Kdadmin' C:\wamp64\www\Express\Kdadmin\Conf\Config.php 第 9 行.
NOTIC: [8] Use of undefined constant Kdadmin - assumed 'Kdadmin' C:\wamp64\www\Express\Kdadmin\Conf\Config.php 第 10 行.
NOTIC: [8] Use of undefined constant Kdadmin - assumed 'Kdadmin' C:\wamp64\www\Express\Kdadmin\Conf\Config.php 第 11 行.
NOTIC: [8] Use of undefined constant Kdadmin - assumed 'Kdadmin' C:\wamp64\www\Express\Kdadmin\Conf\Config.php 第 12 行.
NOTIC: [8] Use of undefined constant Kdadmin - assumed 'Kdadmin' C:\wamp64\www\Express\Kdadmin\Conf\Config.php 第 13 行.
INFO: [ app_begin ] --START--
INFO: Run Behavior\ReadHtmlCacheBehavior [ RunTime:0.000692s ]
INFO: [ app_begin ] --END-- [ RunTime:0.000922s ]
SQL: SHOW COLUMNS FROM `ui_order` [ RunTime:0.0008s ]
NOTIC: [8] Undefined index: ordernum C:\wamp64\www\Express\Kdadmin\Controller\OrderController.class.php 第 23 行.
SQL: SELECT * FROM `ui_order` WHERE `status` IN ('2','3') ORDER BY paytime desc  [ RunTime:0.0004s ]
INFO: [ view_parse ] --START--
INFO: [ template_filter ] --START--
INFO: Run Behavior\ContentReplaceBehavior [ RunTime:0.000228s ]
INFO: [ template_filter ] --END-- [ RunTime:0.000474s ]
NOTIC: [8] Undefined index: ordernum C:\wamp64\www\Express\Runtime\Cache\Kdadmin\8c0753fd584a391ed12711b784248e8b.php 第 77 行.
INFO: Run Behavior\ParseTemplateBehavior [ RunTime:0.016024s ]
INFO: [ view_parse ] --END-- [ RunTime:0.016233s ]
INFO: [ view_filter ] --START--
INFO: Run Behavior\WriteHtmlCacheBehavior [ RunTime:0.000421s ]
INFO: [ view_filter ] --END-- [ RunTime:0.000665s ]
INFO: [ app_end ] --START--
INFO: Run Behavior\ShowPageTraceBehavior [ RunTime:0.000578s ]
INFO: [ app_end ] --END-- [ RunTime:0.000771s ]

[ 2018-09-16T17:13:21+08:00 ] 113.200.157.235 /kdadmin/order/finish
INFO: [ app_init ] --START--
INFO: Run Behavior\BuildLiteBehavior [ RunTime:0.000082s ]
INFO: [ app_init ] --END-- [ RunTime:0.001016s ]
NOTIC: [8] Use of undefined constant Kdadmin - assumed 'Kdadmin' C:\wamp64\www\Express\Kdadmin\Conf\Config.php 第 9 行.
NOTIC: [8] Use of undefined constant Kdadmin - assumed 'Kdadmin' C:\wamp64\www\Express\Kdadmin\Conf\Config.php 第 10 行.
NOTIC: [8] Use of undefined constant Kdadmin - assumed 'Kdadmin' C:\wamp64\www\Express\Kdadmin\Conf\Config.php 第 11 行.
NOTIC: [8] Use of undefined constant Kdadmin - assumed 'Kdadmin' C:\wamp64\www\Express\Kdadmin\Conf\Config.php 第 12 行.
NOTIC: [8] Use of undefined constant Kdadmin - assumed 'Kdadmin' C:\wamp64\www\Express\Kdadmin\Conf\Config.php 第 13 行.
INFO: [ app_begin ] --START--
INFO: Run Behavior\ReadHtmlCacheBehavior [ RunTime:0.000832s ]
INFO: [ app_begin ] --END-- [ RunTime:0.001182s ]
SQL: SHOW COLUMNS FROM `ui_order` [ RunTime:0.0011s ]
NOTIC: [8] Undefined index: ordernum C:\wamp64\www\Express\Kdadmin\Controller\OrderController.class.php 第 37 行.
SQL: SELECT COUNT(*) AS tp_count FROM `ui_order` WHERE `status` IN ('4','5','-1') LIMIT 1   [ RunTime:0.0005s ]
SQL: SELECT * FROM `ui_order` WHERE `status` IN ('4','5','-1') ORDER BY id desc LIMIT 0,30   [ RunTime:0.0007s ]
INFO: [ view_parse ] --START--
INFO: [ template_filter ] --START--
INFO: Run Behavior\ContentReplaceBehavior [ RunTime:0.000296s ]
INFO: [ template_filter ] --END-- [ RunTime:0.000587s ]
NOTIC: [8] Undefined index: ordernum C:\wamp64\www\Express\Runtime\Cache\Kdadmin\d8224ac76ebc7df239b5926f7b9e289b.php 第 77 行.
INFO: Run Behavior\ParseTemplateBehavior [ RunTime:0.023019s ]
INFO: [ view_parse ] --END-- [ RunTime:0.023348s ]
INFO: [ view_filter ] --START--
INFO: Run Behavior\WriteHtmlCacheBehavior [ RunTime:0.000623s ]
INFO: [ view_filter ] --END-- [ RunTime:0.000910s ]
INFO: [ app_end ] --START--
INFO: Run Behavior\ShowPageTraceBehavior [ RunTime:0.000705s ]
INFO: [ app_end ] --END-- [ RunTime:0.000990s ]

[ 2018-09-16T17:13:23+08:00 ] 113.200.157.235 /kdadmin/order/finish
INFO: [ app_init ] --START--
INFO: Run Behavior\BuildLiteBehavior [ RunTime:0.000042s ]
INFO: [ app_init ] --END-- [ RunTime:0.000510s ]
NOTIC: [8] Use of undefined constant Kdadmin - assumed 'Kdadmin' C:\wamp64\www\Express\Kdadmin\Conf\Config.php 第 9 行.
NOTIC: [8] Use of undefined constant Kdadmin - assumed 'Kdadmin' C:\wamp64\www\Express\Kdadmin\Conf\Config.php 第 10 行.
NOTIC: [8] Use of undefined constant Kdadmin - assumed 'Kdadmin' C:\wamp64\www\Express\Kdadmin\Conf\Config.php 第 11 行.
NOTIC: [8] Use of undefined constant Kdadmin - assumed 'Kdadmin' C:\wamp64\www\Express\Kdadmin\Conf\Config.php 第 12 行.
NOTIC: [8] Use of undefined constant Kdadmin - assumed 'Kdadmin' C:\wamp64\www\Express\Kdadmin\Conf\Config.php 第 13 行.
INFO: [ app_begin ] --START--
INFO: Run Behavior\ReadHtmlCacheBehavior [ RunTime:0.000554s ]
INFO: [ app_begin ] --END-- [ RunTime:0.000933s ]
SQL: SHOW COLUMNS FROM `ui_order` [ RunTime:0.0009s ]
NOTIC: [8] Undefined index: ordernum C:\wamp64\www\Express\Kdadmin\Controller\OrderController.class.php 第 37 行.
SQL: SELECT COUNT(*) AS tp_count FROM `ui_order` WHERE `status` IN ('4','5','-1') LIMIT 1   [ RunTime:0.0004s ]
SQL: SELECT * FROM `ui_order` WHERE `status` IN ('4','5','-1') ORDER BY id desc LIMIT 0,30   [ RunTime:0.0006s ]
INFO: [ view_parse ] --START--
INFO: [ template_filter ] --START--
INFO: Run Behavior\ContentReplaceBehavior [ RunTime:0.000188s ]
INFO: [ template_filter ] --END-- [ RunTime:0.000408s ]
NOTIC: [8] Undefined index: ordernum C:\wamp64\www\Express\Runtime\Cache\Kdadmin\d8224ac76ebc7df239b5926f7b9e289b.php 第 77 行.
INFO: Run Behavior\ParseTemplateBehavior [ RunTime:0.015802s ]
INFO: [ view_parse ] --END-- [ RunTime:0.016013s ]
INFO: [ view_filter ] --START--
INFO: Run Behavior\WriteHtmlCacheBehavior [ RunTime:0.000414s ]
INFO: [ view_filter ] --END-- [ RunTime:0.000616s ]
INFO: [ app_end ] --START--
INFO: Run Behavior\ShowPageTraceBehavior [ RunTime:0.000551s ]
INFO: [ app_end ] --END-- [ RunTime:0.000772s ]

[ 2018-09-16T17:13:24+08:00 ] 113.200.157.235 /kdadmin/order/preorder
INFO: [ app_init ] --START--
INFO: Run Behavior\BuildLiteBehavior [ RunTime:0.000043s ]
INFO: [ app_init ] --END-- [ RunTime:0.000600s ]
NOTIC: [8] Use of undefined constant Kdadmin - assumed 'Kdadmin' C:\wamp64\www\Express\Kdadmin\Conf\Config.php 第 9 行.
NOTIC: [8] Use of undefined constant Kdadmin - assumed 'Kdadmin' C:\wamp64\www\Express\Kdadmin\Conf\Config.php 第 10 行.
NOTIC: [8] Use of undefined constant Kdadmin - assumed 'Kdadmin' C:\wamp64\www\Express\Kdadmin\Conf\Config.php 第 11 行.
NOTIC: [8] Use of undefined constant Kdadmin - assumed 'Kdadmin' C:\wamp64\www\Express\Kdadmin\Conf\Config.php 第 12 行.
NOTIC: [8] Use of undefined constant Kdadmin - assumed 'Kdadmin' C:\wamp64\www\Express\Kdadmin\Conf\Config.php 第 13 行.
INFO: [ app_begin ] --START--
INFO: Run Behavior\ReadHtmlCacheBehavior [ RunTime:0.000570s ]
INFO: [ app_begin ] --END-- [ RunTime:0.000786s ]
SQL: SHOW COLUMNS FROM `ui_order` [ RunTime:0.0008s ]
NOTIC: [8] Undefined index: number C:\wamp64\www\Express\Kdadmin\Controller\OrderController.class.php 第 9 行.
SQL: SELECT * FROM `ui_order` WHERE `status` IN ('1') ORDER BY paytime desc  [ RunTime:0.0004s ]
INFO: [ view_parse ] --START--
INFO: [ template_filter ] --START--
INFO: Run Behavior\ContentReplaceBehavior [ RunTime:0.000213s ]
INFO: [ template_filter ] --END-- [ RunTime:0.000418s ]
NOTIC: [8] Undefined index: number C:\wamp64\www\Express\Runtime\Cache\Kdadmin\c7088c7b73f611ffadfec9ee4505737e.php 第 77 行.
INFO: Run Behavior\ParseTemplateBehavior [ RunTime:0.013807s ]
INFO: [ view_parse ] --END-- [ RunTime:0.014016s ]
INFO: [ view_filter ] --START--
INFO: Run Behavior\WriteHtmlCacheBehavior [ RunTime:0.000419s ]
INFO: [ view_filter ] --END-- [ RunTime:0.000593s ]
INFO: [ app_end ] --START--
INFO: Run Behavior\ShowPageTraceBehavior [ RunTime:0.000559s ]
INFO: [ app_end ] --END-- [ RunTime:0.000797s ]

[ 2018-09-16T17:13:30+08:00 ] 113.200.157.235 /kdadmin/order/finish
INFO: [ app_init ] --START--
INFO: Run Behavior\BuildLiteBehavior [ RunTime:0.000043s ]
INFO: [ app_init ] --END-- [ RunTime:0.000525s ]
NOTIC: [8] Use of undefined constant Kdadmin - assumed 'Kdadmin' C:\wamp64\www\Express\Kdadmin\Conf\Config.php 第 9 行.
NOTIC: [8] Use of undefined constant Kdadmin - assumed 'Kdadmin' C:\wamp64\www\Express\Kdadmin\Conf\Config.php 第 10 行.
NOTIC: [8] Use of undefined constant Kdadmin - assumed 'Kdadmin' C:\wamp64\www\Express\Kdadmin\Conf\Config.php 第 11 行.
NOTIC: [8] Use of undefined constant Kdadmin - assumed 'Kdadmin' C:\wamp64\www\Express\Kdadmin\Conf\Config.php 第 12 行.
NOTIC: [8] Use of undefined constant Kdadmin - assumed 'Kdadmin' C:\wamp64\www\Express\Kdadmin\Conf\Config.php 第 13 行.
INFO: [ app_begin ] --START--
INFO: Run Behavior\ReadHtmlCacheBehavior [ RunTime:0.000512s ]
INFO: [ app_begin ] --END-- [ RunTime:0.000735s ]
SQL: SHOW COLUMNS FROM `ui_order` [ RunTime:0.0009s ]
NOTIC: [8] Undefined index: ordernum C:\wamp64\www\Express\Kdadmin\Controller\OrderController.class.php 第 37 行.
SQL: SELECT COUNT(*) AS tp_count FROM `ui_order` WHERE `status` IN ('4','5','-1') LIMIT 1   [ RunTime:0.0004s ]
SQL: SELECT * FROM `ui_order` WHERE `status` IN ('4','5','-1') ORDER BY id desc LIMIT 0,30   [ RunTime:0.0005s ]
INFO: [ view_parse ] --START--
INFO: [ template_filter ] --START--
INFO: Run Behavior\ContentReplaceBehavior [ RunTime:0.000229s ]
INFO: [ template_filter ] --END-- [ RunTime:0.000437s ]
NOTIC: [8] Undefined index: ordernum C:\wamp64\www\Express\Runtime\Cache\Kdadmin\d8224ac76ebc7df239b5926f7b9e289b.php 第 77 行.
INFO: Run Behavior\ParseTemplateBehavior [ RunTime:0.014646s ]
INFO: [ view_parse ] --END-- [ RunTime:0.014866s ]
INFO: [ view_filter ] --START--
INFO: Run Behavior\WriteHtmlCacheBehavior [ RunTime:0.000478s ]
INFO: [ view_filter ] --END-- [ RunTime:0.000688s ]
INFO: [ app_end ] --START--
INFO: Run Behavior\ShowPageTraceBehavior [ RunTime:0.000564s ]
INFO: [ app_end ] --END-- [ RunTime:0.000753s ]

[ 2018-09-16T17:13:32+08:00 ] 113.200.157.235 /kdadmin/order/finish
INFO: [ app_init ] --START--
INFO: Run Behavior\BuildLiteBehavior [ RunTime:0.000041s ]
INFO: [ app_init ] --END-- [ RunTime:0.000565s ]
NOTIC: [8] Use of undefined constant Kdadmin - assumed 'Kdadmin' C:\wamp64\www\Express\Kdadmin\Conf\Config.php 第 9 行.
NOTIC: [8] Use of undefined constant Kdadmin - assumed 'Kdadmin' C:\wamp64\www\Express\Kdadmin\Conf\Config.php 第 10 行.
NOTIC: [8] Use of undefined constant Kdadmin - assumed 'Kdadmin' C:\wamp64\www\Express\Kdadmin\Conf\Config.php 第 11 行.
NOTIC: [8] Use of undefined constant Kdadmin - assumed 'Kdadmin' C:\wamp64\www\Express\Kdadmin\Conf\Config.php 第 12 行.
NOTIC: [8] Use of undefined constant Kdadmin - assumed 'Kdadmin' C:\wamp64\www\Express\Kdadmin\Conf\Config.php 第 13 行.
INFO: [ app_begin ] --START--
INFO: Run Behavior\ReadHtmlCacheBehavior [ RunTime:0.000468s ]
INFO: [ app_begin ] --END-- [ RunTime:0.000680s ]
SQL: SHOW COLUMNS FROM `ui_order` [ RunTime:0.0007s ]
NOTIC: [8] Undefined index: ordernum C:\wamp64\www\Express\Kdadmin\Controller\OrderController.class.php 第 37 行.
SQL: SELECT COUNT(*) AS tp_count FROM `ui_order` WHERE `status` IN ('4','5','-1') LIMIT 1   [ RunTime:0.0003s ]
SQL: SELECT * FROM `ui_order` WHERE `status` IN ('4','5','-1') ORDER BY id desc LIMIT 0,30   [ RunTime:0.0005s ]
INFO: [ view_parse ] --START--
INFO: [ template_filter ] --START--
INFO: Run Behavior\ContentReplaceBehavior [ RunTime:0.000179s ]
INFO: [ template_filter ] --END-- [ RunTime:0.000382s ]
NOTIC: [8] Undefined index: ordernum C:\wamp64\www\Express\Runtime\Cache\Kdadmin\d8224ac76ebc7df239b5926f7b9e289b.php 第 77 行.
INFO: Run Behavior\ParseTemplateBehavior [ RunTime:0.013803s ]
INFO: [ view_parse ] --END-- [ RunTime:0.013992s ]
INFO: [ view_filter ] --START--
INFO: Run Behavior\WriteHtmlCacheBehavior [ RunTime:0.000392s ]
INFO: [ view_filter ] --END-- [ RunTime:0.000628s ]
INFO: [ app_end ] --START--
INFO: Run Behavior\ShowPageTraceBehavior [ RunTime:0.000529s ]
INFO: [ app_end ] --END-- [ RunTime:0.000778s ]

[ 2018-09-16T17:13:34+08:00 ] 113.200.157.235 /kdadmin/order/allorder
INFO: [ app_init ] --START--
INFO: Run Behavior\BuildLiteBehavior [ RunTime:0.000041s ]
INFO: [ app_init ] --END-- [ RunTime:0.000566s ]
NOTIC: [8] Use of undefined constant Kdadmin - assumed 'Kdadmin' C:\wamp64\www\Express\Kdadmin\Conf\Config.php 第 9 行.
NOTIC: [8] Use of undefined constant Kdadmin - assumed 'Kdadmin' C:\wamp64\www\Express\Kdadmin\Conf\Config.php 第 10 行.
NOTIC: [8] Use of undefined constant Kdadmin - assumed 'Kdadmin' C:\wamp64\www\Express\Kdadmin\Conf\Config.php 第 11 行.
NOTIC: [8] Use of undefined constant Kdadmin - assumed 'Kdadmin' C:\wamp64\www\Express\Kdadmin\Conf\Config.php 第 12 行.
NOTIC: [8] Use of undefined constant Kdadmin - assumed 'Kdadmin' C:\wamp64\www\Express\Kdadmin\Conf\Config.php 第 13 行.
INFO: [ app_begin ] --START--
INFO: Run Behavior\ReadHtmlCacheBehavior [ RunTime:0.000838s ]
INFO: [ app_begin ] --END-- [ RunTime:0.001061s ]
SQL: SHOW COLUMNS FROM `ui_order` [ RunTime:0.0007s ]
NOTIC: [8] Undefined index: ordernum C:\wamp64\www\Express\Kdadmin\Controller\OrderController.class.php 第 52 行.
SQL: SELECT COUNT(*) AS tp_count FROM `ui_order` LIMIT 1   [ RunTime:0.0004s ]
NOTIC: [8] Undefined variable: map C:\wamp64\www\Express\Kdadmin\Controller\OrderController.class.php 第 57 行.
SQL: SELECT * FROM `ui_order` ORDER BY id desc LIMIT 0,30   [ RunTime:0.0006s ]
INFO: [ view_parse ] --START--
INFO: [ template_filter ] --START--
INFO: Run Behavior\ContentReplaceBehavior [ RunTime:0.000184s ]
INFO: [ template_filter ] --END-- [ RunTime:0.000414s ]
NOTIC: [8] Undefined index: ordernum C:\wamp64\www\Express\Runtime\Cache\Kdadmin\453645545d2b1238d8ecf9b7def108e8.php 第 77 行.
INFO: Run Behavior\ParseTemplateBehavior [ RunTime:0.014712s ]
INFO: [ view_parse ] --END-- [ RunTime:0.014916s ]
INFO: [ view_filter ] --START--
INFO: Run Behavior\WriteHtmlCacheBehavior [ RunTime:0.000428s ]
INFO: [ view_filter ] --END-- [ RunTime:0.000640s ]
INFO: [ app_end ] --START--
INFO: Run Behavior\ShowPageTraceBehavior [ RunTime:0.000519s ]
INFO: [ app_end ] --END-- [ RunTime:0.000710s ]

[ 2018-09-16T17:13:36+08:00 ] 113.200.157.235 /kdadmin/order/allorder
INFO: [ app_init ] --START--
INFO: Run Behavior\BuildLiteBehavior [ RunTime:0.000040s ]
INFO: [ app_init ] --END-- [ RunTime:0.000539s ]
NOTIC: [8] Use of undefined constant Kdadmin - assumed 'Kdadmin' C:\wamp64\www\Express\Kdadmin\Conf\Config.php 第 9 行.
NOTIC: [8] Use of undefined constant Kdadmin - assumed 'Kdadmin' C:\wamp64\www\Express\Kdadmin\Conf\Config.php 第 10 行.
NOTIC: [8] Use of undefined constant Kdadmin - assumed 'Kdadmin' C:\wamp64\www\Express\Kdadmin\Conf\Config.php 第 11 行.
NOTIC: [8] Use of undefined constant Kdadmin - assumed 'Kdadmin' C:\wamp64\www\Express\Kdadmin\Conf\Config.php 第 12 行.
NOTIC: [8] Use of undefined constant Kdadmin - assumed 'Kdadmin' C:\wamp64\www\Express\Kdadmin\Conf\Config.php 第 13 行.
INFO: [ app_begin ] --START--
INFO: Run Behavior\ReadHtmlCacheBehavior [ RunTime:0.000493s ]
INFO: [ app_begin ] --END-- [ RunTime:0.000692s ]
SQL: SHOW COLUMNS FROM `ui_order` [ RunTime:0.0010s ]
NOTIC: [8] Undefined index: ordernum C:\wamp64\www\Express\Kdadmin\Controller\OrderController.class.php 第 52 行.
SQL: SELECT COUNT(*) AS tp_count FROM `ui_order` LIMIT 1   [ RunTime:0.0003s ]
NOTIC: [8] Undefined variable: map C:\wamp64\www\Express\Kdadmin\Controller\OrderController.class.php 第 57 行.
SQL: SELECT * FROM `ui_order` ORDER BY id desc LIMIT 0,30   [ RunTime:0.0005s ]
INFO: [ view_parse ] --START--
INFO: [ template_filter ] --START--
INFO: Run Behavior\ContentReplaceBehavior [ RunTime:0.000195s ]
INFO: [ template_filter ] --END-- [ RunTime:0.000575s ]
NOTIC: [8] Undefined index: ordernum C:\wamp64\www\Express\Runtime\Cache\Kdadmin\453645545d2b1238d8ecf9b7def108e8.php 第 77 行.
INFO: Run Behavior\ParseTemplateBehavior [ RunTime:0.015299s ]
INFO: [ view_parse ] --END-- [ RunTime:0.015509s ]
INFO: [ view_filter ] --START--
INFO: Run Behavior\WriteHtmlCacheBehavior [ RunTime:0.000561s ]
INFO: [ view_filter ] --END-- [ RunTime:0.000737s ]
INFO: [ app_end ] --START--
INFO: Run Behavior\ShowPageTraceBehavior [ RunTime:0.000511s ]
INFO: [ app_end ] --END-- [ RunTime:0.000698s ]

[ 2018-09-16T17:13:38+08:00 ] 113.200.157.235 /kdadmin/order/preorder
INFO: [ app_init ] --START--
INFO: Run Behavior\BuildLiteBehavior [ RunTime:0.000041s ]
INFO: [ app_init ] --END-- [ RunTime:0.000498s ]
NOTIC: [8] Use of undefined constant Kdadmin - assumed 'Kdadmin' C:\wamp64\www\Express\Kdadmin\Conf\Config.php 第 9 行.
NOTIC: [8] Use of undefined constant Kdadmin - assumed 'Kdadmin' C:\wamp64\www\Express\Kdadmin\Conf\Config.php 第 10 行.
NOTIC: [8] Use of undefined constant Kdadmin - assumed 'Kdadmin' C:\wamp64\www\Express\Kdadmin\Conf\Config.php 第 11 行.
NOTIC: [8] Use of undefined constant Kdadmin - assumed 'Kdadmin' C:\wamp64\www\Express\Kdadmin\Conf\Config.php 第 12 行.
NOTIC: [8] Use of undefined constant Kdadmin - assumed 'Kdadmin' C:\wamp64\www\Express\Kdadmin\Conf\Config.php 第 13 行.
INFO: [ app_begin ] --START--
INFO: Run Behavior\ReadHtmlCacheBehavior [ RunTime:0.000524s ]
INFO: [ app_begin ] --END-- [ RunTime:0.000718s ]
SQL: SHOW COLUMNS FROM `ui_order` [ RunTime:0.0008s ]
NOTIC: [8] Undefined index: number C:\wamp64\www\Express\Kdadmin\Controller\OrderController.class.php 第 9 行.
SQL: SELECT * FROM `ui_order` WHERE `status` IN ('1') ORDER BY paytime desc  [ RunTime:0.0005s ]
INFO: [ view_parse ] --START--
INFO: [ template_filter ] --START--
INFO: Run Behavior\ContentReplaceBehavior [ RunTime:0.000204s ]
INFO: [ template_filter ] --END-- [ RunTime:0.000415s ]
NOTIC: [8] Undefined index: number C:\wamp64\www\Express\Runtime\Cache\Kdadmin\c7088c7b73f611ffadfec9ee4505737e.php 第 77 行.
INFO: Run Behavior\ParseTemplateBehavior [ RunTime:0.013440s ]
INFO: [ view_parse ] --END-- [ RunTime:0.013643s ]
INFO: [ view_filter ] --START--
INFO: Run Behavior\WriteHtmlCacheBehavior [ RunTime:0.000401s ]
INFO: [ view_filter ] --END-- [ RunTime:0.000576s ]
INFO: [ app_end ] --START--
INFO: Run Behavior\ShowPageTraceBehavior [ RunTime:0.000772s ]
INFO: [ app_end ] --END-- [ RunTime:0.001000s ]

[ 2018-09-16T17:13:40+08:00 ] 113.200.157.235 /kdadmin/order/preorder
INFO: [ app_init ] --START--
INFO: Run Behavior\BuildLiteBehavior [ RunTime:0.000041s ]
INFO: [ app_init ] --END-- [ RunTime:0.000555s ]
NOTIC: [8] Use of undefined constant Kdadmin - assumed 'Kdadmin' C:\wamp64\www\Express\Kdadmin\Conf\Config.php 第 9 行.
NOTIC: [8] Use of undefined constant Kdadmin - assumed 'Kdadmin' C:\wamp64\www\Express\Kdadmin\Conf\Config.php 第 10 行.
NOTIC: [8] Use of undefined constant Kdadmin - assumed 'Kdadmin' C:\wamp64\www\Express\Kdadmin\Conf\Config.php 第 11 行.
NOTIC: [8] Use of undefined constant Kdadmin - assumed 'Kdadmin' C:\wamp64\www\Express\Kdadmin\Conf\Config.php 第 12 行.
NOTIC: [8] Use of undefined constant Kdadmin - assumed 'Kdadmin' C:\wamp64\www\Express\Kdadmin\Conf\Config.php 第 13 行.
INFO: [ app_begin ] --START--
INFO: Run Behavior\ReadHtmlCacheBehavior [ RunTime:0.000549s ]
INFO: [ app_begin ] --END-- [ RunTime:0.000758s ]
SQL: SHOW COLUMNS FROM `ui_order` [ RunTime:0.0010s ]
NOTIC: [8] Undefined index: number C:\wamp64\www\Express\Kdadmin\Controller\OrderController.class.php 第 9 行.
SQL: SELECT * FROM `ui_order` WHERE `status` IN ('1') ORDER BY paytime desc  [ RunTime:0.0006s ]
INFO: [ view_parse ] --START--
INFO: [ template_filter ] --START--
INFO: Run Behavior\ContentReplaceBehavior [ RunTime:0.000208s ]
INFO: [ template_filter ] --END-- [ RunTime:0.000425s ]
NOTIC: [8] Undefined index: number C:\wamp64\www\Express\Runtime\Cache\Kdadmin\c7088c7b73f611ffadfec9ee4505737e.php 第 77 行.
INFO: Run Behavior\ParseTemplateBehavior [ RunTime:0.015705s ]
INFO: [ view_parse ] --END-- [ RunTime:0.015998s ]
INFO: [ view_filter ] --START--
INFO: Run Behavior\WriteHtmlCacheBehavior [ RunTime:0.000430s ]
INFO: [ view_filter ] --END-- [ RunTime:0.000628s ]
INFO: [ app_end ] --START--
INFO: Run Behavior\ShowPageTraceBehavior [ RunTime:0.000540s ]
INFO: [ app_end ] --END-- [ RunTime:0.000724s ]

[ 2018-09-16T17:13:42+08:00 ] 113.200.157.235 /kdadmin/order/finish
INFO: [ app_init ] --START--
INFO: Run Behavior\BuildLiteBehavior [ RunTime:0.000042s ]
INFO: [ app_init ] --END-- [ RunTime:0.000517s ]
NOTIC: [8] Use of undefined constant Kdadmin - assumed 'Kdadmin' C:\wamp64\www\Express\Kdadmin\Conf\Config.php 第 9 行.
NOTIC: [8] Use of undefined constant Kdadmin - assumed 'Kdadmin' C:\wamp64\www\Express\Kdadmin\Conf\Config.php 第 10 行.
NOTIC: [8] Use of undefined constant Kdadmin - assumed 'Kdadmin' C:\wamp64\www\Express\Kdadmin\Conf\Config.php 第 11 行.
NOTIC: [8] Use of undefined constant Kdadmin - assumed 'Kdadmin' C:\wamp64\www\Express\Kdadmin\Conf\Config.php 第 12 行.
NOTIC: [8] Use of undefined constant Kdadmin - assumed 'Kdadmin' C:\wamp64\www\Express\Kdadmin\Conf\Config.php 第 13 行.
INFO: [ app_begin ] --START--
INFO: Run Behavior\ReadHtmlCacheBehavior [ RunTime:0.000522s ]
INFO: [ app_begin ] --END-- [ RunTime:0.000724s ]
SQL: SHOW COLUMNS FROM `ui_order` [ RunTime:0.0009s ]
NOTIC: [8] Undefined index: ordernum C:\wamp64\www\Express\Kdadmin\Controller\OrderController.class.php 第 37 行.
SQL: SELECT COUNT(*) AS tp_count FROM `ui_order` WHERE `status` IN ('4','5','-1') LIMIT 1   [ RunTime:0.0004s ]
SQL: SELECT * FROM `ui_order` WHERE `status` IN ('4','5','-1') ORDER BY id desc LIMIT 0,30   [ RunTime:0.0005s ]
INFO: [ view_parse ] --START--
INFO: [ template_filter ] --START--
INFO: Run Behavior\ContentReplaceBehavior [ RunTime:0.000244s ]
INFO: [ template_filter ] --END-- [ RunTime:0.000459s ]
NOTIC: [8] Undefined index: ordernum C:\wamp64\www\Express\Runtime\Cache\Kdadmin\d8224ac76ebc7df239b5926f7b9e289b.php 第 77 行.
INFO: Run Behavior\ParseTemplateBehavior [ RunTime:0.014141s ]
INFO: [ view_parse ] --END-- [ RunTime:0.014329s ]
INFO: [ view_filter ] --START--
INFO: Run Behavior\WriteHtmlCacheBehavior [ RunTime:0.000444s ]
INFO: [ view_filter ] --END-- [ RunTime:0.000691s ]
INFO: [ app_end ] --START--
INFO: Run Behavior\ShowPageTraceBehavior [ RunTime:0.000491s ]
INFO: [ app_end ] --END-- [ RunTime:0.000680s ]

[ 2018-09-16T17:14:07+08:00 ] 183.3.227.100 /kdadmin/Main
INFO: [ app_init ] --START--
INFO: Run Behavior\BuildLiteBehavior [ RunTime:0.000041s ]
INFO: [ app_init ] --END-- [ RunTime:0.000523s ]
NOTIC: [8] Use of undefined constant Kdadmin - assumed 'Kdadmin' C:\wamp64\www\Express\Kdadmin\Conf\Config.php 第 9 行.
NOTIC: [8] Use of undefined constant Kdadmin - assumed 'Kdadmin' C:\wamp64\www\Express\Kdadmin\Conf\Config.php 第 10 行.
NOTIC: [8] Use of undefined constant Kdadmin - assumed 'Kdadmin' C:\wamp64\www\Express\Kdadmin\Conf\Config.php 第 11 行.
NOTIC: [8] Use of undefined constant Kdadmin - assumed 'Kdadmin' C:\wamp64\www\Express\Kdadmin\Conf\Config.php 第 12 行.
NOTIC: [8] Use of undefined constant Kdadmin - assumed 'Kdadmin' C:\wamp64\www\Express\Kdadmin\Conf\Config.php 第 13 行.
INFO: [ app_begin ] --START--
INFO: Run Behavior\ReadHtmlCacheBehavior [ RunTime:0.000714s ]
INFO: [ app_begin ] --END-- [ RunTime:0.001023s ]
SQL: SHOW COLUMNS FROM `ui_admin` [ RunTime:0.0008s ]
SQL: SELECT `sysname`,`lastlog`,`logtime`,`logip`,`class` FROM `ui_admin` WHERE ( sysid=1 ) LIMIT 1   [ RunTime:0.0004s ]
NOTIC: [8] Undefined variable: logtime C:\wamp64\www\Express\Kdadmin\Controller\MainController.class.php 第 23 行.
SQL: SHOW COLUMNS FROM `ui_userinfo` [ RunTime:0.0007s ]
SQL: SELECT COUNT(id) AS tp_count FROM `ui_userinfo` WHERE ( addtime >= '1537027200' ) LIMIT 1   [ RunTime:0.0004s ]
SQL: SHOW COLUMNS FROM `ui_order` [ RunTime:0.0007s ]
SQL: SELECT COUNT(id) AS tp_count FROM `ui_order` WHERE ( paytime >= '1537027200' ) LIMIT 1   [ RunTime:0.0004s ]
SQL: SELECT COUNT(id) AS tp_count FROM `ui_order` WHERE ( status=-1 ) LIMIT 1   [ RunTime:0.0003s ]
SQL: SHOW COLUMNS FROM `ui_sender` [ RunTime:0.0006s ]
SQL: SELECT COUNT(id) AS tp_count FROM `ui_sender` WHERE ( state=1 ) LIMIT 1   [ RunTime:0.0003s ]
INFO: [ view_parse ] --START--
INFO: [ template_filter ] --START--
INFO: Run Behavior\ContentReplaceBehavior [ RunTime:0.000317s ]
INFO: [ template_filter ] --END-- [ RunTime:0.000651s ]
NOTIC: [8] Undefined variable: title C:\wamp64\www\Express\Runtime\Cache\Kdadmin\31e245fd6182baaf79357f140e2f1cb2.php 第 6 行.
INFO: Run Behavior\ParseTemplateBehavior [ RunTime:0.016669s ]
INFO: [ view_parse ] --END-- [ RunTime:0.016880s ]
INFO: [ view_filter ] --START--
INFO: Run Behavior\WriteHtmlCacheBehavior [ RunTime:0.000408s ]
INFO: [ view_filter ] --END-- [ RunTime:0.000582s ]
INFO: [ app_end ] --START--
INFO: Run Behavior\ShowPageTraceBehavior [ RunTime:0.000571s ]
INFO: [ app_end ] --END-- [ RunTime:0.000800s ]

[ 2018-09-16T17:14:17+08:00 ] 58.250.137.194 /kdadmin/Main
INFO: [ app_init ] --START--
INFO: Run Behavior\BuildLiteBehavior [ RunTime:0.000064s ]
INFO: [ app_init ] --END-- [ RunTime:0.000656s ]
NOTIC: [8] Use of undefined constant Kdadmin - assumed 'Kdadmin' C:\wamp64\www\Express\Kdadmin\Conf\Config.php 第 9 行.
NOTIC: [8] Use of undefined constant Kdadmin - assumed 'Kdadmin' C:\wamp64\www\Express\Kdadmin\Conf\Config.php 第 10 行.
NOTIC: [8] Use of undefined constant Kdadmin - assumed 'Kdadmin' C:\wamp64\www\Express\Kdadmin\Conf\Config.php 第 11 行.
NOTIC: [8] Use of undefined constant Kdadmin - assumed 'Kdadmin' C:\wamp64\www\Express\Kdadmin\Conf\Config.php 第 12 行.
NOTIC: [8] Use of undefined constant Kdadmin - assumed 'Kdadmin' C:\wamp64\www\Express\Kdadmin\Conf\Config.php 第 13 行.
INFO: [ app_begin ] --START--
INFO: Run Behavior\ReadHtmlCacheBehavior [ RunTime:0.000555s ]
INFO: [ app_begin ] --END-- [ RunTime:0.000779s ]
SQL: SHOW COLUMNS FROM `ui_admin` [ RunTime:0.0009s ]
SQL: SELECT `sysname`,`lastlog`,`logtime`,`logip`,`class` FROM `ui_admin` WHERE ( sysid=1 ) LIMIT 1   [ RunTime:0.0004s ]
NOTIC: [8] Undefined variable: logtime C:\wamp64\www\Express\Kdadmin\Controller\MainController.class.php 第 23 行.
SQL: SHOW COLUMNS FROM `ui_userinfo` [ RunTime:0.0006s ]
SQL: SELECT COUNT(id) AS tp_count FROM `ui_userinfo` WHERE ( addtime >= '1537027200' ) LIMIT 1   [ RunTime:0.0004s ]
SQL: SHOW COLUMNS FROM `ui_order` [ RunTime:0.0007s ]
SQL: SELECT COUNT(id) AS tp_count FROM `ui_order` WHERE ( paytime >= '1537027200' ) LIMIT 1   [ RunTime:0.0003s ]
SQL: SELECT COUNT(id) AS tp_count FROM `ui_order` WHERE ( status=-1 ) LIMIT 1   [ RunTime:0.0003s ]
SQL: SHOW COLUMNS FROM `ui_sender` [ RunTime:0.0005s ]
SQL: SELECT COUNT(id) AS tp_count FROM `ui_sender` WHERE ( state=1 ) LIMIT 1   [ RunTime:0.0003s ]
INFO: [ view_parse ] --START--
INFO: [ template_filter ] --START--
INFO: Run Behavior\ContentReplaceBehavior [ RunTime:0.000296s ]
INFO: [ template_filter ] --END-- [ RunTime:0.000599s ]
NOTIC: [8] Undefined variable: title C:\wamp64\www\Express\Runtime\Cache\Kdadmin\31e245fd6182baaf79357f140e2f1cb2.php 第 6 行.
INFO: Run Behavior\ParseTemplateBehavior [ RunTime:0.014333s ]
INFO: [ view_parse ] --END-- [ RunTime:0.014547s ]
INFO: [ view_filter ] --START--
INFO: Run Behavior\WriteHtmlCacheBehavior [ RunTime:0.000405s ]
INFO: [ view_filter ] --END-- [ RunTime:0.000597s ]
INFO: [ app_end ] --START--
INFO: Run Behavior\ShowPageTraceBehavior [ RunTime:0.000764s ]
INFO: [ app_end ] --END-- [ RunTime:0.000973s ]

