[ 2018-08-02T22:20:59+08:00 ] ::1 /Ui_kd/Kdadmin
INFO: [ app_init ] --START--
INFO: Run Behavior\BuildLiteBehavior [ RunTime:0.000058s ]
INFO: [ app_init ] --END-- [ RunTime:0.001283s ]
NOTIC: [8] Use of undefined constant Doeradmin - assumed 'Doeradmin' E:\PHPDemo\Ui_kd\Express\Kdadmin\Conf\Config.php 第 9 行.
NOTIC: [8] Use of undefined constant Doeradmin - assumed 'Doeradmin' E:\PHPDemo\Ui_kd\Express\Kdadmin\Conf\Config.php 第 10 行.
NOTIC: [8] Use of undefined constant Doeradmin - assumed 'Doeradmin' E:\PHPDemo\Ui_kd\Express\Kdadmin\Conf\Config.php 第 11 行.
NOTIC: [8] Use of undefined constant Doeradmin - assumed 'Doeradmin' E:\PHPDemo\Ui_kd\Express\Kdadmin\Conf\Config.php 第 12 行.
NOTIC: [8] Use of undefined constant Doeradmin - assumed 'Doeradmin' E:\PHPDemo\Ui_kd\Express\Kdadmin\Conf\Config.php 第 13 行.
INFO: [ app_begin ] --START--
INFO: Run Behavior\ReadHtmlCacheBehavior [ RunTime:0.001998s ]
INFO: [ app_begin ] --END-- [ RunTime:0.002260s ]
ERR: 无法加载控制器:Index

[ 2018-08-02T22:21:31+08:00 ] ::1 /Ui_kd/Kdadmin
INFO: [ app_init ] --START--
INFO: Run Behavior\BuildLiteBehavior [ RunTime:0.000057s ]
INFO: [ app_init ] --END-- [ RunTime:0.001260s ]
NOTIC: [8] Use of undefined constant Doeradmin - assumed 'Doeradmin' E:\PHPDemo\Ui_kd\Express\Kdadmin\Conf\Config.php 第 9 行.
NOTIC: [8] Use of undefined constant Doeradmin - assumed 'Doeradmin' E:\PHPDemo\Ui_kd\Express\Kdadmin\Conf\Config.php 第 10 行.
NOTIC: [8] Use of undefined constant Doeradmin - assumed 'Doeradmin' E:\PHPDemo\Ui_kd\Express\Kdadmin\Conf\Config.php 第 11 行.
NOTIC: [8] Use of undefined constant Doeradmin - assumed 'Doeradmin' E:\PHPDemo\Ui_kd\Express\Kdadmin\Conf\Config.php 第 12 行.
NOTIC: [8] Use of undefined constant Doeradmin - assumed 'Doeradmin' E:\PHPDemo\Ui_kd\Express\Kdadmin\Conf\Config.php 第 13 行.
INFO: [ app_begin ] --START--
INFO: Run Behavior\ReadHtmlCacheBehavior [ RunTime:0.002045s ]
INFO: [ app_begin ] --END-- [ RunTime:0.002306s ]
ERR: 无法加载控制器:Index

[ 2018-08-02T22:22:14+08:00 ] ::1 /Ui_kd/Kdadmin
INFO: [ app_init ] --START--
INFO: Run Behavior\BuildLiteBehavior [ RunTime:0.000057s ]
INFO: [ app_init ] --END-- [ RunTime:0.001274s ]
NOTIC: [8] Use of undefined constant Doeradmin - assumed 'Doeradmin' E:\PHPDemo\Ui_kd\Express\Kdadmin\Conf\Config.php 第 9 行.
NOTIC: [8] Use of undefined constant Doeradmin - assumed 'Doeradmin' E:\PHPDemo\Ui_kd\Express\Kdadmin\Conf\Config.php 第 10 行.
NOTIC: [8] Use of undefined constant Doeradmin - assumed 'Doeradmin' E:\PHPDemo\Ui_kd\Express\Kdadmin\Conf\Config.php 第 11 行.
NOTIC: [8] Use of undefined constant Doeradmin - assumed 'Doeradmin' E:\PHPDemo\Ui_kd\Express\Kdadmin\Conf\Config.php 第 12 行.
NOTIC: [8] Use of undefined constant Doeradmin - assumed 'Doeradmin' E:\PHPDemo\Ui_kd\Express\Kdadmin\Conf\Config.php 第 13 行.
INFO: [ app_begin ] --START--
INFO: Run Behavior\ReadHtmlCacheBehavior [ RunTime:0.001928s ]
INFO: [ app_begin ] --END-- [ RunTime:0.002188s ]
ERR: 无法加载控制器:Index

[ 2018-08-02T22:22:41+08:00 ] ::1 /Ui_kd/Kdadmin
INFO: [ app_init ] --START--
INFO: Run Behavior\BuildLiteBehavior [ RunTime:0.000056s ]
INFO: [ app_init ] --END-- [ RunTime:0.001256s ]
NOTIC: [8] Use of undefined constant Doeradmin - assumed 'Doeradmin' E:\PHPDemo\Ui_kd\Express\Kdadmin\Conf\Config.php 第 9 行.
NOTIC: [8] Use of undefined constant Doeradmin - assumed 'Doeradmin' E:\PHPDemo\Ui_kd\Express\Kdadmin\Conf\Config.php 第 10 行.
NOTIC: [8] Use of undefined constant Doeradmin - assumed 'Doeradmin' E:\PHPDemo\Ui_kd\Express\Kdadmin\Conf\Config.php 第 11 行.
NOTIC: [8] Use of undefined constant Doeradmin - assumed 'Doeradmin' E:\PHPDemo\Ui_kd\Express\Kdadmin\Conf\Config.php 第 12 行.
NOTIC: [8] Use of undefined constant Doeradmin - assumed 'Doeradmin' E:\PHPDemo\Ui_kd\Express\Kdadmin\Conf\Config.php 第 13 行.
INFO: [ app_begin ] --START--
INFO: Run Behavior\ReadHtmlCacheBehavior [ RunTime:0.001913s ]
INFO: [ app_begin ] --END-- [ RunTime:0.002172s ]
INFO: [ app_end ] --START--
INFO: Run Behavior\ShowPageTraceBehavior [ RunTime:0.002010s ]
INFO: [ app_end ] --END-- [ RunTime:0.002300s ]

[ 2018-08-02T22:22:59+08:00 ] ::1 /Ui_kd/Kdadmin
INFO: [ app_init ] --START--
INFO: Run Behavior\BuildLiteBehavior [ RunTime:0.000056s ]
INFO: [ app_init ] --END-- [ RunTime:0.001251s ]
NOTIC: [8] Use of undefined constant Doeradmin - assumed 'Doeradmin' E:\PHPDemo\Ui_kd\Express\Kdadmin\Conf\Config.php 第 9 行.
NOTIC: [8] Use of undefined constant Doeradmin - assumed 'Doeradmin' E:\PHPDemo\Ui_kd\Express\Kdadmin\Conf\Config.php 第 10 行.
NOTIC: [8] Use of undefined constant Doeradmin - assumed 'Doeradmin' E:\PHPDemo\Ui_kd\Express\Kdadmin\Conf\Config.php 第 11 行.
NOTIC: [8] Use of undefined constant Doeradmin - assumed 'Doeradmin' E:\PHPDemo\Ui_kd\Express\Kdadmin\Conf\Config.php 第 12 行.
NOTIC: [8] Use of undefined constant Doeradmin - assumed 'Doeradmin' E:\PHPDemo\Ui_kd\Express\Kdadmin\Conf\Config.php 第 13 行.
INFO: [ app_begin ] --START--
INFO: Run Behavior\ReadHtmlCacheBehavior [ RunTime:0.002073s ]
INFO: [ app_begin ] --END-- [ RunTime:0.002341s ]
INFO: [ view_parse ] --START--
INFO: [ template_filter ] --START--
INFO: Run Behavior\ContentReplaceBehavior [ RunTime:0.000157s ]
INFO: [ template_filter ] --END-- [ RunTime:0.000414s ]
INFO: Run Behavior\ParseTemplateBehavior [ RunTime:0.017583s ]
INFO: [ view_parse ] --END-- [ RunTime:0.017884s ]
INFO: [ view_filter ] --START--
INFO: Run Behavior\WriteHtmlCacheBehavior [ RunTime:0.001441s ]
INFO: [ view_filter ] --END-- [ RunTime:0.001694s ]
INFO: [ app_end ] --START--
INFO: Run Behavior\ShowPageTraceBehavior [ RunTime:0.001980s ]
INFO: [ app_end ] --END-- [ RunTime:0.002240s ]

[ 2018-08-02T22:28:56+08:00 ] ::1 /Ui_kd/Kdadmin
INFO: [ app_init ] --START--
INFO: Run Behavior\BuildLiteBehavior [ RunTime:0.000060s ]
INFO: [ app_init ] --END-- [ RunTime:0.001332s ]
NOTIC: [8] Use of undefined constant Doeradmin - assumed 'Doeradmin' E:\PHPDemo\Ui_kd\Express\Kdadmin\Conf\Config.php 第 9 行.
NOTIC: [8] Use of undefined constant Doeradmin - assumed 'Doeradmin' E:\PHPDemo\Ui_kd\Express\Kdadmin\Conf\Config.php 第 10 行.
NOTIC: [8] Use of undefined constant Doeradmin - assumed 'Doeradmin' E:\PHPDemo\Ui_kd\Express\Kdadmin\Conf\Config.php 第 11 行.
NOTIC: [8] Use of undefined constant Doeradmin - assumed 'Doeradmin' E:\PHPDemo\Ui_kd\Express\Kdadmin\Conf\Config.php 第 12 行.
NOTIC: [8] Use of undefined constant Doeradmin - assumed 'Doeradmin' E:\PHPDemo\Ui_kd\Express\Kdadmin\Conf\Config.php 第 13 行.
INFO: [ app_begin ] --START--
INFO: Run Behavior\ReadHtmlCacheBehavior [ RunTime:0.002005s ]
INFO: [ app_begin ] --END-- [ RunTime:0.002267s ]
INFO: [ view_parse ] --START--
INFO: [ template_filter ] --START--
INFO: Run Behavior\ContentReplaceBehavior [ RunTime:0.000159s ]
INFO: [ template_filter ] --END-- [ RunTime:0.000415s ]
INFO: Run Behavior\ParseTemplateBehavior [ RunTime:0.015794s ]
INFO: [ view_parse ] --END-- [ RunTime:0.016086s ]
INFO: [ view_filter ] --START--
INFO: Run Behavior\WriteHtmlCacheBehavior [ RunTime:0.001405s ]
INFO: [ view_filter ] --END-- [ RunTime:0.001651s ]
INFO: [ app_end ] --START--
INFO: Run Behavior\ShowPageTraceBehavior [ RunTime:0.002111s ]
INFO: [ app_end ] --END-- [ RunTime:0.002369s ]

