[ 2018-08-19T21:36:09+08:00 ] 113.201.5.242 /kdadmin
INFO: [ app_init ] --START--
INFO: Run Behavior\BuildLiteBehavior [ RunTime:0.000043s ]
INFO: [ app_init ] --END-- [ RunTime:0.000590s ]
NOTIC: [8] Use of undefined constant Doeradmin - assumed 'Doeradmin' C:\wamp64\www\Express\Kdadmin\Conf\Config.php 第 9 行.
NOTIC: [8] Use of undefined constant Doeradmin - assumed 'Doeradmin' C:\wamp64\www\Express\Kdadmin\Conf\Config.php 第 10 行.
NOTIC: [8] Use of undefined constant Doeradmin - assumed 'Doeradmin' C:\wamp64\www\Express\Kdadmin\Conf\Config.php 第 11 行.
NOTIC: [8] Use of undefined constant Doeradmin - assumed 'Doeradmin' C:\wamp64\www\Express\Kdadmin\Conf\Config.php 第 12 行.
NOTIC: [8] Use of undefined constant Doeradmin - assumed 'Doeradmin' C:\wamp64\www\Express\Kdadmin\Conf\Config.php 第 13 行.
INFO: [ app_begin ] --START--
INFO: Run Behavior\ReadHtmlCacheBehavior [ RunTime:0.000863s ]
INFO: [ app_begin ] --END-- [ RunTime:0.001060s ]
INFO: [ view_parse ] --START--
INFO: [ template_filter ] --START--
INFO: Run Behavior\ContentReplaceBehavior [ RunTime:0.000145s ]
INFO: [ template_filter ] --END-- [ RunTime:0.000350s ]
NOTIC: [8] Undefined variable: title C:\wamp64\www\Express\Runtime\Cache\Kdadmin\90187ed16da07df5dd261e9713e76a6c.php 第 7 行.
INFO: Run Behavior\ParseTemplateBehavior [ RunTime:0.009919s ]
INFO: [ view_parse ] --END-- [ RunTime:0.010145s ]
INFO: [ view_filter ] --START--
INFO: Run Behavior\WriteHtmlCacheBehavior [ RunTime:0.000598s ]
INFO: [ view_filter ] --END-- [ RunTime:0.000780s ]
INFO: [ app_end ] --START--
INFO: Run Behavior\ShowPageTraceBehavior [ RunTime:0.000941s ]
INFO: [ app_end ] --END-- [ RunTime:0.001132s ]

[ 2018-08-19T21:36:14+08:00 ] 113.201.5.242 /kdadmin/order/preorder
INFO: [ app_init ] --START--
INFO: Run Behavior\BuildLiteBehavior [ RunTime:0.000053s ]
INFO: [ app_init ] --END-- [ RunTime:0.000579s ]
NOTIC: [8] Use of undefined constant Doeradmin - assumed 'Doeradmin' C:\wamp64\www\Express\Kdadmin\Conf\Config.php 第 9 行.
NOTIC: [8] Use of undefined constant Doeradmin - assumed 'Doeradmin' C:\wamp64\www\Express\Kdadmin\Conf\Config.php 第 10 行.
NOTIC: [8] Use of undefined constant Doeradmin - assumed 'Doeradmin' C:\wamp64\www\Express\Kdadmin\Conf\Config.php 第 11 行.
NOTIC: [8] Use of undefined constant Doeradmin - assumed 'Doeradmin' C:\wamp64\www\Express\Kdadmin\Conf\Config.php 第 12 行.
NOTIC: [8] Use of undefined constant Doeradmin - assumed 'Doeradmin' C:\wamp64\www\Express\Kdadmin\Conf\Config.php 第 13 行.
INFO: [ app_begin ] --START--
INFO: Run Behavior\ReadHtmlCacheBehavior [ RunTime:0.000735s ]
INFO: [ app_begin ] --END-- [ RunTime:0.000979s ]
INFO: [ view_parse ] --START--
INFO: [ template_filter ] --START--
INFO: Run Behavior\ContentReplaceBehavior [ RunTime:0.000154s ]
INFO: [ template_filter ] --END-- [ RunTime:0.000358s ]
NOTIC: [8] Undefined variable: title C:\wamp64\www\Express\Runtime\Cache\Kdadmin\c7088c7b73f611ffadfec9ee4505737e.php 第 7 行.
INFO: Run Behavior\ParseTemplateBehavior [ RunTime:0.011316s ]
INFO: [ view_parse ] --END-- [ RunTime:0.011518s ]
INFO: [ view_filter ] --START--
INFO: Run Behavior\WriteHtmlCacheBehavior [ RunTime:0.000471s ]
INFO: [ view_filter ] --END-- [ RunTime:0.000674s ]
INFO: [ app_end ] --START--
INFO: Run Behavior\ShowPageTraceBehavior [ RunTime:0.000637s ]
INFO: [ app_end ] --END-- [ RunTime:0.000832s ]

[ 2018-08-19T21:36:16+08:00 ] 113.201.5.242 /kdadmin/index
INFO: [ app_init ] --START--
INFO: Run Behavior\BuildLiteBehavior [ RunTime:0.000052s ]
INFO: [ app_init ] --END-- [ RunTime:0.000563s ]
NOTIC: [8] Use of undefined constant Doeradmin - assumed 'Doeradmin' C:\wamp64\www\Express\Kdadmin\Conf\Config.php 第 9 行.
NOTIC: [8] Use of undefined constant Doeradmin - assumed 'Doeradmin' C:\wamp64\www\Express\Kdadmin\Conf\Config.php 第 10 行.
NOTIC: [8] Use of undefined constant Doeradmin - assumed 'Doeradmin' C:\wamp64\www\Express\Kdadmin\Conf\Config.php 第 11 行.
NOTIC: [8] Use of undefined constant Doeradmin - assumed 'Doeradmin' C:\wamp64\www\Express\Kdadmin\Conf\Config.php 第 12 行.
NOTIC: [8] Use of undefined constant Doeradmin - assumed 'Doeradmin' C:\wamp64\www\Express\Kdadmin\Conf\Config.php 第 13 行.
INFO: [ app_begin ] --START--
INFO: Run Behavior\ReadHtmlCacheBehavior [ RunTime:0.000646s ]
INFO: [ app_begin ] --END-- [ RunTime:0.000857s ]
INFO: [ view_parse ] --START--
INFO: [ template_filter ] --START--
INFO: Run Behavior\ContentReplaceBehavior [ RunTime:0.000144s ]
INFO: [ template_filter ] --END-- [ RunTime:0.000350s ]
NOTIC: [8] Undefined variable: title C:\wamp64\www\Express\Runtime\Cache\Kdadmin\90187ed16da07df5dd261e9713e76a6c.php 第 7 行.
INFO: Run Behavior\ParseTemplateBehavior [ RunTime:0.009018s ]
INFO: [ view_parse ] --END-- [ RunTime:0.009208s ]
INFO: [ view_filter ] --START--
INFO: Run Behavior\WriteHtmlCacheBehavior [ RunTime:0.000439s ]
INFO: [ view_filter ] --END-- [ RunTime:0.000618s ]
INFO: [ app_end ] --START--
INFO: Run Behavior\ShowPageTraceBehavior [ RunTime:0.000535s ]
INFO: [ app_end ] --END-- [ RunTime:0.000721s ]

[ 2018-08-19T21:36:17+08:00 ] 113.201.5.242 /kdadmin/index
INFO: [ app_init ] --START--
INFO: Run Behavior\BuildLiteBehavior [ RunTime:0.000042s ]
INFO: [ app_init ] --END-- [ RunTime:0.000615s ]
NOTIC: [8] Use of undefined constant Doeradmin - assumed 'Doeradmin' C:\wamp64\www\Express\Kdadmin\Conf\Config.php 第 9 行.
NOTIC: [8] Use of undefined constant Doeradmin - assumed 'Doeradmin' C:\wamp64\www\Express\Kdadmin\Conf\Config.php 第 10 行.
NOTIC: [8] Use of undefined constant Doeradmin - assumed 'Doeradmin' C:\wamp64\www\Express\Kdadmin\Conf\Config.php 第 11 行.
NOTIC: [8] Use of undefined constant Doeradmin - assumed 'Doeradmin' C:\wamp64\www\Express\Kdadmin\Conf\Config.php 第 12 行.
NOTIC: [8] Use of undefined constant Doeradmin - assumed 'Doeradmin' C:\wamp64\www\Express\Kdadmin\Conf\Config.php 第 13 行.
INFO: [ app_begin ] --START--
INFO: Run Behavior\ReadHtmlCacheBehavior [ RunTime:0.000738s ]
INFO: [ app_begin ] --END-- [ RunTime:0.000936s ]
INFO: [ view_parse ] --START--
INFO: [ template_filter ] --START--
INFO: Run Behavior\ContentReplaceBehavior [ RunTime:0.000153s ]
INFO: [ template_filter ] --END-- [ RunTime:0.000412s ]
NOTIC: [8] Undefined variable: title C:\wamp64\www\Express\Runtime\Cache\Kdadmin\90187ed16da07df5dd261e9713e76a6c.php 第 7 行.
INFO: Run Behavior\ParseTemplateBehavior [ RunTime:0.009687s ]
INFO: [ view_parse ] --END-- [ RunTime:0.009881s ]
INFO: [ view_filter ] --START--
INFO: Run Behavior\WriteHtmlCacheBehavior [ RunTime:0.000484s ]
INFO: [ view_filter ] --END-- [ RunTime:0.000665s ]
INFO: [ app_end ] --START--
INFO: Run Behavior\ShowPageTraceBehavior [ RunTime:0.000563s ]
INFO: [ app_end ] --END-- [ RunTime:0.000751s ]

[ 2018-08-19T21:36:20+08:00 ] 113.201.5.242 /kdadmin/
INFO: [ app_init ] --START--
INFO: Run Behavior\BuildLiteBehavior [ RunTime:0.000041s ]
INFO: [ app_init ] --END-- [ RunTime:0.000574s ]
NOTIC: [8] Use of undefined constant Doeradmin - assumed 'Doeradmin' C:\wamp64\www\Express\Kdadmin\Conf\Config.php 第 9 行.
NOTIC: [8] Use of undefined constant Doeradmin - assumed 'Doeradmin' C:\wamp64\www\Express\Kdadmin\Conf\Config.php 第 10 行.
NOTIC: [8] Use of undefined constant Doeradmin - assumed 'Doeradmin' C:\wamp64\www\Express\Kdadmin\Conf\Config.php 第 11 行.
NOTIC: [8] Use of undefined constant Doeradmin - assumed 'Doeradmin' C:\wamp64\www\Express\Kdadmin\Conf\Config.php 第 12 行.
NOTIC: [8] Use of undefined constant Doeradmin - assumed 'Doeradmin' C:\wamp64\www\Express\Kdadmin\Conf\Config.php 第 13 行.
INFO: [ app_begin ] --START--
INFO: Run Behavior\ReadHtmlCacheBehavior [ RunTime:0.000647s ]
INFO: [ app_begin ] --END-- [ RunTime:0.000859s ]
INFO: [ view_parse ] --START--
INFO: [ template_filter ] --START--
INFO: Run Behavior\ContentReplaceBehavior [ RunTime:0.000142s ]
INFO: [ template_filter ] --END-- [ RunTime:0.000365s ]
NOTIC: [8] Undefined variable: title C:\wamp64\www\Express\Runtime\Cache\Kdadmin\90187ed16da07df5dd261e9713e76a6c.php 第 7 行.
INFO: Run Behavior\ParseTemplateBehavior [ RunTime:0.010451s ]
INFO: [ view_parse ] --END-- [ RunTime:0.010650s ]
INFO: [ view_filter ] --START--
INFO: Run Behavior\WriteHtmlCacheBehavior [ RunTime:0.000462s ]
INFO: [ view_filter ] --END-- [ RunTime:0.000641s ]
INFO: [ app_end ] --START--
INFO: Run Behavior\ShowPageTraceBehavior [ RunTime:0.000551s ]
INFO: [ app_end ] --END-- [ RunTime:0.000738s ]

[ 2018-08-19T21:36:23+08:00 ] 113.201.5.242 /kdadmin/order/preorder
INFO: [ app_init ] --START--
INFO: Run Behavior\BuildLiteBehavior [ RunTime:0.000080s ]
INFO: [ app_init ] --END-- [ RunTime:0.000876s ]
NOTIC: [8] Use of undefined constant Doeradmin - assumed 'Doeradmin' C:\wamp64\www\Express\Kdadmin\Conf\Config.php 第 9 行.
NOTIC: [8] Use of undefined constant Doeradmin - assumed 'Doeradmin' C:\wamp64\www\Express\Kdadmin\Conf\Config.php 第 10 行.
NOTIC: [8] Use of undefined constant Doeradmin - assumed 'Doeradmin' C:\wamp64\www\Express\Kdadmin\Conf\Config.php 第 11 行.
NOTIC: [8] Use of undefined constant Doeradmin - assumed 'Doeradmin' C:\wamp64\www\Express\Kdadmin\Conf\Config.php 第 12 行.
NOTIC: [8] Use of undefined constant Doeradmin - assumed 'Doeradmin' C:\wamp64\www\Express\Kdadmin\Conf\Config.php 第 13 行.
INFO: [ app_begin ] --START--
INFO: Run Behavior\ReadHtmlCacheBehavior [ RunTime:0.001035s ]
INFO: [ app_begin ] --END-- [ RunTime:0.001370s ]
INFO: [ view_parse ] --START--
INFO: [ template_filter ] --START--
INFO: Run Behavior\ContentReplaceBehavior [ RunTime:0.000267s ]
INFO: [ template_filter ] --END-- [ RunTime:0.000618s ]
NOTIC: [8] Undefined variable: title C:\wamp64\www\Express\Runtime\Cache\Kdadmin\c7088c7b73f611ffadfec9ee4505737e.php 第 7 行.
INFO: Run Behavior\ParseTemplateBehavior [ RunTime:0.016382s ]
INFO: [ view_parse ] --END-- [ RunTime:0.016710s ]
INFO: [ view_filter ] --START--
INFO: Run Behavior\WriteHtmlCacheBehavior [ RunTime:0.000661s ]
INFO: [ view_filter ] --END-- [ RunTime:0.000994s ]
INFO: [ app_end ] --START--
INFO: Run Behavior\ShowPageTraceBehavior [ RunTime:0.000829s ]
INFO: [ app_end ] --END-- [ RunTime:0.001150s ]

[ 2018-08-19T21:36:42+08:00 ] 113.201.5.242 /kdadmin/index
INFO: [ app_init ] --START--
INFO: Run Behavior\BuildLiteBehavior [ RunTime:0.000042s ]
INFO: [ app_init ] --END-- [ RunTime:0.000560s ]
NOTIC: [8] Use of undefined constant Doeradmin - assumed 'Doeradmin' C:\wamp64\www\Express\Kdadmin\Conf\Config.php 第 9 行.
NOTIC: [8] Use of undefined constant Doeradmin - assumed 'Doeradmin' C:\wamp64\www\Express\Kdadmin\Conf\Config.php 第 10 行.
NOTIC: [8] Use of undefined constant Doeradmin - assumed 'Doeradmin' C:\wamp64\www\Express\Kdadmin\Conf\Config.php 第 11 行.
NOTIC: [8] Use of undefined constant Doeradmin - assumed 'Doeradmin' C:\wamp64\www\Express\Kdadmin\Conf\Config.php 第 12 行.
NOTIC: [8] Use of undefined constant Doeradmin - assumed 'Doeradmin' C:\wamp64\www\Express\Kdadmin\Conf\Config.php 第 13 行.
INFO: [ app_begin ] --START--
INFO: Run Behavior\ReadHtmlCacheBehavior [ RunTime:0.000644s ]
INFO: [ app_begin ] --END-- [ RunTime:0.000850s ]
INFO: [ view_parse ] --START--
INFO: [ template_filter ] --START--
INFO: Run Behavior\ContentReplaceBehavior [ RunTime:0.000150s ]
INFO: [ template_filter ] --END-- [ RunTime:0.000351s ]
NOTIC: [8] Undefined variable: title C:\wamp64\www\Express\Runtime\Cache\Kdadmin\90187ed16da07df5dd261e9713e76a6c.php 第 7 行.
INFO: Run Behavior\ParseTemplateBehavior [ RunTime:0.008852s ]
INFO: [ view_parse ] --END-- [ RunTime:0.009044s ]
INFO: [ view_filter ] --START--
INFO: Run Behavior\WriteHtmlCacheBehavior [ RunTime:0.000429s ]
INFO: [ view_filter ] --END-- [ RunTime:0.000608s ]
INFO: [ app_end ] --START--
INFO: Run Behavior\ShowPageTraceBehavior [ RunTime:0.000513s ]
INFO: [ app_end ] --END-- [ RunTime:0.000708s ]

[ 2018-08-19T21:36:43+08:00 ] 113.201.5.242 /kdadmin/index
INFO: [ app_init ] --START--
INFO: Run Behavior\BuildLiteBehavior [ RunTime:0.000043s ]
INFO: [ app_init ] --END-- [ RunTime:0.000581s ]
NOTIC: [8] Use of undefined constant Doeradmin - assumed 'Doeradmin' C:\wamp64\www\Express\Kdadmin\Conf\Config.php 第 9 行.
NOTIC: [8] Use of undefined constant Doeradmin - assumed 'Doeradmin' C:\wamp64\www\Express\Kdadmin\Conf\Config.php 第 10 行.
NOTIC: [8] Use of undefined constant Doeradmin - assumed 'Doeradmin' C:\wamp64\www\Express\Kdadmin\Conf\Config.php 第 11 行.
NOTIC: [8] Use of undefined constant Doeradmin - assumed 'Doeradmin' C:\wamp64\www\Express\Kdadmin\Conf\Config.php 第 12 行.
NOTIC: [8] Use of undefined constant Doeradmin - assumed 'Doeradmin' C:\wamp64\www\Express\Kdadmin\Conf\Config.php 第 13 行.
INFO: [ app_begin ] --START--
INFO: Run Behavior\ReadHtmlCacheBehavior [ RunTime:0.000739s ]
INFO: [ app_begin ] --END-- [ RunTime:0.000939s ]
INFO: [ view_parse ] --START--
INFO: [ template_filter ] --START--
INFO: Run Behavior\ContentReplaceBehavior [ RunTime:0.000146s ]
INFO: [ template_filter ] --END-- [ RunTime:0.000350s ]
NOTIC: [8] Undefined variable: title C:\wamp64\www\Express\Runtime\Cache\Kdadmin\90187ed16da07df5dd261e9713e76a6c.php 第 7 行.
INFO: Run Behavior\ParseTemplateBehavior [ RunTime:0.009731s ]
INFO: [ view_parse ] --END-- [ RunTime:0.009935s ]
INFO: [ view_filter ] --START--
INFO: Run Behavior\WriteHtmlCacheBehavior [ RunTime:0.000445s ]
INFO: [ view_filter ] --END-- [ RunTime:0.000664s ]
INFO: [ app_end ] --START--
INFO: Run Behavior\ShowPageTraceBehavior [ RunTime:0.000592s ]
INFO: [ app_end ] --END-- [ RunTime:0.000782s ]

[ 2018-08-19T21:36:45+08:00 ] 113.201.5.242 /kdadmin/order/preorder
INFO: [ app_init ] --START--
INFO: Run Behavior\BuildLiteBehavior [ RunTime:0.000056s ]
INFO: [ app_init ] --END-- [ RunTime:0.000649s ]
NOTIC: [8] Use of undefined constant Doeradmin - assumed 'Doeradmin' C:\wamp64\www\Express\Kdadmin\Conf\Config.php 第 9 行.
NOTIC: [8] Use of undefined constant Doeradmin - assumed 'Doeradmin' C:\wamp64\www\Express\Kdadmin\Conf\Config.php 第 10 行.
NOTIC: [8] Use of undefined constant Doeradmin - assumed 'Doeradmin' C:\wamp64\www\Express\Kdadmin\Conf\Config.php 第 11 行.
NOTIC: [8] Use of undefined constant Doeradmin - assumed 'Doeradmin' C:\wamp64\www\Express\Kdadmin\Conf\Config.php 第 12 行.
NOTIC: [8] Use of undefined constant Doeradmin - assumed 'Doeradmin' C:\wamp64\www\Express\Kdadmin\Conf\Config.php 第 13 行.
INFO: [ app_begin ] --START--
INFO: Run Behavior\ReadHtmlCacheBehavior [ RunTime:0.000674s ]
INFO: [ app_begin ] --END-- [ RunTime:0.000877s ]
INFO: [ view_parse ] --START--
INFO: [ template_filter ] --START--
INFO: Run Behavior\ContentReplaceBehavior [ RunTime:0.000168s ]
INFO: [ template_filter ] --END-- [ RunTime:0.000373s ]
NOTIC: [8] Undefined variable: title C:\wamp64\www\Express\Runtime\Cache\Kdadmin\c7088c7b73f611ffadfec9ee4505737e.php 第 7 行.
INFO: Run Behavior\ParseTemplateBehavior [ RunTime:0.010527s ]
INFO: [ view_parse ] --END-- [ RunTime:0.010721s ]
INFO: [ view_filter ] --START--
INFO: Run Behavior\WriteHtmlCacheBehavior [ RunTime:0.000444s ]
INFO: [ view_filter ] --END-- [ RunTime:0.000673s ]
INFO: [ app_end ] --START--
INFO: Run Behavior\ShowPageTraceBehavior [ RunTime:0.000538s ]
INFO: [ app_end ] --END-- [ RunTime:0.000731s ]

[ 2018-08-19T21:37:05+08:00 ] 113.201.5.242 /kdadmin/index
INFO: [ app_init ] --START--
INFO: Run Behavior\BuildLiteBehavior [ RunTime:0.000042s ]
INFO: [ app_init ] --END-- [ RunTime:0.000640s ]
NOTIC: [8] Use of undefined constant Doeradmin - assumed 'Doeradmin' C:\wamp64\www\Express\Kdadmin\Conf\Config.php 第 9 行.
NOTIC: [8] Use of undefined constant Doeradmin - assumed 'Doeradmin' C:\wamp64\www\Express\Kdadmin\Conf\Config.php 第 10 行.
NOTIC: [8] Use of undefined constant Doeradmin - assumed 'Doeradmin' C:\wamp64\www\Express\Kdadmin\Conf\Config.php 第 11 行.
NOTIC: [8] Use of undefined constant Doeradmin - assumed 'Doeradmin' C:\wamp64\www\Express\Kdadmin\Conf\Config.php 第 12 行.
NOTIC: [8] Use of undefined constant Doeradmin - assumed 'Doeradmin' C:\wamp64\www\Express\Kdadmin\Conf\Config.php 第 13 行.
INFO: [ app_begin ] --START--
INFO: Run Behavior\ReadHtmlCacheBehavior [ RunTime:0.000790s ]
INFO: [ app_begin ] --END-- [ RunTime:0.000995s ]
INFO: [ view_parse ] --START--
INFO: [ template_filter ] --START--
INFO: Run Behavior\ContentReplaceBehavior [ RunTime:0.000214s ]
INFO: [ template_filter ] --END-- [ RunTime:0.000441s ]
NOTIC: [8] Undefined variable: title C:\wamp64\www\Express\Runtime\Cache\Kdadmin\90187ed16da07df5dd261e9713e76a6c.php 第 7 行.
INFO: Run Behavior\ParseTemplateBehavior [ RunTime:0.010255s ]
INFO: [ view_parse ] --END-- [ RunTime:0.010455s ]
INFO: [ view_filter ] --START--
INFO: Run Behavior\WriteHtmlCacheBehavior [ RunTime:0.000537s ]
INFO: [ view_filter ] --END-- [ RunTime:0.000723s ]
INFO: [ app_end ] --START--
INFO: Run Behavior\ShowPageTraceBehavior [ RunTime:0.000778s ]
INFO: [ app_end ] --END-- [ RunTime:0.000973s ]

[ 2018-08-19T21:37:07+08:00 ] 113.201.5.242 /kdadmin/order/preorder
INFO: [ app_init ] --START--
INFO: Run Behavior\BuildLiteBehavior [ RunTime:0.000066s ]
INFO: [ app_init ] --END-- [ RunTime:0.000603s ]
NOTIC: [8] Use of undefined constant Doeradmin - assumed 'Doeradmin' C:\wamp64\www\Express\Kdadmin\Conf\Config.php 第 9 行.
NOTIC: [8] Use of undefined constant Doeradmin - assumed 'Doeradmin' C:\wamp64\www\Express\Kdadmin\Conf\Config.php 第 10 行.
NOTIC: [8] Use of undefined constant Doeradmin - assumed 'Doeradmin' C:\wamp64\www\Express\Kdadmin\Conf\Config.php 第 11 行.
NOTIC: [8] Use of undefined constant Doeradmin - assumed 'Doeradmin' C:\wamp64\www\Express\Kdadmin\Conf\Config.php 第 12 行.
NOTIC: [8] Use of undefined constant Doeradmin - assumed 'Doeradmin' C:\wamp64\www\Express\Kdadmin\Conf\Config.php 第 13 行.
INFO: [ app_begin ] --START--
INFO: Run Behavior\ReadHtmlCacheBehavior [ RunTime:0.000730s ]
INFO: [ app_begin ] --END-- [ RunTime:0.000930s ]
INFO: [ view_parse ] --START--
INFO: [ template_filter ] --START--
INFO: Run Behavior\ContentReplaceBehavior [ RunTime:0.000211s ]
INFO: [ template_filter ] --END-- [ RunTime:0.000464s ]
NOTIC: [8] Undefined variable: title C:\wamp64\www\Express\Runtime\Cache\Kdadmin\c7088c7b73f611ffadfec9ee4505737e.php 第 7 行.
INFO: Run Behavior\ParseTemplateBehavior [ RunTime:0.010976s ]
INFO: [ view_parse ] --END-- [ RunTime:0.011247s ]
INFO: [ view_filter ] --START--
INFO: Run Behavior\WriteHtmlCacheBehavior [ RunTime:0.000449s ]
INFO: [ view_filter ] --END-- [ RunTime:0.000633s ]
INFO: [ app_end ] --START--
INFO: Run Behavior\ShowPageTraceBehavior [ RunTime:0.000528s ]
INFO: [ app_end ] --END-- [ RunTime:0.000715s ]

[ 2018-08-19T21:37:15+08:00 ] 120.204.200.83 /kdadmin/order/preorder
INFO: [ app_init ] --START--
INFO: Run Behavior\BuildLiteBehavior [ RunTime:0.000046s ]
INFO: [ app_init ] --END-- [ RunTime:0.000643s ]
NOTIC: [8] Use of undefined constant Doeradmin - assumed 'Doeradmin' C:\wamp64\www\Express\Kdadmin\Conf\Config.php 第 9 行.
NOTIC: [8] Use of undefined constant Doeradmin - assumed 'Doeradmin' C:\wamp64\www\Express\Kdadmin\Conf\Config.php 第 10 行.
NOTIC: [8] Use of undefined constant Doeradmin - assumed 'Doeradmin' C:\wamp64\www\Express\Kdadmin\Conf\Config.php 第 11 行.
NOTIC: [8] Use of undefined constant Doeradmin - assumed 'Doeradmin' C:\wamp64\www\Express\Kdadmin\Conf\Config.php 第 12 行.
NOTIC: [8] Use of undefined constant Doeradmin - assumed 'Doeradmin' C:\wamp64\www\Express\Kdadmin\Conf\Config.php 第 13 行.
INFO: [ app_begin ] --START--
INFO: Run Behavior\ReadHtmlCacheBehavior [ RunTime:0.000997s ]
INFO: [ app_begin ] --END-- [ RunTime:0.001252s ]
INFO: [ view_parse ] --START--
INFO: [ template_filter ] --START--
INFO: Run Behavior\ContentReplaceBehavior [ RunTime:0.000200s ]
INFO: [ template_filter ] --END-- [ RunTime:0.000420s ]
NOTIC: [8] Undefined variable: title C:\wamp64\www\Express\Runtime\Cache\Kdadmin\c7088c7b73f611ffadfec9ee4505737e.php 第 7 行.
INFO: Run Behavior\ParseTemplateBehavior [ RunTime:0.011136s ]
INFO: [ view_parse ] --END-- [ RunTime:0.011390s ]
INFO: [ view_filter ] --START--
INFO: Run Behavior\WriteHtmlCacheBehavior [ RunTime:0.000651s ]
INFO: [ view_filter ] --END-- [ RunTime:0.000848s ]
INFO: [ app_end ] --START--
INFO: Run Behavior\ShowPageTraceBehavior [ RunTime:0.000799s ]
INFO: [ app_end ] --END-- [ RunTime:0.001014s ]

[ 2018-08-19T21:37:16+08:00 ] 101.226.79.223 /kdadmin/index
INFO: [ app_init ] --START--
INFO: Run Behavior\BuildLiteBehavior [ RunTime:0.000043s ]
INFO: [ app_init ] --END-- [ RunTime:0.000610s ]
NOTIC: [8] Use of undefined constant Doeradmin - assumed 'Doeradmin' C:\wamp64\www\Express\Kdadmin\Conf\Config.php 第 9 行.
NOTIC: [8] Use of undefined constant Doeradmin - assumed 'Doeradmin' C:\wamp64\www\Express\Kdadmin\Conf\Config.php 第 10 行.
NOTIC: [8] Use of undefined constant Doeradmin - assumed 'Doeradmin' C:\wamp64\www\Express\Kdadmin\Conf\Config.php 第 11 行.
NOTIC: [8] Use of undefined constant Doeradmin - assumed 'Doeradmin' C:\wamp64\www\Express\Kdadmin\Conf\Config.php 第 12 行.
NOTIC: [8] Use of undefined constant Doeradmin - assumed 'Doeradmin' C:\wamp64\www\Express\Kdadmin\Conf\Config.php 第 13 行.
INFO: [ app_begin ] --START--
INFO: Run Behavior\ReadHtmlCacheBehavior [ RunTime:0.000697s ]
INFO: [ app_begin ] --END-- [ RunTime:0.000892s ]
INFO: [ view_parse ] --START--
INFO: [ template_filter ] --START--
INFO: Run Behavior\ContentReplaceBehavior [ RunTime:0.000145s ]
INFO: [ template_filter ] --END-- [ RunTime:0.000345s ]
NOTIC: [8] Undefined variable: title C:\wamp64\www\Express\Runtime\Cache\Kdadmin\90187ed16da07df5dd261e9713e76a6c.php 第 7 行.
INFO: Run Behavior\ParseTemplateBehavior [ RunTime:0.009478s ]
INFO: [ view_parse ] --END-- [ RunTime:0.009672s ]
INFO: [ view_filter ] --START--
INFO: Run Behavior\WriteHtmlCacheBehavior [ RunTime:0.000479s ]
INFO: [ view_filter ] --END-- [ RunTime:0.000659s ]
INFO: [ app_end ] --START--
INFO: Run Behavior\ShowPageTraceBehavior [ RunTime:0.000567s ]
INFO: [ app_end ] --END-- [ RunTime:0.000754s ]

[ 2018-08-19T21:37:20+08:00 ] 101.226.79.235 /kdadmin
INFO: [ app_init ] --START--
INFO: Run Behavior\BuildLiteBehavior [ RunTime:0.000070s ]
INFO: [ app_init ] --END-- [ RunTime:0.000983s ]
NOTIC: [8] Use of undefined constant Doeradmin - assumed 'Doeradmin' C:\wamp64\www\Express\Kdadmin\Conf\Config.php 第 9 行.
NOTIC: [8] Use of undefined constant Doeradmin - assumed 'Doeradmin' C:\wamp64\www\Express\Kdadmin\Conf\Config.php 第 10 行.
NOTIC: [8] Use of undefined constant Doeradmin - assumed 'Doeradmin' C:\wamp64\www\Express\Kdadmin\Conf\Config.php 第 11 行.
NOTIC: [8] Use of undefined constant Doeradmin - assumed 'Doeradmin' C:\wamp64\www\Express\Kdadmin\Conf\Config.php 第 12 行.
NOTIC: [8] Use of undefined constant Doeradmin - assumed 'Doeradmin' C:\wamp64\www\Express\Kdadmin\Conf\Config.php 第 13 行.
INFO: [ app_begin ] --START--
INFO: Run Behavior\ReadHtmlCacheBehavior [ RunTime:0.001108s ]
INFO: [ app_begin ] --END-- [ RunTime:0.001436s ]
INFO: [ view_parse ] --START--
INFO: [ template_filter ] --START--
INFO: Run Behavior\ContentReplaceBehavior [ RunTime:0.000142s ]
INFO: [ template_filter ] --END-- [ RunTime:0.000342s ]
NOTIC: [8] Undefined variable: title C:\wamp64\www\Express\Runtime\Cache\Kdadmin\90187ed16da07df5dd261e9713e76a6c.php 第 7 行.
INFO: Run Behavior\ParseTemplateBehavior [ RunTime:0.013191s ]
INFO: [ view_parse ] --END-- [ RunTime:0.013448s ]
INFO: [ view_filter ] --START--
INFO: Run Behavior\WriteHtmlCacheBehavior [ RunTime:0.000465s ]
INFO: [ view_filter ] --END-- [ RunTime:0.000671s ]
INFO: [ app_end ] --START--
INFO: Run Behavior\ShowPageTraceBehavior [ RunTime:0.000738s ]
INFO: [ app_end ] --END-- [ RunTime:0.000940s ]

