[ 2018-09-03T22:49:11+08:00 ] 220.181.132.199 /
INFO: [ app_init ] --START--
INFO: Run Behavior\BuildLiteBehavior [ RunTime:0.000036s ]
INFO: [ app_init ] --END-- [ RunTime:0.000551s ]
NOTIC: [8] Use of undefined constant Home - assumed 'Home' C:\wamp64\www\Express\Home\Conf\config.php 第 17 行.
NOTIC: [8] Use of undefined constant Home - assumed 'Home' C:\wamp64\www\Express\Home\Conf\config.php 第 18 行.
NOTIC: [8] Use of undefined constant Home - assumed 'Home' C:\wamp64\www\Express\Home\Conf\config.php 第 19 行.
NOTIC: [8] Use of undefined constant Home - assumed 'Home' C:\wamp64\www\Express\Home\Conf\config.php 第 20 行.
INFO: [ app_begin ] --START--
INFO: Run Behavior\ReadHtmlCacheBehavior [ RunTime:0.000793s ]
INFO: [ app_begin ] --END-- [ RunTime:0.000991s ]
NOTIC: [8] Undefined index: code C:\wamp64\www\Express\Home\Common\function.php 第 27 行.

[ 2018-09-03T22:51:44+08:00 ] 113.200.157.236 /favicon.ico
INFO: [ app_init ] --START--
INFO: Run Behavior\BuildLiteBehavior [ RunTime:0.000035s ]
INFO: [ app_init ] --END-- [ RunTime:0.000484s ]
NOTIC: [8] Use of undefined constant Home - assumed 'Home' C:\wamp64\www\Express\Home\Conf\config.php 第 17 行.
NOTIC: [8] Use of undefined constant Home - assumed 'Home' C:\wamp64\www\Express\Home\Conf\config.php 第 18 行.
NOTIC: [8] Use of undefined constant Home - assumed 'Home' C:\wamp64\www\Express\Home\Conf\config.php 第 19 行.
NOTIC: [8] Use of undefined constant Home - assumed 'Home' C:\wamp64\www\Express\Home\Conf\config.php 第 20 行.

[ 2018-09-03T22:51:47+08:00 ] 113.200.157.236 /
INFO: [ app_init ] --START--
INFO: Run Behavior\BuildLiteBehavior [ RunTime:0.000035s ]
INFO: [ app_init ] --END-- [ RunTime:0.000475s ]
NOTIC: [8] Use of undefined constant Home - assumed 'Home' C:\wamp64\www\Express\Home\Conf\config.php 第 17 行.
NOTIC: [8] Use of undefined constant Home - assumed 'Home' C:\wamp64\www\Express\Home\Conf\config.php 第 18 行.
NOTIC: [8] Use of undefined constant Home - assumed 'Home' C:\wamp64\www\Express\Home\Conf\config.php 第 19 行.
NOTIC: [8] Use of undefined constant Home - assumed 'Home' C:\wamp64\www\Express\Home\Conf\config.php 第 20 行.
INFO: [ app_begin ] --START--
INFO: Run Behavior\ReadHtmlCacheBehavior [ RunTime:0.000540s ]
INFO: [ app_begin ] --END-- [ RunTime:0.000728s ]
NOTIC: [8] Undefined index: code C:\wamp64\www\Express\Home\Common\function.php 第 27 行.

[ 2018-09-03T22:51:48+08:00 ] 113.200.157.236 /home/index/index.html?code=021LqegR0n4ei92pmphR0wJ3gR0LqegR&state=123456
INFO: [ app_init ] --START--
INFO: Run Behavior\BuildLiteBehavior [ RunTime:0.000035s ]
INFO: [ app_init ] --END-- [ RunTime:0.000462s ]
NOTIC: [8] Use of undefined constant Home - assumed 'Home' C:\wamp64\www\Express\Home\Conf\config.php 第 17 行.
NOTIC: [8] Use of undefined constant Home - assumed 'Home' C:\wamp64\www\Express\Home\Conf\config.php 第 18 行.
NOTIC: [8] Use of undefined constant Home - assumed 'Home' C:\wamp64\www\Express\Home\Conf\config.php 第 19 行.
NOTIC: [8] Use of undefined constant Home - assumed 'Home' C:\wamp64\www\Express\Home\Conf\config.php 第 20 行.
INFO: [ app_begin ] --START--
INFO: Run Behavior\ReadHtmlCacheBehavior [ RunTime:0.000533s ]
INFO: [ app_begin ] --END-- [ RunTime:0.000707s ]
NOTIC: [2] Illegal string offset 'openid' C:\wamp64\www\Express\Home\Common\function.php 第 37 行.
SQL: SHOW COLUMNS FROM `ui_userinfo` [ RunTime:0.0007s ]
SQL: SELECT * FROM `ui_userinfo` WHERE ( openid='{' )  [ RunTime:0.0003s ]
NOTIC: [8] Undefined index: code C:\wamp64\www\Express\Home\Common\function.php 第 43 行.

[ 2018-09-03T22:51:50+08:00 ] 113.200.157.236 /home/index/index.html?code=001E51mD0VdMxd29M5kD0RpLlD0E51mN&state=123456
INFO: [ app_init ] --START--
INFO: Run Behavior\BuildLiteBehavior [ RunTime:0.000035s ]
INFO: [ app_init ] --END-- [ RunTime:0.000481s ]
NOTIC: [8] Use of undefined constant Home - assumed 'Home' C:\wamp64\www\Express\Home\Conf\config.php 第 17 行.
NOTIC: [8] Use of undefined constant Home - assumed 'Home' C:\wamp64\www\Express\Home\Conf\config.php 第 18 行.
NOTIC: [8] Use of undefined constant Home - assumed 'Home' C:\wamp64\www\Express\Home\Conf\config.php 第 19 行.
NOTIC: [8] Use of undefined constant Home - assumed 'Home' C:\wamp64\www\Express\Home\Conf\config.php 第 20 行.
INFO: [ app_begin ] --START--
INFO: Run Behavior\ReadHtmlCacheBehavior [ RunTime:0.000589s ]
INFO: [ app_begin ] --END-- [ RunTime:0.000778s ]
SQL: SHOW COLUMNS FROM `ui_userinfo` [ RunTime:0.0007s ]
SQL: SELECT * FROM `ui_userinfo` WHERE ( openid='{' )  [ RunTime:0.0003s ]
SQL: SELECT `id`,`nickname`,`openid` FROM `ui_userinfo` WHERE `openid` = 'o1hEn1Sk8wx1ZpXAKm30yyi9dbNY' LIMIT 1   [ RunTime:0.0004s ]
SQL: UPDATE `ui_userinfo` SET `openid`='o1hEn1Sk8wx1ZpXAKm30yyi9dbNY',`nickname`='匆匆幾年。',`sex`='0',`headimgurl`='http://thirdwx.qlogo.cn/mmopen/vi_32/mhVD1iaZW2lkgxbjUibiajQ7lr7CaJThicgUGafFxp1FeqG5pgDJcOuxSXwNQoN6GTeDDMDGR7NTeInZpxZLu7LSIQ/132',`addtime`='1535986310' WHERE `openid` = 'o1hEn1Sk8wx1ZpXAKm30yyi9dbNY' [ RunTime:0.0004s ]
SQL: SHOW COLUMNS FROM `ui_express` [ RunTime:0.0006s ]
SQL: SHOW COLUMNS FROM `ui_adress` [ RunTime:0.0005s ]
SQL: SELECT MAX(sort) AS tp_max FROM `ui_adress` WHERE `userid` = 15 LIMIT 1   [ RunTime:0.0017s ]
SQL: SELECT * FROM `ui_adress` WHERE `userid` = 15 AND `sort` = 45 LIMIT 1   [ RunTime:0.0003s ]
SQL: SELECT * FROM `ui_express`  [ RunTime:0.0002s ]
INFO: [ view_parse ] --START--
INFO: [ template_filter ] --START--
INFO: Run Behavior\ContentReplaceBehavior [ RunTime:0.000161s ]
INFO: [ template_filter ] --END-- [ RunTime:0.000330s ]
INFO: Run Behavior\ParseTemplateBehavior [ RunTime:0.018805s ]
INFO: [ view_parse ] --END-- [ RunTime:0.019007s ]
INFO: [ view_filter ] --START--
INFO: Run Behavior\WriteHtmlCacheBehavior [ RunTime:0.000354s ]
INFO: [ view_filter ] --END-- [ RunTime:0.000520s ]
INFO: [ app_end ] --START--
INFO: Run Behavior\ShowPageTraceBehavior [ RunTime:0.000529s ]
INFO: [ app_end ] --END-- [ RunTime:0.000834s ]

[ 2018-09-03T22:51:54+08:00 ] 113.200.157.236 /News
INFO: [ app_init ] --START--
INFO: Run Behavior\BuildLiteBehavior [ RunTime:0.000035s ]
INFO: [ app_init ] --END-- [ RunTime:0.000459s ]
NOTIC: [8] Use of undefined constant Home - assumed 'Home' C:\wamp64\www\Express\Home\Conf\config.php 第 17 行.
NOTIC: [8] Use of undefined constant Home - assumed 'Home' C:\wamp64\www\Express\Home\Conf\config.php 第 18 行.
NOTIC: [8] Use of undefined constant Home - assumed 'Home' C:\wamp64\www\Express\Home\Conf\config.php 第 19 行.
NOTIC: [8] Use of undefined constant Home - assumed 'Home' C:\wamp64\www\Express\Home\Conf\config.php 第 20 行.
INFO: [ app_begin ] --START--
INFO: Run Behavior\ReadHtmlCacheBehavior [ RunTime:0.000535s ]
INFO: [ app_begin ] --END-- [ RunTime:0.000708s ]
INFO: [ view_parse ] --START--
INFO: [ template_filter ] --START--
INFO: Run Behavior\ContentReplaceBehavior [ RunTime:0.000129s ]
INFO: [ template_filter ] --END-- [ RunTime:0.000298s ]
INFO: Run Behavior\ParseTemplateBehavior [ RunTime:0.013529s ]
INFO: [ view_parse ] --END-- [ RunTime:0.013707s ]
INFO: [ view_filter ] --START--
INFO: Run Behavior\WriteHtmlCacheBehavior [ RunTime:0.000348s ]
INFO: [ view_filter ] --END-- [ RunTime:0.000518s ]
INFO: [ app_end ] --START--
INFO: Run Behavior\ShowPageTraceBehavior [ RunTime:0.000542s ]
INFO: [ app_end ] --END-- [ RunTime:0.000709s ]

[ 2018-09-03T22:51:55+08:00 ] 113.200.157.236 /
INFO: [ app_init ] --START--
INFO: Run Behavior\BuildLiteBehavior [ RunTime:0.000034s ]
INFO: [ app_init ] --END-- [ RunTime:0.000456s ]
NOTIC: [8] Use of undefined constant Home - assumed 'Home' C:\wamp64\www\Express\Home\Conf\config.php 第 17 行.
NOTIC: [8] Use of undefined constant Home - assumed 'Home' C:\wamp64\www\Express\Home\Conf\config.php 第 18 行.
NOTIC: [8] Use of undefined constant Home - assumed 'Home' C:\wamp64\www\Express\Home\Conf\config.php 第 19 行.
NOTIC: [8] Use of undefined constant Home - assumed 'Home' C:\wamp64\www\Express\Home\Conf\config.php 第 20 行.
INFO: [ app_begin ] --START--
INFO: Run Behavior\ReadHtmlCacheBehavior [ RunTime:0.000506s ]
INFO: [ app_begin ] --END-- [ RunTime:0.000677s ]
SQL: SHOW COLUMNS FROM `ui_userinfo` [ RunTime:0.0007s ]
SQL: SELECT * FROM `ui_userinfo` WHERE ( openid='{' )  [ RunTime:0.0003s ]
NOTIC: [8] Undefined index: code C:\wamp64\www\Express\Home\Common\function.php 第 43 行.

[ 2018-09-03T22:51:56+08:00 ] 113.200.157.236 /home/index/index.html?code=001qvw1n16BhNj0s8i1n18rF1n1qvw1-&state=123456
INFO: [ app_init ] --START--
INFO: Run Behavior\BuildLiteBehavior [ RunTime:0.000035s ]
INFO: [ app_init ] --END-- [ RunTime:0.000462s ]
NOTIC: [8] Use of undefined constant Home - assumed 'Home' C:\wamp64\www\Express\Home\Conf\config.php 第 17 行.
NOTIC: [8] Use of undefined constant Home - assumed 'Home' C:\wamp64\www\Express\Home\Conf\config.php 第 18 行.
NOTIC: [8] Use of undefined constant Home - assumed 'Home' C:\wamp64\www\Express\Home\Conf\config.php 第 19 行.
NOTIC: [8] Use of undefined constant Home - assumed 'Home' C:\wamp64\www\Express\Home\Conf\config.php 第 20 行.
INFO: [ app_begin ] --START--
INFO: Run Behavior\ReadHtmlCacheBehavior [ RunTime:0.000514s ]
INFO: [ app_begin ] --END-- [ RunTime:0.000687s ]
SQL: SHOW COLUMNS FROM `ui_userinfo` [ RunTime:0.0007s ]
SQL: SELECT * FROM `ui_userinfo` WHERE ( openid='{' )  [ RunTime:0.0007s ]
SQL: SELECT `id`,`nickname`,`openid` FROM `ui_userinfo` WHERE `openid` = 'o1hEn1Sk8wx1ZpXAKm30yyi9dbNY' LIMIT 1   [ RunTime:0.0004s ]
SQL: UPDATE `ui_userinfo` SET `openid`='o1hEn1Sk8wx1ZpXAKm30yyi9dbNY',`nickname`='匆匆幾年。',`sex`='0',`headimgurl`='http://thirdwx.qlogo.cn/mmopen/vi_32/mhVD1iaZW2lkgxbjUibiajQ7lr7CaJThicgUGafFxp1FeqG5pgDJcOuxSXwNQoN6GTeDDMDGR7NTeInZpxZLu7LSIQ/132',`addtime`='1535986316' WHERE `openid` = 'o1hEn1Sk8wx1ZpXAKm30yyi9dbNY' [ RunTime:0.0003s ]
SQL: SHOW COLUMNS FROM `ui_express` [ RunTime:0.0006s ]
SQL: SHOW COLUMNS FROM `ui_adress` [ RunTime:0.0005s ]
SQL: SELECT MAX(sort) AS tp_max FROM `ui_adress` WHERE `userid` = 15 LIMIT 1   [ RunTime:0.0002s ]
SQL: SELECT * FROM `ui_adress` WHERE `userid` = 15 AND `sort` = 45 LIMIT 1   [ RunTime:0.0006s ]
SQL: SELECT * FROM `ui_express`  [ RunTime:0.0005s ]
INFO: [ view_parse ] --START--
INFO: [ template_filter ] --START--
INFO: Run Behavior\ContentReplaceBehavior [ RunTime:0.000155s ]
INFO: [ template_filter ] --END-- [ RunTime:0.000323s ]
INFO: Run Behavior\ParseTemplateBehavior [ RunTime:0.011023s ]
INFO: [ view_parse ] --END-- [ RunTime:0.011204s ]
INFO: [ view_filter ] --START--
INFO: Run Behavior\WriteHtmlCacheBehavior [ RunTime:0.000343s ]
INFO: [ view_filter ] --END-- [ RunTime:0.000507s ]
INFO: [ app_end ] --START--
INFO: Run Behavior\ShowPageTraceBehavior [ RunTime:0.000519s ]
INFO: [ app_end ] --END-- [ RunTime:0.000686s ]

[ 2018-09-03T22:51:58+08:00 ] 113.200.157.236 /User
INFO: [ app_init ] --START--
INFO: Run Behavior\BuildLiteBehavior [ RunTime:0.000035s ]
INFO: [ app_init ] --END-- [ RunTime:0.000466s ]
NOTIC: [8] Use of undefined constant Home - assumed 'Home' C:\wamp64\www\Express\Home\Conf\config.php 第 17 行.
NOTIC: [8] Use of undefined constant Home - assumed 'Home' C:\wamp64\www\Express\Home\Conf\config.php 第 18 行.
NOTIC: [8] Use of undefined constant Home - assumed 'Home' C:\wamp64\www\Express\Home\Conf\config.php 第 19 行.
NOTIC: [8] Use of undefined constant Home - assumed 'Home' C:\wamp64\www\Express\Home\Conf\config.php 第 20 行.
INFO: [ app_begin ] --START--
INFO: Run Behavior\ReadHtmlCacheBehavior [ RunTime:0.000518s ]
INFO: [ app_begin ] --END-- [ RunTime:0.000694s ]
SQL: SHOW COLUMNS FROM `ui_userinfo` [ RunTime:0.0008s ]
SQL: SELECT `id`,`headimgurl`,`nickname` FROM `ui_userinfo` WHERE `openid` = 'o1hEn1Sk8wx1ZpXAKm30yyi9dbNY' LIMIT 1   [ RunTime:0.0003s ]
INFO: [ view_parse ] --START--
INFO: [ template_filter ] --START--
INFO: Run Behavior\ContentReplaceBehavior [ RunTime:0.000146s ]
INFO: [ template_filter ] --END-- [ RunTime:0.000311s ]
INFO: Run Behavior\ParseTemplateBehavior [ RunTime:0.008021s ]
INFO: [ view_parse ] --END-- [ RunTime:0.008208s ]
INFO: [ view_filter ] --START--
INFO: Run Behavior\WriteHtmlCacheBehavior [ RunTime:0.000400s ]
INFO: [ view_filter ] --END-- [ RunTime:0.000566s ]
INFO: [ app_end ] --START--
INFO: Run Behavior\ShowPageTraceBehavior [ RunTime:0.000516s ]
INFO: [ app_end ] --END-- [ RunTime:0.000683s ]

[ 2018-09-03T22:51:59+08:00 ] 113.200.157.236 /home/user/order/id/15
INFO: [ app_init ] --START--
INFO: Run Behavior\BuildLiteBehavior [ RunTime:0.000035s ]
INFO: [ app_init ] --END-- [ RunTime:0.000501s ]
NOTIC: [8] Use of undefined constant Home - assumed 'Home' C:\wamp64\www\Express\Home\Conf\config.php 第 17 行.
NOTIC: [8] Use of undefined constant Home - assumed 'Home' C:\wamp64\www\Express\Home\Conf\config.php 第 18 行.
NOTIC: [8] Use of undefined constant Home - assumed 'Home' C:\wamp64\www\Express\Home\Conf\config.php 第 19 行.
NOTIC: [8] Use of undefined constant Home - assumed 'Home' C:\wamp64\www\Express\Home\Conf\config.php 第 20 行.
INFO: [ app_begin ] --START--
INFO: Run Behavior\ReadHtmlCacheBehavior [ RunTime:0.000542s ]
INFO: [ app_begin ] --END-- [ RunTime:0.000726s ]
SQL: SHOW COLUMNS FROM `ui_order` [ RunTime:0.0007s ]
SQL: SELECT `id`,`number`,`ordernum`,`paytime`,`status` FROM `ui_order` WHERE `userid` = 15 AND `status` IN ('0','1','2')  [ RunTime:0.0003s ]
INFO: [ view_parse ] --START--
INFO: [ template_filter ] --START--
INFO: Run Behavior\ContentReplaceBehavior [ RunTime:0.000146s ]
INFO: [ template_filter ] --END-- [ RunTime:0.000340s ]
INFO: Run Behavior\ParseTemplateBehavior [ RunTime:0.011335s ]
INFO: [ view_parse ] --END-- [ RunTime:0.011515s ]
INFO: [ view_filter ] --START--
INFO: Run Behavior\WriteHtmlCacheBehavior [ RunTime:0.000360s ]
INFO: [ view_filter ] --END-- [ RunTime:0.000525s ]
INFO: [ app_end ] --START--
INFO: Run Behavior\ShowPageTraceBehavior [ RunTime:0.000543s ]
INFO: [ app_end ] --END-- [ RunTime:0.000710s ]

[ 2018-09-03T22:52:01+08:00 ] 113.200.157.236 /User
INFO: [ app_init ] --START--
INFO: Run Behavior\BuildLiteBehavior [ RunTime:0.000036s ]
INFO: [ app_init ] --END-- [ RunTime:0.000465s ]
NOTIC: [8] Use of undefined constant Home - assumed 'Home' C:\wamp64\www\Express\Home\Conf\config.php 第 17 行.
NOTIC: [8] Use of undefined constant Home - assumed 'Home' C:\wamp64\www\Express\Home\Conf\config.php 第 18 行.
NOTIC: [8] Use of undefined constant Home - assumed 'Home' C:\wamp64\www\Express\Home\Conf\config.php 第 19 行.
NOTIC: [8] Use of undefined constant Home - assumed 'Home' C:\wamp64\www\Express\Home\Conf\config.php 第 20 行.
INFO: [ app_begin ] --START--
INFO: Run Behavior\ReadHtmlCacheBehavior [ RunTime:0.000526s ]
INFO: [ app_begin ] --END-- [ RunTime:0.000700s ]
SQL: SHOW COLUMNS FROM `ui_userinfo` [ RunTime:0.0007s ]
SQL: SELECT `id`,`headimgurl`,`nickname` FROM `ui_userinfo` WHERE `openid` = 'o1hEn1Sk8wx1ZpXAKm30yyi9dbNY' LIMIT 1   [ RunTime:0.0003s ]
INFO: [ view_parse ] --START--
INFO: [ template_filter ] --START--
INFO: Run Behavior\ContentReplaceBehavior [ RunTime:0.000147s ]
INFO: [ template_filter ] --END-- [ RunTime:0.000316s ]
INFO: Run Behavior\ParseTemplateBehavior [ RunTime:0.008291s ]
INFO: [ view_parse ] --END-- [ RunTime:0.008488s ]
INFO: [ view_filter ] --START--
INFO: Run Behavior\WriteHtmlCacheBehavior [ RunTime:0.000335s ]
INFO: [ view_filter ] --END-- [ RunTime:0.000502s ]
INFO: [ app_end ] --START--
INFO: Run Behavior\ShowPageTraceBehavior [ RunTime:0.000528s ]
INFO: [ app_end ] --END-- [ RunTime:0.000694s ]

[ 2018-09-03T22:52:01+08:00 ] 113.200.157.236 /home/user/records
INFO: [ app_init ] --START--
INFO: Run Behavior\BuildLiteBehavior [ RunTime:0.000035s ]
INFO: [ app_init ] --END-- [ RunTime:0.000474s ]
NOTIC: [8] Use of undefined constant Home - assumed 'Home' C:\wamp64\www\Express\Home\Conf\config.php 第 17 行.
NOTIC: [8] Use of undefined constant Home - assumed 'Home' C:\wamp64\www\Express\Home\Conf\config.php 第 18 行.
NOTIC: [8] Use of undefined constant Home - assumed 'Home' C:\wamp64\www\Express\Home\Conf\config.php 第 19 行.
NOTIC: [8] Use of undefined constant Home - assumed 'Home' C:\wamp64\www\Express\Home\Conf\config.php 第 20 行.
INFO: [ app_begin ] --START--
INFO: Run Behavior\ReadHtmlCacheBehavior [ RunTime:0.000537s ]
INFO: [ app_begin ] --END-- [ RunTime:0.000712s ]
INFO: [ view_parse ] --START--
INFO: [ template_filter ] --START--
INFO: Run Behavior\ContentReplaceBehavior [ RunTime:0.000221s ]
INFO: [ template_filter ] --END-- [ RunTime:0.000452s ]
INFO: Run Behavior\ParseTemplateBehavior [ RunTime:0.010351s ]
INFO: [ view_parse ] --END-- [ RunTime:0.010533s ]
INFO: [ view_filter ] --START--
INFO: Run Behavior\WriteHtmlCacheBehavior [ RunTime:0.000500s ]
INFO: [ view_filter ] --END-- [ RunTime:0.000764s ]
INFO: [ app_end ] --START--
INFO: Run Behavior\ShowPageTraceBehavior [ RunTime:0.000720s ]
INFO: [ app_end ] --END-- [ RunTime:0.000919s ]

[ 2018-09-03T22:52:02+08:00 ] 113.200.157.236 /User
INFO: [ app_init ] --START--
INFO: Run Behavior\BuildLiteBehavior [ RunTime:0.000034s ]
INFO: [ app_init ] --END-- [ RunTime:0.000476s ]
NOTIC: [8] Use of undefined constant Home - assumed 'Home' C:\wamp64\www\Express\Home\Conf\config.php 第 17 行.
NOTIC: [8] Use of undefined constant Home - assumed 'Home' C:\wamp64\www\Express\Home\Conf\config.php 第 18 行.
NOTIC: [8] Use of undefined constant Home - assumed 'Home' C:\wamp64\www\Express\Home\Conf\config.php 第 19 行.
NOTIC: [8] Use of undefined constant Home - assumed 'Home' C:\wamp64\www\Express\Home\Conf\config.php 第 20 行.
INFO: [ app_begin ] --START--
INFO: Run Behavior\ReadHtmlCacheBehavior [ RunTime:0.000571s ]
INFO: [ app_begin ] --END-- [ RunTime:0.000750s ]
SQL: SHOW COLUMNS FROM `ui_userinfo` [ RunTime:0.0007s ]
SQL: SELECT `id`,`headimgurl`,`nickname` FROM `ui_userinfo` WHERE `openid` = 'o1hEn1Sk8wx1ZpXAKm30yyi9dbNY' LIMIT 1   [ RunTime:0.0003s ]
INFO: [ view_parse ] --START--
INFO: [ template_filter ] --START--
INFO: Run Behavior\ContentReplaceBehavior [ RunTime:0.000142s ]
INFO: [ template_filter ] --END-- [ RunTime:0.000307s ]
INFO: Run Behavior\ParseTemplateBehavior [ RunTime:0.008262s ]
INFO: [ view_parse ] --END-- [ RunTime:0.008458s ]
INFO: [ view_filter ] --START--
INFO: Run Behavior\WriteHtmlCacheBehavior [ RunTime:0.000329s ]
INFO: [ view_filter ] --END-- [ RunTime:0.000495s ]
INFO: [ app_end ] --START--
INFO: Run Behavior\ShowPageTraceBehavior [ RunTime:0.000531s ]
INFO: [ app_end ] --END-- [ RunTime:0.000697s ]

[ 2018-09-03T22:52:03+08:00 ] 113.200.157.236 /home/user/adressinfo/id/15
INFO: [ app_init ] --START--
INFO: Run Behavior\BuildLiteBehavior [ RunTime:0.000035s ]
INFO: [ app_init ] --END-- [ RunTime:0.000463s ]
NOTIC: [8] Use of undefined constant Home - assumed 'Home' C:\wamp64\www\Express\Home\Conf\config.php 第 17 行.
NOTIC: [8] Use of undefined constant Home - assumed 'Home' C:\wamp64\www\Express\Home\Conf\config.php 第 18 行.
NOTIC: [8] Use of undefined constant Home - assumed 'Home' C:\wamp64\www\Express\Home\Conf\config.php 第 19 行.
NOTIC: [8] Use of undefined constant Home - assumed 'Home' C:\wamp64\www\Express\Home\Conf\config.php 第 20 行.
INFO: [ app_begin ] --START--
INFO: Run Behavior\ReadHtmlCacheBehavior [ RunTime:0.000516s ]
INFO: [ app_begin ] --END-- [ RunTime:0.000686s ]
SQL: SHOW COLUMNS FROM `ui_adress` [ RunTime:0.0006s ]
SQL: SELECT * FROM `ui_adress` WHERE `userid` = 15  [ RunTime:0.0003s ]
SQL: SELECT MAX(sort) AS tp_max FROM `ui_adress` WHERE `userid` = 15 LIMIT 1   [ RunTime:0.0002s ]
NOTIC: [8] Use of undefined constant rows - assumed 'rows' C:\wamp64\www\Express\Home\Controller\UserController.class.php 第 29 行.
INFO: [ view_parse ] --START--
INFO: [ template_filter ] --START--
INFO: Run Behavior\ContentReplaceBehavior [ RunTime:0.000146s ]
INFO: [ template_filter ] --END-- [ RunTime:0.000314s ]
INFO: Run Behavior\ParseTemplateBehavior [ RunTime:0.011309s ]
INFO: [ view_parse ] --END-- [ RunTime:0.011503s ]
INFO: [ view_filter ] --START--
INFO: Run Behavior\WriteHtmlCacheBehavior [ RunTime:0.000841s ]
INFO: [ view_filter ] --END-- [ RunTime:0.001008s ]
INFO: [ app_end ] --START--
INFO: Run Behavior\ShowPageTraceBehavior [ RunTime:0.000503s ]
INFO: [ app_end ] --END-- [ RunTime:0.000673s ]

[ 2018-09-03T22:52:04+08:00 ] 113.200.157.236 /User
INFO: [ app_init ] --START--
INFO: Run Behavior\BuildLiteBehavior [ RunTime:0.000034s ]
INFO: [ app_init ] --END-- [ RunTime:0.000472s ]
NOTIC: [8] Use of undefined constant Home - assumed 'Home' C:\wamp64\www\Express\Home\Conf\config.php 第 17 行.
NOTIC: [8] Use of undefined constant Home - assumed 'Home' C:\wamp64\www\Express\Home\Conf\config.php 第 18 行.
NOTIC: [8] Use of undefined constant Home - assumed 'Home' C:\wamp64\www\Express\Home\Conf\config.php 第 19 行.
NOTIC: [8] Use of undefined constant Home - assumed 'Home' C:\wamp64\www\Express\Home\Conf\config.php 第 20 行.
INFO: [ app_begin ] --START--
INFO: Run Behavior\ReadHtmlCacheBehavior [ RunTime:0.000533s ]
INFO: [ app_begin ] --END-- [ RunTime:0.000704s ]
SQL: SHOW COLUMNS FROM `ui_userinfo` [ RunTime:0.0007s ]
SQL: SELECT `id`,`headimgurl`,`nickname` FROM `ui_userinfo` WHERE `openid` = 'o1hEn1Sk8wx1ZpXAKm30yyi9dbNY' LIMIT 1   [ RunTime:0.0003s ]
INFO: [ view_parse ] --START--
INFO: [ template_filter ] --START--
INFO: Run Behavior\ContentReplaceBehavior [ RunTime:0.000142s ]
INFO: [ template_filter ] --END-- [ RunTime:0.000307s ]
INFO: Run Behavior\ParseTemplateBehavior [ RunTime:0.014033s ]
INFO: [ view_parse ] --END-- [ RunTime:0.014225s ]
INFO: [ view_filter ] --START--
INFO: Run Behavior\WriteHtmlCacheBehavior [ RunTime:0.000349s ]
INFO: [ view_filter ] --END-- [ RunTime:0.000515s ]
INFO: [ app_end ] --START--
INFO: Run Behavior\ShowPageTraceBehavior [ RunTime:0.000535s ]
INFO: [ app_end ] --END-- [ RunTime:0.000707s ]

[ 2018-09-03T22:52:05+08:00 ] 113.200.157.236 /home/user/aboutus
INFO: [ app_init ] --START--
INFO: Run Behavior\BuildLiteBehavior [ RunTime:0.000035s ]
INFO: [ app_init ] --END-- [ RunTime:0.000468s ]
NOTIC: [8] Use of undefined constant Home - assumed 'Home' C:\wamp64\www\Express\Home\Conf\config.php 第 17 行.
NOTIC: [8] Use of undefined constant Home - assumed 'Home' C:\wamp64\www\Express\Home\Conf\config.php 第 18 行.
NOTIC: [8] Use of undefined constant Home - assumed 'Home' C:\wamp64\www\Express\Home\Conf\config.php 第 19 行.
NOTIC: [8] Use of undefined constant Home - assumed 'Home' C:\wamp64\www\Express\Home\Conf\config.php 第 20 行.
INFO: [ app_begin ] --START--
INFO: Run Behavior\ReadHtmlCacheBehavior [ RunTime:0.000515s ]
INFO: [ app_begin ] --END-- [ RunTime:0.000687s ]
INFO: [ view_parse ] --START--
INFO: [ template_filter ] --START--
INFO: Run Behavior\ContentReplaceBehavior [ RunTime:0.000124s ]
INFO: [ template_filter ] --END-- [ RunTime:0.000291s ]
INFO: Run Behavior\ParseTemplateBehavior [ RunTime:0.007437s ]
INFO: [ view_parse ] --END-- [ RunTime:0.007621s ]
INFO: [ view_filter ] --START--
INFO: Run Behavior\WriteHtmlCacheBehavior [ RunTime:0.000332s ]
INFO: [ view_filter ] --END-- [ RunTime:0.000496s ]
INFO: [ app_end ] --START--
INFO: Run Behavior\ShowPageTraceBehavior [ RunTime:0.000516s ]
INFO: [ app_end ] --END-- [ RunTime:0.000684s ]

[ 2018-09-03T22:52:54+08:00 ] 101.89.29.86 /News
INFO: [ app_init ] --START--
INFO: Run Behavior\BuildLiteBehavior [ RunTime:0.000035s ]
INFO: [ app_init ] --END-- [ RunTime:0.000463s ]
NOTIC: [8] Use of undefined constant Home - assumed 'Home' C:\wamp64\www\Express\Home\Conf\config.php 第 17 行.
NOTIC: [8] Use of undefined constant Home - assumed 'Home' C:\wamp64\www\Express\Home\Conf\config.php 第 18 行.
NOTIC: [8] Use of undefined constant Home - assumed 'Home' C:\wamp64\www\Express\Home\Conf\config.php 第 19 行.
NOTIC: [8] Use of undefined constant Home - assumed 'Home' C:\wamp64\www\Express\Home\Conf\config.php 第 20 行.
INFO: [ app_begin ] --START--
INFO: Run Behavior\ReadHtmlCacheBehavior [ RunTime:0.001783s ]
INFO: [ app_begin ] --END-- [ RunTime:0.001957s ]
INFO: [ view_parse ] --START--
INFO: [ template_filter ] --START--
INFO: Run Behavior\ContentReplaceBehavior [ RunTime:0.000126s ]
INFO: [ template_filter ] --END-- [ RunTime:0.000293s ]
INFO: Run Behavior\ParseTemplateBehavior [ RunTime:0.007618s ]
INFO: [ view_parse ] --END-- [ RunTime:0.007796s ]
INFO: [ view_filter ] --START--
INFO: Run Behavior\WriteHtmlCacheBehavior [ RunTime:0.000333s ]
INFO: [ view_filter ] --END-- [ RunTime:0.000497s ]
INFO: [ app_end ] --START--
INFO: Run Behavior\ShowPageTraceBehavior [ RunTime:0.000504s ]
INFO: [ app_end ] --END-- [ RunTime:0.000667s ]

[ 2018-09-03T22:52:58+08:00 ] 61.129.6.147 /User
INFO: [ app_init ] --START--
INFO: Run Behavior\BuildLiteBehavior [ RunTime:0.000035s ]
INFO: [ app_init ] --END-- [ RunTime:0.000467s ]
NOTIC: [8] Use of undefined constant Home - assumed 'Home' C:\wamp64\www\Express\Home\Conf\config.php 第 17 行.
NOTIC: [8] Use of undefined constant Home - assumed 'Home' C:\wamp64\www\Express\Home\Conf\config.php 第 18 行.
NOTIC: [8] Use of undefined constant Home - assumed 'Home' C:\wamp64\www\Express\Home\Conf\config.php 第 19 行.
NOTIC: [8] Use of undefined constant Home - assumed 'Home' C:\wamp64\www\Express\Home\Conf\config.php 第 20 行.
INFO: [ app_begin ] --START--
INFO: Run Behavior\ReadHtmlCacheBehavior [ RunTime:0.000534s ]
INFO: [ app_begin ] --END-- [ RunTime:0.000713s ]
SQL: SHOW COLUMNS FROM `ui_userinfo` [ RunTime:0.0007s ]
SQL: SELECT `id`,`headimgurl`,`nickname` FROM `ui_userinfo` WHERE `openid` = null LIMIT 1   [ RunTime:0.0003s ]
NOTIC: [8] Undefined index: code C:\wamp64\www\Express\Home\Common\function.php 第 27 行.

[ 2018-09-03T22:53:00+08:00 ] 61.129.6.251 /home/user/order/id/15
INFO: [ app_init ] --START--
INFO: Run Behavior\BuildLiteBehavior [ RunTime:0.000034s ]
INFO: [ app_init ] --END-- [ RunTime:0.000459s ]
NOTIC: [8] Use of undefined constant Home - assumed 'Home' C:\wamp64\www\Express\Home\Conf\config.php 第 17 行.
NOTIC: [8] Use of undefined constant Home - assumed 'Home' C:\wamp64\www\Express\Home\Conf\config.php 第 18 行.
NOTIC: [8] Use of undefined constant Home - assumed 'Home' C:\wamp64\www\Express\Home\Conf\config.php 第 19 行.
NOTIC: [8] Use of undefined constant Home - assumed 'Home' C:\wamp64\www\Express\Home\Conf\config.php 第 20 行.
INFO: [ app_begin ] --START--
INFO: Run Behavior\ReadHtmlCacheBehavior [ RunTime:0.000516s ]
INFO: [ app_begin ] --END-- [ RunTime:0.000691s ]
SQL: SHOW COLUMNS FROM `ui_order` [ RunTime:0.0007s ]
SQL: SELECT `id`,`number`,`ordernum`,`paytime`,`status` FROM `ui_order` WHERE `userid` = 15 AND `status` IN ('0','1','2')  [ RunTime:0.0003s ]
INFO: [ view_parse ] --START--
INFO: [ template_filter ] --START--
INFO: Run Behavior\ContentReplaceBehavior [ RunTime:0.000143s ]
INFO: [ template_filter ] --END-- [ RunTime:0.000309s ]
INFO: Run Behavior\ParseTemplateBehavior [ RunTime:0.011870s ]
INFO: [ view_parse ] --END-- [ RunTime:0.012057s ]
INFO: [ view_filter ] --START--
INFO: Run Behavior\WriteHtmlCacheBehavior [ RunTime:0.000331s ]
INFO: [ view_filter ] --END-- [ RunTime:0.000496s ]
INFO: [ app_end ] --START--
INFO: Run Behavior\ShowPageTraceBehavior [ RunTime:0.000507s ]
INFO: [ app_end ] --END-- [ RunTime:0.000671s ]

[ 2018-09-03T22:53:02+08:00 ] 61.151.178.177 /home/user/adressinfo/id/15
INFO: [ app_init ] --START--
INFO: Run Behavior\BuildLiteBehavior [ RunTime:0.000034s ]
INFO: [ app_init ] --END-- [ RunTime:0.000465s ]
NOTIC: [8] Use of undefined constant Home - assumed 'Home' C:\wamp64\www\Express\Home\Conf\config.php 第 17 行.
NOTIC: [8] Use of undefined constant Home - assumed 'Home' C:\wamp64\www\Express\Home\Conf\config.php 第 18 行.
NOTIC: [8] Use of undefined constant Home - assumed 'Home' C:\wamp64\www\Express\Home\Conf\config.php 第 19 行.
NOTIC: [8] Use of undefined constant Home - assumed 'Home' C:\wamp64\www\Express\Home\Conf\config.php 第 20 行.
INFO: [ app_begin ] --START--
INFO: Run Behavior\ReadHtmlCacheBehavior [ RunTime:0.000511s ]
INFO: [ app_begin ] --END-- [ RunTime:0.000689s ]
SQL: SHOW COLUMNS FROM `ui_adress` [ RunTime:0.0007s ]
SQL: SELECT * FROM `ui_adress` WHERE `userid` = 15  [ RunTime:0.0003s ]
SQL: SELECT MAX(sort) AS tp_max FROM `ui_adress` WHERE `userid` = 15 LIMIT 1   [ RunTime:0.0002s ]
NOTIC: [8] Use of undefined constant rows - assumed 'rows' C:\wamp64\www\Express\Home\Controller\UserController.class.php 第 29 行.
INFO: [ view_parse ] --START--
INFO: [ template_filter ] --START--
INFO: Run Behavior\ContentReplaceBehavior [ RunTime:0.000150s ]
INFO: [ template_filter ] --END-- [ RunTime:0.000324s ]
INFO: Run Behavior\ParseTemplateBehavior [ RunTime:0.011985s ]
INFO: [ view_parse ] --END-- [ RunTime:0.012173s ]
INFO: [ view_filter ] --START--
INFO: Run Behavior\WriteHtmlCacheBehavior [ RunTime:0.000344s ]
INFO: [ view_filter ] --END-- [ RunTime:0.000507s ]
INFO: [ app_end ] --START--
INFO: Run Behavior\ShowPageTraceBehavior [ RunTime:0.000500s ]
INFO: [ app_end ] --END-- [ RunTime:0.000664s ]

[ 2018-09-03T22:53:05+08:00 ] 101.91.60.104 /home/user/aboutus
INFO: [ app_init ] --START--
INFO: Run Behavior\BuildLiteBehavior [ RunTime:0.000035s ]
INFO: [ app_init ] --END-- [ RunTime:0.000468s ]
NOTIC: [8] Use of undefined constant Home - assumed 'Home' C:\wamp64\www\Express\Home\Conf\config.php 第 17 行.
NOTIC: [8] Use of undefined constant Home - assumed 'Home' C:\wamp64\www\Express\Home\Conf\config.php 第 18 行.
NOTIC: [8] Use of undefined constant Home - assumed 'Home' C:\wamp64\www\Express\Home\Conf\config.php 第 19 行.
NOTIC: [8] Use of undefined constant Home - assumed 'Home' C:\wamp64\www\Express\Home\Conf\config.php 第 20 行.
INFO: [ app_begin ] --START--
INFO: Run Behavior\ReadHtmlCacheBehavior [ RunTime:0.000537s ]
INFO: [ app_begin ] --END-- [ RunTime:0.000726s ]
INFO: [ view_parse ] --START--
INFO: [ template_filter ] --START--
INFO: Run Behavior\ContentReplaceBehavior [ RunTime:0.000156s ]
INFO: [ template_filter ] --END-- [ RunTime:0.000325s ]
INFO: Run Behavior\ParseTemplateBehavior [ RunTime:0.008485s ]
INFO: [ view_parse ] --END-- [ RunTime:0.008693s ]
INFO: [ view_filter ] --START--
INFO: Run Behavior\WriteHtmlCacheBehavior [ RunTime:0.000335s ]
INFO: [ view_filter ] --END-- [ RunTime:0.000501s ]
INFO: [ app_end ] --START--
INFO: Run Behavior\ShowPageTraceBehavior [ RunTime:0.000550s ]
INFO: [ app_end ] --END-- [ RunTime:0.000715s ]

[ 2018-09-03T23:04:20+08:00 ] 131.0.112.110 /
INFO: [ app_init ] --START--
INFO: Run Behavior\BuildLiteBehavior [ RunTime:0.000035s ]
INFO: [ app_init ] --END-- [ RunTime:0.000463s ]
NOTIC: [8] Use of undefined constant Home - assumed 'Home' C:\wamp64\www\Express\Home\Conf\config.php 第 17 行.
NOTIC: [8] Use of undefined constant Home - assumed 'Home' C:\wamp64\www\Express\Home\Conf\config.php 第 18 行.
NOTIC: [8] Use of undefined constant Home - assumed 'Home' C:\wamp64\www\Express\Home\Conf\config.php 第 19 行.
NOTIC: [8] Use of undefined constant Home - assumed 'Home' C:\wamp64\www\Express\Home\Conf\config.php 第 20 行.
INFO: [ app_begin ] --START--
INFO: Run Behavior\ReadHtmlCacheBehavior [ RunTime:0.000553s ]
INFO: [ app_begin ] --END-- [ RunTime:0.000725s ]
NOTIC: [8] Undefined index: code C:\wamp64\www\Express\Home\Common\function.php 第 27 行.

[ 2018-09-03T23:14:22+08:00 ] 113.200.157.236 /favicon.ico
INFO: [ app_init ] --START--
INFO: Run Behavior\BuildLiteBehavior [ RunTime:0.000034s ]
INFO: [ app_init ] --END-- [ RunTime:0.000477s ]
NOTIC: [8] Use of undefined constant Home - assumed 'Home' C:\wamp64\www\Express\Home\Conf\config.php 第 17 行.
NOTIC: [8] Use of undefined constant Home - assumed 'Home' C:\wamp64\www\Express\Home\Conf\config.php 第 18 行.
NOTIC: [8] Use of undefined constant Home - assumed 'Home' C:\wamp64\www\Express\Home\Conf\config.php 第 19 行.
NOTIC: [8] Use of undefined constant Home - assumed 'Home' C:\wamp64\www\Express\Home\Conf\config.php 第 20 行.

[ 2018-09-03T23:14:24+08:00 ] 113.200.157.236 /favicon.ico
INFO: [ app_init ] --START--
INFO: Run Behavior\BuildLiteBehavior [ RunTime:0.000034s ]
INFO: [ app_init ] --END-- [ RunTime:0.000459s ]
NOTIC: [8] Use of undefined constant Home - assumed 'Home' C:\wamp64\www\Express\Home\Conf\config.php 第 17 行.
NOTIC: [8] Use of undefined constant Home - assumed 'Home' C:\wamp64\www\Express\Home\Conf\config.php 第 18 行.
NOTIC: [8] Use of undefined constant Home - assumed 'Home' C:\wamp64\www\Express\Home\Conf\config.php 第 19 行.
NOTIC: [8] Use of undefined constant Home - assumed 'Home' C:\wamp64\www\Express\Home\Conf\config.php 第 20 行.

[ 2018-09-03T23:29:19+08:00 ] 113.200.157.236 /
INFO: [ app_init ] --START--
INFO: Run Behavior\BuildLiteBehavior [ RunTime:0.000035s ]
INFO: [ app_init ] --END-- [ RunTime:0.000463s ]
NOTIC: [8] Use of undefined constant Home - assumed 'Home' C:\wamp64\www\Express\Home\Conf\config.php 第 17 行.
NOTIC: [8] Use of undefined constant Home - assumed 'Home' C:\wamp64\www\Express\Home\Conf\config.php 第 18 行.
NOTIC: [8] Use of undefined constant Home - assumed 'Home' C:\wamp64\www\Express\Home\Conf\config.php 第 19 行.
NOTIC: [8] Use of undefined constant Home - assumed 'Home' C:\wamp64\www\Express\Home\Conf\config.php 第 20 行.
INFO: [ app_begin ] --START--
INFO: Run Behavior\ReadHtmlCacheBehavior [ RunTime:0.000536s ]
INFO: [ app_begin ] --END-- [ RunTime:0.000723s ]
SQL: SHOW COLUMNS FROM `ui_userinfo` [ RunTime:0.0006s ]
SQL: SELECT * FROM `ui_userinfo` WHERE ( openid='{' )  [ RunTime:0.0003s ]
NOTIC: [8] Undefined index: code C:\wamp64\www\Express\Home\Common\function.php 第 43 行.

[ 2018-09-03T23:29:20+08:00 ] 113.200.157.236 /home/index/index.html?code=061uYGJs0gXtNd12H7Js0TQNJs0uYGJp&state=123456
INFO: [ app_init ] --START--
INFO: Run Behavior\BuildLiteBehavior [ RunTime:0.000035s ]
INFO: [ app_init ] --END-- [ RunTime:0.000458s ]
NOTIC: [8] Use of undefined constant Home - assumed 'Home' C:\wamp64\www\Express\Home\Conf\config.php 第 17 行.
NOTIC: [8] Use of undefined constant Home - assumed 'Home' C:\wamp64\www\Express\Home\Conf\config.php 第 18 行.
NOTIC: [8] Use of undefined constant Home - assumed 'Home' C:\wamp64\www\Express\Home\Conf\config.php 第 19 行.
NOTIC: [8] Use of undefined constant Home - assumed 'Home' C:\wamp64\www\Express\Home\Conf\config.php 第 20 行.
INFO: [ app_begin ] --START--
INFO: Run Behavior\ReadHtmlCacheBehavior [ RunTime:0.000526s ]
INFO: [ app_begin ] --END-- [ RunTime:0.000698s ]
SQL: SHOW COLUMNS FROM `ui_userinfo` [ RunTime:0.0007s ]
SQL: SELECT * FROM `ui_userinfo` WHERE ( openid='{' )  [ RunTime:0.0003s ]
SQL: SELECT `id`,`nickname`,`openid` FROM `ui_userinfo` WHERE `openid` = 'o1hEn1Sk8wx1ZpXAKm30yyi9dbNY' LIMIT 1   [ RunTime:0.0004s ]
SQL: UPDATE `ui_userinfo` SET `openid`='o1hEn1Sk8wx1ZpXAKm30yyi9dbNY',`nickname`='匆匆幾年。',`sex`='0',`headimgurl`='http://thirdwx.qlogo.cn/mmopen/vi_32/mhVD1iaZW2lkgxbjUibiajQ7lr7CaJThicgUGafFxp1FeqG5pgDJcOuxSXwNQoN6GTeDDMDGR7NTeInZpxZLu7LSIQ/132',`addtime`='1535988560' WHERE `openid` = 'o1hEn1Sk8wx1ZpXAKm30yyi9dbNY' [ RunTime:0.0004s ]
SQL: SHOW COLUMNS FROM `ui_express` [ RunTime:0.0006s ]
SQL: SHOW COLUMNS FROM `ui_adress` [ RunTime:0.0004s ]
SQL: SELECT MAX(sort) AS tp_max FROM `ui_adress` WHERE `userid` = 15 LIMIT 1   [ RunTime:0.0002s ]
SQL: SELECT * FROM `ui_adress` WHERE `userid` = 15 AND `sort` = 45 LIMIT 1   [ RunTime:0.0002s ]
SQL: SELECT * FROM `ui_express`  [ RunTime:0.0002s ]
INFO: [ view_parse ] --START--
INFO: [ template_filter ] --START--
INFO: Run Behavior\ContentReplaceBehavior [ RunTime:0.000256s ]
INFO: [ template_filter ] --END-- [ RunTime:0.000430s ]
INFO: Run Behavior\ParseTemplateBehavior [ RunTime:0.018708s ]
INFO: [ view_parse ] --END-- [ RunTime:0.018892s ]
INFO: [ view_filter ] --START--
INFO: Run Behavior\WriteHtmlCacheBehavior [ RunTime:0.000357s ]
INFO: [ view_filter ] --END-- [ RunTime:0.000523s ]
INFO: [ app_end ] --START--
INFO: Run Behavior\ShowPageTraceBehavior [ RunTime:0.000532s ]
INFO: [ app_end ] --END-- [ RunTime:0.000698s ]

[ 2018-09-03T23:29:21+08:00 ] 113.200.157.236 /favicon.ico
INFO: [ app_init ] --START--
INFO: Run Behavior\BuildLiteBehavior [ RunTime:0.000034s ]
INFO: [ app_init ] --END-- [ RunTime:0.000456s ]
NOTIC: [8] Use of undefined constant Home - assumed 'Home' C:\wamp64\www\Express\Home\Conf\config.php 第 17 行.
NOTIC: [8] Use of undefined constant Home - assumed 'Home' C:\wamp64\www\Express\Home\Conf\config.php 第 18 行.
NOTIC: [8] Use of undefined constant Home - assumed 'Home' C:\wamp64\www\Express\Home\Conf\config.php 第 19 行.
NOTIC: [8] Use of undefined constant Home - assumed 'Home' C:\wamp64\www\Express\Home\Conf\config.php 第 20 行.

[ 2018-09-03T23:29:26+08:00 ] 113.200.157.236 /home/Preorder/prepay
INFO: [ app_init ] --START--
INFO: Run Behavior\BuildLiteBehavior [ RunTime:0.000034s ]
INFO: [ app_init ] --END-- [ RunTime:0.000468s ]
NOTIC: [8] Use of undefined constant Home - assumed 'Home' C:\wamp64\www\Express\Home\Conf\config.php 第 17 行.
NOTIC: [8] Use of undefined constant Home - assumed 'Home' C:\wamp64\www\Express\Home\Conf\config.php 第 18 行.
NOTIC: [8] Use of undefined constant Home - assumed 'Home' C:\wamp64\www\Express\Home\Conf\config.php 第 19 行.
NOTIC: [8] Use of undefined constant Home - assumed 'Home' C:\wamp64\www\Express\Home\Conf\config.php 第 20 行.
INFO: [ app_begin ] --START--
INFO: Run Behavior\ReadHtmlCacheBehavior [ RunTime:0.000729s ]
INFO: [ app_begin ] --END-- [ RunTime:0.000906s ]
SQL: SHOW COLUMNS FROM `ui_order` [ RunTime:0.0007s ]
SQL: SELECT * FROM `ui_order` WHERE `ordernum` = '2018090323295450991' LIMIT 1   [ RunTime:0.0003s ]
SQL: SHOW COLUMNS FROM `ui_adress` [ RunTime:0.0005s ]
SQL: SELECT * FROM `ui_adress` WHERE `id` = 3 LIMIT 1   [ RunTime:0.0003s ]
INFO: [ view_parse ] --START--
INFO: [ template_filter ] --START--
INFO: Run Behavior\ContentReplaceBehavior [ RunTime:0.000130s ]
INFO: [ template_filter ] --END-- [ RunTime:0.000295s ]
INFO: Run Behavior\ParseTemplateBehavior [ RunTime:0.009428s ]
INFO: [ view_parse ] --END-- [ RunTime:0.009605s ]
INFO: [ view_filter ] --START--
INFO: Run Behavior\WriteHtmlCacheBehavior [ RunTime:0.000328s ]
INFO: [ view_filter ] --END-- [ RunTime:0.000494s ]
INFO: [ app_end ] --START--
INFO: Run Behavior\ShowPageTraceBehavior [ RunTime:0.000505s ]
INFO: [ app_end ] --END-- [ RunTime:0.000669s ]

[ 2018-09-03T23:29:27+08:00 ] 113.200.157.236 /Weixinpay/pay/?out_trade_no=2018090323295450991
INFO: [ app_init ] --START--
INFO: Run Behavior\BuildLiteBehavior [ RunTime:0.000034s ]
INFO: [ app_init ] --END-- [ RunTime:0.000461s ]
NOTIC: [8] Use of undefined constant Home - assumed 'Home' C:\wamp64\www\Express\Home\Conf\config.php 第 17 行.
NOTIC: [8] Use of undefined constant Home - assumed 'Home' C:\wamp64\www\Express\Home\Conf\config.php 第 18 行.
NOTIC: [8] Use of undefined constant Home - assumed 'Home' C:\wamp64\www\Express\Home\Conf\config.php 第 19 行.
NOTIC: [8] Use of undefined constant Home - assumed 'Home' C:\wamp64\www\Express\Home\Conf\config.php 第 20 行.
INFO: [ app_begin ] --START--
INFO: Run Behavior\ReadHtmlCacheBehavior [ RunTime:0.000734s ]
INFO: [ app_begin ] --END-- [ RunTime:0.000970s ]

[ 2018-09-03T23:29:28+08:00 ] 113.200.157.236 /weixinpay/pay?code=0112ujdZ0tYUl12ms0bZ0AsqdZ02ujdg&state=2147483647
INFO: [ app_init ] --START--
INFO: Run Behavior\BuildLiteBehavior [ RunTime:0.000034s ]
INFO: [ app_init ] --END-- [ RunTime:0.000465s ]
NOTIC: [8] Use of undefined constant Home - assumed 'Home' C:\wamp64\www\Express\Home\Conf\config.php 第 17 行.
NOTIC: [8] Use of undefined constant Home - assumed 'Home' C:\wamp64\www\Express\Home\Conf\config.php 第 18 行.
NOTIC: [8] Use of undefined constant Home - assumed 'Home' C:\wamp64\www\Express\Home\Conf\config.php 第 19 行.
NOTIC: [8] Use of undefined constant Home - assumed 'Home' C:\wamp64\www\Express\Home\Conf\config.php 第 20 行.
INFO: [ app_begin ] --START--
INFO: Run Behavior\ReadHtmlCacheBehavior [ RunTime:0.000511s ]
INFO: [ app_begin ] --END-- [ RunTime:0.000681s ]
INFO: [ view_parse ] --START--
INFO: [ template_filter ] --START--
INFO: Run Behavior\ContentReplaceBehavior [ RunTime:0.000127s ]
INFO: [ template_filter ] --END-- [ RunTime:0.000329s ]
INFO: Run Behavior\ParseTemplateBehavior [ RunTime:0.006439s ]
INFO: [ view_parse ] --END-- [ RunTime:0.006644s ]
INFO: [ view_filter ] --START--
INFO: Run Behavior\WriteHtmlCacheBehavior [ RunTime:0.000360s ]
INFO: [ view_filter ] --END-- [ RunTime:0.000557s ]
INFO: [ app_end ] --START--
INFO: Run Behavior\ShowPageTraceBehavior [ RunTime:0.000556s ]
INFO: [ app_end ] --END-- [ RunTime:0.000765s ]

[ 2018-09-03T23:29:36+08:00 ] 140.207.54.73 /Weixinpay/notify
INFO: [ app_init ] --START--
INFO: Run Behavior\BuildLiteBehavior [ RunTime:0.000034s ]
INFO: [ app_init ] --END-- [ RunTime:0.000471s ]
NOTIC: [8] Use of undefined constant Home - assumed 'Home' C:\wamp64\www\Express\Home\Conf\config.php 第 17 行.
NOTIC: [8] Use of undefined constant Home - assumed 'Home' C:\wamp64\www\Express\Home\Conf\config.php 第 18 行.
NOTIC: [8] Use of undefined constant Home - assumed 'Home' C:\wamp64\www\Express\Home\Conf\config.php 第 19 行.
NOTIC: [8] Use of undefined constant Home - assumed 'Home' C:\wamp64\www\Express\Home\Conf\config.php 第 20 行.
INFO: [ app_begin ] --START--
INFO: Run Behavior\ReadHtmlCacheBehavior [ RunTime:0.000503s ]
INFO: [ app_begin ] --END-- [ RunTime:0.000694s ]
SQL: SHOW COLUMNS FROM `ui_order` [ RunTime:0.0007s ]
ERR: 1364:Field 'userid' doesn't have a default value
 [ SQL语句 ] : INSERT INTO `ui_order` (`paytime`) VALUES ('1535988576')
ERR: 1364:Field 'userid' doesn't have a default value
 [ SQL语句 ] : INSERT INTO `ui_order` (`paytime`) VALUES ('1535988576')

[ 2018-09-03T23:29:39+08:00 ] 113.200.157.236 /Weixinpay/notify
INFO: [ app_init ] --START--
INFO: Run Behavior\BuildLiteBehavior [ RunTime:0.000048s ]
INFO: [ app_init ] --END-- [ RunTime:0.000470s ]
NOTIC: [8] Use of undefined constant Home - assumed 'Home' C:\wamp64\www\Express\Home\Conf\config.php 第 17 行.
NOTIC: [8] Use of undefined constant Home - assumed 'Home' C:\wamp64\www\Express\Home\Conf\config.php 第 18 行.
NOTIC: [8] Use of undefined constant Home - assumed 'Home' C:\wamp64\www\Express\Home\Conf\config.php 第 19 行.
NOTIC: [8] Use of undefined constant Home - assumed 'Home' C:\wamp64\www\Express\Home\Conf\config.php 第 20 行.
INFO: [ app_begin ] --START--
INFO: Run Behavior\ReadHtmlCacheBehavior [ RunTime:0.000631s ]
INFO: [ app_begin ] --END-- [ RunTime:0.000811s ]
SQL: SHOW COLUMNS FROM `ui_order` [ RunTime:0.0006s ]
SQL: INSERT INTO `ui_order` (`express`,`number`,`note`,`userid`,`name`,`mobile`,`area`,`location`,`ordernum`,`paytime`) VALUES ('中通快递','454545','','15','石万','18329684862','西区','北三405','2018090323295450991','1535988579') [ RunTime:0.0004s ]

[ 2018-09-03T23:29:40+08:00 ] 113.200.157.236 /weixinpay/showorder/id/9.html
INFO: [ app_init ] --START--
INFO: Run Behavior\BuildLiteBehavior [ RunTime:0.000035s ]
INFO: [ app_init ] --END-- [ RunTime:0.000467s ]
NOTIC: [8] Use of undefined constant Home - assumed 'Home' C:\wamp64\www\Express\Home\Conf\config.php 第 17 行.
NOTIC: [8] Use of undefined constant Home - assumed 'Home' C:\wamp64\www\Express\Home\Conf\config.php 第 18 行.
NOTIC: [8] Use of undefined constant Home - assumed 'Home' C:\wamp64\www\Express\Home\Conf\config.php 第 19 行.
NOTIC: [8] Use of undefined constant Home - assumed 'Home' C:\wamp64\www\Express\Home\Conf\config.php 第 20 行.
INFO: [ app_begin ] --START--
INFO: Run Behavior\ReadHtmlCacheBehavior [ RunTime:0.000515s ]
INFO: [ app_begin ] --END-- [ RunTime:0.000695s ]
SQL: SHOW COLUMNS FROM `ui_order` [ RunTime:0.0008s ]
SQL: SELECT * FROM `ui_order` WHERE `id` = 9 LIMIT 1   [ RunTime:0.0003s ]
NOTIC: [8] Use of undefined constant data - assumed 'data' C:\wamp64\www\Express\Home\Controller\WeixinpayController.class.php 第 37 行.
INFO: [ view_parse ] --START--
INFO: [ template_filter ] --START--
INFO: Run Behavior\ContentReplaceBehavior [ RunTime:0.000130s ]
INFO: [ template_filter ] --END-- [ RunTime:0.000299s ]
INFO: Run Behavior\ParseTemplateBehavior [ RunTime:0.009970s ]
INFO: [ view_parse ] --END-- [ RunTime:0.010157s ]
INFO: [ view_filter ] --START--
INFO: Run Behavior\WriteHtmlCacheBehavior [ RunTime:0.000346s ]
INFO: [ view_filter ] --END-- [ RunTime:0.000512s ]
INFO: [ app_end ] --START--
INFO: Run Behavior\ShowPageTraceBehavior [ RunTime:0.000510s ]
INFO: [ app_end ] --END-- [ RunTime:0.000688s ]

[ 2018-09-03T23:29:53+08:00 ] 140.207.54.75 /Weixinpay/notify
INFO: [ app_init ] --START--
INFO: Run Behavior\BuildLiteBehavior [ RunTime:0.000036s ]
INFO: [ app_init ] --END-- [ RunTime:0.000511s ]
NOTIC: [8] Use of undefined constant Home - assumed 'Home' C:\wamp64\www\Express\Home\Conf\config.php 第 17 行.
NOTIC: [8] Use of undefined constant Home - assumed 'Home' C:\wamp64\www\Express\Home\Conf\config.php 第 18 行.
NOTIC: [8] Use of undefined constant Home - assumed 'Home' C:\wamp64\www\Express\Home\Conf\config.php 第 19 行.
NOTIC: [8] Use of undefined constant Home - assumed 'Home' C:\wamp64\www\Express\Home\Conf\config.php 第 20 行.
INFO: [ app_begin ] --START--
INFO: Run Behavior\ReadHtmlCacheBehavior [ RunTime:0.000497s ]
INFO: [ app_begin ] --END-- [ RunTime:0.000672s ]
SQL: SHOW COLUMNS FROM `ui_order` [ RunTime:0.0006s ]
ERR: 1364:Field 'userid' doesn't have a default value
 [ SQL语句 ] : INSERT INTO `ui_order` (`paytime`) VALUES ('1535988593')
ERR: 1364:Field 'userid' doesn't have a default value
 [ SQL语句 ] : INSERT INTO `ui_order` (`paytime`) VALUES ('1535988593')

[ 2018-09-03T23:30:09+08:00 ] 140.207.54.73 /Weixinpay/notify
INFO: [ app_init ] --START--
INFO: Run Behavior\BuildLiteBehavior [ RunTime:0.000035s ]
INFO: [ app_init ] --END-- [ RunTime:0.001488s ]
NOTIC: [8] Use of undefined constant Home - assumed 'Home' C:\wamp64\www\Express\Home\Conf\config.php 第 17 行.
NOTIC: [8] Use of undefined constant Home - assumed 'Home' C:\wamp64\www\Express\Home\Conf\config.php 第 18 行.
NOTIC: [8] Use of undefined constant Home - assumed 'Home' C:\wamp64\www\Express\Home\Conf\config.php 第 19 行.
NOTIC: [8] Use of undefined constant Home - assumed 'Home' C:\wamp64\www\Express\Home\Conf\config.php 第 20 行.
INFO: [ app_begin ] --START--
INFO: Run Behavior\ReadHtmlCacheBehavior [ RunTime:0.000493s ]
INFO: [ app_begin ] --END-- [ RunTime:0.000666s ]
SQL: SHOW COLUMNS FROM `ui_order` [ RunTime:0.0008s ]
ERR: 1364:Field 'userid' doesn't have a default value
 [ SQL语句 ] : INSERT INTO `ui_order` (`paytime`) VALUES ('1535988609')
ERR: 1364:Field 'userid' doesn't have a default value
 [ SQL语句 ] : INSERT INTO `ui_order` (`paytime`) VALUES ('1535988609')

[ 2018-09-03T23:30:19+08:00 ] 101.91.60.106 /
INFO: [ app_init ] --START--
INFO: Run Behavior\BuildLiteBehavior [ RunTime:0.000035s ]
INFO: [ app_init ] --END-- [ RunTime:0.000460s ]
NOTIC: [8] Use of undefined constant Home - assumed 'Home' C:\wamp64\www\Express\Home\Conf\config.php 第 17 行.
NOTIC: [8] Use of undefined constant Home - assumed 'Home' C:\wamp64\www\Express\Home\Conf\config.php 第 18 行.
NOTIC: [8] Use of undefined constant Home - assumed 'Home' C:\wamp64\www\Express\Home\Conf\config.php 第 19 行.
NOTIC: [8] Use of undefined constant Home - assumed 'Home' C:\wamp64\www\Express\Home\Conf\config.php 第 20 行.
INFO: [ app_begin ] --START--
INFO: Run Behavior\ReadHtmlCacheBehavior [ RunTime:0.000519s ]
INFO: [ app_begin ] --END-- [ RunTime:0.000702s ]
NOTIC: [8] Undefined index: code C:\wamp64\www\Express\Home\Common\function.php 第 27 行.

[ 2018-09-03T23:30:26+08:00 ] 61.129.6.251 /home/Preorder/prepay
INFO: [ app_init ] --START--
INFO: Run Behavior\BuildLiteBehavior [ RunTime:0.000034s ]
INFO: [ app_init ] --END-- [ RunTime:0.000470s ]
NOTIC: [8] Use of undefined constant Home - assumed 'Home' C:\wamp64\www\Express\Home\Conf\config.php 第 17 行.
NOTIC: [8] Use of undefined constant Home - assumed 'Home' C:\wamp64\www\Express\Home\Conf\config.php 第 18 行.
NOTIC: [8] Use of undefined constant Home - assumed 'Home' C:\wamp64\www\Express\Home\Conf\config.php 第 19 行.
NOTIC: [8] Use of undefined constant Home - assumed 'Home' C:\wamp64\www\Express\Home\Conf\config.php 第 20 行.
INFO: [ app_begin ] --START--
INFO: Run Behavior\ReadHtmlCacheBehavior [ RunTime:0.000511s ]
INFO: [ app_begin ] --END-- [ RunTime:0.000682s ]
SQL: SHOW COLUMNS FROM `ui_order` [ RunTime:0.0007s ]
SQL: SELECT * FROM `ui_order` WHERE `ordernum` = '2018090323304910251' LIMIT 1   [ RunTime:0.0003s ]
NOTIC: [8] Undefined index: adressid C:\wamp64\www\Express\Home\Controller\PreorderController.class.php 第 23 行.
SQL: SHOW COLUMNS FROM `ui_adress` [ RunTime:0.0005s ]
SQL: SELECT * FROM `ui_adress` WHERE `id` = null LIMIT 1   [ RunTime:0.0002s ]
NOTIC: [2] array_merge_recursive(): Argument #2 is not an array C:\wamp64\www\Express\Home\Controller\PreorderController.class.php 第 26 行.
INFO: [ view_parse ] --START--
INFO: [ template_filter ] --START--
INFO: Run Behavior\ContentReplaceBehavior [ RunTime:0.000135s ]
INFO: [ template_filter ] --END-- [ RunTime:0.000300s ]
NOTIC: [8] Undefined index: express C:\wamp64\www\Express\Runtime\Cache\Home\17039ef1f99d7be4a761232ce3e7aff4.php 第 47 行.
NOTIC: [8] Undefined index: number C:\wamp64\www\Express\Runtime\Cache\Home\17039ef1f99d7be4a761232ce3e7aff4.php 第 48 行.
NOTIC: [8] Undefined index: name C:\wamp64\www\Express\Runtime\Cache\Home\17039ef1f99d7be4a761232ce3e7aff4.php 第 51 行.
NOTIC: [8] Undefined index: area C:\wamp64\www\Express\Runtime\Cache\Home\17039ef1f99d7be4a761232ce3e7aff4.php 第 52 行.
NOTIC: [8] Undefined index: location C:\wamp64\www\Express\Runtime\Cache\Home\17039ef1f99d7be4a761232ce3e7aff4.php 第 52 行.
NOTIC: [8] Undefined index: mobile C:\wamp64\www\Express\Runtime\Cache\Home\17039ef1f99d7be4a761232ce3e7aff4.php 第 53 行.
INFO: Run Behavior\ParseTemplateBehavior [ RunTime:0.009871s ]
INFO: [ view_parse ] --END-- [ RunTime:0.010046s ]
INFO: [ view_filter ] --START--
INFO: Run Behavior\WriteHtmlCacheBehavior [ RunTime:0.000336s ]
INFO: [ view_filter ] --END-- [ RunTime:0.000499s ]
INFO: [ app_end ] --START--
INFO: Run Behavior\ShowPageTraceBehavior [ RunTime:0.000517s ]
INFO: [ app_end ] --END-- [ RunTime:0.000682s ]

[ 2018-09-03T23:30:39+08:00 ] 140.207.54.75 /Weixinpay/notify
INFO: [ app_init ] --START--
INFO: Run Behavior\BuildLiteBehavior [ RunTime:0.000034s ]
INFO: [ app_init ] --END-- [ RunTime:0.000476s ]
NOTIC: [8] Use of undefined constant Home - assumed 'Home' C:\wamp64\www\Express\Home\Conf\config.php 第 17 行.
NOTIC: [8] Use of undefined constant Home - assumed 'Home' C:\wamp64\www\Express\Home\Conf\config.php 第 18 行.
NOTIC: [8] Use of undefined constant Home - assumed 'Home' C:\wamp64\www\Express\Home\Conf\config.php 第 19 行.
NOTIC: [8] Use of undefined constant Home - assumed 'Home' C:\wamp64\www\Express\Home\Conf\config.php 第 20 行.
INFO: [ app_begin ] --START--
INFO: Run Behavior\ReadHtmlCacheBehavior [ RunTime:0.000497s ]
INFO: [ app_begin ] --END-- [ RunTime:0.000674s ]
SQL: SHOW COLUMNS FROM `ui_order` [ RunTime:0.0007s ]
ERR: 1364:Field 'userid' doesn't have a default value
 [ SQL语句 ] : INSERT INTO `ui_order` (`paytime`) VALUES ('1535988639')
ERR: 1364:Field 'userid' doesn't have a default value
 [ SQL语句 ] : INSERT INTO `ui_order` (`paytime`) VALUES ('1535988639')

[ 2018-09-03T23:30:40+08:00 ] 61.151.178.177 /weixinpay/showorder/id/9.html
INFO: [ app_init ] --START--
INFO: Run Behavior\BuildLiteBehavior [ RunTime:0.000035s ]
INFO: [ app_init ] --END-- [ RunTime:0.000451s ]
NOTIC: [8] Use of undefined constant Home - assumed 'Home' C:\wamp64\www\Express\Home\Conf\config.php 第 17 行.
NOTIC: [8] Use of undefined constant Home - assumed 'Home' C:\wamp64\www\Express\Home\Conf\config.php 第 18 行.
NOTIC: [8] Use of undefined constant Home - assumed 'Home' C:\wamp64\www\Express\Home\Conf\config.php 第 19 行.
NOTIC: [8] Use of undefined constant Home - assumed 'Home' C:\wamp64\www\Express\Home\Conf\config.php 第 20 行.
INFO: [ app_begin ] --START--
INFO: Run Behavior\ReadHtmlCacheBehavior [ RunTime:0.000516s ]
INFO: [ app_begin ] --END-- [ RunTime:0.000686s ]
SQL: SHOW COLUMNS FROM `ui_order` [ RunTime:0.0005s ]
SQL: SELECT * FROM `ui_order` WHERE `id` = 9 LIMIT 1   [ RunTime:0.0003s ]
NOTIC: [8] Use of undefined constant data - assumed 'data' C:\wamp64\www\Express\Home\Controller\WeixinpayController.class.php 第 37 行.
INFO: [ view_parse ] --START--
INFO: [ template_filter ] --START--
INFO: Run Behavior\ContentReplaceBehavior [ RunTime:0.000129s ]
INFO: [ template_filter ] --END-- [ RunTime:0.000299s ]
INFO: Run Behavior\ParseTemplateBehavior [ RunTime:0.009041s ]
INFO: [ view_parse ] --END-- [ RunTime:0.009214s ]
INFO: [ view_filter ] --START--
INFO: Run Behavior\WriteHtmlCacheBehavior [ RunTime:0.000341s ]
INFO: [ view_filter ] --END-- [ RunTime:0.000499s ]
INFO: [ app_end ] --START--
INFO: Run Behavior\ShowPageTraceBehavior [ RunTime:0.000511s ]
INFO: [ app_end ] --END-- [ RunTime:0.000674s ]

[ 2018-09-03T23:30:40+08:00 ] 101.89.29.97 /Weixinpay/notify
INFO: [ app_init ] --START--
INFO: Run Behavior\BuildLiteBehavior [ RunTime:0.000034s ]
INFO: [ app_init ] --END-- [ RunTime:0.000453s ]
NOTIC: [8] Use of undefined constant Home - assumed 'Home' C:\wamp64\www\Express\Home\Conf\config.php 第 17 行.
NOTIC: [8] Use of undefined constant Home - assumed 'Home' C:\wamp64\www\Express\Home\Conf\config.php 第 18 行.
NOTIC: [8] Use of undefined constant Home - assumed 'Home' C:\wamp64\www\Express\Home\Conf\config.php 第 19 行.
NOTIC: [8] Use of undefined constant Home - assumed 'Home' C:\wamp64\www\Express\Home\Conf\config.php 第 20 行.
INFO: [ app_begin ] --START--
INFO: Run Behavior\ReadHtmlCacheBehavior [ RunTime:0.000521s ]
INFO: [ app_begin ] --END-- [ RunTime:0.000698s ]
SQL: SHOW COLUMNS FROM `ui_order` [ RunTime:0.0006s ]
ERR: 1364:Field 'userid' doesn't have a default value
 [ SQL语句 ] : INSERT INTO `ui_order` (`paytime`) VALUES ('1535988640')
ERR: 1364:Field 'userid' doesn't have a default value
 [ SQL语句 ] : INSERT INTO `ui_order` (`paytime`) VALUES ('1535988640')

[ 2018-09-03T23:30:48+08:00 ] 113.200.157.236 /sendmes/set_msg
INFO: [ app_init ] --START--
INFO: Run Behavior\BuildLiteBehavior [ RunTime:0.000035s ]
INFO: [ app_init ] --END-- [ RunTime:0.000512s ]
NOTIC: [8] Use of undefined constant Home - assumed 'Home' C:\wamp64\www\Express\Home\Conf\config.php 第 17 行.
NOTIC: [8] Use of undefined constant Home - assumed 'Home' C:\wamp64\www\Express\Home\Conf\config.php 第 18 行.
NOTIC: [8] Use of undefined constant Home - assumed 'Home' C:\wamp64\www\Express\Home\Conf\config.php 第 19 行.
NOTIC: [8] Use of undefined constant Home - assumed 'Home' C:\wamp64\www\Express\Home\Conf\config.php 第 20 行.
INFO: [ app_begin ] --START--
INFO: Run Behavior\ReadHtmlCacheBehavior [ RunTime:0.000548s ]
INFO: [ app_begin ] --END-- [ RunTime:0.000722s ]
NOTIC: [8] Undefined index: access_token C:\wamp64\www\Express\Home\Common\function.php 第 265 行.
INFO: [ app_end ] --START--
INFO: Run Behavior\ShowPageTraceBehavior [ RunTime:0.000698s ]
INFO: [ app_end ] --END-- [ RunTime:0.000923s ]

[ 2018-09-03T23:30:48+08:00 ] 113.200.157.236 /favicon.ico
INFO: [ app_init ] --START--
INFO: Run Behavior\BuildLiteBehavior [ RunTime:0.000036s ]
INFO: [ app_init ] --END-- [ RunTime:0.001490s ]
NOTIC: [8] Use of undefined constant Home - assumed 'Home' C:\wamp64\www\Express\Home\Conf\config.php 第 17 行.
NOTIC: [8] Use of undefined constant Home - assumed 'Home' C:\wamp64\www\Express\Home\Conf\config.php 第 18 行.
NOTIC: [8] Use of undefined constant Home - assumed 'Home' C:\wamp64\www\Express\Home\Conf\config.php 第 19 行.
NOTIC: [8] Use of undefined constant Home - assumed 'Home' C:\wamp64\www\Express\Home\Conf\config.php 第 20 行.

[ 2018-09-03T23:31:22+08:00 ] 113.200.157.236 /sendmes/set_msg
INFO: [ app_init ] --START--
INFO: Run Behavior\BuildLiteBehavior [ RunTime:0.000035s ]
INFO: [ app_init ] --END-- [ RunTime:0.000472s ]
NOTIC: [8] Use of undefined constant Home - assumed 'Home' C:\wamp64\www\Express\Home\Conf\config.php 第 17 行.
NOTIC: [8] Use of undefined constant Home - assumed 'Home' C:\wamp64\www\Express\Home\Conf\config.php 第 18 行.
NOTIC: [8] Use of undefined constant Home - assumed 'Home' C:\wamp64\www\Express\Home\Conf\config.php 第 19 行.
NOTIC: [8] Use of undefined constant Home - assumed 'Home' C:\wamp64\www\Express\Home\Conf\config.php 第 20 行.
INFO: [ app_begin ] --START--
INFO: Run Behavior\ReadHtmlCacheBehavior [ RunTime:0.000530s ]
INFO: [ app_begin ] --END-- [ RunTime:0.000711s ]
NOTIC: [8] Undefined index: access_token C:\wamp64\www\Express\Home\Common\function.php 第 265 行.
INFO: [ app_end ] --START--
INFO: Run Behavior\ShowPageTraceBehavior [ RunTime:0.000652s ]
INFO: [ app_end ] --END-- [ RunTime:0.000861s ]

[ 2018-09-03T23:31:25+08:00 ] 113.200.157.236 /sendmes/set_msg
INFO: [ app_init ] --START--
INFO: Run Behavior\BuildLiteBehavior [ RunTime:0.000036s ]
INFO: [ app_init ] --END-- [ RunTime:0.000460s ]
NOTIC: [8] Use of undefined constant Home - assumed 'Home' C:\wamp64\www\Express\Home\Conf\config.php 第 17 行.
NOTIC: [8] Use of undefined constant Home - assumed 'Home' C:\wamp64\www\Express\Home\Conf\config.php 第 18 行.
NOTIC: [8] Use of undefined constant Home - assumed 'Home' C:\wamp64\www\Express\Home\Conf\config.php 第 19 行.
NOTIC: [8] Use of undefined constant Home - assumed 'Home' C:\wamp64\www\Express\Home\Conf\config.php 第 20 行.
INFO: [ app_begin ] --START--
INFO: Run Behavior\ReadHtmlCacheBehavior [ RunTime:0.000521s ]
INFO: [ app_begin ] --END-- [ RunTime:0.000693s ]
NOTIC: [8] Undefined index: access_token C:\wamp64\www\Express\Home\Common\function.php 第 265 行.
INFO: [ app_end ] --START--
INFO: Run Behavior\ShowPageTraceBehavior [ RunTime:0.000994s ]
INFO: [ app_end ] --END-- [ RunTime:0.001304s ]

[ 2018-09-03T23:31:37+08:00 ] 113.200.157.236 /sendmes/set_msg
INFO: [ app_init ] --START--
INFO: Run Behavior\BuildLiteBehavior [ RunTime:0.000034s ]
INFO: [ app_init ] --END-- [ RunTime:0.000462s ]
NOTIC: [8] Use of undefined constant Home - assumed 'Home' C:\wamp64\www\Express\Home\Conf\config.php 第 17 行.
NOTIC: [8] Use of undefined constant Home - assumed 'Home' C:\wamp64\www\Express\Home\Conf\config.php 第 18 行.
NOTIC: [8] Use of undefined constant Home - assumed 'Home' C:\wamp64\www\Express\Home\Conf\config.php 第 19 行.
NOTIC: [8] Use of undefined constant Home - assumed 'Home' C:\wamp64\www\Express\Home\Conf\config.php 第 20 行.
INFO: [ app_begin ] --START--
INFO: Run Behavior\ReadHtmlCacheBehavior [ RunTime:0.000517s ]
INFO: [ app_begin ] --END-- [ RunTime:0.000687s ]
NOTIC: [8] Undefined index: access_token C:\wamp64\www\Express\Home\Common\function.php 第 265 行.
INFO: [ app_end ] --START--
INFO: Run Behavior\ShowPageTraceBehavior [ RunTime:0.000956s ]
INFO: [ app_end ] --END-- [ RunTime:0.001272s ]

[ 2018-09-03T23:31:37+08:00 ] 113.200.157.236 /favicon.ico
INFO: [ app_init ] --START--
INFO: Run Behavior\BuildLiteBehavior [ RunTime:0.000034s ]
INFO: [ app_init ] --END-- [ RunTime:0.000463s ]
NOTIC: [8] Use of undefined constant Home - assumed 'Home' C:\wamp64\www\Express\Home\Conf\config.php 第 17 行.
NOTIC: [8] Use of undefined constant Home - assumed 'Home' C:\wamp64\www\Express\Home\Conf\config.php 第 18 行.
NOTIC: [8] Use of undefined constant Home - assumed 'Home' C:\wamp64\www\Express\Home\Conf\config.php 第 19 行.
NOTIC: [8] Use of undefined constant Home - assumed 'Home' C:\wamp64\www\Express\Home\Conf\config.php 第 20 行.

[ 2018-09-03T23:31:47+08:00 ] 101.89.239.216 /sendmes/set_msg
INFO: [ app_init ] --START--
INFO: Run Behavior\BuildLiteBehavior [ RunTime:0.000034s ]
INFO: [ app_init ] --END-- [ RunTime:0.000455s ]
NOTIC: [8] Use of undefined constant Home - assumed 'Home' C:\wamp64\www\Express\Home\Conf\config.php 第 17 行.
NOTIC: [8] Use of undefined constant Home - assumed 'Home' C:\wamp64\www\Express\Home\Conf\config.php 第 18 行.
NOTIC: [8] Use of undefined constant Home - assumed 'Home' C:\wamp64\www\Express\Home\Conf\config.php 第 19 行.
NOTIC: [8] Use of undefined constant Home - assumed 'Home' C:\wamp64\www\Express\Home\Conf\config.php 第 20 行.
INFO: [ app_begin ] --START--
INFO: Run Behavior\ReadHtmlCacheBehavior [ RunTime:0.000514s ]
INFO: [ app_begin ] --END-- [ RunTime:0.000685s ]
NOTIC: [8] Undefined index: access_token C:\wamp64\www\Express\Home\Common\function.php 第 265 行.
INFO: [ app_end ] --START--
INFO: Run Behavior\ShowPageTraceBehavior [ RunTime:0.000712s ]
INFO: [ app_end ] --END-- [ RunTime:0.000921s ]

[ 2018-09-03T23:32:02+08:00 ] 113.200.157.236 /sendmes/set_msg
INFO: [ app_init ] --START--
INFO: Run Behavior\BuildLiteBehavior [ RunTime:0.000036s ]
INFO: [ app_init ] --END-- [ RunTime:0.000459s ]
NOTIC: [8] Use of undefined constant Home - assumed 'Home' C:\wamp64\www\Express\Home\Conf\config.php 第 17 行.
NOTIC: [8] Use of undefined constant Home - assumed 'Home' C:\wamp64\www\Express\Home\Conf\config.php 第 18 行.
NOTIC: [8] Use of undefined constant Home - assumed 'Home' C:\wamp64\www\Express\Home\Conf\config.php 第 19 行.
NOTIC: [8] Use of undefined constant Home - assumed 'Home' C:\wamp64\www\Express\Home\Conf\config.php 第 20 行.
INFO: [ app_begin ] --START--
INFO: Run Behavior\ReadHtmlCacheBehavior [ RunTime:0.000531s ]
INFO: [ app_begin ] --END-- [ RunTime:0.000708s ]
NOTIC: [8] Undefined index: access_token C:\wamp64\www\Express\Home\Common\function.php 第 265 行.
INFO: [ app_end ] --START--
INFO: Run Behavior\ShowPageTraceBehavior [ RunTime:0.000687s ]
INFO: [ app_end ] --END-- [ RunTime:0.000919s ]

[ 2018-09-03T23:33:40+08:00 ] 140.207.54.75 /Weixinpay/notify
INFO: [ app_init ] --START--
INFO: Run Behavior\BuildLiteBehavior [ RunTime:0.000035s ]
INFO: [ app_init ] --END-- [ RunTime:0.000488s ]
NOTIC: [8] Use of undefined constant Home - assumed 'Home' C:\wamp64\www\Express\Home\Conf\config.php 第 17 行.
NOTIC: [8] Use of undefined constant Home - assumed 'Home' C:\wamp64\www\Express\Home\Conf\config.php 第 18 行.
NOTIC: [8] Use of undefined constant Home - assumed 'Home' C:\wamp64\www\Express\Home\Conf\config.php 第 19 行.
NOTIC: [8] Use of undefined constant Home - assumed 'Home' C:\wamp64\www\Express\Home\Conf\config.php 第 20 行.
INFO: [ app_begin ] --START--
INFO: Run Behavior\ReadHtmlCacheBehavior [ RunTime:0.000560s ]
INFO: [ app_begin ] --END-- [ RunTime:0.000766s ]
SQL: SHOW COLUMNS FROM `ui_order` [ RunTime:0.0006s ]
ERR: 1364:Field 'userid' doesn't have a default value
 [ SQL语句 ] : INSERT INTO `ui_order` (`paytime`) VALUES ('1535988820')
ERR: 1364:Field 'userid' doesn't have a default value
 [ SQL语句 ] : INSERT INTO `ui_order` (`paytime`) VALUES ('1535988820')

[ 2018-09-03T23:34:02+08:00 ] 113.200.157.236 /sendmes/set_msg
INFO: [ app_init ] --START--
INFO: Run Behavior\BuildLiteBehavior [ RunTime:0.000035s ]
INFO: [ app_init ] --END-- [ RunTime:0.000489s ]
NOTIC: [8] Use of undefined constant Home - assumed 'Home' C:\wamp64\www\Express\Home\Conf\config.php 第 17 行.
NOTIC: [8] Use of undefined constant Home - assumed 'Home' C:\wamp64\www\Express\Home\Conf\config.php 第 18 行.
NOTIC: [8] Use of undefined constant Home - assumed 'Home' C:\wamp64\www\Express\Home\Conf\config.php 第 19 行.
NOTIC: [8] Use of undefined constant Home - assumed 'Home' C:\wamp64\www\Express\Home\Conf\config.php 第 20 行.
INFO: [ app_begin ] --START--
INFO: Run Behavior\ReadHtmlCacheBehavior [ RunTime:0.000515s ]
INFO: [ app_begin ] --END-- [ RunTime:0.000686s ]
NOTIC: [8] Undefined index: access_token C:\wamp64\www\Express\Home\Common\function.php 第 265 行.
INFO: [ app_end ] --START--
INFO: Run Behavior\ShowPageTraceBehavior [ RunTime:0.000707s ]
INFO: [ app_end ] --END-- [ RunTime:0.000918s ]

[ 2018-09-03T23:40:05+08:00 ] 113.200.157.236 /sendmes/set_msg
INFO: [ app_init ] --START--
INFO: Run Behavior\BuildLiteBehavior [ RunTime:0.000041s ]
INFO: [ app_init ] --END-- [ RunTime:0.000477s ]
NOTIC: [8] Use of undefined constant Home - assumed 'Home' C:\wamp64\www\Express\Home\Conf\config.php 第 17 行.
NOTIC: [8] Use of undefined constant Home - assumed 'Home' C:\wamp64\www\Express\Home\Conf\config.php 第 18 行.
NOTIC: [8] Use of undefined constant Home - assumed 'Home' C:\wamp64\www\Express\Home\Conf\config.php 第 19 行.
NOTIC: [8] Use of undefined constant Home - assumed 'Home' C:\wamp64\www\Express\Home\Conf\config.php 第 20 行.
INFO: [ app_begin ] --START--
INFO: Run Behavior\ReadHtmlCacheBehavior [ RunTime:0.000538s ]
INFO: [ app_begin ] --END-- [ RunTime:0.000709s ]
NOTIC: [8] Undefined index: access_token C:\wamp64\www\Express\Home\Common\function.php 第 265 行.
INFO: [ app_end ] --START--
INFO: Run Behavior\ShowPageTraceBehavior [ RunTime:0.000674s ]
INFO: [ app_end ] --END-- [ RunTime:0.000878s ]

[ 2018-09-03T23:40:05+08:00 ] 113.200.157.236 /favicon.ico
INFO: [ app_init ] --START--
INFO: Run Behavior\BuildLiteBehavior [ RunTime:0.000042s ]
INFO: [ app_init ] --END-- [ RunTime:0.000485s ]
NOTIC: [8] Use of undefined constant Home - assumed 'Home' C:\wamp64\www\Express\Home\Conf\config.php 第 17 行.
NOTIC: [8] Use of undefined constant Home - assumed 'Home' C:\wamp64\www\Express\Home\Conf\config.php 第 18 行.
NOTIC: [8] Use of undefined constant Home - assumed 'Home' C:\wamp64\www\Express\Home\Conf\config.php 第 19 行.
NOTIC: [8] Use of undefined constant Home - assumed 'Home' C:\wamp64\www\Express\Home\Conf\config.php 第 20 行.

[ 2018-09-03T23:41:05+08:00 ] 101.89.29.94 /sendmes/set_msg
INFO: [ app_init ] --START--
INFO: Run Behavior\BuildLiteBehavior [ RunTime:0.000035s ]
INFO: [ app_init ] --END-- [ RunTime:0.000476s ]
NOTIC: [8] Use of undefined constant Home - assumed 'Home' C:\wamp64\www\Express\Home\Conf\config.php 第 17 行.
NOTIC: [8] Use of undefined constant Home - assumed 'Home' C:\wamp64\www\Express\Home\Conf\config.php 第 18 行.
NOTIC: [8] Use of undefined constant Home - assumed 'Home' C:\wamp64\www\Express\Home\Conf\config.php 第 19 行.
NOTIC: [8] Use of undefined constant Home - assumed 'Home' C:\wamp64\www\Express\Home\Conf\config.php 第 20 行.
INFO: [ app_begin ] --START--
INFO: Run Behavior\ReadHtmlCacheBehavior [ RunTime:0.000511s ]
INFO: [ app_begin ] --END-- [ RunTime:0.000689s ]
NOTIC: [8] Undefined index: access_token C:\wamp64\www\Express\Home\Common\function.php 第 265 行.
INFO: [ app_end ] --START--
INFO: Run Behavior\ShowPageTraceBehavior [ RunTime:0.000689s ]
INFO: [ app_end ] --END-- [ RunTime:0.000890s ]

[ 2018-09-03T23:42:44+08:00 ] 113.200.157.236 /sendmes/set_msg
INFO: [ app_init ] --START--
INFO: Run Behavior\BuildLiteBehavior [ RunTime:0.000036s ]
INFO: [ app_init ] --END-- [ RunTime:0.000613s ]
NOTIC: [8] Use of undefined constant Home - assumed 'Home' C:\wamp64\www\Express\Home\Conf\config.php 第 17 行.
NOTIC: [8] Use of undefined constant Home - assumed 'Home' C:\wamp64\www\Express\Home\Conf\config.php 第 18 行.
NOTIC: [8] Use of undefined constant Home - assumed 'Home' C:\wamp64\www\Express\Home\Conf\config.php 第 19 行.
NOTIC: [8] Use of undefined constant Home - assumed 'Home' C:\wamp64\www\Express\Home\Conf\config.php 第 20 行.
INFO: [ app_begin ] --START--
INFO: Run Behavior\ReadHtmlCacheBehavior [ RunTime:0.000567s ]
INFO: [ app_begin ] --END-- [ RunTime:0.000752s ]
INFO: [ app_end ] --START--
INFO: Run Behavior\ShowPageTraceBehavior [ RunTime:0.000708s ]
INFO: [ app_end ] --END-- [ RunTime:0.000921s ]

[ 2018-09-03T23:42:44+08:00 ] 113.200.157.236 /favicon.ico
INFO: [ app_init ] --START--
INFO: Run Behavior\BuildLiteBehavior [ RunTime:0.000035s ]
INFO: [ app_init ] --END-- [ RunTime:0.000474s ]
NOTIC: [8] Use of undefined constant Home - assumed 'Home' C:\wamp64\www\Express\Home\Conf\config.php 第 17 行.
NOTIC: [8] Use of undefined constant Home - assumed 'Home' C:\wamp64\www\Express\Home\Conf\config.php 第 18 行.
NOTIC: [8] Use of undefined constant Home - assumed 'Home' C:\wamp64\www\Express\Home\Conf\config.php 第 19 行.
NOTIC: [8] Use of undefined constant Home - assumed 'Home' C:\wamp64\www\Express\Home\Conf\config.php 第 20 行.

[ 2018-09-03T23:43:05+08:00 ] 113.200.157.236 /sendmes/set_msg
INFO: [ app_init ] --START--
INFO: Run Behavior\BuildLiteBehavior [ RunTime:0.000035s ]
INFO: [ app_init ] --END-- [ RunTime:0.000467s ]
NOTIC: [8] Use of undefined constant Home - assumed 'Home' C:\wamp64\www\Express\Home\Conf\config.php 第 17 行.
NOTIC: [8] Use of undefined constant Home - assumed 'Home' C:\wamp64\www\Express\Home\Conf\config.php 第 18 行.
NOTIC: [8] Use of undefined constant Home - assumed 'Home' C:\wamp64\www\Express\Home\Conf\config.php 第 19 行.
NOTIC: [8] Use of undefined constant Home - assumed 'Home' C:\wamp64\www\Express\Home\Conf\config.php 第 20 行.
INFO: [ app_begin ] --START--
INFO: Run Behavior\ReadHtmlCacheBehavior [ RunTime:0.000520s ]
INFO: [ app_begin ] --END-- [ RunTime:0.000694s ]
INFO: [ app_end ] --START--
INFO: Run Behavior\ShowPageTraceBehavior [ RunTime:0.000702s ]
INFO: [ app_end ] --END-- [ RunTime:0.000910s ]

[ 2018-09-03T23:43:06+08:00 ] 113.200.157.236 /favicon.ico
INFO: [ app_init ] --START--
INFO: Run Behavior\BuildLiteBehavior [ RunTime:0.000035s ]
INFO: [ app_init ] --END-- [ RunTime:0.000476s ]
NOTIC: [8] Use of undefined constant Home - assumed 'Home' C:\wamp64\www\Express\Home\Conf\config.php 第 17 行.
NOTIC: [8] Use of undefined constant Home - assumed 'Home' C:\wamp64\www\Express\Home\Conf\config.php 第 18 行.
NOTIC: [8] Use of undefined constant Home - assumed 'Home' C:\wamp64\www\Express\Home\Conf\config.php 第 19 行.
NOTIC: [8] Use of undefined constant Home - assumed 'Home' C:\wamp64\www\Express\Home\Conf\config.php 第 20 行.

[ 2018-09-03T23:43:22+08:00 ] 113.200.157.236 /sendmes/set_msg
INFO: [ app_init ] --START--
INFO: Run Behavior\BuildLiteBehavior [ RunTime:0.000034s ]
INFO: [ app_init ] --END-- [ RunTime:0.000461s ]
NOTIC: [8] Use of undefined constant Home - assumed 'Home' C:\wamp64\www\Express\Home\Conf\config.php 第 17 行.
NOTIC: [8] Use of undefined constant Home - assumed 'Home' C:\wamp64\www\Express\Home\Conf\config.php 第 18 行.
NOTIC: [8] Use of undefined constant Home - assumed 'Home' C:\wamp64\www\Express\Home\Conf\config.php 第 19 行.
NOTIC: [8] Use of undefined constant Home - assumed 'Home' C:\wamp64\www\Express\Home\Conf\config.php 第 20 行.
INFO: [ app_begin ] --START--
INFO: Run Behavior\ReadHtmlCacheBehavior [ RunTime:0.000516s ]
INFO: [ app_begin ] --END-- [ RunTime:0.000692s ]
INFO: [ app_end ] --START--
INFO: Run Behavior\ShowPageTraceBehavior [ RunTime:0.000680s ]
INFO: [ app_end ] --END-- [ RunTime:0.000886s ]

[ 2018-09-03T23:43:32+08:00 ] 113.200.157.236 /sendmes/set_msg
INFO: [ app_init ] --START--
INFO: Run Behavior\BuildLiteBehavior [ RunTime:0.000035s ]
INFO: [ app_init ] --END-- [ RunTime:0.000467s ]
NOTIC: [8] Use of undefined constant Home - assumed 'Home' C:\wamp64\www\Express\Home\Conf\config.php 第 17 行.
NOTIC: [8] Use of undefined constant Home - assumed 'Home' C:\wamp64\www\Express\Home\Conf\config.php 第 18 行.
NOTIC: [8] Use of undefined constant Home - assumed 'Home' C:\wamp64\www\Express\Home\Conf\config.php 第 19 行.
NOTIC: [8] Use of undefined constant Home - assumed 'Home' C:\wamp64\www\Express\Home\Conf\config.php 第 20 行.
INFO: [ app_begin ] --START--
INFO: Run Behavior\ReadHtmlCacheBehavior [ RunTime:0.000519s ]
INFO: [ app_begin ] --END-- [ RunTime:0.000861s ]
INFO: [ app_end ] --START--
INFO: Run Behavior\ShowPageTraceBehavior [ RunTime:0.000691s ]
INFO: [ app_end ] --END-- [ RunTime:0.000894s ]

[ 2018-09-03T23:43:32+08:00 ] 113.200.157.236 /favicon.ico
INFO: [ app_init ] --START--
INFO: Run Behavior\BuildLiteBehavior [ RunTime:0.000038s ]
INFO: [ app_init ] --END-- [ RunTime:0.000483s ]
NOTIC: [8] Use of undefined constant Home - assumed 'Home' C:\wamp64\www\Express\Home\Conf\config.php 第 17 行.
NOTIC: [8] Use of undefined constant Home - assumed 'Home' C:\wamp64\www\Express\Home\Conf\config.php 第 18 行.
NOTIC: [8] Use of undefined constant Home - assumed 'Home' C:\wamp64\www\Express\Home\Conf\config.php 第 19 行.
NOTIC: [8] Use of undefined constant Home - assumed 'Home' C:\wamp64\www\Express\Home\Conf\config.php 第 20 行.

[ 2018-09-03T23:45:41+08:00 ] 113.200.157.236 /sendmes/set_msg
INFO: [ app_init ] --START--
INFO: Run Behavior\BuildLiteBehavior [ RunTime:0.000034s ]
INFO: [ app_init ] --END-- [ RunTime:0.000465s ]
NOTIC: [8] Use of undefined constant Home - assumed 'Home' C:\wamp64\www\Express\Home\Conf\config.php 第 17 行.
NOTIC: [8] Use of undefined constant Home - assumed 'Home' C:\wamp64\www\Express\Home\Conf\config.php 第 18 行.
NOTIC: [8] Use of undefined constant Home - assumed 'Home' C:\wamp64\www\Express\Home\Conf\config.php 第 19 行.
NOTIC: [8] Use of undefined constant Home - assumed 'Home' C:\wamp64\www\Express\Home\Conf\config.php 第 20 行.
INFO: [ app_begin ] --START--
INFO: Run Behavior\ReadHtmlCacheBehavior [ RunTime:0.000532s ]
INFO: [ app_begin ] --END-- [ RunTime:0.000710s ]
INFO: [ app_end ] --START--
INFO: Run Behavior\ShowPageTraceBehavior [ RunTime:0.000684s ]
INFO: [ app_end ] --END-- [ RunTime:0.000890s ]

[ 2018-09-03T23:45:41+08:00 ] 113.200.157.236 /favicon.ico
INFO: [ app_init ] --START--
INFO: Run Behavior\BuildLiteBehavior [ RunTime:0.000035s ]
INFO: [ app_init ] --END-- [ RunTime:0.000470s ]
NOTIC: [8] Use of undefined constant Home - assumed 'Home' C:\wamp64\www\Express\Home\Conf\config.php 第 17 行.
NOTIC: [8] Use of undefined constant Home - assumed 'Home' C:\wamp64\www\Express\Home\Conf\config.php 第 18 行.
NOTIC: [8] Use of undefined constant Home - assumed 'Home' C:\wamp64\www\Express\Home\Conf\config.php 第 19 行.
NOTIC: [8] Use of undefined constant Home - assumed 'Home' C:\wamp64\www\Express\Home\Conf\config.php 第 20 行.

[ 2018-09-03T23:47:05+08:00 ] 113.200.157.236 /sendmes/set_msg
INFO: [ app_init ] --START--
INFO: Run Behavior\BuildLiteBehavior [ RunTime:0.000034s ]
INFO: [ app_init ] --END-- [ RunTime:0.000462s ]
NOTIC: [8] Use of undefined constant Home - assumed 'Home' C:\wamp64\www\Express\Home\Conf\config.php 第 17 行.
NOTIC: [8] Use of undefined constant Home - assumed 'Home' C:\wamp64\www\Express\Home\Conf\config.php 第 18 行.
NOTIC: [8] Use of undefined constant Home - assumed 'Home' C:\wamp64\www\Express\Home\Conf\config.php 第 19 行.
NOTIC: [8] Use of undefined constant Home - assumed 'Home' C:\wamp64\www\Express\Home\Conf\config.php 第 20 行.
INFO: [ app_begin ] --START--
INFO: Run Behavior\ReadHtmlCacheBehavior [ RunTime:0.000514s ]
INFO: [ app_begin ] --END-- [ RunTime:0.000686s ]
INFO: [ app_end ] --START--
INFO: Run Behavior\ShowPageTraceBehavior [ RunTime:0.000690s ]
INFO: [ app_end ] --END-- [ RunTime:0.000925s ]

[ 2018-09-03T23:47:05+08:00 ] 113.200.157.236 /favicon.ico
INFO: [ app_init ] --START--
INFO: Run Behavior\BuildLiteBehavior [ RunTime:0.000035s ]
INFO: [ app_init ] --END-- [ RunTime:0.000461s ]
NOTIC: [8] Use of undefined constant Home - assumed 'Home' C:\wamp64\www\Express\Home\Conf\config.php 第 17 行.
NOTIC: [8] Use of undefined constant Home - assumed 'Home' C:\wamp64\www\Express\Home\Conf\config.php 第 18 行.
NOTIC: [8] Use of undefined constant Home - assumed 'Home' C:\wamp64\www\Express\Home\Conf\config.php 第 19 行.
NOTIC: [8] Use of undefined constant Home - assumed 'Home' C:\wamp64\www\Express\Home\Conf\config.php 第 20 行.

[ 2018-09-03T23:47:23+08:00 ] 113.200.157.236 /sendmes/set_msg
INFO: [ app_init ] --START--
INFO: Run Behavior\BuildLiteBehavior [ RunTime:0.000034s ]
INFO: [ app_init ] --END-- [ RunTime:0.000466s ]
NOTIC: [8] Use of undefined constant Home - assumed 'Home' C:\wamp64\www\Express\Home\Conf\config.php 第 17 行.
NOTIC: [8] Use of undefined constant Home - assumed 'Home' C:\wamp64\www\Express\Home\Conf\config.php 第 18 行.
NOTIC: [8] Use of undefined constant Home - assumed 'Home' C:\wamp64\www\Express\Home\Conf\config.php 第 19 行.
NOTIC: [8] Use of undefined constant Home - assumed 'Home' C:\wamp64\www\Express\Home\Conf\config.php 第 20 行.
INFO: [ app_begin ] --START--
INFO: Run Behavior\ReadHtmlCacheBehavior [ RunTime:0.000514s ]
INFO: [ app_begin ] --END-- [ RunTime:0.000686s ]
INFO: [ app_end ] --START--
INFO: Run Behavior\ShowPageTraceBehavior [ RunTime:0.000680s ]
INFO: [ app_end ] --END-- [ RunTime:0.000893s ]

[ 2018-09-03T23:51:39+08:00 ] 113.200.157.236 /sendmes/set_msg
INFO: [ app_init ] --START--
INFO: Run Behavior\BuildLiteBehavior [ RunTime:0.000055s ]
INFO: [ app_init ] --END-- [ RunTime:0.000652s ]
NOTIC: [8] Use of undefined constant Home - assumed 'Home' C:\wamp64\www\Express\Home\Conf\config.php 第 17 行.
NOTIC: [8] Use of undefined constant Home - assumed 'Home' C:\wamp64\www\Express\Home\Conf\config.php 第 18 行.
NOTIC: [8] Use of undefined constant Home - assumed 'Home' C:\wamp64\www\Express\Home\Conf\config.php 第 19 行.
NOTIC: [8] Use of undefined constant Home - assumed 'Home' C:\wamp64\www\Express\Home\Conf\config.php 第 20 行.
INFO: [ app_begin ] --START--
INFO: Run Behavior\ReadHtmlCacheBehavior [ RunTime:0.000599s ]
INFO: [ app_begin ] --END-- [ RunTime:0.000825s ]
INFO: [ app_end ] --START--
INFO: Run Behavior\ShowPageTraceBehavior [ RunTime:0.000847s ]
INFO: [ app_end ] --END-- [ RunTime:0.001078s ]

[ 2018-09-03T23:51:39+08:00 ] 113.200.157.236 /favicon.ico
INFO: [ app_init ] --START--
INFO: Run Behavior\BuildLiteBehavior [ RunTime:0.000035s ]
INFO: [ app_init ] --END-- [ RunTime:0.000478s ]
NOTIC: [8] Use of undefined constant Home - assumed 'Home' C:\wamp64\www\Express\Home\Conf\config.php 第 17 行.
NOTIC: [8] Use of undefined constant Home - assumed 'Home' C:\wamp64\www\Express\Home\Conf\config.php 第 18 行.
NOTIC: [8] Use of undefined constant Home - assumed 'Home' C:\wamp64\www\Express\Home\Conf\config.php 第 19 行.
NOTIC: [8] Use of undefined constant Home - assumed 'Home' C:\wamp64\www\Express\Home\Conf\config.php 第 20 行.

[ 2018-09-03T23:55:53+08:00 ] 113.200.157.236 /sendmes/set_msg
INFO: [ app_init ] --START--
INFO: Run Behavior\BuildLiteBehavior [ RunTime:0.000035s ]
INFO: [ app_init ] --END-- [ RunTime:0.000554s ]
NOTIC: [8] Use of undefined constant Home - assumed 'Home' C:\wamp64\www\Express\Home\Conf\config.php 第 17 行.
NOTIC: [8] Use of undefined constant Home - assumed 'Home' C:\wamp64\www\Express\Home\Conf\config.php 第 18 行.
NOTIC: [8] Use of undefined constant Home - assumed 'Home' C:\wamp64\www\Express\Home\Conf\config.php 第 19 行.
NOTIC: [8] Use of undefined constant Home - assumed 'Home' C:\wamp64\www\Express\Home\Conf\config.php 第 20 行.
INFO: [ app_begin ] --START--
INFO: Run Behavior\ReadHtmlCacheBehavior [ RunTime:0.000604s ]
INFO: [ app_begin ] --END-- [ RunTime:0.000912s ]
INFO: [ app_end ] --START--
INFO: Run Behavior\ShowPageTraceBehavior [ RunTime:0.000784s ]
INFO: [ app_end ] --END-- [ RunTime:0.000997s ]

[ 2018-09-03T23:55:53+08:00 ] 113.200.157.236 /favicon.ico
INFO: [ app_init ] --START--
INFO: Run Behavior\BuildLiteBehavior [ RunTime:0.000035s ]
INFO: [ app_init ] --END-- [ RunTime:0.000485s ]
NOTIC: [8] Use of undefined constant Home - assumed 'Home' C:\wamp64\www\Express\Home\Conf\config.php 第 17 行.
NOTIC: [8] Use of undefined constant Home - assumed 'Home' C:\wamp64\www\Express\Home\Conf\config.php 第 18 行.
NOTIC: [8] Use of undefined constant Home - assumed 'Home' C:\wamp64\www\Express\Home\Conf\config.php 第 19 行.
NOTIC: [8] Use of undefined constant Home - assumed 'Home' C:\wamp64\www\Express\Home\Conf\config.php 第 20 行.

[ 2018-09-03T23:57:26+08:00 ] 113.200.157.236 /sendmes/set_msg
INFO: [ app_init ] --START--
INFO: Run Behavior\BuildLiteBehavior [ RunTime:0.000034s ]
INFO: [ app_init ] --END-- [ RunTime:0.000465s ]
NOTIC: [8] Use of undefined constant Home - assumed 'Home' C:\wamp64\www\Express\Home\Conf\config.php 第 17 行.
NOTIC: [8] Use of undefined constant Home - assumed 'Home' C:\wamp64\www\Express\Home\Conf\config.php 第 18 行.
NOTIC: [8] Use of undefined constant Home - assumed 'Home' C:\wamp64\www\Express\Home\Conf\config.php 第 19 行.
NOTIC: [8] Use of undefined constant Home - assumed 'Home' C:\wamp64\www\Express\Home\Conf\config.php 第 20 行.
INFO: [ app_begin ] --START--
INFO: Run Behavior\ReadHtmlCacheBehavior [ RunTime:0.000537s ]
INFO: [ app_begin ] --END-- [ RunTime:0.000710s ]
INFO: [ app_end ] --START--
INFO: Run Behavior\ShowPageTraceBehavior [ RunTime:0.000820s ]
INFO: [ app_end ] --END-- [ RunTime:0.001055s ]

[ 2018-09-03T23:57:26+08:00 ] 113.200.157.236 /favicon.ico
INFO: [ app_init ] --START--
INFO: Run Behavior\BuildLiteBehavior [ RunTime:0.000034s ]
INFO: [ app_init ] --END-- [ RunTime:0.000473s ]
NOTIC: [8] Use of undefined constant Home - assumed 'Home' C:\wamp64\www\Express\Home\Conf\config.php 第 17 行.
NOTIC: [8] Use of undefined constant Home - assumed 'Home' C:\wamp64\www\Express\Home\Conf\config.php 第 18 行.
NOTIC: [8] Use of undefined constant Home - assumed 'Home' C:\wamp64\www\Express\Home\Conf\config.php 第 19 行.
NOTIC: [8] Use of undefined constant Home - assumed 'Home' C:\wamp64\www\Express\Home\Conf\config.php 第 20 行.

