[ 2018-08-19T00:28:12+08:00 ] 193.253.178.183 /
INFO: [ app_init ] --START--
INFO: Run Behavior\BuildLiteBehavior [ RunTime:0.000068s ]
INFO: [ app_init ] --END-- [ RunTime:0.000916s ]
NOTIC: [8] Use of undefined constant Home - assumed 'Home' C:\wamp64\www\Express\Home\Conf\config.php 第 17 行.
NOTIC: [8] Use of undefined constant Home - assumed 'Home' C:\wamp64\www\Express\Home\Conf\config.php 第 18 行.
NOTIC: [8] Use of undefined constant Home - assumed 'Home' C:\wamp64\www\Express\Home\Conf\config.php 第 19 行.
NOTIC: [8] Use of undefined constant Home - assumed 'Home' C:\wamp64\www\Express\Home\Conf\config.php 第 20 行.
INFO: [ app_begin ] --START--
INFO: Run Behavior\ReadHtmlCacheBehavior [ RunTime:0.001253s ]
INFO: [ app_begin ] --END-- [ RunTime:0.001586s ]
NOTIC: [8] Undefined index: code C:\wamp64\www\Express\Home\Common\function.php 第 27 行.

[ 2018-08-19T01:04:10+08:00 ] 139.162.88.63 http://clientapi.ipip.net/echo.php?info=1234567890
INFO: [ app_init ] --START--
INFO: Run Behavior\BuildLiteBehavior [ RunTime:0.000043s ]
INFO: [ app_init ] --END-- [ RunTime:0.000608s ]
NOTIC: [8] Use of undefined constant Home - assumed 'Home' C:\wamp64\www\Express\Home\Conf\config.php 第 17 行.
NOTIC: [8] Use of undefined constant Home - assumed 'Home' C:\wamp64\www\Express\Home\Conf\config.php 第 18 行.
NOTIC: [8] Use of undefined constant Home - assumed 'Home' C:\wamp64\www\Express\Home\Conf\config.php 第 19 行.
NOTIC: [8] Use of undefined constant Home - assumed 'Home' C:\wamp64\www\Express\Home\Conf\config.php 第 20 行.
INFO: [ app_begin ] --START--
INFO: Run Behavior\ReadHtmlCacheBehavior [ RunTime:0.000890s ]
INFO: [ app_begin ] --END-- [ RunTime:0.001108s ]
ERR: 无法加载控制器:Echo.php

[ 2018-08-19T01:20:16+08:00 ] 34.239.183.87 /
INFO: [ app_init ] --START--
INFO: Run Behavior\BuildLiteBehavior [ RunTime:0.000044s ]
INFO: [ app_init ] --END-- [ RunTime:0.000691s ]
NOTIC: [8] Use of undefined constant Home - assumed 'Home' C:\wamp64\www\Express\Home\Conf\config.php 第 17 行.
NOTIC: [8] Use of undefined constant Home - assumed 'Home' C:\wamp64\www\Express\Home\Conf\config.php 第 18 行.
NOTIC: [8] Use of undefined constant Home - assumed 'Home' C:\wamp64\www\Express\Home\Conf\config.php 第 19 行.
NOTIC: [8] Use of undefined constant Home - assumed 'Home' C:\wamp64\www\Express\Home\Conf\config.php 第 20 行.
INFO: [ app_begin ] --START--
INFO: Run Behavior\ReadHtmlCacheBehavior [ RunTime:0.000871s ]
INFO: [ app_begin ] --END-- [ RunTime:0.001094s ]
NOTIC: [8] Undefined index: code C:\wamp64\www\Express\Home\Common\function.php 第 27 行.

[ 2018-08-19T02:25:33+08:00 ] 189.111.17.249 /
INFO: [ app_init ] --START--
INFO: Run Behavior\BuildLiteBehavior [ RunTime:0.000042s ]
INFO: [ app_init ] --END-- [ RunTime:0.000595s ]
NOTIC: [8] Use of undefined constant Home - assumed 'Home' C:\wamp64\www\Express\Home\Conf\config.php 第 17 行.
NOTIC: [8] Use of undefined constant Home - assumed 'Home' C:\wamp64\www\Express\Home\Conf\config.php 第 18 行.
NOTIC: [8] Use of undefined constant Home - assumed 'Home' C:\wamp64\www\Express\Home\Conf\config.php 第 19 行.
NOTIC: [8] Use of undefined constant Home - assumed 'Home' C:\wamp64\www\Express\Home\Conf\config.php 第 20 行.
INFO: [ app_begin ] --START--
INFO: Run Behavior\ReadHtmlCacheBehavior [ RunTime:0.000811s ]
INFO: [ app_begin ] --END-- [ RunTime:0.001015s ]
NOTIC: [8] Undefined index: code C:\wamp64\www\Express\Home\Common\function.php 第 27 行.

[ 2018-08-19T02:43:23+08:00 ] 103.117.33.111 /
INFO: [ app_init ] --START--
INFO: Run Behavior\BuildLiteBehavior [ RunTime:0.000044s ]
INFO: [ app_init ] --END-- [ RunTime:0.000625s ]
NOTIC: [8] Use of undefined constant Home - assumed 'Home' C:\wamp64\www\Express\Home\Conf\config.php 第 17 行.
NOTIC: [8] Use of undefined constant Home - assumed 'Home' C:\wamp64\www\Express\Home\Conf\config.php 第 18 行.
NOTIC: [8] Use of undefined constant Home - assumed 'Home' C:\wamp64\www\Express\Home\Conf\config.php 第 19 行.
NOTIC: [8] Use of undefined constant Home - assumed 'Home' C:\wamp64\www\Express\Home\Conf\config.php 第 20 行.
INFO: [ app_begin ] --START--
INFO: Run Behavior\ReadHtmlCacheBehavior [ RunTime:0.000871s ]
INFO: [ app_begin ] --END-- [ RunTime:0.001072s ]
NOTIC: [8] Undefined index: code C:\wamp64\www\Express\Home\Common\function.php 第 27 行.

[ 2018-08-19T02:52:17+08:00 ] 220.249.112.226 /
INFO: [ app_init ] --START--
INFO: Run Behavior\BuildLiteBehavior [ RunTime:0.000041s ]
INFO: [ app_init ] --END-- [ RunTime:0.000638s ]
NOTIC: [8] Use of undefined constant Home - assumed 'Home' C:\wamp64\www\Express\Home\Conf\config.php 第 17 行.
NOTIC: [8] Use of undefined constant Home - assumed 'Home' C:\wamp64\www\Express\Home\Conf\config.php 第 18 行.
NOTIC: [8] Use of undefined constant Home - assumed 'Home' C:\wamp64\www\Express\Home\Conf\config.php 第 19 行.
NOTIC: [8] Use of undefined constant Home - assumed 'Home' C:\wamp64\www\Express\Home\Conf\config.php 第 20 行.
INFO: [ app_begin ] --START--
INFO: Run Behavior\ReadHtmlCacheBehavior [ RunTime:0.000863s ]
INFO: [ app_begin ] --END-- [ RunTime:0.001064s ]
NOTIC: [8] Undefined index: code C:\wamp64\www\Express\Home\Common\function.php 第 27 行.

[ 2018-08-19T03:17:17+08:00 ] 189.79.124.248 /
INFO: [ app_init ] --START--
INFO: Run Behavior\BuildLiteBehavior [ RunTime:0.000040s ]
INFO: [ app_init ] --END-- [ RunTime:0.000716s ]
NOTIC: [8] Use of undefined constant Home - assumed 'Home' C:\wamp64\www\Express\Home\Conf\config.php 第 17 行.
NOTIC: [8] Use of undefined constant Home - assumed 'Home' C:\wamp64\www\Express\Home\Conf\config.php 第 18 行.
NOTIC: [8] Use of undefined constant Home - assumed 'Home' C:\wamp64\www\Express\Home\Conf\config.php 第 19 行.
NOTIC: [8] Use of undefined constant Home - assumed 'Home' C:\wamp64\www\Express\Home\Conf\config.php 第 20 行.
INFO: [ app_begin ] --START--
INFO: Run Behavior\ReadHtmlCacheBehavior [ RunTime:0.000815s ]
INFO: [ app_begin ] --END-- [ RunTime:0.001017s ]
NOTIC: [8] Undefined index: code C:\wamp64\www\Express\Home\Common\function.php 第 27 行.

[ 2018-08-19T03:49:52+08:00 ] 60.191.38.77 /
INFO: [ app_init ] --START--
INFO: Run Behavior\BuildLiteBehavior [ RunTime:0.000040s ]
INFO: [ app_init ] --END-- [ RunTime:0.000596s ]
NOTIC: [8] Use of undefined constant Home - assumed 'Home' C:\wamp64\www\Express\Home\Conf\config.php 第 17 行.
NOTIC: [8] Use of undefined constant Home - assumed 'Home' C:\wamp64\www\Express\Home\Conf\config.php 第 18 行.
NOTIC: [8] Use of undefined constant Home - assumed 'Home' C:\wamp64\www\Express\Home\Conf\config.php 第 19 行.
NOTIC: [8] Use of undefined constant Home - assumed 'Home' C:\wamp64\www\Express\Home\Conf\config.php 第 20 行.
INFO: [ app_begin ] --START--
INFO: Run Behavior\ReadHtmlCacheBehavior [ RunTime:0.000883s ]
INFO: [ app_begin ] --END-- [ RunTime:0.001081s ]
NOTIC: [8] Undefined index: code C:\wamp64\www\Express\Home\Common\function.php 第 27 行.

[ 2018-08-19T04:02:46+08:00 ] 120.92.72.246 /
INFO: [ app_init ] --START--
INFO: Run Behavior\BuildLiteBehavior [ RunTime:0.000068s ]
INFO: [ app_init ] --END-- [ RunTime:0.000910s ]
NOTIC: [8] Use of undefined constant Home - assumed 'Home' C:\wamp64\www\Express\Home\Conf\config.php 第 17 行.
NOTIC: [8] Use of undefined constant Home - assumed 'Home' C:\wamp64\www\Express\Home\Conf\config.php 第 18 行.
NOTIC: [8] Use of undefined constant Home - assumed 'Home' C:\wamp64\www\Express\Home\Conf\config.php 第 19 行.
NOTIC: [8] Use of undefined constant Home - assumed 'Home' C:\wamp64\www\Express\Home\Conf\config.php 第 20 行.
INFO: [ app_begin ] --START--
INFO: Run Behavior\ReadHtmlCacheBehavior [ RunTime:0.001238s ]
INFO: [ app_begin ] --END-- [ RunTime:0.001585s ]
NOTIC: [8] Undefined index: code C:\wamp64\www\Express\Home\Common\function.php 第 27 行.

[ 2018-08-19T04:03:49+08:00 ] 61.151.226.62 /
INFO: [ app_init ] --START--
INFO: Run Behavior\BuildLiteBehavior [ RunTime:0.000043s ]
INFO: [ app_init ] --END-- [ RunTime:0.000631s ]
NOTIC: [8] Use of undefined constant Home - assumed 'Home' C:\wamp64\www\Express\Home\Conf\config.php 第 17 行.
NOTIC: [8] Use of undefined constant Home - assumed 'Home' C:\wamp64\www\Express\Home\Conf\config.php 第 18 行.
NOTIC: [8] Use of undefined constant Home - assumed 'Home' C:\wamp64\www\Express\Home\Conf\config.php 第 19 行.
NOTIC: [8] Use of undefined constant Home - assumed 'Home' C:\wamp64\www\Express\Home\Conf\config.php 第 20 行.
INFO: [ app_begin ] --START--
INFO: Run Behavior\ReadHtmlCacheBehavior [ RunTime:0.000888s ]
INFO: [ app_begin ] --END-- [ RunTime:0.001092s ]
NOTIC: [8] Undefined index: code C:\wamp64\www\Express\Home\Common\function.php 第 27 行.

[ 2018-08-19T05:44:14+08:00 ] 59.110.18.205 /
INFO: [ app_init ] --START--
INFO: Run Behavior\BuildLiteBehavior [ RunTime:0.000069s ]
INFO: [ app_init ] --END-- [ RunTime:0.000922s ]
NOTIC: [8] Use of undefined constant Home - assumed 'Home' C:\wamp64\www\Express\Home\Conf\config.php 第 17 行.
NOTIC: [8] Use of undefined constant Home - assumed 'Home' C:\wamp64\www\Express\Home\Conf\config.php 第 18 行.
NOTIC: [8] Use of undefined constant Home - assumed 'Home' C:\wamp64\www\Express\Home\Conf\config.php 第 19 行.
NOTIC: [8] Use of undefined constant Home - assumed 'Home' C:\wamp64\www\Express\Home\Conf\config.php 第 20 行.
INFO: [ app_begin ] --START--
INFO: Run Behavior\ReadHtmlCacheBehavior [ RunTime:0.001247s ]
INFO: [ app_begin ] --END-- [ RunTime:0.001590s ]
NOTIC: [8] Undefined index: code C:\wamp64\www\Express\Home\Common\function.php 第 27 行.

[ 2018-08-19T06:06:47+08:00 ] 221.13.12.170 /
INFO: [ app_init ] --START--
INFO: Run Behavior\BuildLiteBehavior [ RunTime:0.000042s ]
INFO: [ app_init ] --END-- [ RunTime:0.000607s ]
NOTIC: [8] Use of undefined constant Home - assumed 'Home' C:\wamp64\www\Express\Home\Conf\config.php 第 17 行.
NOTIC: [8] Use of undefined constant Home - assumed 'Home' C:\wamp64\www\Express\Home\Conf\config.php 第 18 行.
NOTIC: [8] Use of undefined constant Home - assumed 'Home' C:\wamp64\www\Express\Home\Conf\config.php 第 19 行.
NOTIC: [8] Use of undefined constant Home - assumed 'Home' C:\wamp64\www\Express\Home\Conf\config.php 第 20 行.
INFO: [ app_begin ] --START--
INFO: Run Behavior\ReadHtmlCacheBehavior [ RunTime:0.000834s ]
INFO: [ app_begin ] --END-- [ RunTime:0.001032s ]
NOTIC: [8] Undefined index: code C:\wamp64\www\Express\Home\Common\function.php 第 27 行.

[ 2018-08-19T07:05:02+08:00 ] 45.79.136.24 /
INFO: [ app_init ] --START--
INFO: Run Behavior\BuildLiteBehavior [ RunTime:0.000042s ]
INFO: [ app_init ] --END-- [ RunTime:0.000598s ]
NOTIC: [8] Use of undefined constant Home - assumed 'Home' C:\wamp64\www\Express\Home\Conf\config.php 第 17 行.
NOTIC: [8] Use of undefined constant Home - assumed 'Home' C:\wamp64\www\Express\Home\Conf\config.php 第 18 行.
NOTIC: [8] Use of undefined constant Home - assumed 'Home' C:\wamp64\www\Express\Home\Conf\config.php 第 19 行.
NOTIC: [8] Use of undefined constant Home - assumed 'Home' C:\wamp64\www\Express\Home\Conf\config.php 第 20 行.
INFO: [ app_begin ] --START--
INFO: Run Behavior\ReadHtmlCacheBehavior [ RunTime:0.000854s ]
INFO: [ app_begin ] --END-- [ RunTime:0.001108s ]
NOTIC: [8] Undefined index: code C:\wamp64\www\Express\Home\Common\function.php 第 27 行.

[ 2018-08-19T07:18:20+08:00 ] 177.95.14.88 /
INFO: [ app_init ] --START--
INFO: Run Behavior\BuildLiteBehavior [ RunTime:0.000042s ]
INFO: [ app_init ] --END-- [ RunTime:0.000623s ]
NOTIC: [8] Use of undefined constant Home - assumed 'Home' C:\wamp64\www\Express\Home\Conf\config.php 第 17 行.
NOTIC: [8] Use of undefined constant Home - assumed 'Home' C:\wamp64\www\Express\Home\Conf\config.php 第 18 行.
NOTIC: [8] Use of undefined constant Home - assumed 'Home' C:\wamp64\www\Express\Home\Conf\config.php 第 19 行.
NOTIC: [8] Use of undefined constant Home - assumed 'Home' C:\wamp64\www\Express\Home\Conf\config.php 第 20 行.
INFO: [ app_begin ] --START--
INFO: Run Behavior\ReadHtmlCacheBehavior [ RunTime:0.000866s ]
INFO: [ app_begin ] --END-- [ RunTime:0.001213s ]
NOTIC: [8] Undefined index: code C:\wamp64\www\Express\Home\Common\function.php 第 27 行.

[ 2018-08-19T07:34:22+08:00 ] 198.108.66.176 /
INFO: [ app_init ] --START--
INFO: Run Behavior\BuildLiteBehavior [ RunTime:0.000042s ]
INFO: [ app_init ] --END-- [ RunTime:0.000636s ]
NOTIC: [8] Use of undefined constant Home - assumed 'Home' C:\wamp64\www\Express\Home\Conf\config.php 第 17 行.
NOTIC: [8] Use of undefined constant Home - assumed 'Home' C:\wamp64\www\Express\Home\Conf\config.php 第 18 行.
NOTIC: [8] Use of undefined constant Home - assumed 'Home' C:\wamp64\www\Express\Home\Conf\config.php 第 19 行.
NOTIC: [8] Use of undefined constant Home - assumed 'Home' C:\wamp64\www\Express\Home\Conf\config.php 第 20 行.
INFO: [ app_begin ] --START--
INFO: Run Behavior\ReadHtmlCacheBehavior [ RunTime:0.000834s ]
INFO: [ app_begin ] --END-- [ RunTime:0.001029s ]
NOTIC: [8] Undefined index: code C:\wamp64\www\Express\Home\Common\function.php 第 27 行.

[ 2018-08-19T07:57:39+08:00 ] 1.30.29.155 /
INFO: [ app_init ] --START--
INFO: Run Behavior\BuildLiteBehavior [ RunTime:0.000039s ]
INFO: [ app_init ] --END-- [ RunTime:0.000565s ]
NOTIC: [8] Use of undefined constant Home - assumed 'Home' C:\wamp64\www\Express\Home\Conf\config.php 第 17 行.
NOTIC: [8] Use of undefined constant Home - assumed 'Home' C:\wamp64\www\Express\Home\Conf\config.php 第 18 行.
NOTIC: [8] Use of undefined constant Home - assumed 'Home' C:\wamp64\www\Express\Home\Conf\config.php 第 19 行.
NOTIC: [8] Use of undefined constant Home - assumed 'Home' C:\wamp64\www\Express\Home\Conf\config.php 第 20 行.
INFO: [ app_begin ] --START--
INFO: Run Behavior\ReadHtmlCacheBehavior [ RunTime:0.000796s ]
INFO: [ app_begin ] --END-- [ RunTime:0.000994s ]
NOTIC: [8] Undefined index: code C:\wamp64\www\Express\Home\Common\function.php 第 27 行.

[ 2018-08-19T08:24:00+08:00 ] 77.78.61.100 /
INFO: [ app_init ] --START--
INFO: Run Behavior\BuildLiteBehavior [ RunTime:0.000051s ]
INFO: [ app_init ] --END-- [ RunTime:0.000663s ]
NOTIC: [8] Use of undefined constant Home - assumed 'Home' C:\wamp64\www\Express\Home\Conf\config.php 第 17 行.
NOTIC: [8] Use of undefined constant Home - assumed 'Home' C:\wamp64\www\Express\Home\Conf\config.php 第 18 行.
NOTIC: [8] Use of undefined constant Home - assumed 'Home' C:\wamp64\www\Express\Home\Conf\config.php 第 19 行.
NOTIC: [8] Use of undefined constant Home - assumed 'Home' C:\wamp64\www\Express\Home\Conf\config.php 第 20 行.
INFO: [ app_begin ] --START--
INFO: Run Behavior\ReadHtmlCacheBehavior [ RunTime:0.000838s ]
INFO: [ app_begin ] --END-- [ RunTime:0.001035s ]
NOTIC: [8] Undefined index: code C:\wamp64\www\Express\Home\Common\function.php 第 27 行.

[ 2018-08-19T08:33:43+08:00 ] 27.202.130.122 /
INFO: [ app_init ] --START--
INFO: Run Behavior\BuildLiteBehavior [ RunTime:0.000042s ]
INFO: [ app_init ] --END-- [ RunTime:0.000630s ]
NOTIC: [8] Use of undefined constant Home - assumed 'Home' C:\wamp64\www\Express\Home\Conf\config.php 第 17 行.
NOTIC: [8] Use of undefined constant Home - assumed 'Home' C:\wamp64\www\Express\Home\Conf\config.php 第 18 行.
NOTIC: [8] Use of undefined constant Home - assumed 'Home' C:\wamp64\www\Express\Home\Conf\config.php 第 19 行.
NOTIC: [8] Use of undefined constant Home - assumed 'Home' C:\wamp64\www\Express\Home\Conf\config.php 第 20 行.
INFO: [ app_begin ] --START--
INFO: Run Behavior\ReadHtmlCacheBehavior [ RunTime:0.000818s ]
INFO: [ app_begin ] --END-- [ RunTime:0.001030s ]
NOTIC: [8] Undefined index: code C:\wamp64\www\Express\Home\Common\function.php 第 27 行.

[ 2018-08-19T08:33:43+08:00 ] 27.202.130.122 /?_t_t_t=0.28566436102563586
INFO: [ app_init ] --START--
INFO: Run Behavior\BuildLiteBehavior [ RunTime:0.000040s ]
INFO: [ app_init ] --END-- [ RunTime:0.000606s ]
NOTIC: [8] Use of undefined constant Home - assumed 'Home' C:\wamp64\www\Express\Home\Conf\config.php 第 17 行.
NOTIC: [8] Use of undefined constant Home - assumed 'Home' C:\wamp64\www\Express\Home\Conf\config.php 第 18 行.
NOTIC: [8] Use of undefined constant Home - assumed 'Home' C:\wamp64\www\Express\Home\Conf\config.php 第 19 行.
NOTIC: [8] Use of undefined constant Home - assumed 'Home' C:\wamp64\www\Express\Home\Conf\config.php 第 20 行.
INFO: [ app_begin ] --START--
INFO: Run Behavior\ReadHtmlCacheBehavior [ RunTime:0.000692s ]
INFO: [ app_begin ] --END-- [ RunTime:0.000900s ]
NOTIC: [8] Undefined index: code C:\wamp64\www\Express\Home\Common\function.php 第 27 行.

[ 2018-08-19T08:33:44+08:00 ] 27.202.130.122 /home/index/index.html?code=0211tJEy0FBjth1k9KEy0J92Fy01tJEC&state=123456
INFO: [ app_init ] --START--
INFO: Run Behavior\BuildLiteBehavior [ RunTime:0.000055s ]
INFO: [ app_init ] --END-- [ RunTime:0.001060s ]
NOTIC: [8] Use of undefined constant Home - assumed 'Home' C:\wamp64\www\Express\Home\Conf\config.php 第 17 行.
NOTIC: [8] Use of undefined constant Home - assumed 'Home' C:\wamp64\www\Express\Home\Conf\config.php 第 18 行.
NOTIC: [8] Use of undefined constant Home - assumed 'Home' C:\wamp64\www\Express\Home\Conf\config.php 第 19 行.
NOTIC: [8] Use of undefined constant Home - assumed 'Home' C:\wamp64\www\Express\Home\Conf\config.php 第 20 行.
INFO: [ app_begin ] --START--
INFO: Run Behavior\ReadHtmlCacheBehavior [ RunTime:0.000739s ]
INFO: [ app_begin ] --END-- [ RunTime:0.000939s ]
NOTIC: [2] Illegal string offset 'openid' C:\wamp64\www\Express\Home\Common\function.php 第 37 行.
SQL: SHOW COLUMNS FROM `ui_userinfo` [ RunTime:0.0007s ]
SQL: SELECT * FROM `ui_userinfo` WHERE ( openid='{' )  [ RunTime:0.0003s ]
NOTIC: [8] Undefined index: code C:\wamp64\www\Express\Home\Common\function.php 第 43 行.

[ 2018-08-19T08:33:45+08:00 ] 27.202.130.122 /home/index/index.html?code=0617qxww0Vt6Bj1sRxyw0PcGww07qxwp&state=123456
INFO: [ app_init ] --START--
INFO: Run Behavior\BuildLiteBehavior [ RunTime:0.000042s ]
INFO: [ app_init ] --END-- [ RunTime:0.000748s ]
NOTIC: [8] Use of undefined constant Home - assumed 'Home' C:\wamp64\www\Express\Home\Conf\config.php 第 17 行.
NOTIC: [8] Use of undefined constant Home - assumed 'Home' C:\wamp64\www\Express\Home\Conf\config.php 第 18 行.
NOTIC: [8] Use of undefined constant Home - assumed 'Home' C:\wamp64\www\Express\Home\Conf\config.php 第 19 行.
NOTIC: [8] Use of undefined constant Home - assumed 'Home' C:\wamp64\www\Express\Home\Conf\config.php 第 20 行.
INFO: [ app_begin ] --START--
INFO: Run Behavior\ReadHtmlCacheBehavior [ RunTime:0.000692s ]
INFO: [ app_begin ] --END-- [ RunTime:0.000892s ]
SQL: SHOW COLUMNS FROM `ui_userinfo` [ RunTime:0.0007s ]
SQL: SELECT * FROM `ui_userinfo` WHERE ( openid='{' )  [ RunTime:0.0003s ]
SQL: SELECT `id`,`nickname`,`openid` FROM `ui_userinfo` WHERE `openid` = 'o1hEn1W9oVzYQ4jZcWADD4HDS_3U' LIMIT 1   [ RunTime:0.0005s ]
SQL: UPDATE `ui_userinfo` SET `openid`='o1hEn1W9oVzYQ4jZcWADD4HDS_3U',`nickname`='黄青。',`sex`='1',`headimgurl`='http://thirdwx.qlogo.cn/mmopen/vi_32/Q0j4TwGTfTJ2Ynhnd93otBjNl4xCzBic44xKhahQicKicFOXvTE57wibRxAwDwOicynw2DaoyvhD0WIgqYTvzibqKFfQ/132',`addtime`='1534638825' WHERE `openid` = 'o1hEn1W9oVzYQ4jZcWADD4HDS_3U' [ RunTime:0.0005s ]
SQL: SHOW COLUMNS FROM `ui_express` [ RunTime:0.0006s ]
SQL: SHOW COLUMNS FROM `ui_adress` [ RunTime:0.0005s ]
SQL: SELECT MAX(sort) AS tp_max FROM `ui_adress` WHERE `userid` = 13 LIMIT 1   [ RunTime:0.0004s ]
SQL: SELECT * FROM `ui_adress` WHERE `userid` = 13 AND `sort` = null LIMIT 1   [ RunTime:0.0003s ]
SQL: SELECT * FROM `ui_express`  [ RunTime:0.0003s ]
INFO: [ view_parse ] --START--
INFO: [ template_filter ] --START--
INFO: Run Behavior\ContentReplaceBehavior [ RunTime:0.000189s ]
INFO: [ template_filter ] --END-- [ RunTime:0.000386s ]
INFO: Run Behavior\ParseTemplateBehavior [ RunTime:0.014276s ]
INFO: [ view_parse ] --END-- [ RunTime:0.014485s ]
INFO: [ view_filter ] --START--
INFO: Run Behavior\WriteHtmlCacheBehavior [ RunTime:0.000472s ]
INFO: [ view_filter ] --END-- [ RunTime:0.000664s ]
INFO: [ app_end ] --START--
INFO: Run Behavior\ShowPageTraceBehavior [ RunTime:0.000688s ]
INFO: [ app_end ] --END-- [ RunTime:0.000882s ]

[ 2018-08-19T08:33:50+08:00 ] 27.202.130.122 /News
INFO: [ app_init ] --START--
INFO: Run Behavior\BuildLiteBehavior [ RunTime:0.000042s ]
INFO: [ app_init ] --END-- [ RunTime:0.000625s ]
NOTIC: [8] Use of undefined constant Home - assumed 'Home' C:\wamp64\www\Express\Home\Conf\config.php 第 17 行.
NOTIC: [8] Use of undefined constant Home - assumed 'Home' C:\wamp64\www\Express\Home\Conf\config.php 第 18 行.
NOTIC: [8] Use of undefined constant Home - assumed 'Home' C:\wamp64\www\Express\Home\Conf\config.php 第 19 行.
NOTIC: [8] Use of undefined constant Home - assumed 'Home' C:\wamp64\www\Express\Home\Conf\config.php 第 20 行.
INFO: [ app_begin ] --START--
INFO: Run Behavior\ReadHtmlCacheBehavior [ RunTime:0.000702s ]
INFO: [ app_begin ] --END-- [ RunTime:0.000904s ]
INFO: [ view_parse ] --START--
INFO: [ template_filter ] --START--
INFO: Run Behavior\ContentReplaceBehavior [ RunTime:0.000153s ]
INFO: [ template_filter ] --END-- [ RunTime:0.000344s ]
INFO: Run Behavior\ParseTemplateBehavior [ RunTime:0.010430s ]
INFO: [ view_parse ] --END-- [ RunTime:0.010631s ]
INFO: [ view_filter ] --START--
INFO: Run Behavior\WriteHtmlCacheBehavior [ RunTime:0.000466s ]
INFO: [ view_filter ] --END-- [ RunTime:0.000650s ]
INFO: [ app_end ] --START--
INFO: Run Behavior\ShowPageTraceBehavior [ RunTime:0.000688s ]
INFO: [ app_end ] --END-- [ RunTime:0.000878s ]

[ 2018-08-19T08:33:52+08:00 ] 27.202.130.122 /User
INFO: [ app_init ] --START--
INFO: Run Behavior\BuildLiteBehavior [ RunTime:0.000042s ]
INFO: [ app_init ] --END-- [ RunTime:0.000631s ]
NOTIC: [8] Use of undefined constant Home - assumed 'Home' C:\wamp64\www\Express\Home\Conf\config.php 第 17 行.
NOTIC: [8] Use of undefined constant Home - assumed 'Home' C:\wamp64\www\Express\Home\Conf\config.php 第 18 行.
NOTIC: [8] Use of undefined constant Home - assumed 'Home' C:\wamp64\www\Express\Home\Conf\config.php 第 19 行.
NOTIC: [8] Use of undefined constant Home - assumed 'Home' C:\wamp64\www\Express\Home\Conf\config.php 第 20 行.
INFO: [ app_begin ] --START--
INFO: Run Behavior\ReadHtmlCacheBehavior [ RunTime:0.000692s ]
INFO: [ app_begin ] --END-- [ RunTime:0.000893s ]
SQL: SHOW COLUMNS FROM `ui_userinfo` [ RunTime:0.0007s ]
SQL: SELECT `id`,`headimgurl`,`nickname` FROM `ui_userinfo` WHERE `openid` = 'o1hEn1W9oVzYQ4jZcWADD4HDS_3U' LIMIT 1   [ RunTime:0.0003s ]
INFO: [ view_parse ] --START--
INFO: [ template_filter ] --START--
INFO: Run Behavior\ContentReplaceBehavior [ RunTime:0.000173s ]
INFO: [ template_filter ] --END-- [ RunTime:0.000374s ]
INFO: Run Behavior\ParseTemplateBehavior [ RunTime:0.010912s ]
INFO: [ view_parse ] --END-- [ RunTime:0.011150s ]
INFO: [ view_filter ] --START--
INFO: Run Behavior\WriteHtmlCacheBehavior [ RunTime:0.000467s ]
INFO: [ view_filter ] --END-- [ RunTime:0.000661s ]
INFO: [ app_end ] --START--
INFO: Run Behavior\ShowPageTraceBehavior [ RunTime:0.000702s ]
INFO: [ app_end ] --END-- [ RunTime:0.000895s ]

[ 2018-08-19T08:34:42+08:00 ] 61.151.226.156 /
INFO: [ app_init ] --START--
INFO: Run Behavior\BuildLiteBehavior [ RunTime:0.000042s ]
INFO: [ app_init ] --END-- [ RunTime:0.000720s ]
NOTIC: [8] Use of undefined constant Home - assumed 'Home' C:\wamp64\www\Express\Home\Conf\config.php 第 17 行.
NOTIC: [8] Use of undefined constant Home - assumed 'Home' C:\wamp64\www\Express\Home\Conf\config.php 第 18 行.
NOTIC: [8] Use of undefined constant Home - assumed 'Home' C:\wamp64\www\Express\Home\Conf\config.php 第 19 行.
NOTIC: [8] Use of undefined constant Home - assumed 'Home' C:\wamp64\www\Express\Home\Conf\config.php 第 20 行.
INFO: [ app_begin ] --START--
INFO: Run Behavior\ReadHtmlCacheBehavior [ RunTime:0.000738s ]
INFO: [ app_begin ] --END-- [ RunTime:0.000939s ]
NOTIC: [8] Undefined index: code C:\wamp64\www\Express\Home\Common\function.php 第 27 行.

[ 2018-08-19T08:34:58+08:00 ] 61.151.225.191 /?_t_t_t=0.28566436102563586
INFO: [ app_init ] --START--
INFO: Run Behavior\BuildLiteBehavior [ RunTime:0.000042s ]
INFO: [ app_init ] --END-- [ RunTime:0.000697s ]
NOTIC: [8] Use of undefined constant Home - assumed 'Home' C:\wamp64\www\Express\Home\Conf\config.php 第 17 行.
NOTIC: [8] Use of undefined constant Home - assumed 'Home' C:\wamp64\www\Express\Home\Conf\config.php 第 18 行.
NOTIC: [8] Use of undefined constant Home - assumed 'Home' C:\wamp64\www\Express\Home\Conf\config.php 第 19 行.
NOTIC: [8] Use of undefined constant Home - assumed 'Home' C:\wamp64\www\Express\Home\Conf\config.php 第 20 行.
INFO: [ app_begin ] --START--
INFO: Run Behavior\ReadHtmlCacheBehavior [ RunTime:0.000747s ]
INFO: [ app_begin ] --END-- [ RunTime:0.000948s ]
NOTIC: [8] Undefined index: code C:\wamp64\www\Express\Home\Common\function.php 第 27 行.

[ 2018-08-19T08:35:05+08:00 ] 61.151.179.84 /News
INFO: [ app_init ] --START--
INFO: Run Behavior\BuildLiteBehavior [ RunTime:0.000040s ]
INFO: [ app_init ] --END-- [ RunTime:0.000612s ]
NOTIC: [8] Use of undefined constant Home - assumed 'Home' C:\wamp64\www\Express\Home\Conf\config.php 第 17 行.
NOTIC: [8] Use of undefined constant Home - assumed 'Home' C:\wamp64\www\Express\Home\Conf\config.php 第 18 行.
NOTIC: [8] Use of undefined constant Home - assumed 'Home' C:\wamp64\www\Express\Home\Conf\config.php 第 19 行.
NOTIC: [8] Use of undefined constant Home - assumed 'Home' C:\wamp64\www\Express\Home\Conf\config.php 第 20 行.
INFO: [ app_begin ] --START--
INFO: Run Behavior\ReadHtmlCacheBehavior [ RunTime:0.000730s ]
INFO: [ app_begin ] --END-- [ RunTime:0.000928s ]
INFO: [ view_parse ] --START--
INFO: [ template_filter ] --START--
INFO: Run Behavior\ContentReplaceBehavior [ RunTime:0.000149s ]
INFO: [ template_filter ] --END-- [ RunTime:0.000394s ]
INFO: Run Behavior\ParseTemplateBehavior [ RunTime:0.010410s ]
INFO: [ view_parse ] --END-- [ RunTime:0.010606s ]
INFO: [ view_filter ] --START--
INFO: Run Behavior\WriteHtmlCacheBehavior [ RunTime:0.000484s ]
INFO: [ view_filter ] --END-- [ RunTime:0.000684s ]
INFO: [ app_end ] --START--
INFO: Run Behavior\ShowPageTraceBehavior [ RunTime:0.000727s ]
INFO: [ app_end ] --END-- [ RunTime:0.000948s ]

[ 2018-08-19T09:16:20+08:00 ] 80.82.70.187 http://www.baidu.com/cache/global/img/gs.gif
INFO: [ app_init ] --START--
INFO: Run Behavior\BuildLiteBehavior [ RunTime:0.000040s ]
INFO: [ app_init ] --END-- [ RunTime:0.000611s ]
NOTIC: [8] Use of undefined constant Home - assumed 'Home' C:\wamp64\www\Express\Home\Conf\config.php 第 17 行.
NOTIC: [8] Use of undefined constant Home - assumed 'Home' C:\wamp64\www\Express\Home\Conf\config.php 第 18 行.
NOTIC: [8] Use of undefined constant Home - assumed 'Home' C:\wamp64\www\Express\Home\Conf\config.php 第 19 行.
NOTIC: [8] Use of undefined constant Home - assumed 'Home' C:\wamp64\www\Express\Home\Conf\config.php 第 20 行.

[ 2018-08-19T09:32:02+08:00 ] 219.217.204.115 /
INFO: [ app_init ] --START--
INFO: Run Behavior\BuildLiteBehavior [ RunTime:0.000041s ]
INFO: [ app_init ] --END-- [ RunTime:0.000627s ]
NOTIC: [8] Use of undefined constant Home - assumed 'Home' C:\wamp64\www\Express\Home\Conf\config.php 第 17 行.
NOTIC: [8] Use of undefined constant Home - assumed 'Home' C:\wamp64\www\Express\Home\Conf\config.php 第 18 行.
NOTIC: [8] Use of undefined constant Home - assumed 'Home' C:\wamp64\www\Express\Home\Conf\config.php 第 19 行.
NOTIC: [8] Use of undefined constant Home - assumed 'Home' C:\wamp64\www\Express\Home\Conf\config.php 第 20 行.
INFO: [ app_begin ] --START--
INFO: Run Behavior\ReadHtmlCacheBehavior [ RunTime:0.000722s ]
INFO: [ app_begin ] --END-- [ RunTime:0.000922s ]
NOTIC: [8] Undefined index: code C:\wamp64\www\Express\Home\Common\function.php 第 27 行.

[ 2018-08-19T09:38:35+08:00 ] 91.92.211.165 /
INFO: [ app_init ] --START--
INFO: Run Behavior\BuildLiteBehavior [ RunTime:0.000043s ]
INFO: [ app_init ] --END-- [ RunTime:0.000687s ]
NOTIC: [8] Use of undefined constant Home - assumed 'Home' C:\wamp64\www\Express\Home\Conf\config.php 第 17 行.
NOTIC: [8] Use of undefined constant Home - assumed 'Home' C:\wamp64\www\Express\Home\Conf\config.php 第 18 行.
NOTIC: [8] Use of undefined constant Home - assumed 'Home' C:\wamp64\www\Express\Home\Conf\config.php 第 19 行.
NOTIC: [8] Use of undefined constant Home - assumed 'Home' C:\wamp64\www\Express\Home\Conf\config.php 第 20 行.
INFO: [ app_begin ] --START--
INFO: Run Behavior\ReadHtmlCacheBehavior [ RunTime:0.000760s ]
INFO: [ app_begin ] --END-- [ RunTime:0.000979s ]
NOTIC: [8] Undefined index: code C:\wamp64\www\Express\Home\Common\function.php 第 27 行.

[ 2018-08-19T10:59:20+08:00 ] 139.162.108.53 /
INFO: [ app_init ] --START--
INFO: Run Behavior\BuildLiteBehavior [ RunTime:0.000044s ]
INFO: [ app_init ] --END-- [ RunTime:0.000755s ]
NOTIC: [8] Use of undefined constant Home - assumed 'Home' C:\wamp64\www\Express\Home\Conf\config.php 第 17 行.
NOTIC: [8] Use of undefined constant Home - assumed 'Home' C:\wamp64\www\Express\Home\Conf\config.php 第 18 行.
NOTIC: [8] Use of undefined constant Home - assumed 'Home' C:\wamp64\www\Express\Home\Conf\config.php 第 19 行.
NOTIC: [8] Use of undefined constant Home - assumed 'Home' C:\wamp64\www\Express\Home\Conf\config.php 第 20 行.
INFO: [ app_begin ] --START--
INFO: Run Behavior\ReadHtmlCacheBehavior [ RunTime:0.000767s ]
INFO: [ app_begin ] --END-- [ RunTime:0.000971s ]
NOTIC: [8] Undefined index: code C:\wamp64\www\Express\Home\Common\function.php 第 27 行.

[ 2018-08-19T11:16:24+08:00 ] 187.188.141.36 /
INFO: [ app_init ] --START--
INFO: Run Behavior\BuildLiteBehavior [ RunTime:0.000041s ]
INFO: [ app_init ] --END-- [ RunTime:0.000670s ]
NOTIC: [8] Use of undefined constant Home - assumed 'Home' C:\wamp64\www\Express\Home\Conf\config.php 第 17 行.
NOTIC: [8] Use of undefined constant Home - assumed 'Home' C:\wamp64\www\Express\Home\Conf\config.php 第 18 行.
NOTIC: [8] Use of undefined constant Home - assumed 'Home' C:\wamp64\www\Express\Home\Conf\config.php 第 19 行.
NOTIC: [8] Use of undefined constant Home - assumed 'Home' C:\wamp64\www\Express\Home\Conf\config.php 第 20 行.
INFO: [ app_begin ] --START--
INFO: Run Behavior\ReadHtmlCacheBehavior [ RunTime:0.000903s ]
INFO: [ app_begin ] --END-- [ RunTime:0.001108s ]
NOTIC: [8] Undefined index: code C:\wamp64\www\Express\Home\Common\function.php 第 27 行.

[ 2018-08-19T11:40:00+08:00 ] 121.138.100.252 /
INFO: [ app_init ] --START--
INFO: Run Behavior\BuildLiteBehavior [ RunTime:0.000039s ]
INFO: [ app_init ] --END-- [ RunTime:0.000612s ]
NOTIC: [8] Use of undefined constant Home - assumed 'Home' C:\wamp64\www\Express\Home\Conf\config.php 第 17 行.
NOTIC: [8] Use of undefined constant Home - assumed 'Home' C:\wamp64\www\Express\Home\Conf\config.php 第 18 行.
NOTIC: [8] Use of undefined constant Home - assumed 'Home' C:\wamp64\www\Express\Home\Conf\config.php 第 19 行.
NOTIC: [8] Use of undefined constant Home - assumed 'Home' C:\wamp64\www\Express\Home\Conf\config.php 第 20 行.
INFO: [ app_begin ] --START--
INFO: Run Behavior\ReadHtmlCacheBehavior [ RunTime:0.000814s ]
INFO: [ app_begin ] --END-- [ RunTime:0.001020s ]
NOTIC: [8] Undefined index: code C:\wamp64\www\Express\Home\Common\function.php 第 27 行.

[ 2018-08-19T12:31:11+08:00 ] 52.53.201.78 /
INFO: [ app_init ] --START--
INFO: Run Behavior\BuildLiteBehavior [ RunTime:0.000041s ]
INFO: [ app_init ] --END-- [ RunTime:0.000621s ]
NOTIC: [8] Use of undefined constant Home - assumed 'Home' C:\wamp64\www\Express\Home\Conf\config.php 第 17 行.
NOTIC: [8] Use of undefined constant Home - assumed 'Home' C:\wamp64\www\Express\Home\Conf\config.php 第 18 行.
NOTIC: [8] Use of undefined constant Home - assumed 'Home' C:\wamp64\www\Express\Home\Conf\config.php 第 19 行.
NOTIC: [8] Use of undefined constant Home - assumed 'Home' C:\wamp64\www\Express\Home\Conf\config.php 第 20 行.
INFO: [ app_begin ] --START--
INFO: Run Behavior\ReadHtmlCacheBehavior [ RunTime:0.000714s ]
INFO: [ app_begin ] --END-- [ RunTime:0.000912s ]
NOTIC: [8] Undefined index: code C:\wamp64\www\Express\Home\Common\function.php 第 27 行.

[ 2018-08-19T12:35:58+08:00 ] 202.110.134.4 /
INFO: [ app_init ] --START--
INFO: Run Behavior\BuildLiteBehavior [ RunTime:0.000043s ]
INFO: [ app_init ] --END-- [ RunTime:0.000624s ]
NOTIC: [8] Use of undefined constant Home - assumed 'Home' C:\wamp64\www\Express\Home\Conf\config.php 第 17 行.
NOTIC: [8] Use of undefined constant Home - assumed 'Home' C:\wamp64\www\Express\Home\Conf\config.php 第 18 行.
NOTIC: [8] Use of undefined constant Home - assumed 'Home' C:\wamp64\www\Express\Home\Conf\config.php 第 19 行.
NOTIC: [8] Use of undefined constant Home - assumed 'Home' C:\wamp64\www\Express\Home\Conf\config.php 第 20 行.
INFO: [ app_begin ] --START--
INFO: Run Behavior\ReadHtmlCacheBehavior [ RunTime:0.000714s ]
INFO: [ app_begin ] --END-- [ RunTime:0.000925s ]
NOTIC: [8] Undefined index: code C:\wamp64\www\Express\Home\Common\function.php 第 27 行.

[ 2018-08-19T13:29:51+08:00 ] 164.77.132.191 /
INFO: [ app_init ] --START--
INFO: Run Behavior\BuildLiteBehavior [ RunTime:0.000042s ]
INFO: [ app_init ] --END-- [ RunTime:0.000649s ]
NOTIC: [8] Use of undefined constant Home - assumed 'Home' C:\wamp64\www\Express\Home\Conf\config.php 第 17 行.
NOTIC: [8] Use of undefined constant Home - assumed 'Home' C:\wamp64\www\Express\Home\Conf\config.php 第 18 行.
NOTIC: [8] Use of undefined constant Home - assumed 'Home' C:\wamp64\www\Express\Home\Conf\config.php 第 19 行.
NOTIC: [8] Use of undefined constant Home - assumed 'Home' C:\wamp64\www\Express\Home\Conf\config.php 第 20 行.
INFO: [ app_begin ] --START--
INFO: Run Behavior\ReadHtmlCacheBehavior [ RunTime:0.000761s ]
INFO: [ app_begin ] --END-- [ RunTime:0.000961s ]
NOTIC: [8] Undefined index: code C:\wamp64\www\Express\Home\Common\function.php 第 27 行.

[ 2018-08-19T13:59:13+08:00 ] 187.34.45.233 /
INFO: [ app_init ] --START--
INFO: Run Behavior\BuildLiteBehavior [ RunTime:0.000040s ]
INFO: [ app_init ] --END-- [ RunTime:0.000615s ]
NOTIC: [8] Use of undefined constant Home - assumed 'Home' C:\wamp64\www\Express\Home\Conf\config.php 第 17 行.
NOTIC: [8] Use of undefined constant Home - assumed 'Home' C:\wamp64\www\Express\Home\Conf\config.php 第 18 行.
NOTIC: [8] Use of undefined constant Home - assumed 'Home' C:\wamp64\www\Express\Home\Conf\config.php 第 19 行.
NOTIC: [8] Use of undefined constant Home - assumed 'Home' C:\wamp64\www\Express\Home\Conf\config.php 第 20 行.
INFO: [ app_begin ] --START--
INFO: Run Behavior\ReadHtmlCacheBehavior [ RunTime:0.000750s ]
INFO: [ app_begin ] --END-- [ RunTime:0.000946s ]
NOTIC: [8] Undefined index: code C:\wamp64\www\Express\Home\Common\function.php 第 27 行.

[ 2018-08-19T13:59:13+08:00 ] 187.34.45.233 /
INFO: [ app_init ] --START--
INFO: Run Behavior\BuildLiteBehavior [ RunTime:0.000039s ]
INFO: [ app_init ] --END-- [ RunTime:0.000572s ]
NOTIC: [8] Use of undefined constant Home - assumed 'Home' C:\wamp64\www\Express\Home\Conf\config.php 第 17 行.
NOTIC: [8] Use of undefined constant Home - assumed 'Home' C:\wamp64\www\Express\Home\Conf\config.php 第 18 行.
NOTIC: [8] Use of undefined constant Home - assumed 'Home' C:\wamp64\www\Express\Home\Conf\config.php 第 19 行.
NOTIC: [8] Use of undefined constant Home - assumed 'Home' C:\wamp64\www\Express\Home\Conf\config.php 第 20 行.
INFO: [ app_begin ] --START--
INFO: Run Behavior\ReadHtmlCacheBehavior [ RunTime:0.000732s ]
INFO: [ app_begin ] --END-- [ RunTime:0.000927s ]
NOTIC: [8] Undefined index: code C:\wamp64\www\Express\Home\Common\function.php 第 27 行.

[ 2018-08-19T13:59:13+08:00 ] 187.34.45.233 /
INFO: [ app_init ] --START--
INFO: Run Behavior\BuildLiteBehavior [ RunTime:0.000040s ]
INFO: [ app_init ] --END-- [ RunTime:0.000601s ]
NOTIC: [8] Use of undefined constant Home - assumed 'Home' C:\wamp64\www\Express\Home\Conf\config.php 第 17 行.
NOTIC: [8] Use of undefined constant Home - assumed 'Home' C:\wamp64\www\Express\Home\Conf\config.php 第 18 行.
NOTIC: [8] Use of undefined constant Home - assumed 'Home' C:\wamp64\www\Express\Home\Conf\config.php 第 19 行.
NOTIC: [8] Use of undefined constant Home - assumed 'Home' C:\wamp64\www\Express\Home\Conf\config.php 第 20 行.
INFO: [ app_begin ] --START--
INFO: Run Behavior\ReadHtmlCacheBehavior [ RunTime:0.000805s ]
INFO: [ app_begin ] --END-- [ RunTime:0.001003s ]
NOTIC: [8] Undefined index: code C:\wamp64\www\Express\Home\Common\function.php 第 27 行.

[ 2018-08-19T14:27:59+08:00 ] 118.190.15.39 /
INFO: [ app_init ] --START--
INFO: Run Behavior\BuildLiteBehavior [ RunTime:0.000043s ]
INFO: [ app_init ] --END-- [ RunTime:0.000688s ]
NOTIC: [8] Use of undefined constant Home - assumed 'Home' C:\wamp64\www\Express\Home\Conf\config.php 第 17 行.
NOTIC: [8] Use of undefined constant Home - assumed 'Home' C:\wamp64\www\Express\Home\Conf\config.php 第 18 行.
NOTIC: [8] Use of undefined constant Home - assumed 'Home' C:\wamp64\www\Express\Home\Conf\config.php 第 19 行.
NOTIC: [8] Use of undefined constant Home - assumed 'Home' C:\wamp64\www\Express\Home\Conf\config.php 第 20 行.
INFO: [ app_begin ] --START--
INFO: Run Behavior\ReadHtmlCacheBehavior [ RunTime:0.000871s ]
INFO: [ app_begin ] --END-- [ RunTime:0.001095s ]
NOTIC: [8] Undefined index: code C:\wamp64\www\Express\Home\Common\function.php 第 27 行.

[ 2018-08-19T14:39:27+08:00 ] 182.200.3.183 /
INFO: [ app_init ] --START--
INFO: Run Behavior\BuildLiteBehavior [ RunTime:0.000042s ]
INFO: [ app_init ] --END-- [ RunTime:0.000621s ]
NOTIC: [8] Use of undefined constant Home - assumed 'Home' C:\wamp64\www\Express\Home\Conf\config.php 第 17 行.
NOTIC: [8] Use of undefined constant Home - assumed 'Home' C:\wamp64\www\Express\Home\Conf\config.php 第 18 行.
NOTIC: [8] Use of undefined constant Home - assumed 'Home' C:\wamp64\www\Express\Home\Conf\config.php 第 19 行.
NOTIC: [8] Use of undefined constant Home - assumed 'Home' C:\wamp64\www\Express\Home\Conf\config.php 第 20 行.
INFO: [ app_begin ] --START--
INFO: Run Behavior\ReadHtmlCacheBehavior [ RunTime:0.000800s ]
INFO: [ app_begin ] --END-- [ RunTime:0.001011s ]
NOTIC: [8] Undefined index: code C:\wamp64\www\Express\Home\Common\function.php 第 27 行.

[ 2018-08-19T15:52:48+08:00 ] 165.16.37.183 /
INFO: [ app_init ] --START--
INFO: Run Behavior\BuildLiteBehavior [ RunTime:0.000041s ]
INFO: [ app_init ] --END-- [ RunTime:0.000588s ]
NOTIC: [8] Use of undefined constant Home - assumed 'Home' C:\wamp64\www\Express\Home\Conf\config.php 第 17 行.
NOTIC: [8] Use of undefined constant Home - assumed 'Home' C:\wamp64\www\Express\Home\Conf\config.php 第 18 行.
NOTIC: [8] Use of undefined constant Home - assumed 'Home' C:\wamp64\www\Express\Home\Conf\config.php 第 19 行.
NOTIC: [8] Use of undefined constant Home - assumed 'Home' C:\wamp64\www\Express\Home\Conf\config.php 第 20 行.
INFO: [ app_begin ] --START--
INFO: Run Behavior\ReadHtmlCacheBehavior [ RunTime:0.000793s ]
INFO: [ app_begin ] --END-- [ RunTime:0.000988s ]
NOTIC: [8] Undefined index: code C:\wamp64\www\Express\Home\Common\function.php 第 27 行.

[ 2018-08-19T16:26:51+08:00 ] 84.20.83.145 /
INFO: [ app_init ] --START--
INFO: Run Behavior\BuildLiteBehavior [ RunTime:0.000040s ]
INFO: [ app_init ] --END-- [ RunTime:0.000639s ]
NOTIC: [8] Use of undefined constant Home - assumed 'Home' C:\wamp64\www\Express\Home\Conf\config.php 第 17 行.
NOTIC: [8] Use of undefined constant Home - assumed 'Home' C:\wamp64\www\Express\Home\Conf\config.php 第 18 行.
NOTIC: [8] Use of undefined constant Home - assumed 'Home' C:\wamp64\www\Express\Home\Conf\config.php 第 19 行.
NOTIC: [8] Use of undefined constant Home - assumed 'Home' C:\wamp64\www\Express\Home\Conf\config.php 第 20 行.
INFO: [ app_begin ] --START--
INFO: Run Behavior\ReadHtmlCacheBehavior [ RunTime:0.000867s ]
INFO: [ app_begin ] --END-- [ RunTime:0.001085s ]
NOTIC: [8] Undefined index: code C:\wamp64\www\Express\Home\Common\function.php 第 27 行.

[ 2018-08-19T16:35:20+08:00 ] 47.97.16.76 /
INFO: [ app_init ] --START--
INFO: Run Behavior\BuildLiteBehavior [ RunTime:0.000040s ]
INFO: [ app_init ] --END-- [ RunTime:0.000585s ]
NOTIC: [8] Use of undefined constant Home - assumed 'Home' C:\wamp64\www\Express\Home\Conf\config.php 第 17 行.
NOTIC: [8] Use of undefined constant Home - assumed 'Home' C:\wamp64\www\Express\Home\Conf\config.php 第 18 行.
NOTIC: [8] Use of undefined constant Home - assumed 'Home' C:\wamp64\www\Express\Home\Conf\config.php 第 19 行.
NOTIC: [8] Use of undefined constant Home - assumed 'Home' C:\wamp64\www\Express\Home\Conf\config.php 第 20 行.
INFO: [ app_begin ] --START--
INFO: Run Behavior\ReadHtmlCacheBehavior [ RunTime:0.000830s ]
INFO: [ app_begin ] --END-- [ RunTime:0.001039s ]
NOTIC: [8] Undefined index: code C:\wamp64\www\Express\Home\Common\function.php 第 27 行.

[ 2018-08-19T16:52:17+08:00 ] 177.223.102.113 /
INFO: [ app_init ] --START--
INFO: Run Behavior\BuildLiteBehavior [ RunTime:0.000043s ]
INFO: [ app_init ] --END-- [ RunTime:0.000600s ]
NOTIC: [8] Use of undefined constant Home - assumed 'Home' C:\wamp64\www\Express\Home\Conf\config.php 第 17 行.
NOTIC: [8] Use of undefined constant Home - assumed 'Home' C:\wamp64\www\Express\Home\Conf\config.php 第 18 行.
NOTIC: [8] Use of undefined constant Home - assumed 'Home' C:\wamp64\www\Express\Home\Conf\config.php 第 19 行.
NOTIC: [8] Use of undefined constant Home - assumed 'Home' C:\wamp64\www\Express\Home\Conf\config.php 第 20 行.
INFO: [ app_begin ] --START--
INFO: Run Behavior\ReadHtmlCacheBehavior [ RunTime:0.000865s ]
INFO: [ app_begin ] --END-- [ RunTime:0.001122s ]
NOTIC: [8] Undefined index: code C:\wamp64\www\Express\Home\Common\function.php 第 27 行.

[ 2018-08-19T18:07:28+08:00 ] 72.12.194.198 /
INFO: [ app_init ] --START--
INFO: Run Behavior\BuildLiteBehavior [ RunTime:0.000041s ]
INFO: [ app_init ] --END-- [ RunTime:0.000606s ]
NOTIC: [8] Use of undefined constant Home - assumed 'Home' C:\wamp64\www\Express\Home\Conf\config.php 第 17 行.
NOTIC: [8] Use of undefined constant Home - assumed 'Home' C:\wamp64\www\Express\Home\Conf\config.php 第 18 行.
NOTIC: [8] Use of undefined constant Home - assumed 'Home' C:\wamp64\www\Express\Home\Conf\config.php 第 19 行.
NOTIC: [8] Use of undefined constant Home - assumed 'Home' C:\wamp64\www\Express\Home\Conf\config.php 第 20 行.
INFO: [ app_begin ] --START--
INFO: Run Behavior\ReadHtmlCacheBehavior [ RunTime:0.000841s ]
INFO: [ app_begin ] --END-- [ RunTime:0.001040s ]
NOTIC: [8] Undefined index: code C:\wamp64\www\Express\Home\Common\function.php 第 27 行.

[ 2018-08-19T18:19:44+08:00 ] 1.80.70.12 /
INFO: [ app_init ] --START--
INFO: Run Behavior\BuildLiteBehavior [ RunTime:0.000043s ]
INFO: [ app_init ] --END-- [ RunTime:0.000616s ]
NOTIC: [8] Use of undefined constant Home - assumed 'Home' C:\wamp64\www\Express\Home\Conf\config.php 第 17 行.
NOTIC: [8] Use of undefined constant Home - assumed 'Home' C:\wamp64\www\Express\Home\Conf\config.php 第 18 行.
NOTIC: [8] Use of undefined constant Home - assumed 'Home' C:\wamp64\www\Express\Home\Conf\config.php 第 19 行.
NOTIC: [8] Use of undefined constant Home - assumed 'Home' C:\wamp64\www\Express\Home\Conf\config.php 第 20 行.
INFO: [ app_begin ] --START--
INFO: Run Behavior\ReadHtmlCacheBehavior [ RunTime:0.000907s ]
INFO: [ app_begin ] --END-- [ RunTime:0.001163s ]
NOTIC: [8] Undefined index: code C:\wamp64\www\Express\Home\Common\function.php 第 27 行.

[ 2018-08-19T19:36:53+08:00 ] 177.47.219.22 /
INFO: [ app_init ] --START--
INFO: Run Behavior\BuildLiteBehavior [ RunTime:0.000039s ]
INFO: [ app_init ] --END-- [ RunTime:0.000571s ]
NOTIC: [8] Use of undefined constant Home - assumed 'Home' C:\wamp64\www\Express\Home\Conf\config.php 第 17 行.
NOTIC: [8] Use of undefined constant Home - assumed 'Home' C:\wamp64\www\Express\Home\Conf\config.php 第 18 行.
NOTIC: [8] Use of undefined constant Home - assumed 'Home' C:\wamp64\www\Express\Home\Conf\config.php 第 19 行.
NOTIC: [8] Use of undefined constant Home - assumed 'Home' C:\wamp64\www\Express\Home\Conf\config.php 第 20 行.
INFO: [ app_begin ] --START--
INFO: Run Behavior\ReadHtmlCacheBehavior [ RunTime:0.000829s ]
INFO: [ app_begin ] --END-- [ RunTime:0.001063s ]
NOTIC: [8] Undefined index: code C:\wamp64\www\Express\Home\Common\function.php 第 27 行.

[ 2018-08-19T19:56:08+08:00 ] 61.151.226.71 /
INFO: [ app_init ] --START--
INFO: Run Behavior\BuildLiteBehavior [ RunTime:0.000051s ]
INFO: [ app_init ] --END-- [ RunTime:0.000584s ]
NOTIC: [8] Use of undefined constant Home - assumed 'Home' C:\wamp64\www\Express\Home\Conf\config.php 第 17 行.
NOTIC: [8] Use of undefined constant Home - assumed 'Home' C:\wamp64\www\Express\Home\Conf\config.php 第 18 行.
NOTIC: [8] Use of undefined constant Home - assumed 'Home' C:\wamp64\www\Express\Home\Conf\config.php 第 19 行.
NOTIC: [8] Use of undefined constant Home - assumed 'Home' C:\wamp64\www\Express\Home\Conf\config.php 第 20 行.
INFO: [ app_begin ] --START--
INFO: Run Behavior\ReadHtmlCacheBehavior [ RunTime:0.000815s ]
INFO: [ app_begin ] --END-- [ RunTime:0.001014s ]
NOTIC: [8] Undefined index: code C:\wamp64\www\Express\Home\Common\function.php 第 27 行.

[ 2018-08-19T21:15:14+08:00 ] 189.69.125.193 /
INFO: [ app_init ] --START--
INFO: Run Behavior\BuildLiteBehavior [ RunTime:0.000041s ]
INFO: [ app_init ] --END-- [ RunTime:0.000590s ]
NOTIC: [8] Use of undefined constant Home - assumed 'Home' C:\wamp64\www\Express\Home\Conf\config.php 第 17 行.
NOTIC: [8] Use of undefined constant Home - assumed 'Home' C:\wamp64\www\Express\Home\Conf\config.php 第 18 行.
NOTIC: [8] Use of undefined constant Home - assumed 'Home' C:\wamp64\www\Express\Home\Conf\config.php 第 19 行.
NOTIC: [8] Use of undefined constant Home - assumed 'Home' C:\wamp64\www\Express\Home\Conf\config.php 第 20 行.
INFO: [ app_begin ] --START--
INFO: Run Behavior\ReadHtmlCacheBehavior [ RunTime:0.000801s ]
INFO: [ app_begin ] --END-- [ RunTime:0.001025s ]
NOTIC: [8] Undefined index: code C:\wamp64\www\Express\Home\Common\function.php 第 27 行.

[ 2018-08-19T21:15:14+08:00 ] 189.69.125.193 /
INFO: [ app_init ] --START--
INFO: Run Behavior\BuildLiteBehavior [ RunTime:0.000161s ]
INFO: [ app_init ] --END-- [ RunTime:0.000700s ]
NOTIC: [8] Use of undefined constant Home - assumed 'Home' C:\wamp64\www\Express\Home\Conf\config.php 第 17 行.
NOTIC: [8] Use of undefined constant Home - assumed 'Home' C:\wamp64\www\Express\Home\Conf\config.php 第 18 行.
NOTIC: [8] Use of undefined constant Home - assumed 'Home' C:\wamp64\www\Express\Home\Conf\config.php 第 19 行.
NOTIC: [8] Use of undefined constant Home - assumed 'Home' C:\wamp64\www\Express\Home\Conf\config.php 第 20 行.
INFO: [ app_begin ] --START--
INFO: Run Behavior\ReadHtmlCacheBehavior [ RunTime:0.000715s ]
INFO: [ app_begin ] --END-- [ RunTime:0.000912s ]
NOTIC: [8] Undefined index: code C:\wamp64\www\Express\Home\Common\function.php 第 27 行.

[ 2018-08-19T21:36:07+08:00 ] 113.201.5.242 /
INFO: [ app_init ] --START--
INFO: Run Behavior\BuildLiteBehavior [ RunTime:0.000045s ]
INFO: [ app_init ] --END-- [ RunTime:0.000611s ]
NOTIC: [8] Use of undefined constant Home - assumed 'Home' C:\wamp64\www\Express\Home\Conf\config.php 第 17 行.
NOTIC: [8] Use of undefined constant Home - assumed 'Home' C:\wamp64\www\Express\Home\Conf\config.php 第 18 行.
NOTIC: [8] Use of undefined constant Home - assumed 'Home' C:\wamp64\www\Express\Home\Conf\config.php 第 19 行.
NOTIC: [8] Use of undefined constant Home - assumed 'Home' C:\wamp64\www\Express\Home\Conf\config.php 第 20 行.
INFO: [ app_begin ] --START--
INFO: Run Behavior\ReadHtmlCacheBehavior [ RunTime:0.000817s ]
INFO: [ app_begin ] --END-- [ RunTime:0.001026s ]
NOTIC: [8] Undefined index: code C:\wamp64\www\Express\Home\Common\function.php 第 27 行.

[ 2018-08-19T21:36:08+08:00 ] 113.201.5.242 /home/index/index.html?code=081P2Ao91IWWlR1dPcq91ZKuo91P2AoX&state=123456
INFO: [ app_init ] --START--
INFO: Run Behavior\BuildLiteBehavior [ RunTime:0.000062s ]
INFO: [ app_init ] --END-- [ RunTime:0.000642s ]
NOTIC: [8] Use of undefined constant Home - assumed 'Home' C:\wamp64\www\Express\Home\Conf\config.php 第 17 行.
NOTIC: [8] Use of undefined constant Home - assumed 'Home' C:\wamp64\www\Express\Home\Conf\config.php 第 18 行.
NOTIC: [8] Use of undefined constant Home - assumed 'Home' C:\wamp64\www\Express\Home\Conf\config.php 第 19 行.
NOTIC: [8] Use of undefined constant Home - assumed 'Home' C:\wamp64\www\Express\Home\Conf\config.php 第 20 行.
INFO: [ app_begin ] --START--
INFO: Run Behavior\ReadHtmlCacheBehavior [ RunTime:0.000913s ]
INFO: [ app_begin ] --END-- [ RunTime:0.001144s ]
NOTIC: [2] Illegal string offset 'openid' C:\wamp64\www\Express\Home\Common\function.php 第 37 行.
SQL: SHOW COLUMNS FROM `ui_userinfo` [ RunTime:0.0007s ]
SQL: SELECT * FROM `ui_userinfo` WHERE ( openid='{' )  [ RunTime:0.0004s ]
NOTIC: [8] Undefined index: code C:\wamp64\www\Express\Home\Common\function.php 第 43 行.

[ 2018-08-19T21:36:11+08:00 ] 113.201.5.242 /favicon.ico
INFO: [ app_init ] --START--
INFO: Run Behavior\BuildLiteBehavior [ RunTime:0.000040s ]
INFO: [ app_init ] --END-- [ RunTime:0.000811s ]
NOTIC: [8] Use of undefined constant Home - assumed 'Home' C:\wamp64\www\Express\Home\Conf\config.php 第 17 行.
NOTIC: [8] Use of undefined constant Home - assumed 'Home' C:\wamp64\www\Express\Home\Conf\config.php 第 18 行.
NOTIC: [8] Use of undefined constant Home - assumed 'Home' C:\wamp64\www\Express\Home\Conf\config.php 第 19 行.
NOTIC: [8] Use of undefined constant Home - assumed 'Home' C:\wamp64\www\Express\Home\Conf\config.php 第 20 行.

[ 2018-08-19T21:46:33+08:00 ] 58.19.92.130 /
INFO: [ app_init ] --START--
INFO: Run Behavior\BuildLiteBehavior [ RunTime:0.000070s ]
INFO: [ app_init ] --END-- [ RunTime:0.000984s ]
NOTIC: [8] Use of undefined constant Home - assumed 'Home' C:\wamp64\www\Express\Home\Conf\config.php 第 17 行.
NOTIC: [8] Use of undefined constant Home - assumed 'Home' C:\wamp64\www\Express\Home\Conf\config.php 第 18 行.
NOTIC: [8] Use of undefined constant Home - assumed 'Home' C:\wamp64\www\Express\Home\Conf\config.php 第 19 行.
NOTIC: [8] Use of undefined constant Home - assumed 'Home' C:\wamp64\www\Express\Home\Conf\config.php 第 20 行.
INFO: [ app_begin ] --START--
INFO: Run Behavior\ReadHtmlCacheBehavior [ RunTime:0.001124s ]
INFO: [ app_begin ] --END-- [ RunTime:0.001459s ]
NOTIC: [8] Undefined index: code C:\wamp64\www\Express\Home\Common\function.php 第 27 行.

[ 2018-08-19T23:06:22+08:00 ] 106.15.52.246 /
INFO: [ app_init ] --START--
INFO: Run Behavior\BuildLiteBehavior [ RunTime:0.000042s ]
INFO: [ app_init ] --END-- [ RunTime:0.000634s ]
NOTIC: [8] Use of undefined constant Home - assumed 'Home' C:\wamp64\www\Express\Home\Conf\config.php 第 17 行.
NOTIC: [8] Use of undefined constant Home - assumed 'Home' C:\wamp64\www\Express\Home\Conf\config.php 第 18 行.
NOTIC: [8] Use of undefined constant Home - assumed 'Home' C:\wamp64\www\Express\Home\Conf\config.php 第 19 行.
NOTIC: [8] Use of undefined constant Home - assumed 'Home' C:\wamp64\www\Express\Home\Conf\config.php 第 20 行.
INFO: [ app_begin ] --START--
INFO: Run Behavior\ReadHtmlCacheBehavior [ RunTime:0.000717s ]
INFO: [ app_begin ] --END-- [ RunTime:0.000930s ]
NOTIC: [8] Undefined index: code C:\wamp64\www\Express\Home\Common\function.php 第 27 行.

[ 2018-08-19T23:34:45+08:00 ] 185.226.140.127 /
INFO: [ app_init ] --START--
INFO: Run Behavior\BuildLiteBehavior [ RunTime:0.000040s ]
INFO: [ app_init ] --END-- [ RunTime:0.000603s ]
NOTIC: [8] Use of undefined constant Home - assumed 'Home' C:\wamp64\www\Express\Home\Conf\config.php 第 17 行.
NOTIC: [8] Use of undefined constant Home - assumed 'Home' C:\wamp64\www\Express\Home\Conf\config.php 第 18 行.
NOTIC: [8] Use of undefined constant Home - assumed 'Home' C:\wamp64\www\Express\Home\Conf\config.php 第 19 行.
NOTIC: [8] Use of undefined constant Home - assumed 'Home' C:\wamp64\www\Express\Home\Conf\config.php 第 20 行.
INFO: [ app_begin ] --START--
INFO: Run Behavior\ReadHtmlCacheBehavior [ RunTime:0.000698s ]
INFO: [ app_begin ] --END-- [ RunTime:0.000893s ]
NOTIC: [8] Undefined index: code C:\wamp64\www\Express\Home\Common\function.php 第 27 行.

[ 2018-08-19T23:47:45+08:00 ] 187.34.211.241 /
INFO: [ app_init ] --START--
INFO: Run Behavior\BuildLiteBehavior [ RunTime:0.000043s ]
INFO: [ app_init ] --END-- [ RunTime:0.000644s ]
NOTIC: [8] Use of undefined constant Home - assumed 'Home' C:\wamp64\www\Express\Home\Conf\config.php 第 17 行.
NOTIC: [8] Use of undefined constant Home - assumed 'Home' C:\wamp64\www\Express\Home\Conf\config.php 第 18 行.
NOTIC: [8] Use of undefined constant Home - assumed 'Home' C:\wamp64\www\Express\Home\Conf\config.php 第 19 行.
NOTIC: [8] Use of undefined constant Home - assumed 'Home' C:\wamp64\www\Express\Home\Conf\config.php 第 20 行.
INFO: [ app_begin ] --START--
INFO: Run Behavior\ReadHtmlCacheBehavior [ RunTime:0.000722s ]
INFO: [ app_begin ] --END-- [ RunTime:0.000922s ]
NOTIC: [8] Undefined index: code C:\wamp64\www\Express\Home\Common\function.php 第 27 行.

[ 2018-08-19T23:52:22+08:00 ] 188.130.250.14 /
INFO: [ app_init ] --START--
INFO: Run Behavior\BuildLiteBehavior [ RunTime:0.000041s ]
INFO: [ app_init ] --END-- [ RunTime:0.000597s ]
NOTIC: [8] Use of undefined constant Home - assumed 'Home' C:\wamp64\www\Express\Home\Conf\config.php 第 17 行.
NOTIC: [8] Use of undefined constant Home - assumed 'Home' C:\wamp64\www\Express\Home\Conf\config.php 第 18 行.
NOTIC: [8] Use of undefined constant Home - assumed 'Home' C:\wamp64\www\Express\Home\Conf\config.php 第 19 行.
NOTIC: [8] Use of undefined constant Home - assumed 'Home' C:\wamp64\www\Express\Home\Conf\config.php 第 20 行.
INFO: [ app_begin ] --START--
INFO: Run Behavior\ReadHtmlCacheBehavior [ RunTime:0.000711s ]
INFO: [ app_begin ] --END-- [ RunTime:0.000910s ]
NOTIC: [8] Undefined index: code C:\wamp64\www\Express\Home\Common\function.php 第 27 行.

