[ 2018-08-20T00:24:08+08:00 ] 120.78.225.124 /
INFO: [ app_init ] --START--
INFO: Run Behavior\BuildLiteBehavior [ RunTime:0.000042s ]
INFO: [ app_init ] --END-- [ RunTime:0.000628s ]
NOTIC: [8] Use of undefined constant Home - assumed 'Home' C:\wamp64\www\Express\Home\Conf\config.php 第 17 行.
NOTIC: [8] Use of undefined constant Home - assumed 'Home' C:\wamp64\www\Express\Home\Conf\config.php 第 18 行.
NOTIC: [8] Use of undefined constant Home - assumed 'Home' C:\wamp64\www\Express\Home\Conf\config.php 第 19 行.
NOTIC: [8] Use of undefined constant Home - assumed 'Home' C:\wamp64\www\Express\Home\Conf\config.php 第 20 行.
INFO: [ app_begin ] --START--
INFO: Run Behavior\ReadHtmlCacheBehavior [ RunTime:0.000799s ]
INFO: [ app_begin ] --END-- [ RunTime:0.001028s ]
NOTIC: [8] Undefined index: code C:\wamp64\www\Express\Home\Common\function.php 第 27 行.

[ 2018-08-20T00:43:40+08:00 ] 111.175.57.199 /
INFO: [ app_init ] --START--
INFO: Run Behavior\BuildLiteBehavior [ RunTime:0.000061s ]
INFO: [ app_init ] --END-- [ RunTime:0.000860s ]
NOTIC: [8] Use of undefined constant Home - assumed 'Home' C:\wamp64\www\Express\Home\Conf\config.php 第 17 行.
NOTIC: [8] Use of undefined constant Home - assumed 'Home' C:\wamp64\www\Express\Home\Conf\config.php 第 18 行.
NOTIC: [8] Use of undefined constant Home - assumed 'Home' C:\wamp64\www\Express\Home\Conf\config.php 第 19 行.
NOTIC: [8] Use of undefined constant Home - assumed 'Home' C:\wamp64\www\Express\Home\Conf\config.php 第 20 行.
INFO: [ app_begin ] --START--
INFO: Run Behavior\ReadHtmlCacheBehavior [ RunTime:0.000951s ]
INFO: [ app_begin ] --END-- [ RunTime:0.001259s ]
NOTIC: [8] Undefined index: code C:\wamp64\www\Express\Home\Common\function.php 第 27 行.

[ 2018-08-20T01:38:07+08:00 ] 186.211.1.100 /
INFO: [ app_init ] --START--
INFO: Run Behavior\BuildLiteBehavior [ RunTime:0.000041s ]
INFO: [ app_init ] --END-- [ RunTime:0.000648s ]
NOTIC: [8] Use of undefined constant Home - assumed 'Home' C:\wamp64\www\Express\Home\Conf\config.php 第 17 行.
NOTIC: [8] Use of undefined constant Home - assumed 'Home' C:\wamp64\www\Express\Home\Conf\config.php 第 18 行.
NOTIC: [8] Use of undefined constant Home - assumed 'Home' C:\wamp64\www\Express\Home\Conf\config.php 第 19 行.
NOTIC: [8] Use of undefined constant Home - assumed 'Home' C:\wamp64\www\Express\Home\Conf\config.php 第 20 行.
INFO: [ app_begin ] --START--
INFO: Run Behavior\ReadHtmlCacheBehavior [ RunTime:0.000755s ]
INFO: [ app_begin ] --END-- [ RunTime:0.000964s ]
NOTIC: [8] Undefined index: code C:\wamp64\www\Express\Home\Common\function.php 第 27 行.

[ 2018-08-20T01:57:17+08:00 ] 85.105.11.235 /
INFO: [ app_init ] --START--
INFO: Run Behavior\BuildLiteBehavior [ RunTime:0.000051s ]
INFO: [ app_init ] --END-- [ RunTime:0.000630s ]
NOTIC: [8] Use of undefined constant Home - assumed 'Home' C:\wamp64\www\Express\Home\Conf\config.php 第 17 行.
NOTIC: [8] Use of undefined constant Home - assumed 'Home' C:\wamp64\www\Express\Home\Conf\config.php 第 18 行.
NOTIC: [8] Use of undefined constant Home - assumed 'Home' C:\wamp64\www\Express\Home\Conf\config.php 第 19 行.
NOTIC: [8] Use of undefined constant Home - assumed 'Home' C:\wamp64\www\Express\Home\Conf\config.php 第 20 行.
INFO: [ app_begin ] --START--
INFO: Run Behavior\ReadHtmlCacheBehavior [ RunTime:0.000725s ]
INFO: [ app_begin ] --END-- [ RunTime:0.000927s ]
NOTIC: [8] Undefined index: code C:\wamp64\www\Express\Home\Common\function.php 第 27 行.

[ 2018-08-20T02:46:25+08:00 ] 154.126.168.9 /
INFO: [ app_init ] --START--
INFO: Run Behavior\BuildLiteBehavior [ RunTime:0.000042s ]
INFO: [ app_init ] --END-- [ RunTime:0.000642s ]
NOTIC: [8] Use of undefined constant Home - assumed 'Home' C:\wamp64\www\Express\Home\Conf\config.php 第 17 行.
NOTIC: [8] Use of undefined constant Home - assumed 'Home' C:\wamp64\www\Express\Home\Conf\config.php 第 18 行.
NOTIC: [8] Use of undefined constant Home - assumed 'Home' C:\wamp64\www\Express\Home\Conf\config.php 第 19 行.
NOTIC: [8] Use of undefined constant Home - assumed 'Home' C:\wamp64\www\Express\Home\Conf\config.php 第 20 行.
INFO: [ app_begin ] --START--
INFO: Run Behavior\ReadHtmlCacheBehavior [ RunTime:0.000764s ]
INFO: [ app_begin ] --END-- [ RunTime:0.001017s ]
NOTIC: [8] Undefined index: code C:\wamp64\www\Express\Home\Common\function.php 第 27 行.

[ 2018-08-20T02:59:10+08:00 ] 123.160.172.94 /
INFO: [ app_init ] --START--
INFO: Run Behavior\BuildLiteBehavior [ RunTime:0.000053s ]
INFO: [ app_init ] --END-- [ RunTime:0.000626s ]
NOTIC: [8] Use of undefined constant Home - assumed 'Home' C:\wamp64\www\Express\Home\Conf\config.php 第 17 行.
NOTIC: [8] Use of undefined constant Home - assumed 'Home' C:\wamp64\www\Express\Home\Conf\config.php 第 18 行.
NOTIC: [8] Use of undefined constant Home - assumed 'Home' C:\wamp64\www\Express\Home\Conf\config.php 第 19 行.
NOTIC: [8] Use of undefined constant Home - assumed 'Home' C:\wamp64\www\Express\Home\Conf\config.php 第 20 行.
INFO: [ app_begin ] --START--
INFO: Run Behavior\ReadHtmlCacheBehavior [ RunTime:0.000761s ]
INFO: [ app_begin ] --END-- [ RunTime:0.000962s ]
NOTIC: [8] Undefined index: code C:\wamp64\www\Express\Home\Common\function.php 第 27 行.

[ 2018-08-20T03:28:58+08:00 ] 177.95.43.22 /
INFO: [ app_init ] --START--
INFO: Run Behavior\BuildLiteBehavior [ RunTime:0.000043s ]
INFO: [ app_init ] --END-- [ RunTime:0.000649s ]
NOTIC: [8] Use of undefined constant Home - assumed 'Home' C:\wamp64\www\Express\Home\Conf\config.php 第 17 行.
NOTIC: [8] Use of undefined constant Home - assumed 'Home' C:\wamp64\www\Express\Home\Conf\config.php 第 18 行.
NOTIC: [8] Use of undefined constant Home - assumed 'Home' C:\wamp64\www\Express\Home\Conf\config.php 第 19 行.
NOTIC: [8] Use of undefined constant Home - assumed 'Home' C:\wamp64\www\Express\Home\Conf\config.php 第 20 行.
INFO: [ app_begin ] --START--
INFO: Run Behavior\ReadHtmlCacheBehavior [ RunTime:0.000732s ]
INFO: [ app_begin ] --END-- [ RunTime:0.000935s ]
NOTIC: [8] Undefined index: code C:\wamp64\www\Express\Home\Common\function.php 第 27 行.

[ 2018-08-20T03:31:50+08:00 ] 80.82.70.187 http://www.baidu.com/cache/global/img/gs.gif
INFO: [ app_init ] --START--
INFO: Run Behavior\BuildLiteBehavior [ RunTime:0.000042s ]
INFO: [ app_init ] --END-- [ RunTime:0.000655s ]
NOTIC: [8] Use of undefined constant Home - assumed 'Home' C:\wamp64\www\Express\Home\Conf\config.php 第 17 行.
NOTIC: [8] Use of undefined constant Home - assumed 'Home' C:\wamp64\www\Express\Home\Conf\config.php 第 18 行.
NOTIC: [8] Use of undefined constant Home - assumed 'Home' C:\wamp64\www\Express\Home\Conf\config.php 第 19 行.
NOTIC: [8] Use of undefined constant Home - assumed 'Home' C:\wamp64\www\Express\Home\Conf\config.php 第 20 行.

[ 2018-08-20T03:39:48+08:00 ] 79.112.255.219 /
INFO: [ app_init ] --START--
INFO: Run Behavior\BuildLiteBehavior [ RunTime:0.000042s ]
INFO: [ app_init ] --END-- [ RunTime:0.000640s ]
NOTIC: [8] Use of undefined constant Home - assumed 'Home' C:\wamp64\www\Express\Home\Conf\config.php 第 17 行.
NOTIC: [8] Use of undefined constant Home - assumed 'Home' C:\wamp64\www\Express\Home\Conf\config.php 第 18 行.
NOTIC: [8] Use of undefined constant Home - assumed 'Home' C:\wamp64\www\Express\Home\Conf\config.php 第 19 行.
NOTIC: [8] Use of undefined constant Home - assumed 'Home' C:\wamp64\www\Express\Home\Conf\config.php 第 20 行.
INFO: [ app_begin ] --START--
INFO: Run Behavior\ReadHtmlCacheBehavior [ RunTime:0.000732s ]
INFO: [ app_begin ] --END-- [ RunTime:0.000929s ]
NOTIC: [8] Undefined index: code C:\wamp64\www\Express\Home\Common\function.php 第 27 行.

[ 2018-08-20T05:13:42+08:00 ] 36.106.85.42 /
INFO: [ app_init ] --START--
INFO: Run Behavior\BuildLiteBehavior [ RunTime:0.000042s ]
INFO: [ app_init ] --END-- [ RunTime:0.000722s ]
NOTIC: [8] Use of undefined constant Home - assumed 'Home' C:\wamp64\www\Express\Home\Conf\config.php 第 17 行.
NOTIC: [8] Use of undefined constant Home - assumed 'Home' C:\wamp64\www\Express\Home\Conf\config.php 第 18 行.
NOTIC: [8] Use of undefined constant Home - assumed 'Home' C:\wamp64\www\Express\Home\Conf\config.php 第 19 行.
NOTIC: [8] Use of undefined constant Home - assumed 'Home' C:\wamp64\www\Express\Home\Conf\config.php 第 20 行.
INFO: [ app_begin ] --START--
INFO: Run Behavior\ReadHtmlCacheBehavior [ RunTime:0.000791s ]
INFO: [ app_begin ] --END-- [ RunTime:0.001058s ]
NOTIC: [8] Undefined index: code C:\wamp64\www\Express\Home\Common\function.php 第 27 行.

[ 2018-08-20T05:37:20+08:00 ] 82.114.66.246 /
INFO: [ app_init ] --START--
INFO: Run Behavior\BuildLiteBehavior [ RunTime:0.000041s ]
INFO: [ app_init ] --END-- [ RunTime:0.000614s ]
NOTIC: [8] Use of undefined constant Home - assumed 'Home' C:\wamp64\www\Express\Home\Conf\config.php 第 17 行.
NOTIC: [8] Use of undefined constant Home - assumed 'Home' C:\wamp64\www\Express\Home\Conf\config.php 第 18 行.
NOTIC: [8] Use of undefined constant Home - assumed 'Home' C:\wamp64\www\Express\Home\Conf\config.php 第 19 行.
NOTIC: [8] Use of undefined constant Home - assumed 'Home' C:\wamp64\www\Express\Home\Conf\config.php 第 20 行.
INFO: [ app_begin ] --START--
INFO: Run Behavior\ReadHtmlCacheBehavior [ RunTime:0.000707s ]
INFO: [ app_begin ] --END-- [ RunTime:0.000916s ]
NOTIC: [8] Undefined index: code C:\wamp64\www\Express\Home\Common\function.php 第 27 行.

[ 2018-08-20T05:37:33+08:00 ] 165.16.37.181 /
INFO: [ app_init ] --START--
INFO: Run Behavior\BuildLiteBehavior [ RunTime:0.000059s ]
INFO: [ app_init ] --END-- [ RunTime:0.000837s ]
NOTIC: [8] Use of undefined constant Home - assumed 'Home' C:\wamp64\www\Express\Home\Conf\config.php 第 17 行.
NOTIC: [8] Use of undefined constant Home - assumed 'Home' C:\wamp64\www\Express\Home\Conf\config.php 第 18 行.
NOTIC: [8] Use of undefined constant Home - assumed 'Home' C:\wamp64\www\Express\Home\Conf\config.php 第 19 行.
NOTIC: [8] Use of undefined constant Home - assumed 'Home' C:\wamp64\www\Express\Home\Conf\config.php 第 20 行.
INFO: [ app_begin ] --START--
INFO: Run Behavior\ReadHtmlCacheBehavior [ RunTime:0.000675s ]
INFO: [ app_begin ] --END-- [ RunTime:0.000872s ]
NOTIC: [8] Undefined index: code C:\wamp64\www\Express\Home\Common\function.php 第 27 行.

[ 2018-08-20T05:39:55+08:00 ] 139.162.88.63 http://clientapi.ipip.net/echo.php?info=1234567890
INFO: [ app_init ] --START--
INFO: Run Behavior\BuildLiteBehavior [ RunTime:0.000041s ]
INFO: [ app_init ] --END-- [ RunTime:0.000751s ]
NOTIC: [8] Use of undefined constant Home - assumed 'Home' C:\wamp64\www\Express\Home\Conf\config.php 第 17 行.
NOTIC: [8] Use of undefined constant Home - assumed 'Home' C:\wamp64\www\Express\Home\Conf\config.php 第 18 行.
NOTIC: [8] Use of undefined constant Home - assumed 'Home' C:\wamp64\www\Express\Home\Conf\config.php 第 19 行.
NOTIC: [8] Use of undefined constant Home - assumed 'Home' C:\wamp64\www\Express\Home\Conf\config.php 第 20 行.
INFO: [ app_begin ] --START--
INFO: Run Behavior\ReadHtmlCacheBehavior [ RunTime:0.000721s ]
INFO: [ app_begin ] --END-- [ RunTime:0.000918s ]
ERR: 无法加载控制器:Echo.php

[ 2018-08-20T06:07:14+08:00 ] 114.215.252.225 /
INFO: [ app_init ] --START--
INFO: Run Behavior\BuildLiteBehavior [ RunTime:0.000041s ]
INFO: [ app_init ] --END-- [ RunTime:0.000675s ]
NOTIC: [8] Use of undefined constant Home - assumed 'Home' C:\wamp64\www\Express\Home\Conf\config.php 第 17 行.
NOTIC: [8] Use of undefined constant Home - assumed 'Home' C:\wamp64\www\Express\Home\Conf\config.php 第 18 行.
NOTIC: [8] Use of undefined constant Home - assumed 'Home' C:\wamp64\www\Express\Home\Conf\config.php 第 19 行.
NOTIC: [8] Use of undefined constant Home - assumed 'Home' C:\wamp64\www\Express\Home\Conf\config.php 第 20 行.
INFO: [ app_begin ] --START--
INFO: Run Behavior\ReadHtmlCacheBehavior [ RunTime:0.000738s ]
INFO: [ app_begin ] --END-- [ RunTime:0.000971s ]
NOTIC: [8] Undefined index: code C:\wamp64\www\Express\Home\Common\function.php 第 27 行.

[ 2018-08-20T06:15:19+08:00 ] 177.67.92.17 /
INFO: [ app_init ] --START--
INFO: Run Behavior\BuildLiteBehavior [ RunTime:0.000043s ]
INFO: [ app_init ] --END-- [ RunTime:0.000623s ]
NOTIC: [8] Use of undefined constant Home - assumed 'Home' C:\wamp64\www\Express\Home\Conf\config.php 第 17 行.
NOTIC: [8] Use of undefined constant Home - assumed 'Home' C:\wamp64\www\Express\Home\Conf\config.php 第 18 行.
NOTIC: [8] Use of undefined constant Home - assumed 'Home' C:\wamp64\www\Express\Home\Conf\config.php 第 19 行.
NOTIC: [8] Use of undefined constant Home - assumed 'Home' C:\wamp64\www\Express\Home\Conf\config.php 第 20 行.
INFO: [ app_begin ] --START--
INFO: Run Behavior\ReadHtmlCacheBehavior [ RunTime:0.000732s ]
INFO: [ app_begin ] --END-- [ RunTime:0.000932s ]
NOTIC: [8] Undefined index: code C:\wamp64\www\Express\Home\Common\function.php 第 27 行.

[ 2018-08-20T06:38:24+08:00 ] 46.253.212.90 /
INFO: [ app_init ] --START--
INFO: Run Behavior\BuildLiteBehavior [ RunTime:0.000039s ]
INFO: [ app_init ] --END-- [ RunTime:0.000601s ]
NOTIC: [8] Use of undefined constant Home - assumed 'Home' C:\wamp64\www\Express\Home\Conf\config.php 第 17 行.
NOTIC: [8] Use of undefined constant Home - assumed 'Home' C:\wamp64\www\Express\Home\Conf\config.php 第 18 行.
NOTIC: [8] Use of undefined constant Home - assumed 'Home' C:\wamp64\www\Express\Home\Conf\config.php 第 19 行.
NOTIC: [8] Use of undefined constant Home - assumed 'Home' C:\wamp64\www\Express\Home\Conf\config.php 第 20 行.
INFO: [ app_begin ] --START--
INFO: Run Behavior\ReadHtmlCacheBehavior [ RunTime:0.000717s ]
INFO: [ app_begin ] --END-- [ RunTime:0.000976s ]
NOTIC: [8] Undefined index: code C:\wamp64\www\Express\Home\Common\function.php 第 27 行.

[ 2018-08-20T06:43:30+08:00 ] 103.229.47.190 /
INFO: [ app_init ] --START--
INFO: Run Behavior\BuildLiteBehavior [ RunTime:0.000046s ]
INFO: [ app_init ] --END-- [ RunTime:0.000773s ]
NOTIC: [8] Use of undefined constant Home - assumed 'Home' C:\wamp64\www\Express\Home\Conf\config.php 第 17 行.
NOTIC: [8] Use of undefined constant Home - assumed 'Home' C:\wamp64\www\Express\Home\Conf\config.php 第 18 行.
NOTIC: [8] Use of undefined constant Home - assumed 'Home' C:\wamp64\www\Express\Home\Conf\config.php 第 19 行.
NOTIC: [8] Use of undefined constant Home - assumed 'Home' C:\wamp64\www\Express\Home\Conf\config.php 第 20 行.
INFO: [ app_begin ] --START--
INFO: Run Behavior\ReadHtmlCacheBehavior [ RunTime:0.000886s ]
INFO: [ app_begin ] --END-- [ RunTime:0.001094s ]
NOTIC: [8] Undefined index: code C:\wamp64\www\Express\Home\Common\function.php 第 27 行.

[ 2018-08-20T06:59:07+08:00 ] 47.94.52.159 /
INFO: [ app_init ] --START--
INFO: Run Behavior\BuildLiteBehavior [ RunTime:0.000040s ]
INFO: [ app_init ] --END-- [ RunTime:0.000654s ]
NOTIC: [8] Use of undefined constant Home - assumed 'Home' C:\wamp64\www\Express\Home\Conf\config.php 第 17 行.
NOTIC: [8] Use of undefined constant Home - assumed 'Home' C:\wamp64\www\Express\Home\Conf\config.php 第 18 行.
NOTIC: [8] Use of undefined constant Home - assumed 'Home' C:\wamp64\www\Express\Home\Conf\config.php 第 19 行.
NOTIC: [8] Use of undefined constant Home - assumed 'Home' C:\wamp64\www\Express\Home\Conf\config.php 第 20 行.
INFO: [ app_begin ] --START--
INFO: Run Behavior\ReadHtmlCacheBehavior [ RunTime:0.000697s ]
INFO: [ app_begin ] --END-- [ RunTime:0.000904s ]
NOTIC: [8] Undefined index: code C:\wamp64\www\Express\Home\Common\function.php 第 27 行.

[ 2018-08-20T07:40:48+08:00 ] 191.13.38.234 /
INFO: [ app_init ] --START--
INFO: Run Behavior\BuildLiteBehavior [ RunTime:0.000040s ]
INFO: [ app_init ] --END-- [ RunTime:0.000612s ]
NOTIC: [8] Use of undefined constant Home - assumed 'Home' C:\wamp64\www\Express\Home\Conf\config.php 第 17 行.
NOTIC: [8] Use of undefined constant Home - assumed 'Home' C:\wamp64\www\Express\Home\Conf\config.php 第 18 行.
NOTIC: [8] Use of undefined constant Home - assumed 'Home' C:\wamp64\www\Express\Home\Conf\config.php 第 19 行.
NOTIC: [8] Use of undefined constant Home - assumed 'Home' C:\wamp64\www\Express\Home\Conf\config.php 第 20 行.
INFO: [ app_begin ] --START--
INFO: Run Behavior\ReadHtmlCacheBehavior [ RunTime:0.000698s ]
INFO: [ app_begin ] --END-- [ RunTime:0.000906s ]
NOTIC: [8] Undefined index: code C:\wamp64\www\Express\Home\Common\function.php 第 27 行.

[ 2018-08-20T07:52:23+08:00 ] 39.109.139.119 /
INFO: [ app_init ] --START--
INFO: Run Behavior\BuildLiteBehavior [ RunTime:0.000039s ]
INFO: [ app_init ] --END-- [ RunTime:0.000577s ]
NOTIC: [8] Use of undefined constant Home - assumed 'Home' C:\wamp64\www\Express\Home\Conf\config.php 第 17 行.
NOTIC: [8] Use of undefined constant Home - assumed 'Home' C:\wamp64\www\Express\Home\Conf\config.php 第 18 行.
NOTIC: [8] Use of undefined constant Home - assumed 'Home' C:\wamp64\www\Express\Home\Conf\config.php 第 19 行.
NOTIC: [8] Use of undefined constant Home - assumed 'Home' C:\wamp64\www\Express\Home\Conf\config.php 第 20 行.
INFO: [ app_begin ] --START--
INFO: Run Behavior\ReadHtmlCacheBehavior [ RunTime:0.000816s ]
INFO: [ app_begin ] --END-- [ RunTime:0.001015s ]
NOTIC: [8] Undefined index: code C:\wamp64\www\Express\Home\Common\function.php 第 27 行.

[ 2018-08-20T08:51:39+08:00 ] 123.49.49.42 /
INFO: [ app_init ] --START--
INFO: Run Behavior\BuildLiteBehavior [ RunTime:0.000041s ]
INFO: [ app_init ] --END-- [ RunTime:0.000616s ]
NOTIC: [8] Use of undefined constant Home - assumed 'Home' C:\wamp64\www\Express\Home\Conf\config.php 第 17 行.
NOTIC: [8] Use of undefined constant Home - assumed 'Home' C:\wamp64\www\Express\Home\Conf\config.php 第 18 行.
NOTIC: [8] Use of undefined constant Home - assumed 'Home' C:\wamp64\www\Express\Home\Conf\config.php 第 19 行.
NOTIC: [8] Use of undefined constant Home - assumed 'Home' C:\wamp64\www\Express\Home\Conf\config.php 第 20 行.
INFO: [ app_begin ] --START--
INFO: Run Behavior\ReadHtmlCacheBehavior [ RunTime:0.000723s ]
INFO: [ app_begin ] --END-- [ RunTime:0.000939s ]
NOTIC: [8] Undefined index: code C:\wamp64\www\Express\Home\Common\function.php 第 27 行.

[ 2018-08-20T09:33:47+08:00 ] 111.162.158.85 /
INFO: [ app_init ] --START--
INFO: Run Behavior\BuildLiteBehavior [ RunTime:0.000071s ]
INFO: [ app_init ] --END-- [ RunTime:0.000939s ]
NOTIC: [8] Use of undefined constant Home - assumed 'Home' C:\wamp64\www\Express\Home\Conf\config.php 第 17 行.
NOTIC: [8] Use of undefined constant Home - assumed 'Home' C:\wamp64\www\Express\Home\Conf\config.php 第 18 行.
NOTIC: [8] Use of undefined constant Home - assumed 'Home' C:\wamp64\www\Express\Home\Conf\config.php 第 19 行.
NOTIC: [8] Use of undefined constant Home - assumed 'Home' C:\wamp64\www\Express\Home\Conf\config.php 第 20 行.
INFO: [ app_begin ] --START--
INFO: Run Behavior\ReadHtmlCacheBehavior [ RunTime:0.001151s ]
INFO: [ app_begin ] --END-- [ RunTime:0.001491s ]
NOTIC: [8] Undefined index: code C:\wamp64\www\Express\Home\Common\function.php 第 27 行.

[ 2018-08-20T09:58:51+08:00 ] 156.17.29.126 /
INFO: [ app_init ] --START--
INFO: Run Behavior\BuildLiteBehavior [ RunTime:0.000052s ]
INFO: [ app_init ] --END-- [ RunTime:0.000684s ]
NOTIC: [8] Use of undefined constant Home - assumed 'Home' C:\wamp64\www\Express\Home\Conf\config.php 第 17 行.
NOTIC: [8] Use of undefined constant Home - assumed 'Home' C:\wamp64\www\Express\Home\Conf\config.php 第 18 行.
NOTIC: [8] Use of undefined constant Home - assumed 'Home' C:\wamp64\www\Express\Home\Conf\config.php 第 19 行.
NOTIC: [8] Use of undefined constant Home - assumed 'Home' C:\wamp64\www\Express\Home\Conf\config.php 第 20 行.
INFO: [ app_begin ] --START--
INFO: Run Behavior\ReadHtmlCacheBehavior [ RunTime:0.000828s ]
INFO: [ app_begin ] --END-- [ RunTime:0.001034s ]
NOTIC: [8] Undefined index: code C:\wamp64\www\Express\Home\Common\function.php 第 27 行.

[ 2018-08-20T10:07:07+08:00 ] 122.14.218.24 /
INFO: [ app_init ] --START--
INFO: Run Behavior\BuildLiteBehavior [ RunTime:0.000065s ]
INFO: [ app_init ] --END-- [ RunTime:0.000678s ]
NOTIC: [8] Use of undefined constant Home - assumed 'Home' C:\wamp64\www\Express\Home\Conf\config.php 第 17 行.
NOTIC: [8] Use of undefined constant Home - assumed 'Home' C:\wamp64\www\Express\Home\Conf\config.php 第 18 行.
NOTIC: [8] Use of undefined constant Home - assumed 'Home' C:\wamp64\www\Express\Home\Conf\config.php 第 19 行.
NOTIC: [8] Use of undefined constant Home - assumed 'Home' C:\wamp64\www\Express\Home\Conf\config.php 第 20 行.
INFO: [ app_begin ] --START--
INFO: Run Behavior\ReadHtmlCacheBehavior [ RunTime:0.000816s ]
INFO: [ app_begin ] --END-- [ RunTime:0.001024s ]
NOTIC: [8] Undefined index: code C:\wamp64\www\Express\Home\Common\function.php 第 27 行.

[ 2018-08-20T10:19:37+08:00 ] 178.73.215.171 /
INFO: [ app_init ] --START--
INFO: Run Behavior\BuildLiteBehavior [ RunTime:0.000044s ]
INFO: [ app_init ] --END-- [ RunTime:0.000601s ]
NOTIC: [8] Use of undefined constant Home - assumed 'Home' C:\wamp64\www\Express\Home\Conf\config.php 第 17 行.
NOTIC: [8] Use of undefined constant Home - assumed 'Home' C:\wamp64\www\Express\Home\Conf\config.php 第 18 行.
NOTIC: [8] Use of undefined constant Home - assumed 'Home' C:\wamp64\www\Express\Home\Conf\config.php 第 19 行.
NOTIC: [8] Use of undefined constant Home - assumed 'Home' C:\wamp64\www\Express\Home\Conf\config.php 第 20 行.
INFO: [ app_begin ] --START--
INFO: Run Behavior\ReadHtmlCacheBehavior [ RunTime:0.000959s ]
INFO: [ app_begin ] --END-- [ RunTime:0.001161s ]
NOTIC: [8] Undefined index: code C:\wamp64\www\Express\Home\Common\function.php 第 27 行.

[ 2018-08-20T10:54:27+08:00 ] 122.228.10.51 /wls-wsat/CoordinatorPortType
INFO: [ app_init ] --START--
INFO: Run Behavior\BuildLiteBehavior [ RunTime:0.000045s ]
INFO: [ app_init ] --END-- [ RunTime:0.000656s ]
NOTIC: [8] Use of undefined constant Home - assumed 'Home' C:\wamp64\www\Express\Home\Conf\config.php 第 17 行.
NOTIC: [8] Use of undefined constant Home - assumed 'Home' C:\wamp64\www\Express\Home\Conf\config.php 第 18 行.
NOTIC: [8] Use of undefined constant Home - assumed 'Home' C:\wamp64\www\Express\Home\Conf\config.php 第 19 行.
NOTIC: [8] Use of undefined constant Home - assumed 'Home' C:\wamp64\www\Express\Home\Conf\config.php 第 20 行.
INFO: [ app_begin ] --START--
INFO: Run Behavior\ReadHtmlCacheBehavior [ RunTime:0.000720s ]
INFO: [ app_begin ] --END-- [ RunTime:0.000932s ]
ERR: 无法加载控制器:Wls-wsat

[ 2018-08-20T10:57:56+08:00 ] 119.23.139.140 /
INFO: [ app_init ] --START--
INFO: Run Behavior\BuildLiteBehavior [ RunTime:0.000042s ]
INFO: [ app_init ] --END-- [ RunTime:0.000606s ]
NOTIC: [8] Use of undefined constant Home - assumed 'Home' C:\wamp64\www\Express\Home\Conf\config.php 第 17 行.
NOTIC: [8] Use of undefined constant Home - assumed 'Home' C:\wamp64\www\Express\Home\Conf\config.php 第 18 行.
NOTIC: [8] Use of undefined constant Home - assumed 'Home' C:\wamp64\www\Express\Home\Conf\config.php 第 19 行.
NOTIC: [8] Use of undefined constant Home - assumed 'Home' C:\wamp64\www\Express\Home\Conf\config.php 第 20 行.
INFO: [ app_begin ] --START--
INFO: Run Behavior\ReadHtmlCacheBehavior [ RunTime:0.000721s ]
INFO: [ app_begin ] --END-- [ RunTime:0.000927s ]
NOTIC: [8] Undefined index: code C:\wamp64\www\Express\Home\Common\function.php 第 27 行.

[ 2018-08-20T11:05:21+08:00 ] 60.191.38.77 /
INFO: [ app_init ] --START--
INFO: Run Behavior\BuildLiteBehavior [ RunTime:0.000042s ]
INFO: [ app_init ] --END-- [ RunTime:0.000611s ]
NOTIC: [8] Use of undefined constant Home - assumed 'Home' C:\wamp64\www\Express\Home\Conf\config.php 第 17 行.
NOTIC: [8] Use of undefined constant Home - assumed 'Home' C:\wamp64\www\Express\Home\Conf\config.php 第 18 行.
NOTIC: [8] Use of undefined constant Home - assumed 'Home' C:\wamp64\www\Express\Home\Conf\config.php 第 19 行.
NOTIC: [8] Use of undefined constant Home - assumed 'Home' C:\wamp64\www\Express\Home\Conf\config.php 第 20 行.
INFO: [ app_begin ] --START--
INFO: Run Behavior\ReadHtmlCacheBehavior [ RunTime:0.000741s ]
INFO: [ app_begin ] --END-- [ RunTime:0.000943s ]
NOTIC: [8] Undefined index: code C:\wamp64\www\Express\Home\Common\function.php 第 27 行.

[ 2018-08-20T11:28:59+08:00 ] 27.156.89.108 /
INFO: [ app_init ] --START--
INFO: Run Behavior\BuildLiteBehavior [ RunTime:0.000045s ]
INFO: [ app_init ] --END-- [ RunTime:0.000735s ]
NOTIC: [8] Use of undefined constant Home - assumed 'Home' C:\wamp64\www\Express\Home\Conf\config.php 第 17 行.
NOTIC: [8] Use of undefined constant Home - assumed 'Home' C:\wamp64\www\Express\Home\Conf\config.php 第 18 行.
NOTIC: [8] Use of undefined constant Home - assumed 'Home' C:\wamp64\www\Express\Home\Conf\config.php 第 19 行.
NOTIC: [8] Use of undefined constant Home - assumed 'Home' C:\wamp64\www\Express\Home\Conf\config.php 第 20 行.
INFO: [ app_begin ] --START--
INFO: Run Behavior\ReadHtmlCacheBehavior [ RunTime:0.000762s ]
INFO: [ app_begin ] --END-- [ RunTime:0.001023s ]
NOTIC: [8] Undefined index: code C:\wamp64\www\Express\Home\Common\function.php 第 27 行.

[ 2018-08-20T12:15:54+08:00 ] 120.79.184.41 /
INFO: [ app_init ] --START--
INFO: Run Behavior\BuildLiteBehavior [ RunTime:0.000043s ]
INFO: [ app_init ] --END-- [ RunTime:0.000598s ]
NOTIC: [8] Use of undefined constant Home - assumed 'Home' C:\wamp64\www\Express\Home\Conf\config.php 第 17 行.
NOTIC: [8] Use of undefined constant Home - assumed 'Home' C:\wamp64\www\Express\Home\Conf\config.php 第 18 行.
NOTIC: [8] Use of undefined constant Home - assumed 'Home' C:\wamp64\www\Express\Home\Conf\config.php 第 19 行.
NOTIC: [8] Use of undefined constant Home - assumed 'Home' C:\wamp64\www\Express\Home\Conf\config.php 第 20 行.
INFO: [ app_begin ] --START--
INFO: Run Behavior\ReadHtmlCacheBehavior [ RunTime:0.000725s ]
INFO: [ app_begin ] --END-- [ RunTime:0.000924s ]
NOTIC: [8] Undefined index: code C:\wamp64\www\Express\Home\Common\function.php 第 27 行.

[ 2018-08-20T13:00:14+08:00 ] 31.132.67.150 /
INFO: [ app_init ] --START--
INFO: Run Behavior\BuildLiteBehavior [ RunTime:0.000064s ]
INFO: [ app_init ] --END-- [ RunTime:0.000654s ]
NOTIC: [8] Use of undefined constant Home - assumed 'Home' C:\wamp64\www\Express\Home\Conf\config.php 第 17 行.
NOTIC: [8] Use of undefined constant Home - assumed 'Home' C:\wamp64\www\Express\Home\Conf\config.php 第 18 行.
NOTIC: [8] Use of undefined constant Home - assumed 'Home' C:\wamp64\www\Express\Home\Conf\config.php 第 19 行.
NOTIC: [8] Use of undefined constant Home - assumed 'Home' C:\wamp64\www\Express\Home\Conf\config.php 第 20 行.
INFO: [ app_begin ] --START--
INFO: Run Behavior\ReadHtmlCacheBehavior [ RunTime:0.000819s ]
INFO: [ app_begin ] --END-- [ RunTime:0.001028s ]
NOTIC: [8] Undefined index: code C:\wamp64\www\Express\Home\Common\function.php 第 27 行.

[ 2018-08-20T13:11:42+08:00 ] 110.232.83.100 /
INFO: [ app_init ] --START--
INFO: Run Behavior\BuildLiteBehavior [ RunTime:0.000066s ]
INFO: [ app_init ] --END-- [ RunTime:0.000781s ]
NOTIC: [8] Use of undefined constant Home - assumed 'Home' C:\wamp64\www\Express\Home\Conf\config.php 第 17 行.
NOTIC: [8] Use of undefined constant Home - assumed 'Home' C:\wamp64\www\Express\Home\Conf\config.php 第 18 行.
NOTIC: [8] Use of undefined constant Home - assumed 'Home' C:\wamp64\www\Express\Home\Conf\config.php 第 19 行.
NOTIC: [8] Use of undefined constant Home - assumed 'Home' C:\wamp64\www\Express\Home\Conf\config.php 第 20 行.
INFO: [ app_begin ] --START--
INFO: Run Behavior\ReadHtmlCacheBehavior [ RunTime:0.000738s ]
INFO: [ app_begin ] --END-- [ RunTime:0.000941s ]
NOTIC: [8] Undefined index: code C:\wamp64\www\Express\Home\Common\function.php 第 27 行.

[ 2018-08-20T13:19:21+08:00 ] 187.35.8.253 /
INFO: [ app_init ] --START--
INFO: Run Behavior\BuildLiteBehavior [ RunTime:0.000041s ]
INFO: [ app_init ] --END-- [ RunTime:0.000617s ]
NOTIC: [8] Use of undefined constant Home - assumed 'Home' C:\wamp64\www\Express\Home\Conf\config.php 第 17 行.
NOTIC: [8] Use of undefined constant Home - assumed 'Home' C:\wamp64\www\Express\Home\Conf\config.php 第 18 行.
NOTIC: [8] Use of undefined constant Home - assumed 'Home' C:\wamp64\www\Express\Home\Conf\config.php 第 19 行.
NOTIC: [8] Use of undefined constant Home - assumed 'Home' C:\wamp64\www\Express\Home\Conf\config.php 第 20 行.
INFO: [ app_begin ] --START--
INFO: Run Behavior\ReadHtmlCacheBehavior [ RunTime:0.000709s ]
INFO: [ app_begin ] --END-- [ RunTime:0.000907s ]
NOTIC: [8] Undefined index: code C:\wamp64\www\Express\Home\Common\function.php 第 27 行.

[ 2018-08-20T13:25:13+08:00 ] 167.99.195.199 /
INFO: [ app_init ] --START--
INFO: Run Behavior\BuildLiteBehavior [ RunTime:0.000045s ]
INFO: [ app_init ] --END-- [ RunTime:0.000618s ]
NOTIC: [8] Use of undefined constant Home - assumed 'Home' C:\wamp64\www\Express\Home\Conf\config.php 第 17 行.
NOTIC: [8] Use of undefined constant Home - assumed 'Home' C:\wamp64\www\Express\Home\Conf\config.php 第 18 行.
NOTIC: [8] Use of undefined constant Home - assumed 'Home' C:\wamp64\www\Express\Home\Conf\config.php 第 19 行.
NOTIC: [8] Use of undefined constant Home - assumed 'Home' C:\wamp64\www\Express\Home\Conf\config.php 第 20 行.
INFO: [ app_begin ] --START--
INFO: Run Behavior\ReadHtmlCacheBehavior [ RunTime:0.000708s ]
INFO: [ app_begin ] --END-- [ RunTime:0.000908s ]
NOTIC: [8] Undefined index: code C:\wamp64\www\Express\Home\Common\function.php 第 27 行.

[ 2018-08-20T14:24:51+08:00 ] 197.245.41.234 /
INFO: [ app_init ] --START--
INFO: Run Behavior\BuildLiteBehavior [ RunTime:0.000042s ]
INFO: [ app_init ] --END-- [ RunTime:0.000588s ]
NOTIC: [8] Use of undefined constant Home - assumed 'Home' C:\wamp64\www\Express\Home\Conf\config.php 第 17 行.
NOTIC: [8] Use of undefined constant Home - assumed 'Home' C:\wamp64\www\Express\Home\Conf\config.php 第 18 行.
NOTIC: [8] Use of undefined constant Home - assumed 'Home' C:\wamp64\www\Express\Home\Conf\config.php 第 19 行.
NOTIC: [8] Use of undefined constant Home - assumed 'Home' C:\wamp64\www\Express\Home\Conf\config.php 第 20 行.
INFO: [ app_begin ] --START--
INFO: Run Behavior\ReadHtmlCacheBehavior [ RunTime:0.000714s ]
INFO: [ app_begin ] --END-- [ RunTime:0.001090s ]
NOTIC: [8] Undefined index: code C:\wamp64\www\Express\Home\Common\function.php 第 27 行.

[ 2018-08-20T14:49:32+08:00 ] 120.77.57.35 /
INFO: [ app_init ] --START--
INFO: Run Behavior\BuildLiteBehavior [ RunTime:0.000062s ]
INFO: [ app_init ] --END-- [ RunTime:0.000839s ]
NOTIC: [8] Use of undefined constant Home - assumed 'Home' C:\wamp64\www\Express\Home\Conf\config.php 第 17 行.
NOTIC: [8] Use of undefined constant Home - assumed 'Home' C:\wamp64\www\Express\Home\Conf\config.php 第 18 行.
NOTIC: [8] Use of undefined constant Home - assumed 'Home' C:\wamp64\www\Express\Home\Conf\config.php 第 19 行.
NOTIC: [8] Use of undefined constant Home - assumed 'Home' C:\wamp64\www\Express\Home\Conf\config.php 第 20 行.
INFO: [ app_begin ] --START--
INFO: Run Behavior\ReadHtmlCacheBehavior [ RunTime:0.000980s ]
INFO: [ app_begin ] --END-- [ RunTime:0.001304s ]
NOTIC: [8] Undefined index: code C:\wamp64\www\Express\Home\Common\function.php 第 27 行.

[ 2018-08-20T15:46:40+08:00 ] 47.97.23.199 /
INFO: [ app_init ] --START--
INFO: Run Behavior\BuildLiteBehavior [ RunTime:0.000043s ]
INFO: [ app_init ] --END-- [ RunTime:0.000622s ]
NOTIC: [8] Use of undefined constant Home - assumed 'Home' C:\wamp64\www\Express\Home\Conf\config.php 第 17 行.
NOTIC: [8] Use of undefined constant Home - assumed 'Home' C:\wamp64\www\Express\Home\Conf\config.php 第 18 行.
NOTIC: [8] Use of undefined constant Home - assumed 'Home' C:\wamp64\www\Express\Home\Conf\config.php 第 19 行.
NOTIC: [8] Use of undefined constant Home - assumed 'Home' C:\wamp64\www\Express\Home\Conf\config.php 第 20 行.
INFO: [ app_begin ] --START--
INFO: Run Behavior\ReadHtmlCacheBehavior [ RunTime:0.000807s ]
INFO: [ app_begin ] --END-- [ RunTime:0.001019s ]
NOTIC: [8] Undefined index: code C:\wamp64\www\Express\Home\Common\function.php 第 27 行.

[ 2018-08-20T15:48:26+08:00 ] 177.105.235.210 /
INFO: [ app_init ] --START--
INFO: Run Behavior\BuildLiteBehavior [ RunTime:0.000042s ]
INFO: [ app_init ] --END-- [ RunTime:0.000745s ]
NOTIC: [8] Use of undefined constant Home - assumed 'Home' C:\wamp64\www\Express\Home\Conf\config.php 第 17 行.
NOTIC: [8] Use of undefined constant Home - assumed 'Home' C:\wamp64\www\Express\Home\Conf\config.php 第 18 行.
NOTIC: [8] Use of undefined constant Home - assumed 'Home' C:\wamp64\www\Express\Home\Conf\config.php 第 19 行.
NOTIC: [8] Use of undefined constant Home - assumed 'Home' C:\wamp64\www\Express\Home\Conf\config.php 第 20 行.
INFO: [ app_begin ] --START--
INFO: Run Behavior\ReadHtmlCacheBehavior [ RunTime:0.000807s ]
INFO: [ app_begin ] --END-- [ RunTime:0.001008s ]
NOTIC: [8] Undefined index: code C:\wamp64\www\Express\Home\Common\function.php 第 27 行.

[ 2018-08-20T15:51:09+08:00 ] 172.82.166.210 http://www.baidu.com/cache/global/img/gs.gif
INFO: [ app_init ] --START--
INFO: Run Behavior\BuildLiteBehavior [ RunTime:0.000043s ]
INFO: [ app_init ] --END-- [ RunTime:0.000596s ]
NOTIC: [8] Use of undefined constant Home - assumed 'Home' C:\wamp64\www\Express\Home\Conf\config.php 第 17 行.
NOTIC: [8] Use of undefined constant Home - assumed 'Home' C:\wamp64\www\Express\Home\Conf\config.php 第 18 行.
NOTIC: [8] Use of undefined constant Home - assumed 'Home' C:\wamp64\www\Express\Home\Conf\config.php 第 19 行.
NOTIC: [8] Use of undefined constant Home - assumed 'Home' C:\wamp64\www\Express\Home\Conf\config.php 第 20 行.

[ 2018-08-20T15:55:28+08:00 ] 180.252.51.241 /
INFO: [ app_init ] --START--
INFO: Run Behavior\BuildLiteBehavior [ RunTime:0.000045s ]
INFO: [ app_init ] --END-- [ RunTime:0.000654s ]
NOTIC: [8] Use of undefined constant Home - assumed 'Home' C:\wamp64\www\Express\Home\Conf\config.php 第 17 行.
NOTIC: [8] Use of undefined constant Home - assumed 'Home' C:\wamp64\www\Express\Home\Conf\config.php 第 18 行.
NOTIC: [8] Use of undefined constant Home - assumed 'Home' C:\wamp64\www\Express\Home\Conf\config.php 第 19 行.
NOTIC: [8] Use of undefined constant Home - assumed 'Home' C:\wamp64\www\Express\Home\Conf\config.php 第 20 行.
INFO: [ app_begin ] --START--
INFO: Run Behavior\ReadHtmlCacheBehavior [ RunTime:0.000770s ]
INFO: [ app_begin ] --END-- [ RunTime:0.001003s ]
NOTIC: [8] Undefined index: code C:\wamp64\www\Express\Home\Common\function.php 第 27 行.

[ 2018-08-20T16:30:12+08:00 ] 186.46.148.194 /
INFO: [ app_init ] --START--
INFO: Run Behavior\BuildLiteBehavior [ RunTime:0.000044s ]
INFO: [ app_init ] --END-- [ RunTime:0.000644s ]
NOTIC: [8] Use of undefined constant Home - assumed 'Home' C:\wamp64\www\Express\Home\Conf\config.php 第 17 行.
NOTIC: [8] Use of undefined constant Home - assumed 'Home' C:\wamp64\www\Express\Home\Conf\config.php 第 18 行.
NOTIC: [8] Use of undefined constant Home - assumed 'Home' C:\wamp64\www\Express\Home\Conf\config.php 第 19 行.
NOTIC: [8] Use of undefined constant Home - assumed 'Home' C:\wamp64\www\Express\Home\Conf\config.php 第 20 行.
INFO: [ app_begin ] --START--
INFO: Run Behavior\ReadHtmlCacheBehavior [ RunTime:0.000781s ]
INFO: [ app_begin ] --END-- [ RunTime:0.001003s ]
NOTIC: [8] Undefined index: code C:\wamp64\www\Express\Home\Common\function.php 第 27 行.

[ 2018-08-20T17:09:25+08:00 ] 60.191.38.77 /
INFO: [ app_init ] --START--
INFO: Run Behavior\BuildLiteBehavior [ RunTime:0.000062s ]
INFO: [ app_init ] --END-- [ RunTime:0.000809s ]
NOTIC: [8] Use of undefined constant Home - assumed 'Home' C:\wamp64\www\Express\Home\Conf\config.php 第 17 行.
NOTIC: [8] Use of undefined constant Home - assumed 'Home' C:\wamp64\www\Express\Home\Conf\config.php 第 18 行.
NOTIC: [8] Use of undefined constant Home - assumed 'Home' C:\wamp64\www\Express\Home\Conf\config.php 第 19 行.
NOTIC: [8] Use of undefined constant Home - assumed 'Home' C:\wamp64\www\Express\Home\Conf\config.php 第 20 行.
INFO: [ app_begin ] --START--
INFO: Run Behavior\ReadHtmlCacheBehavior [ RunTime:0.000714s ]
INFO: [ app_begin ] --END-- [ RunTime:0.000926s ]
NOTIC: [8] Undefined index: code C:\wamp64\www\Express\Home\Common\function.php 第 27 行.

[ 2018-08-20T19:00:54+08:00 ] 46.102.188.161 /
INFO: [ app_init ] --START--
INFO: Run Behavior\BuildLiteBehavior [ RunTime:0.000043s ]
INFO: [ app_init ] --END-- [ RunTime:0.000594s ]
NOTIC: [8] Use of undefined constant Home - assumed 'Home' C:\wamp64\www\Express\Home\Conf\config.php 第 17 行.
NOTIC: [8] Use of undefined constant Home - assumed 'Home' C:\wamp64\www\Express\Home\Conf\config.php 第 18 行.
NOTIC: [8] Use of undefined constant Home - assumed 'Home' C:\wamp64\www\Express\Home\Conf\config.php 第 19 行.
NOTIC: [8] Use of undefined constant Home - assumed 'Home' C:\wamp64\www\Express\Home\Conf\config.php 第 20 行.
INFO: [ app_begin ] --START--
INFO: Run Behavior\ReadHtmlCacheBehavior [ RunTime:0.000772s ]
INFO: [ app_begin ] --END-- [ RunTime:0.000984s ]
NOTIC: [8] Undefined index: code C:\wamp64\www\Express\Home\Common\function.php 第 27 行.

[ 2018-08-20T19:48:45+08:00 ] 171.244.52.131 /
INFO: [ app_init ] --START--
INFO: Run Behavior\BuildLiteBehavior [ RunTime:0.000044s ]
INFO: [ app_init ] --END-- [ RunTime:0.000606s ]
NOTIC: [8] Use of undefined constant Home - assumed 'Home' C:\wamp64\www\Express\Home\Conf\config.php 第 17 行.
NOTIC: [8] Use of undefined constant Home - assumed 'Home' C:\wamp64\www\Express\Home\Conf\config.php 第 18 行.
NOTIC: [8] Use of undefined constant Home - assumed 'Home' C:\wamp64\www\Express\Home\Conf\config.php 第 19 行.
NOTIC: [8] Use of undefined constant Home - assumed 'Home' C:\wamp64\www\Express\Home\Conf\config.php 第 20 行.
INFO: [ app_begin ] --START--
INFO: Run Behavior\ReadHtmlCacheBehavior [ RunTime:0.000796s ]
INFO: [ app_begin ] --END-- [ RunTime:0.000999s ]
NOTIC: [8] Undefined index: code C:\wamp64\www\Express\Home\Common\function.php 第 27 行.

[ 2018-08-20T20:13:29+08:00 ] 185.205.93.144 /
INFO: [ app_init ] --START--
INFO: Run Behavior\BuildLiteBehavior [ RunTime:0.000041s ]
INFO: [ app_init ] --END-- [ RunTime:0.000591s ]
NOTIC: [8] Use of undefined constant Home - assumed 'Home' C:\wamp64\www\Express\Home\Conf\config.php 第 17 行.
NOTIC: [8] Use of undefined constant Home - assumed 'Home' C:\wamp64\www\Express\Home\Conf\config.php 第 18 行.
NOTIC: [8] Use of undefined constant Home - assumed 'Home' C:\wamp64\www\Express\Home\Conf\config.php 第 19 行.
NOTIC: [8] Use of undefined constant Home - assumed 'Home' C:\wamp64\www\Express\Home\Conf\config.php 第 20 行.
INFO: [ app_begin ] --START--
INFO: Run Behavior\ReadHtmlCacheBehavior [ RunTime:0.000712s ]
INFO: [ app_begin ] --END-- [ RunTime:0.000922s ]
NOTIC: [8] Undefined index: code C:\wamp64\www\Express\Home\Common\function.php 第 27 行.

[ 2018-08-20T20:37:39+08:00 ] 80.82.78.50 http://www.baidu.com/cache/global/img/gs.gif
INFO: [ app_init ] --START--
INFO: Run Behavior\BuildLiteBehavior [ RunTime:0.000043s ]
INFO: [ app_init ] --END-- [ RunTime:0.000599s ]
NOTIC: [8] Use of undefined constant Home - assumed 'Home' C:\wamp64\www\Express\Home\Conf\config.php 第 17 行.
NOTIC: [8] Use of undefined constant Home - assumed 'Home' C:\wamp64\www\Express\Home\Conf\config.php 第 18 行.
NOTIC: [8] Use of undefined constant Home - assumed 'Home' C:\wamp64\www\Express\Home\Conf\config.php 第 19 行.
NOTIC: [8] Use of undefined constant Home - assumed 'Home' C:\wamp64\www\Express\Home\Conf\config.php 第 20 行.

[ 2018-08-20T21:24:01+08:00 ] 41.202.232.179 /
INFO: [ app_init ] --START--
INFO: Run Behavior\BuildLiteBehavior [ RunTime:0.000042s ]
INFO: [ app_init ] --END-- [ RunTime:0.000576s ]
NOTIC: [8] Use of undefined constant Home - assumed 'Home' C:\wamp64\www\Express\Home\Conf\config.php 第 17 行.
NOTIC: [8] Use of undefined constant Home - assumed 'Home' C:\wamp64\www\Express\Home\Conf\config.php 第 18 行.
NOTIC: [8] Use of undefined constant Home - assumed 'Home' C:\wamp64\www\Express\Home\Conf\config.php 第 19 行.
NOTIC: [8] Use of undefined constant Home - assumed 'Home' C:\wamp64\www\Express\Home\Conf\config.php 第 20 行.
INFO: [ app_begin ] --START--
INFO: Run Behavior\ReadHtmlCacheBehavior [ RunTime:0.000706s ]
INFO: [ app_begin ] --END-- [ RunTime:0.000914s ]
NOTIC: [8] Undefined index: code C:\wamp64\www\Express\Home\Common\function.php 第 27 行.

[ 2018-08-20T21:45:06+08:00 ] 80.82.70.187 http://www.baidu.com/cache/global/img/gs.gif
INFO: [ app_init ] --START--
INFO: Run Behavior\BuildLiteBehavior [ RunTime:0.000043s ]
INFO: [ app_init ] --END-- [ RunTime:0.000628s ]
NOTIC: [8] Use of undefined constant Home - assumed 'Home' C:\wamp64\www\Express\Home\Conf\config.php 第 17 行.
NOTIC: [8] Use of undefined constant Home - assumed 'Home' C:\wamp64\www\Express\Home\Conf\config.php 第 18 行.
NOTIC: [8] Use of undefined constant Home - assumed 'Home' C:\wamp64\www\Express\Home\Conf\config.php 第 19 行.
NOTIC: [8] Use of undefined constant Home - assumed 'Home' C:\wamp64\www\Express\Home\Conf\config.php 第 20 行.

[ 2018-08-20T22:18:57+08:00 ] 42.51.178.141 /
INFO: [ app_init ] --START--
INFO: Run Behavior\BuildLiteBehavior [ RunTime:0.000063s ]
INFO: [ app_init ] --END-- [ RunTime:0.000693s ]
NOTIC: [8] Use of undefined constant Home - assumed 'Home' C:\wamp64\www\Express\Home\Conf\config.php 第 17 行.
NOTIC: [8] Use of undefined constant Home - assumed 'Home' C:\wamp64\www\Express\Home\Conf\config.php 第 18 行.
NOTIC: [8] Use of undefined constant Home - assumed 'Home' C:\wamp64\www\Express\Home\Conf\config.php 第 19 行.
NOTIC: [8] Use of undefined constant Home - assumed 'Home' C:\wamp64\www\Express\Home\Conf\config.php 第 20 行.
INFO: [ app_begin ] --START--
INFO: Run Behavior\ReadHtmlCacheBehavior [ RunTime:0.000784s ]
INFO: [ app_begin ] --END-- [ RunTime:0.000989s ]
NOTIC: [8] Undefined index: code C:\wamp64\www\Express\Home\Common\function.php 第 27 行.

[ 2018-08-20T22:25:24+08:00 ] 141.105.64.167 /
INFO: [ app_init ] --START--
INFO: Run Behavior\BuildLiteBehavior [ RunTime:0.000043s ]
INFO: [ app_init ] --END-- [ RunTime:0.000604s ]
NOTIC: [8] Use of undefined constant Home - assumed 'Home' C:\wamp64\www\Express\Home\Conf\config.php 第 17 行.
NOTIC: [8] Use of undefined constant Home - assumed 'Home' C:\wamp64\www\Express\Home\Conf\config.php 第 18 行.
NOTIC: [8] Use of undefined constant Home - assumed 'Home' C:\wamp64\www\Express\Home\Conf\config.php 第 19 行.
NOTIC: [8] Use of undefined constant Home - assumed 'Home' C:\wamp64\www\Express\Home\Conf\config.php 第 20 行.
INFO: [ app_begin ] --START--
INFO: Run Behavior\ReadHtmlCacheBehavior [ RunTime:0.000773s ]
INFO: [ app_begin ] --END-- [ RunTime:0.000980s ]
NOTIC: [8] Undefined index: code C:\wamp64\www\Express\Home\Common\function.php 第 27 行.

[ 2018-08-20T22:33:21+08:00 ] 105.22.37.206 /
INFO: [ app_init ] --START--
INFO: Run Behavior\BuildLiteBehavior [ RunTime:0.000044s ]
INFO: [ app_init ] --END-- [ RunTime:0.000598s ]
NOTIC: [8] Use of undefined constant Home - assumed 'Home' C:\wamp64\www\Express\Home\Conf\config.php 第 17 行.
NOTIC: [8] Use of undefined constant Home - assumed 'Home' C:\wamp64\www\Express\Home\Conf\config.php 第 18 行.
NOTIC: [8] Use of undefined constant Home - assumed 'Home' C:\wamp64\www\Express\Home\Conf\config.php 第 19 行.
NOTIC: [8] Use of undefined constant Home - assumed 'Home' C:\wamp64\www\Express\Home\Conf\config.php 第 20 行.
INFO: [ app_begin ] --START--
INFO: Run Behavior\ReadHtmlCacheBehavior [ RunTime:0.000730s ]
INFO: [ app_begin ] --END-- [ RunTime:0.000932s ]
NOTIC: [8] Undefined index: code C:\wamp64\www\Express\Home\Common\function.php 第 27 行.

[ 2018-08-20T22:50:13+08:00 ] 47.99.72.248 /
INFO: [ app_init ] --START--
INFO: Run Behavior\BuildLiteBehavior [ RunTime:0.000042s ]
INFO: [ app_init ] --END-- [ RunTime:0.000586s ]
NOTIC: [8] Use of undefined constant Home - assumed 'Home' C:\wamp64\www\Express\Home\Conf\config.php 第 17 行.
NOTIC: [8] Use of undefined constant Home - assumed 'Home' C:\wamp64\www\Express\Home\Conf\config.php 第 18 行.
NOTIC: [8] Use of undefined constant Home - assumed 'Home' C:\wamp64\www\Express\Home\Conf\config.php 第 19 行.
NOTIC: [8] Use of undefined constant Home - assumed 'Home' C:\wamp64\www\Express\Home\Conf\config.php 第 20 行.
INFO: [ app_begin ] --START--
INFO: Run Behavior\ReadHtmlCacheBehavior [ RunTime:0.000715s ]
INFO: [ app_begin ] --END-- [ RunTime:0.000921s ]
NOTIC: [8] Undefined index: code C:\wamp64\www\Express\Home\Common\function.php 第 27 行.

[ 2018-08-20T22:50:13+08:00 ] 47.99.72.248 /explicit_not_exist_path
INFO: [ app_init ] --START--
INFO: Run Behavior\BuildLiteBehavior [ RunTime:0.000071s ]
INFO: [ app_init ] --END-- [ RunTime:0.000935s ]
NOTIC: [8] Use of undefined constant Home - assumed 'Home' C:\wamp64\www\Express\Home\Conf\config.php 第 17 行.
NOTIC: [8] Use of undefined constant Home - assumed 'Home' C:\wamp64\www\Express\Home\Conf\config.php 第 18 行.
NOTIC: [8] Use of undefined constant Home - assumed 'Home' C:\wamp64\www\Express\Home\Conf\config.php 第 19 行.
NOTIC: [8] Use of undefined constant Home - assumed 'Home' C:\wamp64\www\Express\Home\Conf\config.php 第 20 行.
INFO: [ app_begin ] --START--
INFO: Run Behavior\ReadHtmlCacheBehavior [ RunTime:0.001076s ]
INFO: [ app_begin ] --END-- [ RunTime:0.001439s ]
ERR: 无法加载控制器:ExplicitNotExistPath

[ 2018-08-20T22:50:13+08:00 ] 47.99.72.248 /index.html
INFO: [ app_init ] --START--
INFO: Run Behavior\BuildLiteBehavior [ RunTime:0.000074s ]
INFO: [ app_init ] --END-- [ RunTime:0.000954s ]
NOTIC: [8] Use of undefined constant Home - assumed 'Home' C:\wamp64\www\Express\Home\Conf\config.php 第 17 行.
NOTIC: [8] Use of undefined constant Home - assumed 'Home' C:\wamp64\www\Express\Home\Conf\config.php 第 18 行.
NOTIC: [8] Use of undefined constant Home - assumed 'Home' C:\wamp64\www\Express\Home\Conf\config.php 第 19 行.
NOTIC: [8] Use of undefined constant Home - assumed 'Home' C:\wamp64\www\Express\Home\Conf\config.php 第 20 行.
INFO: [ app_begin ] --START--
INFO: Run Behavior\ReadHtmlCacheBehavior [ RunTime:0.000682s ]
INFO: [ app_begin ] --END-- [ RunTime:0.000880s ]
NOTIC: [8] Undefined index: code C:\wamp64\www\Express\Home\Common\function.php 第 27 行.

[ 2018-08-20T22:50:13+08:00 ] 47.99.72.248 /index.php
INFO: [ app_init ] --START--
INFO: Run Behavior\BuildLiteBehavior [ RunTime:0.000041s ]
INFO: [ app_init ] --END-- [ RunTime:0.000585s ]
NOTIC: [8] Use of undefined constant Home - assumed 'Home' C:\wamp64\www\Express\Home\Conf\config.php 第 17 行.
NOTIC: [8] Use of undefined constant Home - assumed 'Home' C:\wamp64\www\Express\Home\Conf\config.php 第 18 行.
NOTIC: [8] Use of undefined constant Home - assumed 'Home' C:\wamp64\www\Express\Home\Conf\config.php 第 19 行.
NOTIC: [8] Use of undefined constant Home - assumed 'Home' C:\wamp64\www\Express\Home\Conf\config.php 第 20 行.
INFO: [ app_begin ] --START--
INFO: Run Behavior\ReadHtmlCacheBehavior [ RunTime:0.000680s ]
INFO: [ app_begin ] --END-- [ RunTime:0.000879s ]
NOTIC: [8] Undefined index: code C:\wamp64\www\Express\Home\Common\function.php 第 27 行.

[ 2018-08-20T22:50:13+08:00 ] 47.99.72.248 /index.jsp
INFO: [ app_init ] --START--
INFO: Run Behavior\BuildLiteBehavior [ RunTime:0.000041s ]
INFO: [ app_init ] --END-- [ RunTime:0.000594s ]
NOTIC: [8] Use of undefined constant Home - assumed 'Home' C:\wamp64\www\Express\Home\Conf\config.php 第 17 行.
NOTIC: [8] Use of undefined constant Home - assumed 'Home' C:\wamp64\www\Express\Home\Conf\config.php 第 18 行.
NOTIC: [8] Use of undefined constant Home - assumed 'Home' C:\wamp64\www\Express\Home\Conf\config.php 第 19 行.
NOTIC: [8] Use of undefined constant Home - assumed 'Home' C:\wamp64\www\Express\Home\Conf\config.php 第 20 行.
INFO: [ app_begin ] --START--
INFO: Run Behavior\ReadHtmlCacheBehavior [ RunTime:0.000677s ]
INFO: [ app_begin ] --END-- [ RunTime:0.000887s ]
ERR: 无法加载控制器:Index.jsp

[ 2018-08-20T22:50:13+08:00 ] 47.99.72.248 /admin/
INFO: [ app_init ] --START--
INFO: Run Behavior\BuildLiteBehavior [ RunTime:0.000043s ]
INFO: [ app_init ] --END-- [ RunTime:0.000599s ]
NOTIC: [8] Use of undefined constant Home - assumed 'Home' C:\wamp64\www\Express\Home\Conf\config.php 第 17 行.
NOTIC: [8] Use of undefined constant Home - assumed 'Home' C:\wamp64\www\Express\Home\Conf\config.php 第 18 行.
NOTIC: [8] Use of undefined constant Home - assumed 'Home' C:\wamp64\www\Express\Home\Conf\config.php 第 19 行.
NOTIC: [8] Use of undefined constant Home - assumed 'Home' C:\wamp64\www\Express\Home\Conf\config.php 第 20 行.
INFO: [ app_begin ] --START--
INFO: Run Behavior\ReadHtmlCacheBehavior [ RunTime:0.000699s ]
INFO: [ app_begin ] --END-- [ RunTime:0.000924s ]
ERR: 无法加载控制器:Admin

[ 2018-08-20T22:50:13+08:00 ] 47.99.72.248 /favicon.ico
INFO: [ app_init ] --START--
INFO: Run Behavior\BuildLiteBehavior [ RunTime:0.000045s ]
INFO: [ app_init ] --END-- [ RunTime:0.000595s ]
NOTIC: [8] Use of undefined constant Home - assumed 'Home' C:\wamp64\www\Express\Home\Conf\config.php 第 17 行.
NOTIC: [8] Use of undefined constant Home - assumed 'Home' C:\wamp64\www\Express\Home\Conf\config.php 第 18 行.
NOTIC: [8] Use of undefined constant Home - assumed 'Home' C:\wamp64\www\Express\Home\Conf\config.php 第 19 行.
NOTIC: [8] Use of undefined constant Home - assumed 'Home' C:\wamp64\www\Express\Home\Conf\config.php 第 20 行.

[ 2018-08-20T22:50:14+08:00 ] 47.99.72.248 /robots.txt
INFO: [ app_init ] --START--
INFO: Run Behavior\BuildLiteBehavior [ RunTime:0.000063s ]
INFO: [ app_init ] --END-- [ RunTime:0.000619s ]
NOTIC: [8] Use of undefined constant Home - assumed 'Home' C:\wamp64\www\Express\Home\Conf\config.php 第 17 行.
NOTIC: [8] Use of undefined constant Home - assumed 'Home' C:\wamp64\www\Express\Home\Conf\config.php 第 18 行.
NOTIC: [8] Use of undefined constant Home - assumed 'Home' C:\wamp64\www\Express\Home\Conf\config.php 第 19 行.
NOTIC: [8] Use of undefined constant Home - assumed 'Home' C:\wamp64\www\Express\Home\Conf\config.php 第 20 行.
INFO: [ app_begin ] --START--
INFO: Run Behavior\ReadHtmlCacheBehavior [ RunTime:0.000708s ]
INFO: [ app_begin ] --END-- [ RunTime:0.000908s ]
ERR: 无法加载控制器:Robots.txt

[ 2018-08-20T22:50:14+08:00 ] 47.99.72.248 /static/.gitignore
INFO: [ app_init ] --START--
INFO: Run Behavior\BuildLiteBehavior [ RunTime:0.000043s ]
INFO: [ app_init ] --END-- [ RunTime:0.000605s ]
NOTIC: [8] Use of undefined constant Home - assumed 'Home' C:\wamp64\www\Express\Home\Conf\config.php 第 17 行.
NOTIC: [8] Use of undefined constant Home - assumed 'Home' C:\wamp64\www\Express\Home\Conf\config.php 第 18 行.
NOTIC: [8] Use of undefined constant Home - assumed 'Home' C:\wamp64\www\Express\Home\Conf\config.php 第 19 行.
NOTIC: [8] Use of undefined constant Home - assumed 'Home' C:\wamp64\www\Express\Home\Conf\config.php 第 20 行.
INFO: [ app_begin ] --START--
INFO: Run Behavior\ReadHtmlCacheBehavior [ RunTime:0.000714s ]
INFO: [ app_begin ] --END-- [ RunTime:0.000912s ]
ERR: 无法加载控制器:Static

[ 2018-08-20T22:50:14+08:00 ] 47.99.72.248 /4e5e5d7364f443e28fbf0d3ae744a59a
INFO: [ app_init ] --START--
INFO: Run Behavior\BuildLiteBehavior [ RunTime:0.000043s ]
INFO: [ app_init ] --END-- [ RunTime:0.000637s ]
NOTIC: [8] Use of undefined constant Home - assumed 'Home' C:\wamp64\www\Express\Home\Conf\config.php 第 17 行.
NOTIC: [8] Use of undefined constant Home - assumed 'Home' C:\wamp64\www\Express\Home\Conf\config.php 第 18 行.
NOTIC: [8] Use of undefined constant Home - assumed 'Home' C:\wamp64\www\Express\Home\Conf\config.php 第 19 行.
NOTIC: [8] Use of undefined constant Home - assumed 'Home' C:\wamp64\www\Express\Home\Conf\config.php 第 20 行.
INFO: [ app_begin ] --START--
INFO: Run Behavior\ReadHtmlCacheBehavior [ RunTime:0.000916s ]
INFO: [ app_begin ] --END-- [ RunTime:0.001194s ]

[ 2018-08-20T22:50:14+08:00 ] 47.99.72.248 /?c=4e5e5d7364f443e28fbf0d3ae744a59a
INFO: [ app_init ] --START--
INFO: Run Behavior\BuildLiteBehavior [ RunTime:0.000042s ]
INFO: [ app_init ] --END-- [ RunTime:0.000646s ]
NOTIC: [8] Use of undefined constant Home - assumed 'Home' C:\wamp64\www\Express\Home\Conf\config.php 第 17 行.
NOTIC: [8] Use of undefined constant Home - assumed 'Home' C:\wamp64\www\Express\Home\Conf\config.php 第 18 行.
NOTIC: [8] Use of undefined constant Home - assumed 'Home' C:\wamp64\www\Express\Home\Conf\config.php 第 19 行.
NOTIC: [8] Use of undefined constant Home - assumed 'Home' C:\wamp64\www\Express\Home\Conf\config.php 第 20 行.
INFO: [ app_begin ] --START--
INFO: Run Behavior\ReadHtmlCacheBehavior [ RunTime:0.000696s ]
INFO: [ app_begin ] --END-- [ RunTime:0.000964s ]

[ 2018-08-20T22:50:14+08:00 ] 47.99.72.248 /index.php/explicit_not_exist_path
INFO: [ app_init ] --START--
INFO: Run Behavior\BuildLiteBehavior [ RunTime:0.000042s ]
INFO: [ app_init ] --END-- [ RunTime:0.000620s ]
NOTIC: [8] Use of undefined constant Home - assumed 'Home' C:\wamp64\www\Express\Home\Conf\config.php 第 17 行.
NOTIC: [8] Use of undefined constant Home - assumed 'Home' C:\wamp64\www\Express\Home\Conf\config.php 第 18 行.
NOTIC: [8] Use of undefined constant Home - assumed 'Home' C:\wamp64\www\Express\Home\Conf\config.php 第 19 行.
NOTIC: [8] Use of undefined constant Home - assumed 'Home' C:\wamp64\www\Express\Home\Conf\config.php 第 20 行.
INFO: [ app_begin ] --START--
INFO: Run Behavior\ReadHtmlCacheBehavior [ RunTime:0.000738s ]
INFO: [ app_begin ] --END-- [ RunTime:0.000955s ]
ERR: 无法加载控制器:ExplicitNotExistPath

[ 2018-08-20T22:50:14+08:00 ] 47.99.72.248 /README
INFO: [ app_init ] --START--
INFO: Run Behavior\BuildLiteBehavior [ RunTime:0.000040s ]
INFO: [ app_init ] --END-- [ RunTime:0.000572s ]
NOTIC: [8] Use of undefined constant Home - assumed 'Home' C:\wamp64\www\Express\Home\Conf\config.php 第 17 行.
NOTIC: [8] Use of undefined constant Home - assumed 'Home' C:\wamp64\www\Express\Home\Conf\config.php 第 18 行.
NOTIC: [8] Use of undefined constant Home - assumed 'Home' C:\wamp64\www\Express\Home\Conf\config.php 第 19 行.
NOTIC: [8] Use of undefined constant Home - assumed 'Home' C:\wamp64\www\Express\Home\Conf\config.php 第 20 行.
INFO: [ app_begin ] --START--
INFO: Run Behavior\ReadHtmlCacheBehavior [ RunTime:0.000697s ]
INFO: [ app_begin ] --END-- [ RunTime:0.001037s ]
ERR: 无法加载控制器:README

[ 2018-08-20T22:50:14+08:00 ] 47.99.72.248 /solr/
INFO: [ app_init ] --START--
INFO: Run Behavior\BuildLiteBehavior [ RunTime:0.000041s ]
INFO: [ app_init ] --END-- [ RunTime:0.000591s ]
NOTIC: [8] Use of undefined constant Home - assumed 'Home' C:\wamp64\www\Express\Home\Conf\config.php 第 17 行.
NOTIC: [8] Use of undefined constant Home - assumed 'Home' C:\wamp64\www\Express\Home\Conf\config.php 第 18 行.
NOTIC: [8] Use of undefined constant Home - assumed 'Home' C:\wamp64\www\Express\Home\Conf\config.php 第 19 行.
NOTIC: [8] Use of undefined constant Home - assumed 'Home' C:\wamp64\www\Express\Home\Conf\config.php 第 20 行.
INFO: [ app_begin ] --START--
INFO: Run Behavior\ReadHtmlCacheBehavior [ RunTime:0.000705s ]
INFO: [ app_begin ] --END-- [ RunTime:0.000903s ]
ERR: 无法加载控制器:Solr

[ 2018-08-20T22:50:14+08:00 ] 47.99.72.248 /wcm/
INFO: [ app_init ] --START--
INFO: Run Behavior\BuildLiteBehavior [ RunTime:0.000043s ]
INFO: [ app_init ] --END-- [ RunTime:0.000620s ]
NOTIC: [8] Use of undefined constant Home - assumed 'Home' C:\wamp64\www\Express\Home\Conf\config.php 第 17 行.
NOTIC: [8] Use of undefined constant Home - assumed 'Home' C:\wamp64\www\Express\Home\Conf\config.php 第 18 行.
NOTIC: [8] Use of undefined constant Home - assumed 'Home' C:\wamp64\www\Express\Home\Conf\config.php 第 19 行.
NOTIC: [8] Use of undefined constant Home - assumed 'Home' C:\wamp64\www\Express\Home\Conf\config.php 第 20 行.
INFO: [ app_begin ] --START--
INFO: Run Behavior\ReadHtmlCacheBehavior [ RunTime:0.000688s ]
INFO: [ app_begin ] --END-- [ RunTime:0.000889s ]
ERR: 无法加载控制器:Wcm

[ 2018-08-20T22:50:14+08:00 ] 47.99.72.248 /phpMyAdmin/
INFO: [ app_init ] --START--
INFO: Run Behavior\BuildLiteBehavior [ RunTime:0.000056s ]
INFO: [ app_init ] --END-- [ RunTime:0.000667s ]
NOTIC: [8] Use of undefined constant Home - assumed 'Home' C:\wamp64\www\Express\Home\Conf\config.php 第 17 行.
NOTIC: [8] Use of undefined constant Home - assumed 'Home' C:\wamp64\www\Express\Home\Conf\config.php 第 18 行.
NOTIC: [8] Use of undefined constant Home - assumed 'Home' C:\wamp64\www\Express\Home\Conf\config.php 第 19 行.
NOTIC: [8] Use of undefined constant Home - assumed 'Home' C:\wamp64\www\Express\Home\Conf\config.php 第 20 行.
INFO: [ app_begin ] --START--
INFO: Run Behavior\ReadHtmlCacheBehavior [ RunTime:0.000813s ]
INFO: [ app_begin ] --END-- [ RunTime:0.001019s ]
ERR: 无法加载控制器:PhpMyAdmin

[ 2018-08-20T22:50:15+08:00 ] 47.99.72.248 /pma/
INFO: [ app_init ] --START--
INFO: Run Behavior\BuildLiteBehavior [ RunTime:0.000043s ]
INFO: [ app_init ] --END-- [ RunTime:0.000738s ]
NOTIC: [8] Use of undefined constant Home - assumed 'Home' C:\wamp64\www\Express\Home\Conf\config.php 第 17 行.
NOTIC: [8] Use of undefined constant Home - assumed 'Home' C:\wamp64\www\Express\Home\Conf\config.php 第 18 行.
NOTIC: [8] Use of undefined constant Home - assumed 'Home' C:\wamp64\www\Express\Home\Conf\config.php 第 19 行.
NOTIC: [8] Use of undefined constant Home - assumed 'Home' C:\wamp64\www\Express\Home\Conf\config.php 第 20 行.
INFO: [ app_begin ] --START--
INFO: Run Behavior\ReadHtmlCacheBehavior [ RunTime:0.000739s ]
INFO: [ app_begin ] --END-- [ RunTime:0.001004s ]
ERR: 无法加载控制器:Pma

[ 2018-08-20T23:29:18+08:00 ] 111.26.163.42 /
INFO: [ app_init ] --START--
INFO: Run Behavior\BuildLiteBehavior [ RunTime:0.000042s ]
INFO: [ app_init ] --END-- [ RunTime:0.000610s ]
NOTIC: [8] Use of undefined constant Home - assumed 'Home' C:\wamp64\www\Express\Home\Conf\config.php 第 17 行.
NOTIC: [8] Use of undefined constant Home - assumed 'Home' C:\wamp64\www\Express\Home\Conf\config.php 第 18 行.
NOTIC: [8] Use of undefined constant Home - assumed 'Home' C:\wamp64\www\Express\Home\Conf\config.php 第 19 行.
NOTIC: [8] Use of undefined constant Home - assumed 'Home' C:\wamp64\www\Express\Home\Conf\config.php 第 20 行.
INFO: [ app_begin ] --START--
INFO: Run Behavior\ReadHtmlCacheBehavior [ RunTime:0.001059s ]
INFO: [ app_begin ] --END-- [ RunTime:0.001389s ]
NOTIC: [8] Undefined index: code C:\wamp64\www\Express\Home\Common\function.php 第 27 行.

[ 2018-08-20T23:45:12+08:00 ] 73.233.146.33 /
INFO: [ app_init ] --START--
INFO: Run Behavior\BuildLiteBehavior [ RunTime:0.000042s ]
INFO: [ app_init ] --END-- [ RunTime:0.000593s ]
NOTIC: [8] Use of undefined constant Home - assumed 'Home' C:\wamp64\www\Express\Home\Conf\config.php 第 17 行.
NOTIC: [8] Use of undefined constant Home - assumed 'Home' C:\wamp64\www\Express\Home\Conf\config.php 第 18 行.
NOTIC: [8] Use of undefined constant Home - assumed 'Home' C:\wamp64\www\Express\Home\Conf\config.php 第 19 行.
NOTIC: [8] Use of undefined constant Home - assumed 'Home' C:\wamp64\www\Express\Home\Conf\config.php 第 20 行.
INFO: [ app_begin ] --START--
INFO: Run Behavior\ReadHtmlCacheBehavior [ RunTime:0.000716s ]
INFO: [ app_begin ] --END-- [ RunTime:0.000915s ]
NOTIC: [8] Undefined index: code C:\wamp64\www\Express\Home\Common\function.php 第 27 行.

[ 2018-08-20T23:47:14+08:00 ] 118.190.15.39 /
INFO: [ app_init ] --START--
INFO: Run Behavior\BuildLiteBehavior [ RunTime:0.000070s ]
INFO: [ app_init ] --END-- [ RunTime:0.000935s ]
NOTIC: [8] Use of undefined constant Home - assumed 'Home' C:\wamp64\www\Express\Home\Conf\config.php 第 17 行.
NOTIC: [8] Use of undefined constant Home - assumed 'Home' C:\wamp64\www\Express\Home\Conf\config.php 第 18 行.
NOTIC: [8] Use of undefined constant Home - assumed 'Home' C:\wamp64\www\Express\Home\Conf\config.php 第 19 行.
NOTIC: [8] Use of undefined constant Home - assumed 'Home' C:\wamp64\www\Express\Home\Conf\config.php 第 20 行.
INFO: [ app_begin ] --START--
INFO: Run Behavior\ReadHtmlCacheBehavior [ RunTime:0.001162s ]
INFO: [ app_begin ] --END-- [ RunTime:0.001511s ]
NOTIC: [8] Undefined index: code C:\wamp64\www\Express\Home\Common\function.php 第 27 行.

