[ 2018-09-22T00:33:26+08:00 ] 113.200.157.248 /Public/bs/css/bootstrap.min.css.map
INFO: [ app_init ] --START--
INFO: Run Behavior\BuildLiteBehavior [ RunTime:0.000067s ]
INFO: [ app_init ] --END-- [ RunTime:0.000797s ]
NOTIC: [8] Use of undefined constant Home - assumed 'Home' C:\wamp64\www\Express\Home\Conf\config.php 第 17 行.
NOTIC: [8] Use of undefined constant Home - assumed 'Home' C:\wamp64\www\Express\Home\Conf\config.php 第 18 行.
NOTIC: [8] Use of undefined constant Home - assumed 'Home' C:\wamp64\www\Express\Home\Conf\config.php 第 19 行.
NOTIC: [8] Use of undefined constant Home - assumed 'Home' C:\wamp64\www\Express\Home\Conf\config.php 第 20 行.
INFO: [ app_begin ] --START--
INFO: Run Behavior\ReadHtmlCacheBehavior [ RunTime:0.000794s ]
INFO: [ app_begin ] --END-- [ RunTime:0.001070s ]
ERR: 无法加载控制器:Public

[ 2018-09-22T00:50:04+08:00 ] 113.200.157.248 /Public/bs/css/bootstrap.min.css.map
ERR: 无法加载控制器:Public

[ 2018-09-22T02:05:43+08:00 ] ::1 /kdweb/
INFO: [ app_init ] --START--
INFO: Run Behavior\BuildLiteBehavior [ RunTime:0.000041s ]
INFO: [ app_init ] --END-- [ RunTime:0.000578s ]
NOTIC: [8] Use of undefined constant Home - assumed 'Home' C:\wamp64\www\kdweb\Express\Home\Conf\config.php 第 17 行.
NOTIC: [8] Use of undefined constant Home - assumed 'Home' C:\wamp64\www\kdweb\Express\Home\Conf\config.php 第 18 行.
NOTIC: [8] Use of undefined constant Home - assumed 'Home' C:\wamp64\www\kdweb\Express\Home\Conf\config.php 第 19 行.
NOTIC: [8] Use of undefined constant Home - assumed 'Home' C:\wamp64\www\kdweb\Express\Home\Conf\config.php 第 20 行.
INFO: [ app_begin ] --START--
INFO: Run Behavior\ReadHtmlCacheBehavior [ RunTime:0.001074s ]
INFO: [ app_begin ] --END-- [ RunTime:0.001278s ]
SQL: SHOW COLUMNS FROM `ui_welpage` [ RunTime:0.0097s ]
SQL: SELECT * FROM `ui_welpage` WHERE ( status=1 )  [ RunTime:0.0005s ]
INFO: [ app_end ] --START--
INFO: Run Behavior\ShowPageTraceBehavior [ RunTime:0.000716s ]
INFO: [ app_end ] --END-- [ RunTime:0.000903s ]

[ 2018-09-22T02:06:34+08:00 ] ::1 /kdweb/
INFO: [ app_init ] --START--
INFO: Run Behavior\BuildLiteBehavior [ RunTime:0.000057s ]
INFO: [ app_init ] --END-- [ RunTime:0.000603s ]
NOTIC: [8] Use of undefined constant Home - assumed 'Home' C:\wamp64\www\kdweb\Express\Home\Conf\config.php 第 17 行.
NOTIC: [8] Use of undefined constant Home - assumed 'Home' C:\wamp64\www\kdweb\Express\Home\Conf\config.php 第 18 行.
NOTIC: [8] Use of undefined constant Home - assumed 'Home' C:\wamp64\www\kdweb\Express\Home\Conf\config.php 第 19 行.
NOTIC: [8] Use of undefined constant Home - assumed 'Home' C:\wamp64\www\kdweb\Express\Home\Conf\config.php 第 20 行.
INFO: [ app_begin ] --START--
INFO: Run Behavior\ReadHtmlCacheBehavior [ RunTime:0.000618s ]
INFO: [ app_begin ] --END-- [ RunTime:0.000820s ]
SQL: SHOW COLUMNS FROM `ui_welpage` [ RunTime:0.0051s ]
SQL: SELECT * FROM `ui_welpage` WHERE ( status=1 )  [ RunTime:0.0005s ]
INFO: [ app_end ] --START--
INFO: Run Behavior\ShowPageTraceBehavior [ RunTime:0.000792s ]
INFO: [ app_end ] --END-- [ RunTime:0.000982s ]

[ 2018-09-22T02:06:59+08:00 ] ::1 /kdweb/
INFO: [ app_init ] --START--
INFO: Run Behavior\BuildLiteBehavior [ RunTime:0.000042s ]
INFO: [ app_init ] --END-- [ RunTime:0.000593s ]
NOTIC: [8] Use of undefined constant Home - assumed 'Home' C:\wamp64\www\kdweb\Express\Home\Conf\config.php 第 17 行.
NOTIC: [8] Use of undefined constant Home - assumed 'Home' C:\wamp64\www\kdweb\Express\Home\Conf\config.php 第 18 行.
NOTIC: [8] Use of undefined constant Home - assumed 'Home' C:\wamp64\www\kdweb\Express\Home\Conf\config.php 第 19 行.
NOTIC: [8] Use of undefined constant Home - assumed 'Home' C:\wamp64\www\kdweb\Express\Home\Conf\config.php 第 20 行.
INFO: [ app_begin ] --START--
INFO: Run Behavior\ReadHtmlCacheBehavior [ RunTime:0.000507s ]
INFO: [ app_begin ] --END-- [ RunTime:0.000741s ]
SQL: SHOW COLUMNS FROM `ui_welpage` [ RunTime:0.0008s ]
SQL: SELECT * FROM `ui_welpage` WHERE ( status=1 )  [ RunTime:0.0003s ]
INFO: [ app_end ] --START--
INFO: Run Behavior\ShowPageTraceBehavior [ RunTime:0.000585s ]
INFO: [ app_end ] --END-- [ RunTime:0.000780s ]

[ 2018-09-22T02:07:08+08:00 ] ::1 /kdweb/
INFO: [ app_init ] --START--
INFO: Run Behavior\BuildLiteBehavior [ RunTime:0.000038s ]
INFO: [ app_init ] --END-- [ RunTime:0.000524s ]
NOTIC: [8] Use of undefined constant Home - assumed 'Home' C:\wamp64\www\kdweb\Express\Home\Conf\config.php 第 17 行.
NOTIC: [8] Use of undefined constant Home - assumed 'Home' C:\wamp64\www\kdweb\Express\Home\Conf\config.php 第 18 行.
NOTIC: [8] Use of undefined constant Home - assumed 'Home' C:\wamp64\www\kdweb\Express\Home\Conf\config.php 第 19 行.
NOTIC: [8] Use of undefined constant Home - assumed 'Home' C:\wamp64\www\kdweb\Express\Home\Conf\config.php 第 20 行.
INFO: [ app_begin ] --START--
INFO: Run Behavior\ReadHtmlCacheBehavior [ RunTime:0.000566s ]
INFO: [ app_begin ] --END-- [ RunTime:0.000758s ]
SQL: SHOW COLUMNS FROM `ui_welpage` [ RunTime:0.0008s ]
SQL: SELECT * FROM `ui_welpage` WHERE ( status=1 )  [ RunTime:0.0004s ]
INFO: [ app_end ] --START--
INFO: Run Behavior\ShowPageTraceBehavior [ RunTime:0.000634s ]
INFO: [ app_end ] --END-- [ RunTime:0.000936s ]

[ 2018-09-22T02:08:08+08:00 ] ::1 /kdweb/
INFO: [ app_init ] --START--
INFO: Run Behavior\BuildLiteBehavior [ RunTime:0.000041s ]
INFO: [ app_init ] --END-- [ RunTime:0.000568s ]
NOTIC: [8] Use of undefined constant Home - assumed 'Home' C:\wamp64\www\kdweb\Express\Home\Conf\config.php 第 17 行.
NOTIC: [8] Use of undefined constant Home - assumed 'Home' C:\wamp64\www\kdweb\Express\Home\Conf\config.php 第 18 行.
NOTIC: [8] Use of undefined constant Home - assumed 'Home' C:\wamp64\www\kdweb\Express\Home\Conf\config.php 第 19 行.
NOTIC: [8] Use of undefined constant Home - assumed 'Home' C:\wamp64\www\kdweb\Express\Home\Conf\config.php 第 20 行.
INFO: [ app_begin ] --START--
INFO: Run Behavior\ReadHtmlCacheBehavior [ RunTime:0.000603s ]
INFO: [ app_begin ] --END-- [ RunTime:0.000812s ]
SQL: SHOW COLUMNS FROM `ui_welpage` [ RunTime:0.0053s ]
SQL: SELECT * FROM `ui_welpage` WHERE ( status=1 )  [ RunTime:0.0006s ]
INFO: [ app_end ] --START--
INFO: Run Behavior\ShowPageTraceBehavior [ RunTime:0.000703s ]
INFO: [ app_end ] --END-- [ RunTime:0.000887s ]

[ 2018-09-22T02:09:03+08:00 ] ::1 /kdweb/
INFO: [ app_init ] --START--
INFO: Run Behavior\BuildLiteBehavior [ RunTime:0.000044s ]
INFO: [ app_init ] --END-- [ RunTime:0.000729s ]
NOTIC: [8] Use of undefined constant Home - assumed 'Home' C:\wamp64\www\kdweb\Express\Home\Conf\config.php 第 17 行.
NOTIC: [8] Use of undefined constant Home - assumed 'Home' C:\wamp64\www\kdweb\Express\Home\Conf\config.php 第 18 行.
NOTIC: [8] Use of undefined constant Home - assumed 'Home' C:\wamp64\www\kdweb\Express\Home\Conf\config.php 第 19 行.
NOTIC: [8] Use of undefined constant Home - assumed 'Home' C:\wamp64\www\kdweb\Express\Home\Conf\config.php 第 20 行.
INFO: [ app_begin ] --START--
INFO: Run Behavior\ReadHtmlCacheBehavior [ RunTime:0.000705s ]
INFO: [ app_begin ] --END-- [ RunTime:0.000937s ]
SQL: SHOW COLUMNS FROM `ui_welpage` [ RunTime:0.0056s ]
SQL: SELECT * FROM `ui_welpage` WHERE ( status=1 )  [ RunTime:0.0005s ]
INFO: [ app_end ] --START--
INFO: Run Behavior\ShowPageTraceBehavior [ RunTime:0.000740s ]
INFO: [ app_end ] --END-- [ RunTime:0.000930s ]

[ 2018-09-22T02:12:12+08:00 ] ::1 /kdweb/
INFO: [ app_init ] --START--
INFO: Run Behavior\BuildLiteBehavior [ RunTime:0.000043s ]
INFO: [ app_init ] --END-- [ RunTime:0.000560s ]
NOTIC: [8] Use of undefined constant Home - assumed 'Home' C:\wamp64\www\kdweb\Express\Home\Conf\config.php 第 17 行.
NOTIC: [8] Use of undefined constant Home - assumed 'Home' C:\wamp64\www\kdweb\Express\Home\Conf\config.php 第 18 行.
NOTIC: [8] Use of undefined constant Home - assumed 'Home' C:\wamp64\www\kdweb\Express\Home\Conf\config.php 第 19 行.
NOTIC: [8] Use of undefined constant Home - assumed 'Home' C:\wamp64\www\kdweb\Express\Home\Conf\config.php 第 20 行.
INFO: [ app_begin ] --START--
INFO: Run Behavior\ReadHtmlCacheBehavior [ RunTime:0.000623s ]
INFO: [ app_begin ] --END-- [ RunTime:0.000843s ]
SQL: SHOW COLUMNS FROM `ui_welpage` [ RunTime:0.0047s ]
SQL: SELECT * FROM `ui_welpage` WHERE ( status=1 )  [ RunTime:0.0005s ]
INFO: [ app_end ] --START--
INFO: Run Behavior\ShowPageTraceBehavior [ RunTime:0.000678s ]
INFO: [ app_end ] --END-- [ RunTime:0.000862s ]

[ 2018-09-22T02:13:05+08:00 ] ::1 /kdweb/
INFO: [ app_init ] --START--
INFO: Run Behavior\BuildLiteBehavior [ RunTime:0.000039s ]
INFO: [ app_init ] --END-- [ RunTime:0.000572s ]
NOTIC: [8] Use of undefined constant Home - assumed 'Home' C:\wamp64\www\kdweb\Express\Home\Conf\config.php 第 17 行.
NOTIC: [8] Use of undefined constant Home - assumed 'Home' C:\wamp64\www\kdweb\Express\Home\Conf\config.php 第 18 行.
NOTIC: [8] Use of undefined constant Home - assumed 'Home' C:\wamp64\www\kdweb\Express\Home\Conf\config.php 第 19 行.
NOTIC: [8] Use of undefined constant Home - assumed 'Home' C:\wamp64\www\kdweb\Express\Home\Conf\config.php 第 20 行.
INFO: [ app_begin ] --START--
INFO: Run Behavior\ReadHtmlCacheBehavior [ RunTime:0.000579s ]
INFO: [ app_begin ] --END-- [ RunTime:0.000802s ]
SQL: SHOW COLUMNS FROM `ui_welpage` [ RunTime:0.0009s ]
SQL: SELECT * FROM `ui_welpage` WHERE ( status=1 )  [ RunTime:0.0003s ]
INFO: [ app_end ] --START--
INFO: Run Behavior\ShowPageTraceBehavior [ RunTime:0.000728s ]
INFO: [ app_end ] --END-- [ RunTime:0.000909s ]

[ 2018-09-22T02:13:07+08:00 ] ::1 /kdweb/
INFO: [ app_init ] --START--
INFO: Run Behavior\BuildLiteBehavior [ RunTime:0.000039s ]
INFO: [ app_init ] --END-- [ RunTime:0.000546s ]
NOTIC: [8] Use of undefined constant Home - assumed 'Home' C:\wamp64\www\kdweb\Express\Home\Conf\config.php 第 17 行.
NOTIC: [8] Use of undefined constant Home - assumed 'Home' C:\wamp64\www\kdweb\Express\Home\Conf\config.php 第 18 行.
NOTIC: [8] Use of undefined constant Home - assumed 'Home' C:\wamp64\www\kdweb\Express\Home\Conf\config.php 第 19 行.
NOTIC: [8] Use of undefined constant Home - assumed 'Home' C:\wamp64\www\kdweb\Express\Home\Conf\config.php 第 20 行.
INFO: [ app_begin ] --START--
INFO: Run Behavior\ReadHtmlCacheBehavior [ RunTime:0.000480s ]
INFO: [ app_begin ] --END-- [ RunTime:0.000684s ]
SQL: SHOW COLUMNS FROM `ui_welpage` [ RunTime:0.0009s ]
SQL: SELECT * FROM `ui_welpage` WHERE ( status=1 )  [ RunTime:0.0003s ]
INFO: [ app_end ] --START--
INFO: Run Behavior\ShowPageTraceBehavior [ RunTime:0.000657s ]
INFO: [ app_end ] --END-- [ RunTime:0.000848s ]

[ 2018-09-22T02:17:12+08:00 ] ::1 /kdweb/
INFO: [ app_init ] --START--
INFO: Run Behavior\BuildLiteBehavior [ RunTime:0.000040s ]
INFO: [ app_init ] --END-- [ RunTime:0.000544s ]
NOTIC: [8] Use of undefined constant Home - assumed 'Home' C:\wamp64\www\kdweb\Express\Home\Conf\config.php 第 17 行.
NOTIC: [8] Use of undefined constant Home - assumed 'Home' C:\wamp64\www\kdweb\Express\Home\Conf\config.php 第 18 行.
NOTIC: [8] Use of undefined constant Home - assumed 'Home' C:\wamp64\www\kdweb\Express\Home\Conf\config.php 第 19 行.
NOTIC: [8] Use of undefined constant Home - assumed 'Home' C:\wamp64\www\kdweb\Express\Home\Conf\config.php 第 20 行.
INFO: [ app_begin ] --START--
INFO: Run Behavior\ReadHtmlCacheBehavior [ RunTime:0.000552s ]
INFO: [ app_begin ] --END-- [ RunTime:0.000739s ]
SQL: SHOW COLUMNS FROM `ui_welpage` [ RunTime:0.0052s ]
SQL: SELECT * FROM `ui_welpage` WHERE ( status=1 )  [ RunTime:0.0005s ]
INFO: [ app_end ] --START--
INFO: Run Behavior\ShowPageTraceBehavior [ RunTime:0.000744s ]
INFO: [ app_end ] --END-- [ RunTime:0.000956s ]

[ 2018-09-22T02:17:14+08:00 ] ::1 /kdweb/
INFO: [ app_init ] --START--
INFO: Run Behavior\BuildLiteBehavior [ RunTime:0.000040s ]
INFO: [ app_init ] --END-- [ RunTime:0.000527s ]
NOTIC: [8] Use of undefined constant Home - assumed 'Home' C:\wamp64\www\kdweb\Express\Home\Conf\config.php 第 17 行.
NOTIC: [8] Use of undefined constant Home - assumed 'Home' C:\wamp64\www\kdweb\Express\Home\Conf\config.php 第 18 行.
NOTIC: [8] Use of undefined constant Home - assumed 'Home' C:\wamp64\www\kdweb\Express\Home\Conf\config.php 第 19 行.
NOTIC: [8] Use of undefined constant Home - assumed 'Home' C:\wamp64\www\kdweb\Express\Home\Conf\config.php 第 20 行.
INFO: [ app_begin ] --START--
INFO: Run Behavior\ReadHtmlCacheBehavior [ RunTime:0.000548s ]
INFO: [ app_begin ] --END-- [ RunTime:0.000747s ]
SQL: SHOW COLUMNS FROM `ui_welpage` [ RunTime:0.0009s ]
SQL: SELECT * FROM `ui_welpage` WHERE ( status=1 )  [ RunTime:0.0009s ]
INFO: [ app_end ] --START--
INFO: Run Behavior\ShowPageTraceBehavior [ RunTime:0.000910s ]
INFO: [ app_end ] --END-- [ RunTime:0.001215s ]

[ 2018-09-22T02:17:27+08:00 ] ::1 /kdweb/
INFO: [ app_init ] --START--
INFO: Run Behavior\BuildLiteBehavior [ RunTime:0.000047s ]
INFO: [ app_init ] --END-- [ RunTime:0.000539s ]
NOTIC: [8] Use of undefined constant Home - assumed 'Home' C:\wamp64\www\kdweb\Express\Home\Conf\config.php 第 17 行.
NOTIC: [8] Use of undefined constant Home - assumed 'Home' C:\wamp64\www\kdweb\Express\Home\Conf\config.php 第 18 行.
NOTIC: [8] Use of undefined constant Home - assumed 'Home' C:\wamp64\www\kdweb\Express\Home\Conf\config.php 第 19 行.
NOTIC: [8] Use of undefined constant Home - assumed 'Home' C:\wamp64\www\kdweb\Express\Home\Conf\config.php 第 20 行.
INFO: [ app_begin ] --START--
INFO: Run Behavior\ReadHtmlCacheBehavior [ RunTime:0.001059s ]
INFO: [ app_begin ] --END-- [ RunTime:0.001273s ]
SQL: SHOW COLUMNS FROM `ui_welpage` [ RunTime:0.0071s ]
SQL: SELECT * FROM `ui_welpage` WHERE ( status=1 )  [ RunTime:0.0007s ]
INFO: [ app_end ] --START--
INFO: Run Behavior\ShowPageTraceBehavior [ RunTime:0.001175s ]
INFO: [ app_end ] --END-- [ RunTime:0.001505s ]

[ 2018-09-22T02:17:28+08:00 ] ::1 /kdweb/
INFO: [ app_init ] --START--
INFO: Run Behavior\BuildLiteBehavior [ RunTime:0.000040s ]
INFO: [ app_init ] --END-- [ RunTime:0.000503s ]
NOTIC: [8] Use of undefined constant Home - assumed 'Home' C:\wamp64\www\kdweb\Express\Home\Conf\config.php 第 17 行.
NOTIC: [8] Use of undefined constant Home - assumed 'Home' C:\wamp64\www\kdweb\Express\Home\Conf\config.php 第 18 行.
NOTIC: [8] Use of undefined constant Home - assumed 'Home' C:\wamp64\www\kdweb\Express\Home\Conf\config.php 第 19 行.
NOTIC: [8] Use of undefined constant Home - assumed 'Home' C:\wamp64\www\kdweb\Express\Home\Conf\config.php 第 20 行.
INFO: [ app_begin ] --START--
INFO: Run Behavior\ReadHtmlCacheBehavior [ RunTime:0.000477s ]
INFO: [ app_begin ] --END-- [ RunTime:0.000670s ]
SQL: SHOW COLUMNS FROM `ui_welpage` [ RunTime:0.0008s ]
SQL: SELECT * FROM `ui_welpage` WHERE ( status=1 )  [ RunTime:0.0004s ]
INFO: [ app_end ] --START--
INFO: Run Behavior\ShowPageTraceBehavior [ RunTime:0.000611s ]
INFO: [ app_end ] --END-- [ RunTime:0.000810s ]

[ 2018-09-22T02:17:36+08:00 ] ::1 /kdweb/
INFO: [ app_init ] --START--
INFO: Run Behavior\BuildLiteBehavior [ RunTime:0.000041s ]
INFO: [ app_init ] --END-- [ RunTime:0.000513s ]
NOTIC: [8] Use of undefined constant Home - assumed 'Home' C:\wamp64\www\kdweb\Express\Home\Conf\config.php 第 17 行.
NOTIC: [8] Use of undefined constant Home - assumed 'Home' C:\wamp64\www\kdweb\Express\Home\Conf\config.php 第 18 行.
NOTIC: [8] Use of undefined constant Home - assumed 'Home' C:\wamp64\www\kdweb\Express\Home\Conf\config.php 第 19 行.
NOTIC: [8] Use of undefined constant Home - assumed 'Home' C:\wamp64\www\kdweb\Express\Home\Conf\config.php 第 20 行.
INFO: [ app_begin ] --START--
INFO: Run Behavior\ReadHtmlCacheBehavior [ RunTime:0.000463s ]
INFO: [ app_begin ] --END-- [ RunTime:0.000653s ]
SQL: SHOW COLUMNS FROM `ui_welpage` [ RunTime:0.0008s ]
SQL: SELECT * FROM `ui_welpage` WHERE ( status=1 )  [ RunTime:0.0011s ]
INFO: [ app_end ] --START--
INFO: Run Behavior\ShowPageTraceBehavior [ RunTime:0.000661s ]
INFO: [ app_end ] --END-- [ RunTime:0.000859s ]

[ 2018-09-22T02:17:46+08:00 ] ::1 /kdweb/
INFO: [ app_init ] --START--
INFO: Run Behavior\BuildLiteBehavior [ RunTime:0.000044s ]
INFO: [ app_init ] --END-- [ RunTime:0.000498s ]
NOTIC: [8] Use of undefined constant Home - assumed 'Home' C:\wamp64\www\kdweb\Express\Home\Conf\config.php 第 17 行.
NOTIC: [8] Use of undefined constant Home - assumed 'Home' C:\wamp64\www\kdweb\Express\Home\Conf\config.php 第 18 行.
NOTIC: [8] Use of undefined constant Home - assumed 'Home' C:\wamp64\www\kdweb\Express\Home\Conf\config.php 第 19 行.
NOTIC: [8] Use of undefined constant Home - assumed 'Home' C:\wamp64\www\kdweb\Express\Home\Conf\config.php 第 20 行.
INFO: [ app_begin ] --START--
INFO: Run Behavior\ReadHtmlCacheBehavior [ RunTime:0.000495s ]
INFO: [ app_begin ] --END-- [ RunTime:0.000689s ]
SQL: SHOW COLUMNS FROM `ui_welpage` [ RunTime:0.0008s ]
SQL: SELECT * FROM `ui_welpage` WHERE ( status=1 )  [ RunTime:0.0003s ]
INFO: [ app_end ] --START--
INFO: Run Behavior\ShowPageTraceBehavior [ RunTime:0.000545s ]
INFO: [ app_end ] --END-- [ RunTime:0.000723s ]

[ 2018-09-22T02:18:09+08:00 ] ::1 /kdweb/
INFO: [ app_init ] --START--
INFO: Run Behavior\BuildLiteBehavior [ RunTime:0.000042s ]
INFO: [ app_init ] --END-- [ RunTime:0.000539s ]
NOTIC: [8] Use of undefined constant Home - assumed 'Home' C:\wamp64\www\kdweb\Express\Home\Conf\config.php 第 17 行.
NOTIC: [8] Use of undefined constant Home - assumed 'Home' C:\wamp64\www\kdweb\Express\Home\Conf\config.php 第 18 行.
NOTIC: [8] Use of undefined constant Home - assumed 'Home' C:\wamp64\www\kdweb\Express\Home\Conf\config.php 第 19 行.
NOTIC: [8] Use of undefined constant Home - assumed 'Home' C:\wamp64\www\kdweb\Express\Home\Conf\config.php 第 20 行.
INFO: [ app_begin ] --START--
INFO: Run Behavior\ReadHtmlCacheBehavior [ RunTime:0.000487s ]
INFO: [ app_begin ] --END-- [ RunTime:0.000672s ]
SQL: SHOW COLUMNS FROM `ui_welpage` [ RunTime:0.0008s ]
SQL: SELECT * FROM `ui_welpage` WHERE ( status=1 )  [ RunTime:0.0003s ]
INFO: [ app_end ] --START--
INFO: Run Behavior\ShowPageTraceBehavior [ RunTime:0.000708s ]
INFO: [ app_end ] --END-- [ RunTime:0.000896s ]

[ 2018-09-22T02:19:22+08:00 ] ::1 /kdweb/
INFO: [ app_init ] --START--
INFO: Run Behavior\BuildLiteBehavior [ RunTime:0.000043s ]
INFO: [ app_init ] --END-- [ RunTime:0.000572s ]
NOTIC: [8] Use of undefined constant Home - assumed 'Home' C:\wamp64\www\kdweb\Express\Home\Conf\config.php 第 17 行.
NOTIC: [8] Use of undefined constant Home - assumed 'Home' C:\wamp64\www\kdweb\Express\Home\Conf\config.php 第 18 行.
NOTIC: [8] Use of undefined constant Home - assumed 'Home' C:\wamp64\www\kdweb\Express\Home\Conf\config.php 第 19 行.
NOTIC: [8] Use of undefined constant Home - assumed 'Home' C:\wamp64\www\kdweb\Express\Home\Conf\config.php 第 20 行.
INFO: [ app_begin ] --START--
INFO: Run Behavior\ReadHtmlCacheBehavior [ RunTime:0.000565s ]
INFO: [ app_begin ] --END-- [ RunTime:0.000802s ]
SQL: SHOW COLUMNS FROM `ui_welpage` [ RunTime:0.0050s ]
SQL: SELECT * FROM `ui_welpage` WHERE ( status=1 )  [ RunTime:0.0005s ]
INFO: [ app_end ] --START--
INFO: Run Behavior\ShowPageTraceBehavior [ RunTime:0.000673s ]
INFO: [ app_end ] --END-- [ RunTime:0.000854s ]

[ 2018-09-22T02:20:08+08:00 ] ::1 /
INFO: [ app_init ] --START--
INFO: Run Behavior\BuildLiteBehavior [ RunTime:0.000045s ]
INFO: [ app_init ] --END-- [ RunTime:0.000765s ]
NOTIC: [8] Use of undefined constant Home - assumed 'Home' C:\wamp64\www\kdweb\Express\Home\Conf\config.php 第 17 行.
NOTIC: [8] Use of undefined constant Home - assumed 'Home' C:\wamp64\www\kdweb\Express\Home\Conf\config.php 第 18 行.
NOTIC: [8] Use of undefined constant Home - assumed 'Home' C:\wamp64\www\kdweb\Express\Home\Conf\config.php 第 19 行.
NOTIC: [8] Use of undefined constant Home - assumed 'Home' C:\wamp64\www\kdweb\Express\Home\Conf\config.php 第 20 行.
INFO: [ app_begin ] --START--
INFO: Run Behavior\ReadHtmlCacheBehavior [ RunTime:0.000568s ]
INFO: [ app_begin ] --END-- [ RunTime:0.000786s ]
SQL: SHOW COLUMNS FROM `ui_welpage` [ RunTime:0.0091s ]
SQL: SELECT * FROM `ui_welpage` WHERE ( status=1 )  [ RunTime:0.0005s ]
INFO: [ app_end ] --START--
INFO: Run Behavior\ShowPageTraceBehavior [ RunTime:0.000685s ]
INFO: [ app_end ] --END-- [ RunTime:0.000872s ]

[ 2018-09-22T02:20:16+08:00 ] ::1 /user
INFO: [ app_init ] --START--
INFO: Run Behavior\BuildLiteBehavior [ RunTime:0.000041s ]
INFO: [ app_init ] --END-- [ RunTime:0.000625s ]
NOTIC: [8] Use of undefined constant Home - assumed 'Home' C:\wamp64\www\kdweb\Express\Home\Conf\config.php 第 17 行.
NOTIC: [8] Use of undefined constant Home - assumed 'Home' C:\wamp64\www\kdweb\Express\Home\Conf\config.php 第 18 行.
NOTIC: [8] Use of undefined constant Home - assumed 'Home' C:\wamp64\www\kdweb\Express\Home\Conf\config.php 第 19 行.
NOTIC: [8] Use of undefined constant Home - assumed 'Home' C:\wamp64\www\kdweb\Express\Home\Conf\config.php 第 20 行.
INFO: [ app_begin ] --START--
INFO: Run Behavior\ReadHtmlCacheBehavior [ RunTime:0.000570s ]
INFO: [ app_begin ] --END-- [ RunTime:0.000798s ]
SQL: SHOW COLUMNS FROM `ui_userinfo` [ RunTime:0.0217s ]
SQL: SELECT `id`,`headimgurl`,`nickname`,`integral` FROM `ui_userinfo` WHERE `openid` = null LIMIT 1   [ RunTime:0.0006s ]
NOTIC: [8] Undefined index: code C:\wamp64\www\kdweb\Express\Home\Common\function.php 第 27 行.

[ 2018-09-22T02:22:04+08:00 ] 113.200.157.248 /
INFO: [ app_init ] --START--
INFO: Run Behavior\BuildLiteBehavior [ RunTime:0.000042s ]
INFO: [ app_init ] --END-- [ RunTime:0.000568s ]
NOTIC: [8] Use of undefined constant Home - assumed 'Home' C:\wamp64\www\kdweb\Express\Home\Conf\config.php 第 17 行.
NOTIC: [8] Use of undefined constant Home - assumed 'Home' C:\wamp64\www\kdweb\Express\Home\Conf\config.php 第 18 行.
NOTIC: [8] Use of undefined constant Home - assumed 'Home' C:\wamp64\www\kdweb\Express\Home\Conf\config.php 第 19 行.
NOTIC: [8] Use of undefined constant Home - assumed 'Home' C:\wamp64\www\kdweb\Express\Home\Conf\config.php 第 20 行.
INFO: [ app_begin ] --START--
INFO: Run Behavior\ReadHtmlCacheBehavior [ RunTime:0.000594s ]
INFO: [ app_begin ] --END-- [ RunTime:0.000827s ]
SQL: SHOW COLUMNS FROM `ui_welpage` [ RunTime:0.0050s ]
SQL: SELECT * FROM `ui_welpage` WHERE ( status=1 )  [ RunTime:0.0007s ]
INFO: [ app_end ] --START--
INFO: Run Behavior\ShowPageTraceBehavior [ RunTime:0.000700s ]
INFO: [ app_end ] --END-- [ RunTime:0.000893s ]

[ 2018-09-22T02:24:07+08:00 ] ::1 /
INFO: [ app_init ] --START--
INFO: Run Behavior\BuildLiteBehavior [ RunTime:0.000061s ]
INFO: [ app_init ] --END-- [ RunTime:0.000815s ]
NOTIC: [8] Use of undefined constant Home - assumed 'Home' C:\wamp64\www\kdweb\Express\Home\Conf\config.php 第 17 行.
NOTIC: [8] Use of undefined constant Home - assumed 'Home' C:\wamp64\www\kdweb\Express\Home\Conf\config.php 第 18 行.
NOTIC: [8] Use of undefined constant Home - assumed 'Home' C:\wamp64\www\kdweb\Express\Home\Conf\config.php 第 19 行.
NOTIC: [8] Use of undefined constant Home - assumed 'Home' C:\wamp64\www\kdweb\Express\Home\Conf\config.php 第 20 行.
INFO: [ app_begin ] --START--
INFO: Run Behavior\ReadHtmlCacheBehavior [ RunTime:0.001056s ]
INFO: [ app_begin ] --END-- [ RunTime:0.001323s ]
SQL: SHOW COLUMNS FROM `ui_welpage` [ RunTime:0.0062s ]
SQL: SELECT * FROM `ui_welpage` WHERE ( status=1 )  [ RunTime:0.0006s ]
INFO: [ app_end ] --START--
INFO: Run Behavior\ShowPageTraceBehavior [ RunTime:0.000978s ]
INFO: [ app_end ] --END-- [ RunTime:0.001254s ]

[ 2018-09-22T02:24:35+08:00 ] 113.200.157.248 /favicon.ico
INFO: [ app_init ] --START--
INFO: Run Behavior\BuildLiteBehavior [ RunTime:0.000039s ]
INFO: [ app_init ] --END-- [ RunTime:0.000526s ]
NOTIC: [8] Use of undefined constant Home - assumed 'Home' C:\wamp64\www\kdweb\Express\Home\Conf\config.php 第 17 行.
NOTIC: [8] Use of undefined constant Home - assumed 'Home' C:\wamp64\www\kdweb\Express\Home\Conf\config.php 第 18 行.
NOTIC: [8] Use of undefined constant Home - assumed 'Home' C:\wamp64\www\kdweb\Express\Home\Conf\config.php 第 19 行.
NOTIC: [8] Use of undefined constant Home - assumed 'Home' C:\wamp64\www\kdweb\Express\Home\Conf\config.php 第 20 行.

[ 2018-09-22T02:24:35+08:00 ] 113.200.157.248 /
INFO: [ app_init ] --START--
INFO: Run Behavior\BuildLiteBehavior [ RunTime:0.000038s ]
INFO: [ app_init ] --END-- [ RunTime:0.000503s ]
NOTIC: [8] Use of undefined constant Home - assumed 'Home' C:\wamp64\www\kdweb\Express\Home\Conf\config.php 第 17 行.
NOTIC: [8] Use of undefined constant Home - assumed 'Home' C:\wamp64\www\kdweb\Express\Home\Conf\config.php 第 18 行.
NOTIC: [8] Use of undefined constant Home - assumed 'Home' C:\wamp64\www\kdweb\Express\Home\Conf\config.php 第 19 行.
NOTIC: [8] Use of undefined constant Home - assumed 'Home' C:\wamp64\www\kdweb\Express\Home\Conf\config.php 第 20 行.
INFO: [ app_begin ] --START--
INFO: Run Behavior\ReadHtmlCacheBehavior [ RunTime:0.000463s ]
INFO: [ app_begin ] --END-- [ RunTime:0.000650s ]
SQL: SHOW COLUMNS FROM `ui_welpage` [ RunTime:0.0008s ]
SQL: SELECT * FROM `ui_welpage` WHERE ( status=1 )  [ RunTime:0.0003s ]
INFO: [ app_end ] --START--
INFO: Run Behavior\ShowPageTraceBehavior [ RunTime:0.000600s ]
INFO: [ app_end ] --END-- [ RunTime:0.000813s ]

[ 2018-09-22T02:24:36+08:00 ] 113.200.157.248 /favicon.ico
INFO: [ app_init ] --START--
INFO: Run Behavior\BuildLiteBehavior [ RunTime:0.000068s ]
INFO: [ app_init ] --END-- [ RunTime:0.000712s ]
NOTIC: [8] Use of undefined constant Home - assumed 'Home' C:\wamp64\www\kdweb\Express\Home\Conf\config.php 第 17 行.
NOTIC: [8] Use of undefined constant Home - assumed 'Home' C:\wamp64\www\kdweb\Express\Home\Conf\config.php 第 18 行.
NOTIC: [8] Use of undefined constant Home - assumed 'Home' C:\wamp64\www\kdweb\Express\Home\Conf\config.php 第 19 行.
NOTIC: [8] Use of undefined constant Home - assumed 'Home' C:\wamp64\www\kdweb\Express\Home\Conf\config.php 第 20 行.

[ 2018-09-22T02:25:36+08:00 ] 113.200.157.248 /
INFO: [ app_init ] --START--
INFO: Run Behavior\BuildLiteBehavior [ RunTime:0.000040s ]
INFO: [ app_init ] --END-- [ RunTime:0.000581s ]
NOTIC: [8] Use of undefined constant Home - assumed 'Home' C:\wamp64\www\kdweb\Express\Home\Conf\config.php 第 17 行.
NOTIC: [8] Use of undefined constant Home - assumed 'Home' C:\wamp64\www\kdweb\Express\Home\Conf\config.php 第 18 行.
NOTIC: [8] Use of undefined constant Home - assumed 'Home' C:\wamp64\www\kdweb\Express\Home\Conf\config.php 第 19 行.
NOTIC: [8] Use of undefined constant Home - assumed 'Home' C:\wamp64\www\kdweb\Express\Home\Conf\config.php 第 20 行.
INFO: [ app_begin ] --START--
INFO: Run Behavior\ReadHtmlCacheBehavior [ RunTime:0.000557s ]
INFO: [ app_begin ] --END-- [ RunTime:0.000750s ]
SQL: SHOW COLUMNS FROM `ui_welpage` [ RunTime:0.0048s ]
SQL: SELECT * FROM `ui_welpage` WHERE ( status=1 )  [ RunTime:0.0005s ]
INFO: [ app_end ] --START--
INFO: Run Behavior\ShowPageTraceBehavior [ RunTime:0.000675s ]
INFO: [ app_end ] --END-- [ RunTime:0.000859s ]

[ 2018-09-22T02:25:42+08:00 ] 113.200.157.248 /
INFO: [ app_init ] --START--
INFO: Run Behavior\BuildLiteBehavior [ RunTime:0.000063s ]
INFO: [ app_init ] --END-- [ RunTime:0.000736s ]
NOTIC: [8] Use of undefined constant Home - assumed 'Home' C:\wamp64\www\kdweb\Express\Home\Conf\config.php 第 17 行.
NOTIC: [8] Use of undefined constant Home - assumed 'Home' C:\wamp64\www\kdweb\Express\Home\Conf\config.php 第 18 行.
NOTIC: [8] Use of undefined constant Home - assumed 'Home' C:\wamp64\www\kdweb\Express\Home\Conf\config.php 第 19 行.
NOTIC: [8] Use of undefined constant Home - assumed 'Home' C:\wamp64\www\kdweb\Express\Home\Conf\config.php 第 20 行.
INFO: [ app_begin ] --START--
INFO: Run Behavior\ReadHtmlCacheBehavior [ RunTime:0.000771s ]
INFO: [ app_begin ] --END-- [ RunTime:0.001100s ]
SQL: SHOW COLUMNS FROM `ui_welpage` [ RunTime:0.0011s ]
SQL: SELECT * FROM `ui_welpage` WHERE ( status=1 )  [ RunTime:0.0004s ]
INFO: [ app_end ] --START--
INFO: Run Behavior\ShowPageTraceBehavior [ RunTime:0.000821s ]
INFO: [ app_end ] --END-- [ RunTime:0.001093s ]

[ 2018-09-22T02:26:01+08:00 ] 127.0.0.1 /
INFO: [ app_init ] --START--
INFO: Run Behavior\BuildLiteBehavior [ RunTime:0.000045s ]
INFO: [ app_init ] --END-- [ RunTime:0.000615s ]
NOTIC: [8] Use of undefined constant Home - assumed 'Home' C:\wamp64\www\kdweb\Express\Home\Conf\config.php 第 17 行.
NOTIC: [8] Use of undefined constant Home - assumed 'Home' C:\wamp64\www\kdweb\Express\Home\Conf\config.php 第 18 行.
NOTIC: [8] Use of undefined constant Home - assumed 'Home' C:\wamp64\www\kdweb\Express\Home\Conf\config.php 第 19 行.
NOTIC: [8] Use of undefined constant Home - assumed 'Home' C:\wamp64\www\kdweb\Express\Home\Conf\config.php 第 20 行.
INFO: [ app_begin ] --START--
INFO: Run Behavior\ReadHtmlCacheBehavior [ RunTime:0.000680s ]
INFO: [ app_begin ] --END-- [ RunTime:0.000948s ]
SQL: SHOW COLUMNS FROM `ui_welpage` [ RunTime:0.0012s ]
SQL: SELECT * FROM `ui_welpage` WHERE ( status=1 )  [ RunTime:0.0006s ]
INFO: [ app_end ] --START--
INFO: Run Behavior\ShowPageTraceBehavior [ RunTime:0.001094s ]
INFO: [ app_end ] --END-- [ RunTime:0.001367s ]

[ 2018-09-22T02:26:01+08:00 ] 127.0.0.1 /favicon.ico
INFO: [ app_init ] --START--
INFO: Run Behavior\BuildLiteBehavior [ RunTime:0.000047s ]
INFO: [ app_init ] --END-- [ RunTime:0.000514s ]
NOTIC: [8] Use of undefined constant Home - assumed 'Home' C:\wamp64\www\kdweb\Express\Home\Conf\config.php 第 17 行.
NOTIC: [8] Use of undefined constant Home - assumed 'Home' C:\wamp64\www\kdweb\Express\Home\Conf\config.php 第 18 行.
NOTIC: [8] Use of undefined constant Home - assumed 'Home' C:\wamp64\www\kdweb\Express\Home\Conf\config.php 第 19 行.
NOTIC: [8] Use of undefined constant Home - assumed 'Home' C:\wamp64\www\kdweb\Express\Home\Conf\config.php 第 20 行.

[ 2018-09-22T02:26:11+08:00 ] 180.163.220.3 /
INFO: [ app_init ] --START--
INFO: Run Behavior\BuildLiteBehavior [ RunTime:0.000047s ]
INFO: [ app_init ] --END-- [ RunTime:0.000529s ]
NOTIC: [8] Use of undefined constant Home - assumed 'Home' C:\wamp64\www\kdweb\Express\Home\Conf\config.php 第 17 行.
NOTIC: [8] Use of undefined constant Home - assumed 'Home' C:\wamp64\www\kdweb\Express\Home\Conf\config.php 第 18 行.
NOTIC: [8] Use of undefined constant Home - assumed 'Home' C:\wamp64\www\kdweb\Express\Home\Conf\config.php 第 19 行.
NOTIC: [8] Use of undefined constant Home - assumed 'Home' C:\wamp64\www\kdweb\Express\Home\Conf\config.php 第 20 行.
INFO: [ app_begin ] --START--
INFO: Run Behavior\ReadHtmlCacheBehavior [ RunTime:0.000531s ]
INFO: [ app_begin ] --END-- [ RunTime:0.000735s ]
SQL: SHOW COLUMNS FROM `ui_welpage` [ RunTime:0.0008s ]
SQL: SELECT * FROM `ui_welpage` WHERE ( status=1 )  [ RunTime:0.0004s ]
INFO: [ app_end ] --START--
INFO: Run Behavior\ShowPageTraceBehavior [ RunTime:0.000568s ]
INFO: [ app_end ] --END-- [ RunTime:0.000753s ]

[ 2018-09-22T02:26:51+08:00 ] 127.0.0.1 /
INFO: [ app_init ] --START--
INFO: Run Behavior\BuildLiteBehavior [ RunTime:0.000047s ]
INFO: [ app_init ] --END-- [ RunTime:0.000628s ]
NOTIC: [8] Use of undefined constant Home - assumed 'Home' C:\wamp64\www\kdweb\Express\Home\Conf\config.php 第 17 行.
NOTIC: [8] Use of undefined constant Home - assumed 'Home' C:\wamp64\www\kdweb\Express\Home\Conf\config.php 第 18 行.
NOTIC: [8] Use of undefined constant Home - assumed 'Home' C:\wamp64\www\kdweb\Express\Home\Conf\config.php 第 19 行.
NOTIC: [8] Use of undefined constant Home - assumed 'Home' C:\wamp64\www\kdweb\Express\Home\Conf\config.php 第 20 行.
INFO: [ app_begin ] --START--
INFO: Run Behavior\ReadHtmlCacheBehavior [ RunTime:0.000872s ]
INFO: [ app_begin ] --END-- [ RunTime:0.001166s ]
SQL: SHOW COLUMNS FROM `ui_welpage` [ RunTime:0.0010s ]
SQL: SELECT * FROM `ui_welpage` WHERE ( status=1 )  [ RunTime:0.0004s ]
INFO: [ app_end ] --START--
INFO: Run Behavior\ShowPageTraceBehavior [ RunTime:0.000772s ]
INFO: [ app_end ] --END-- [ RunTime:0.001038s ]

[ 2018-09-22T02:26:51+08:00 ] 127.0.0.1 /favicon.ico
INFO: [ app_init ] --START--
INFO: Run Behavior\BuildLiteBehavior [ RunTime:0.000045s ]
INFO: [ app_init ] --END-- [ RunTime:0.000573s ]
NOTIC: [8] Use of undefined constant Home - assumed 'Home' C:\wamp64\www\kdweb\Express\Home\Conf\config.php 第 17 行.
NOTIC: [8] Use of undefined constant Home - assumed 'Home' C:\wamp64\www\kdweb\Express\Home\Conf\config.php 第 18 行.
NOTIC: [8] Use of undefined constant Home - assumed 'Home' C:\wamp64\www\kdweb\Express\Home\Conf\config.php 第 19 行.
NOTIC: [8] Use of undefined constant Home - assumed 'Home' C:\wamp64\www\kdweb\Express\Home\Conf\config.php 第 20 行.

[ 2018-09-22T02:29:03+08:00 ] 183.3.227.100 /
INFO: [ app_init ] --START--
INFO: Run Behavior\BuildLiteBehavior [ RunTime:0.000059s ]
INFO: [ app_init ] --END-- [ RunTime:0.000765s ]
NOTIC: [8] Use of undefined constant Home - assumed 'Home' C:\wamp64\www\kdweb\Express\Home\Conf\config.php 第 17 行.
NOTIC: [8] Use of undefined constant Home - assumed 'Home' C:\wamp64\www\kdweb\Express\Home\Conf\config.php 第 18 行.
NOTIC: [8] Use of undefined constant Home - assumed 'Home' C:\wamp64\www\kdweb\Express\Home\Conf\config.php 第 19 行.
NOTIC: [8] Use of undefined constant Home - assumed 'Home' C:\wamp64\www\kdweb\Express\Home\Conf\config.php 第 20 行.
INFO: [ app_begin ] --START--
INFO: Run Behavior\ReadHtmlCacheBehavior [ RunTime:0.000578s ]
INFO: [ app_begin ] --END-- [ RunTime:0.000803s ]
SQL: SHOW COLUMNS FROM `ui_welpage` [ RunTime:0.0059s ]
SQL: SELECT * FROM `ui_welpage` WHERE ( status=1 )  [ RunTime:0.0006s ]
INFO: [ view_parse ] --START--
INFO: [ template_filter ] --START--
INFO: Run Behavior\ContentReplaceBehavior [ RunTime:0.000156s ]
INFO: [ template_filter ] --END-- [ RunTime:0.000354s ]
INFO: Run Behavior\ParseTemplateBehavior [ RunTime:0.010232s ]
INFO: [ view_parse ] --END-- [ RunTime:0.010752s ]
INFO: [ view_filter ] --START--
INFO: Run Behavior\WriteHtmlCacheBehavior [ RunTime:0.000387s ]
INFO: [ view_filter ] --END-- [ RunTime:0.000574s ]
INFO: [ app_end ] --START--
INFO: Run Behavior\ShowPageTraceBehavior [ RunTime:0.000544s ]
INFO: [ app_end ] --END-- [ RunTime:0.000728s ]

[ 2018-09-22T02:29:04+08:00 ] 113.200.157.248 /favicon.ico
INFO: [ app_init ] --START--
INFO: Run Behavior\BuildLiteBehavior [ RunTime:0.000042s ]
INFO: [ app_init ] --END-- [ RunTime:0.000567s ]
NOTIC: [8] Use of undefined constant Home - assumed 'Home' C:\wamp64\www\kdweb\Express\Home\Conf\config.php 第 17 行.
NOTIC: [8] Use of undefined constant Home - assumed 'Home' C:\wamp64\www\kdweb\Express\Home\Conf\config.php 第 18 行.
NOTIC: [8] Use of undefined constant Home - assumed 'Home' C:\wamp64\www\kdweb\Express\Home\Conf\config.php 第 19 行.
NOTIC: [8] Use of undefined constant Home - assumed 'Home' C:\wamp64\www\kdweb\Express\Home\Conf\config.php 第 20 行.

[ 2018-09-22T03:27:22+08:00 ] 120.79.19.95 /webdav/
ERR: 无法加载控制器:Webdav

[ 2018-09-22T03:27:32+08:00 ] 120.79.19.95 /help.php
ERR: 无法加载控制器:Help.php

[ 2018-09-22T03:27:32+08:00 ] 120.79.19.95 /java.php
ERR: 无法加载控制器:Java.php

[ 2018-09-22T03:27:32+08:00 ] 120.79.19.95 /_query.php
ERR: 无法加载控制器:Query.php

[ 2018-09-22T03:27:32+08:00 ] 120.79.19.95 /test.php
ERR: 无法加载控制器:Test.php

[ 2018-09-22T03:27:32+08:00 ] 120.79.19.95 /db_cts.php
ERR: 无法加载控制器:DbCts.php

[ 2018-09-22T03:27:32+08:00 ] 120.79.19.95 /db_pma.php
ERR: 无法加载控制器:DbPma.php

[ 2018-09-22T03:27:32+08:00 ] 120.79.19.95 /logon.php
ERR: 无法加载控制器:Logon.php

[ 2018-09-22T03:27:32+08:00 ] 120.79.19.95 /help-e.php
ERR: 无法加载控制器:Help-e.php

[ 2018-09-22T03:27:32+08:00 ] 120.79.19.95 /license.php
ERR: 无法加载控制器:License.php

[ 2018-09-22T03:27:32+08:00 ] 120.79.19.95 /log.php
ERR: 无法加载控制器:Log.php

[ 2018-09-22T03:27:34+08:00 ] 120.79.19.95 /hell.php
ERR: 无法加载控制器:Hell.php

[ 2018-09-22T03:27:34+08:00 ] 120.79.19.95 /pmd_online.php
ERR: 无法加载控制器:PmdOnline.php

[ 2018-09-22T03:27:34+08:00 ] 120.79.19.95 /x.php
ERR: 无法加载控制器:X.php

[ 2018-09-22T03:27:34+08:00 ] 120.79.19.95 /shell.php
ERR: 无法加载控制器:Shell.php

[ 2018-09-22T03:27:34+08:00 ] 120.79.19.95 /desktop.ini.php
ERR: 无法加载控制器:Desktop.ini.php

[ 2018-09-22T03:27:34+08:00 ] 120.79.19.95 /z.php
ERR: 无法加载控制器:Z.php

[ 2018-09-22T03:27:34+08:00 ] 120.79.19.95 /lala.php
ERR: 无法加载控制器:Lala.php

[ 2018-09-22T03:27:34+08:00 ] 120.79.19.95 /lala-dpr.php
ERR: 无法加载控制器:Lala-dpr.php

[ 2018-09-22T03:27:34+08:00 ] 120.79.19.95 /wpo.php
ERR: 无法加载控制器:Wpo.php

[ 2018-09-22T03:27:34+08:00 ] 120.79.19.95 /text.php
ERR: 无法加载控制器:Text.php

[ 2018-09-22T03:27:34+08:00 ] 120.79.19.95 /wp-config.php
ERR: 无法加载控制器:Wp-config.php

[ 2018-09-22T03:27:34+08:00 ] 120.79.19.95 /muhstik.php
ERR: 无法加载控制器:Muhstik.php

[ 2018-09-22T03:27:34+08:00 ] 120.79.19.95 /muhstik2.php
ERR: 无法加载控制器:Muhstik2.php

[ 2018-09-22T03:27:35+08:00 ] 120.79.19.95 /muhstiks.php
ERR: 无法加载控制器:Muhstiks.php

[ 2018-09-22T03:27:35+08:00 ] 120.79.19.95 /muhstik-dpr.php
ERR: 无法加载控制器:Muhstik-dpr.php

[ 2018-09-22T03:27:35+08:00 ] 120.79.19.95 /lol.php
ERR: 无法加载控制器:Lol.php

[ 2018-09-22T03:27:35+08:00 ] 120.79.19.95 /uploader.php
ERR: 无法加载控制器:Uploader.php

[ 2018-09-22T03:27:35+08:00 ] 120.79.19.95 /cmd.php
ERR: 无法加载控制器:Cmd.php

[ 2018-09-22T03:27:35+08:00 ] 120.79.19.95 /cmx.php
ERR: 无法加载控制器:Cmx.php

[ 2018-09-22T03:27:35+08:00 ] 120.79.19.95 /cmv.php
ERR: 无法加载控制器:Cmv.php

[ 2018-09-22T03:27:35+08:00 ] 120.79.19.95 /cmdd.php
ERR: 无法加载控制器:Cmdd.php

[ 2018-09-22T03:27:35+08:00 ] 120.79.19.95 /knal.php
ERR: 无法加载控制器:Knal.php

[ 2018-09-22T03:27:35+08:00 ] 120.79.19.95 /cmd.php
ERR: 无法加载控制器:Cmd.php

[ 2018-09-22T03:27:35+08:00 ] 120.79.19.95 /shell.php
ERR: 无法加载控制器:Shell.php

[ 2018-09-22T03:27:35+08:00 ] 120.79.19.95 /appserv.php
ERR: 无法加载控制器:Appserv.php

[ 2018-09-22T03:27:35+08:00 ] 120.79.19.95 /wuwu11.php
ERR: 无法加载控制器:Wuwu11.php

[ 2018-09-22T03:27:37+08:00 ] 120.79.19.95 /xw.php
ERR: 无法加载控制器:Xw.php

[ 2018-09-22T03:27:37+08:00 ] 120.79.19.95 /xw1.php
ERR: 无法加载控制器:Xw1.php

[ 2018-09-22T03:27:38+08:00 ] 120.79.19.95 /9678.php
ERR: 无法加载控制器:9678.php

[ 2018-09-22T03:27:38+08:00 ] 120.79.19.95 /wc.php
ERR: 无法加载控制器:Wc.php

[ 2018-09-22T03:27:38+08:00 ] 120.79.19.95 /xx.php
ERR: 无法加载控制器:Xx.php

[ 2018-09-22T03:27:50+08:00 ] 120.79.19.95 /s.php
ERR: 无法加载控制器:S.php

[ 2018-09-22T03:27:58+08:00 ] 120.79.19.95 /w.php
ERR: 无法加载控制器:W.php

[ 2018-09-22T03:27:59+08:00 ] 120.79.19.95 /sheep.php
ERR: 无法加载控制器:Sheep.php

[ 2018-09-22T03:28:09+08:00 ] 120.79.19.95 /db.init.php
ERR: 无法加载控制器:Db.init.php

[ 2018-09-22T03:28:10+08:00 ] 120.79.19.95 /db_session.init.php
ERR: 无法加载控制器:DbSession.init.php

[ 2018-09-22T03:28:10+08:00 ] 120.79.19.95 /db__.init.php
ERR: 无法加载控制器:Db__.init.php

[ 2018-09-22T03:28:10+08:00 ] 120.79.19.95 /wp-admins.php
ERR: 无法加载控制器:Wp-admins.php

[ 2018-09-22T03:28:10+08:00 ] 120.79.19.95 /m.php?pbid=open
ERR: 无法加载控制器:M.php

[ 2018-09-22T03:28:11+08:00 ] 120.79.19.95 /db_dataml.php
ERR: 无法加载控制器:DbDataml.php

[ 2018-09-22T03:28:21+08:00 ] 120.79.19.95 /db_desql.php
ERR: 无法加载控制器:DbDesql.php

[ 2018-09-22T03:28:21+08:00 ] 120.79.19.95 /mx.php
ERR: 无法加载控制器:Mx.php

[ 2018-09-22T03:28:26+08:00 ] 120.79.19.95 /wshell.php
ERR: 无法加载控制器:Wshell.php

[ 2018-09-22T03:28:26+08:00 ] 120.79.19.95 /xshell.php
ERR: 无法加载控制器:Xshell.php

[ 2018-09-22T03:28:38+08:00 ] 120.79.19.95 /qq.php
ERR: 无法加载控制器:Qq.php

[ 2018-09-22T03:28:38+08:00 ] 120.79.19.95 /conflg.php
ERR: 无法加载控制器:Conflg.php

[ 2018-09-22T03:28:48+08:00 ] 120.79.19.95 /lindex.php
ERR: 无法加载控制器:Lindex.php

[ 2018-09-22T03:28:49+08:00 ] 120.79.19.95 /phpstudy.php
ERR: 无法加载控制器:Phpstudy.php

[ 2018-09-22T03:28:50+08:00 ] 120.79.19.95 /phpStudy.php
ERR: 无法加载控制器:PhpStudy.php

[ 2018-09-22T03:28:51+08:00 ] 120.79.19.95 /weixiao.php
ERR: 无法加载控制器:Weixiao.php

[ 2018-09-22T03:28:52+08:00 ] 120.79.19.95 /feixiang.php
ERR: 无法加载控制器:Feixiang.php

[ 2018-09-22T03:28:52+08:00 ] 120.79.19.95 /ak47.php
ERR: 无法加载控制器:Ak47.php

[ 2018-09-22T03:28:52+08:00 ] 120.79.19.95 /ak48.php
ERR: 无法加载控制器:Ak48.php

[ 2018-09-22T03:28:54+08:00 ] 120.79.19.95 /xiao.php
ERR: 无法加载控制器:Xiao.php

[ 2018-09-22T03:28:54+08:00 ] 120.79.19.95 /yao.php
ERR: 无法加载控制器:Yao.php

[ 2018-09-22T03:28:54+08:00 ] 120.79.19.95 /defect.php
ERR: 无法加载控制器:Defect.php

[ 2018-09-22T03:28:55+08:00 ] 120.79.19.95 /webslee.php
ERR: 无法加载控制器:Webslee.php

[ 2018-09-22T03:28:55+08:00 ] 120.79.19.95 /q.php
ERR: 无法加载控制器:Q.php

[ 2018-09-22T03:28:55+08:00 ] 120.79.19.95 /pe.php
ERR: 无法加载控制器:Pe.php

[ 2018-09-22T03:28:56+08:00 ] 120.79.19.95 /hm.php
ERR: 无法加载控制器:Hm.php

[ 2018-09-22T03:28:56+08:00 ] 120.79.19.95 /cainiao.php
ERR: 无法加载控制器:Cainiao.php

[ 2018-09-22T03:28:56+08:00 ] 120.79.19.95 /zuoshou.php
ERR: 无法加载控制器:Zuoshou.php

[ 2018-09-22T03:28:57+08:00 ] 120.79.19.95 /zuo.php
ERR: 无法加载控制器:Zuo.php

[ 2018-09-22T03:28:58+08:00 ] 120.79.19.95 /aotu.php
ERR: 无法加载控制器:Aotu.php

[ 2018-09-22T03:28:58+08:00 ] 120.79.19.95 /cmd.php
ERR: 无法加载控制器:Cmd.php

[ 2018-09-22T03:29:10+08:00 ] 120.79.19.95 /bak.php
ERR: 无法加载控制器:Bak.php

[ 2018-09-22T03:29:12+08:00 ] 120.79.19.95 /system.php
ERR: 无法加载控制器:System.php

[ 2018-09-22T03:29:13+08:00 ] 120.79.19.95 /l7.php
ERR: 无法加载控制器:L7.php

[ 2018-09-22T03:29:23+08:00 ] 120.79.19.95 /l8.php
ERR: 无法加载控制器:L8.php

[ 2018-09-22T03:29:23+08:00 ] 120.79.19.95 /qaq.php
ERR: 无法加载控制器:Qaq.php

[ 2018-09-22T03:29:26+08:00 ] 120.79.19.95 /q.php
ERR: 无法加载控制器:Q.php

[ 2018-09-22T03:29:26+08:00 ] 120.79.19.95 /56.php
ERR: 无法加载控制器:56.php

[ 2018-09-22T03:29:26+08:00 ] 120.79.19.95 /mz.php
ERR: 无法加载控制器:Mz.php

[ 2018-09-22T03:29:26+08:00 ] 120.79.19.95 /xx.php
ERR: 无法加载控制器:Xx.php

[ 2018-09-22T03:29:26+08:00 ] 120.79.19.95 /qaq.php
ERR: 无法加载控制器:Qaq.php

[ 2018-09-22T03:29:26+08:00 ] 120.79.19.95 /qaq.php
ERR: 无法加载控制器:Qaq.php

[ 2018-09-22T03:29:26+08:00 ] 120.79.19.95 /yumo.php
ERR: 无法加载控制器:Yumo.php

[ 2018-09-22T03:29:26+08:00 ] 120.79.19.95 /min.php
ERR: 无法加载控制器:Min.php

[ 2018-09-22T03:29:26+08:00 ] 120.79.19.95 /wan.php
ERR: 无法加载控制器:Wan.php

[ 2018-09-22T03:29:26+08:00 ] 120.79.19.95 /wanan.php
ERR: 无法加载控制器:Wanan.php

[ 2018-09-22T03:29:26+08:00 ] 120.79.19.95 /ssaa.php
ERR: 无法加载控制器:Ssaa.php

[ 2018-09-22T03:29:26+08:00 ] 120.79.19.95 /qq.php
ERR: 无法加载控制器:Qq.php

[ 2018-09-22T03:29:26+08:00 ] 120.79.19.95 /aw.php
ERR: 无法加载控制器:Aw.php

[ 2018-09-22T03:29:26+08:00 ] 120.79.19.95 /12.php
ERR: 无法加载控制器:12.php

[ 2018-09-22T03:29:26+08:00 ] 120.79.19.95 /hh.php
ERR: 无法加载控制器:Hh.php

[ 2018-09-22T03:29:27+08:00 ] 120.79.19.95 /ak.php
ERR: 无法加载控制器:Ak.php

[ 2018-09-22T03:29:27+08:00 ] 120.79.19.95 /ip.php
ERR: 无法加载控制器:Ip.php

[ 2018-09-22T03:29:27+08:00 ] 120.79.19.95 /infoo.php
ERR: 无法加载控制器:Infoo.php

[ 2018-09-22T03:29:27+08:00 ] 120.79.19.95 /qq.php
ERR: 无法加载控制器:Qq.php

[ 2018-09-22T03:29:27+08:00 ] 120.79.19.95 /qwe.php
ERR: 无法加载控制器:Qwe.php

[ 2018-09-22T03:29:27+08:00 ] 120.79.19.95 /1213.php
ERR: 无法加载控制器:1213.php

[ 2018-09-22T03:29:27+08:00 ] 120.79.19.95 /post.php
ERR: 无法加载控制器:Post.php

[ 2018-09-22T03:29:27+08:00 ] 120.79.19.95 /h1.php
ERR: 无法加载控制器:H1.php

[ 2018-09-22T03:29:27+08:00 ] 120.79.19.95 /test.php
ERR: 无法加载控制器:Test.php

[ 2018-09-22T03:29:27+08:00 ] 120.79.19.95 /3.php
ERR: 无法加载控制器:3.php

[ 2018-09-22T03:29:27+08:00 ] 120.79.19.95 /phpinfi.php
ERR: 无法加载控制器:Phpinfi.php

[ 2018-09-22T03:29:27+08:00 ] 120.79.19.95 /aaaa.php
ERR: 无法加载控制器:Aaaa.php

[ 2018-09-22T03:29:27+08:00 ] 120.79.19.95 /9510.php
ERR: 无法加载控制器:9510.php

[ 2018-09-22T03:29:27+08:00 ] 120.79.19.95 /xiaoma.php
ERR: 无法加载控制器:Xiaoma.php

[ 2018-09-22T03:29:27+08:00 ] 120.79.19.95 /xiaomae.php
ERR: 无法加载控制器:Xiaomae.php

[ 2018-09-22T03:29:27+08:00 ] 120.79.19.95 /xiaomar.php
ERR: 无法加载控制器:Xiaomar.php

[ 2018-09-22T03:29:27+08:00 ] 120.79.19.95 /qq.php
ERR: 无法加载控制器:Qq.php

[ 2018-09-22T03:29:27+08:00 ] 120.79.19.95 /data.php
ERR: 无法加载控制器:Data.php

[ 2018-09-22T03:29:27+08:00 ] 120.79.19.95 /log.php
ERR: 无法加载控制器:Log.php

[ 2018-09-22T03:29:27+08:00 ] 120.79.19.95 /fack.php
ERR: 无法加载控制器:Fack.php

[ 2018-09-22T03:29:27+08:00 ] 120.79.19.95 /angge.php
ERR: 无法加载控制器:Angge.php

[ 2018-09-22T03:29:30+08:00 ] 120.79.19.95 /phpMyAdmin/index.php
ERR: 无法加载控制器:PhpMyAdmin

[ 2018-09-22T03:29:30+08:00 ] 120.79.19.95 /pmd/index.php
ERR: 无法加载控制器:Pmd

[ 2018-09-22T03:29:30+08:00 ] 120.79.19.95 /pma/index.php
ERR: 无法加载控制器:Pma

[ 2018-09-22T03:29:30+08:00 ] 120.79.19.95 /PMA/index.php
ERR: 无法加载控制器:PMA

[ 2018-09-22T03:29:30+08:00 ] 120.79.19.95 /PMA2/index.php
ERR: 无法加载控制器:PMA2

[ 2018-09-22T03:29:30+08:00 ] 120.79.19.95 /pmamy/index.php
ERR: 无法加载控制器:Pmamy

[ 2018-09-22T03:29:30+08:00 ] 120.79.19.95 /pmamy2/index.php
ERR: 无法加载控制器:Pmamy2

[ 2018-09-22T03:29:30+08:00 ] 120.79.19.95 /mysql/index.php
ERR: 无法加载控制器:Mysql

[ 2018-09-22T03:29:30+08:00 ] 120.79.19.95 /admin/index.php
ERR: 无法加载控制器:Admin

[ 2018-09-22T03:29:30+08:00 ] 120.79.19.95 /db/index.php
ERR: 无法加载控制器:Db

[ 2018-09-22T03:29:30+08:00 ] 120.79.19.95 /dbadmin/index.php
ERR: 无法加载控制器:Dbadmin

[ 2018-09-22T03:29:30+08:00 ] 120.79.19.95 /web/phpMyAdmin/index.php
ERR: 无法加载控制器:Web

[ 2018-09-22T03:29:30+08:00 ] 120.79.19.95 /admin/pma/index.php
ERR: 无法加载控制器:Admin

[ 2018-09-22T03:29:30+08:00 ] 120.79.19.95 /admin/PMA/index.php
ERR: 无法加载控制器:Admin

[ 2018-09-22T03:29:30+08:00 ] 120.79.19.95 /admin/mysql/index.php
ERR: 无法加载控制器:Admin

[ 2018-09-22T03:29:31+08:00 ] 120.79.19.95 /admin/mysql2/index.php
ERR: 无法加载控制器:Admin

[ 2018-09-22T03:29:31+08:00 ] 120.79.19.95 /admin/phpmyadmin/index.php
ERR: 无法加载控制器:Admin

[ 2018-09-22T03:29:31+08:00 ] 120.79.19.95 /admin/phpMyAdmin/index.php
ERR: 无法加载控制器:Admin

[ 2018-09-22T03:29:31+08:00 ] 120.79.19.95 /admin/phpmyadmin2/index.php
ERR: 无法加载控制器:Admin

[ 2018-09-22T03:29:31+08:00 ] 120.79.19.95 /mysqladmin/index.php
ERR: 无法加载控制器:Mysqladmin

[ 2018-09-22T03:29:31+08:00 ] 120.79.19.95 /mysql-admin/index.php
ERR: 无法加载控制器:Mysql-admin

[ 2018-09-22T03:29:31+08:00 ] 120.79.19.95 /phpadmin/index.php
ERR: 无法加载控制器:Phpadmin

[ 2018-09-22T03:29:31+08:00 ] 120.79.19.95 /phpmyadmin0/index.php
ERR: 无法加载控制器:Phpmyadmin0

[ 2018-09-22T03:29:31+08:00 ] 120.79.19.95 /phpmyadmin1/index.php
ERR: 无法加载控制器:Phpmyadmin1

[ 2018-09-22T03:29:31+08:00 ] 120.79.19.95 /phpmyadmin2/index.php
ERR: 无法加载控制器:Phpmyadmin2

[ 2018-09-22T03:29:31+08:00 ] 120.79.19.95 /myadmin/index.php
ERR: 无法加载控制器:Myadmin

[ 2018-09-22T03:29:31+08:00 ] 120.79.19.95 /myadmin2/index.php
ERR: 无法加载控制器:Myadmin2

[ 2018-09-22T03:29:31+08:00 ] 120.79.19.95 /xampp/phpmyadmin/index.php
ERR: 无法加载控制器:Xampp

[ 2018-09-22T03:29:31+08:00 ] 120.79.19.95 /phpMyadmin_bak/index.php
ERR: 无法加载控制器:PhpMyadminBak

[ 2018-09-22T03:29:31+08:00 ] 120.79.19.95 /www/phpMyAdmin/index.php
ERR: 无法加载控制器:Www

[ 2018-09-22T03:29:31+08:00 ] 120.79.19.95 /tools/phpMyAdmin/index.php
ERR: 无法加载控制器:Tools

[ 2018-09-22T03:29:31+08:00 ] 120.79.19.95 /phpmyadmin-old/index.php
ERR: 无法加载控制器:Phpmyadmin-old

[ 2018-09-22T03:29:31+08:00 ] 120.79.19.95 /phpMyAdminold/index.php
ERR: 无法加载控制器:PhpMyAdminold

[ 2018-09-22T03:29:34+08:00 ] 120.79.19.95 /pma-old/index.php
ERR: 无法加载控制器:Pma-old

[ 2018-09-22T03:29:34+08:00 ] 120.79.19.95 /claroline/phpMyAdmin/index.php
ERR: 无法加载控制器:Claroline

[ 2018-09-22T03:29:34+08:00 ] 120.79.19.95 /typo3/phpmyadmin/index.php
ERR: 无法加载控制器:Typo3

[ 2018-09-22T03:29:34+08:00 ] 120.79.19.95 /phpma/index.php
ERR: 无法加载控制器:Phpma

[ 2018-09-22T03:29:34+08:00 ] 120.79.19.95 /phpMyAdmin/phpMyAdmin/index.php
ERR: 无法加载控制器:PhpMyAdmin

[ 2018-09-22T05:17:56+08:00 ] 203.208.60.107 /robots.txt
ERR: 无法加载控制器:Robots.txt

[ 2018-09-22T11:08:16+08:00 ] 80.211.64.182 /phpMyAdmin/scripts/setup.php
ERR: 无法加载控制器:PhpMyAdmin

[ 2018-09-22T11:08:17+08:00 ] 80.211.64.182 /pma/scripts/setup.php
ERR: 无法加载控制器:Pma

[ 2018-09-22T11:08:17+08:00 ] 80.211.64.182 /myadmin/scripts/setup.php
ERR: 无法加载控制器:Myadmin

[ 2018-09-22T11:08:18+08:00 ] 80.211.64.182 /MyAdmin/scripts/setup.php
ERR: 无法加载控制器:MyAdmin

[ 2018-09-22T11:20:57+08:00 ] 185.234.217.132 /wp-login.php
ERR: 无法加载控制器:Wp-login.php

[ 2018-09-22T11:20:58+08:00 ] 185.234.217.132 //wp-login.php
ERR: 无法加载控制器:Wp-login.php

[ 2018-09-22T14:34:51+08:00 ] 93.179.68.150 /phpMyAdmin/scripts/setup.php
ERR: 无法加载控制器:PhpMyAdmin

[ 2018-09-22T15:14:07+08:00 ] 71.6.202.198 /ccvv
ERR: 无法加载控制器:Ccvv

[ 2018-09-22T20:22:38+08:00 ] 203.208.60.38 /robots.txt
ERR: 无法加载控制器:Robots.txt

