[ 2018-08-02T21:45:46+08:00 ] ::1 /Ui_kd/
INFO: [ app_init ] --START--
INFO: Run Behavior\BuildLiteBehavior [ RunTime:0.000067s ]
INFO: [ app_init ] --END-- [ RunTime:0.000807s ]
INFO: [ app_begin ] --START--
INFO: Run Behavior\ReadHtmlCacheBehavior [ RunTime:0.004360s ]
INFO: [ app_begin ] --END-- [ RunTime:0.004730s ]
INFO: [ view_parse ] --START--
INFO: [ template_filter ] --START--
INFO: Run Behavior\ContentReplaceBehavior [ RunTime:0.018122s ]
INFO: [ template_filter ] --END-- [ RunTime:0.018457s ]
INFO: Run Behavior\ParseTemplateBehavior [ RunTime:0.041780s ]
INFO: [ view_parse ] --END-- [ RunTime:0.042130s ]
INFO: [ view_filter ] --START--
INFO: Run Behavior\WriteHtmlCacheBehavior [ RunTime:0.002038s ]
INFO: [ view_filter ] --END-- [ RunTime:0.002348s ]
INFO: [ app_end ] --START--
INFO: Run Behavior\ShowPageTraceBehavior [ RunTime:0.003775s ]
INFO: [ app_end ] --END-- [ RunTime:0.004290s ]

[ 2018-08-02T21:45:48+08:00 ] ::1 /Ui_kd/
INFO: [ app_init ] --START--
INFO: Run Behavior\BuildLiteBehavior [ RunTime:0.000057s ]
INFO: [ app_init ] --END-- [ RunTime:0.001354s ]
INFO: [ app_begin ] --START--
INFO: Run Behavior\ReadHtmlCacheBehavior [ RunTime:0.002802s ]
INFO: [ app_begin ] --END-- [ RunTime:0.003154s ]
INFO: [ view_parse ] --START--
INFO: Run Behavior\ParseTemplateBehavior [ RunTime:0.001387s ]
INFO: [ view_parse ] --END-- [ RunTime:0.001716s ]
INFO: [ view_filter ] --START--
INFO: Run Behavior\WriteHtmlCacheBehavior [ RunTime:0.001507s ]
INFO: [ view_filter ] --END-- [ RunTime:0.001814s ]
INFO: [ app_end ] --START--
INFO: Run Behavior\ShowPageTraceBehavior [ RunTime:0.002102s ]
INFO: [ app_end ] --END-- [ RunTime:0.002348s ]

[ 2018-08-02T21:52:50+08:00 ] ::1 /Ui_kd/
INFO: [ app_init ] --START--
INFO: Run Behavior\BuildLiteBehavior [ RunTime:0.000060s ]
INFO: [ app_init ] --END-- [ RunTime:0.001497s ]
NOTIC: [8] Use of undefined constant Home - assumed 'Home' E:\PHPDemo\Ui_kd\Express\Home\Conf\config.php 第 12 行.
NOTIC: [8] Use of undefined constant Home - assumed 'Home' E:\PHPDemo\Ui_kd\Express\Home\Conf\config.php 第 13 行.
NOTIC: [8] Use of undefined constant Home - assumed 'Home' E:\PHPDemo\Ui_kd\Express\Home\Conf\config.php 第 14 行.
INFO: [ app_begin ] --START--
INFO: Run Behavior\ReadHtmlCacheBehavior [ RunTime:0.002230s ]
INFO: [ app_begin ] --END-- [ RunTime:0.002561s ]
ERR: 无法加载控制器:

[ 2018-08-02T21:54:09+08:00 ] ::1 /Ui_kd/
INFO: [ app_init ] --START--
INFO: Run Behavior\BuildLiteBehavior [ RunTime:0.000087s ]
INFO: [ app_init ] --END-- [ RunTime:0.001969s ]
NOTIC: [8] Use of undefined constant Home - assumed 'Home' E:\PHPDemo\Ui_kd\Express\Home\Conf\config.php 第 12 行.
NOTIC: [8] Use of undefined constant Home - assumed 'Home' E:\PHPDemo\Ui_kd\Express\Home\Conf\config.php 第 13 行.
NOTIC: [8] Use of undefined constant Home - assumed 'Home' E:\PHPDemo\Ui_kd\Express\Home\Conf\config.php 第 14 行.
INFO: [ app_begin ] --START--
INFO: Run Behavior\ReadHtmlCacheBehavior [ RunTime:0.002704s ]
INFO: [ app_begin ] --END-- [ RunTime:0.002978s ]
ERR: 无法加载控制器:

[ 2018-08-02T21:55:00+08:00 ] ::1 /Ui_kd/
INFO: [ app_init ] --START--
INFO: Run Behavior\BuildLiteBehavior [ RunTime:0.000068s ]
INFO: [ app_init ] --END-- [ RunTime:0.001401s ]
NOTIC: [8] Use of undefined constant Home - assumed 'Home' E:\PHPDemo\Ui_kd\Express\Home\Conf\config.php 第 12 行.
NOTIC: [8] Use of undefined constant Home - assumed 'Home' E:\PHPDemo\Ui_kd\Express\Home\Conf\config.php 第 13 行.
NOTIC: [8] Use of undefined constant Home - assumed 'Home' E:\PHPDemo\Ui_kd\Express\Home\Conf\config.php 第 14 行.
INFO: [ app_begin ] --START--
INFO: Run Behavior\ReadHtmlCacheBehavior [ RunTime:0.002014s ]
INFO: [ app_begin ] --END-- [ RunTime:0.002321s ]
ERR: 无法加载控制器:

[ 2018-08-02T21:55:28+08:00 ] ::1 /Ui_kd/
INFO: [ app_init ] --START--
INFO: Run Behavior\BuildLiteBehavior [ RunTime:0.000063s ]
INFO: [ app_init ] --END-- [ RunTime:0.010731s ]
NOTIC: [8] Use of undefined constant Home - assumed 'Home' E:\PHPDemo\Ui_kd\Express\Home\Conf\config.php 第 12 行.
NOTIC: [8] Use of undefined constant Home - assumed 'Home' E:\PHPDemo\Ui_kd\Express\Home\Conf\config.php 第 13 行.
NOTIC: [8] Use of undefined constant Home - assumed 'Home' E:\PHPDemo\Ui_kd\Express\Home\Conf\config.php 第 14 行.
INFO: [ app_begin ] --START--
INFO: Run Behavior\ReadHtmlCacheBehavior [ RunTime:0.006335s ]
INFO: [ app_begin ] --END-- [ RunTime:0.006673s ]
ERR: 无法加载控制器:

[ 2018-08-02T21:57:46+08:00 ] ::1 /Ui_kd/
INFO: [ app_init ] --START--
INFO: Run Behavior\BuildLiteBehavior [ RunTime:0.000058s ]
INFO: [ app_init ] --END-- [ RunTime:0.001262s ]
NOTIC: [8] Use of undefined constant Home - assumed 'Home' E:\PHPDemo\Ui_kd\Express\Home\Conf\config.php 第 12 行.
NOTIC: [8] Use of undefined constant Home - assumed 'Home' E:\PHPDemo\Ui_kd\Express\Home\Conf\config.php 第 13 行.
NOTIC: [8] Use of undefined constant Home - assumed 'Home' E:\PHPDemo\Ui_kd\Express\Home\Conf\config.php 第 14 行.
INFO: [ app_begin ] --START--
INFO: Run Behavior\ReadHtmlCacheBehavior [ RunTime:0.002929s ]
INFO: [ app_begin ] --END-- [ RunTime:0.003197s ]
ERR: 无法加载控制器:

[ 2018-08-02T21:57:49+08:00 ] ::1 /Ui_kd/
INFO: [ app_init ] --START--
INFO: Run Behavior\BuildLiteBehavior [ RunTime:0.000058s ]
INFO: [ app_init ] --END-- [ RunTime:0.001289s ]
NOTIC: [8] Use of undefined constant Home - assumed 'Home' E:\PHPDemo\Ui_kd\Express\Home\Conf\config.php 第 12 行.
NOTIC: [8] Use of undefined constant Home - assumed 'Home' E:\PHPDemo\Ui_kd\Express\Home\Conf\config.php 第 13 行.
NOTIC: [8] Use of undefined constant Home - assumed 'Home' E:\PHPDemo\Ui_kd\Express\Home\Conf\config.php 第 14 行.
INFO: [ app_begin ] --START--
INFO: Run Behavior\ReadHtmlCacheBehavior [ RunTime:0.002151s ]
INFO: [ app_begin ] --END-- [ RunTime:0.002410s ]
ERR: 无法加载控制器:

[ 2018-08-02T21:57:52+08:00 ] ::1 /Ui_kd/
INFO: [ app_init ] --START--
INFO: Run Behavior\BuildLiteBehavior [ RunTime:0.000056s ]
INFO: [ app_init ] --END-- [ RunTime:0.001295s ]
NOTIC: [8] Use of undefined constant Home - assumed 'Home' E:\PHPDemo\Ui_kd\Express\Home\Conf\config.php 第 12 行.
NOTIC: [8] Use of undefined constant Home - assumed 'Home' E:\PHPDemo\Ui_kd\Express\Home\Conf\config.php 第 13 行.
NOTIC: [8] Use of undefined constant Home - assumed 'Home' E:\PHPDemo\Ui_kd\Express\Home\Conf\config.php 第 14 行.
INFO: [ app_begin ] --START--
INFO: Run Behavior\ReadHtmlCacheBehavior [ RunTime:0.002184s ]
INFO: [ app_begin ] --END-- [ RunTime:0.002458s ]
ERR: 无法加载控制器:

[ 2018-08-02T21:57:54+08:00 ] ::1 /Ui_kd/
INFO: [ app_init ] --START--
INFO: Run Behavior\BuildLiteBehavior [ RunTime:0.000056s ]
INFO: [ app_init ] --END-- [ RunTime:0.001267s ]
NOTIC: [8] Use of undefined constant Home - assumed 'Home' E:\PHPDemo\Ui_kd\Express\Home\Conf\config.php 第 12 行.
NOTIC: [8] Use of undefined constant Home - assumed 'Home' E:\PHPDemo\Ui_kd\Express\Home\Conf\config.php 第 13 行.
NOTIC: [8] Use of undefined constant Home - assumed 'Home' E:\PHPDemo\Ui_kd\Express\Home\Conf\config.php 第 14 行.
INFO: [ app_begin ] --START--
INFO: Run Behavior\ReadHtmlCacheBehavior [ RunTime:0.002276s ]
INFO: [ app_begin ] --END-- [ RunTime:0.002992s ]
ERR: 无法加载控制器:

[ 2018-08-02T21:59:06+08:00 ] ::1 /Ui_kd/
INFO: [ app_init ] --START--
INFO: Run Behavior\BuildLiteBehavior [ RunTime:0.000057s ]
INFO: [ app_init ] --END-- [ RunTime:0.001334s ]
NOTIC: [8] Use of undefined constant Home - assumed 'Home' E:\PHPDemo\Ui_kd\Express\Home\Conf\config.php 第 12 行.
NOTIC: [8] Use of undefined constant Home - assumed 'Home' E:\PHPDemo\Ui_kd\Express\Home\Conf\config.php 第 13 行.
NOTIC: [8] Use of undefined constant Home - assumed 'Home' E:\PHPDemo\Ui_kd\Express\Home\Conf\config.php 第 14 行.
INFO: [ app_begin ] --START--
INFO: Run Behavior\ReadHtmlCacheBehavior [ RunTime:0.002172s ]
INFO: [ app_begin ] --END-- [ RunTime:0.002433s ]
ERR: 无法加载控制器:

[ 2018-08-02T21:59:50+08:00 ] ::1 /Ui_kd/
INFO: [ app_init ] --START--
INFO: Run Behavior\BuildLiteBehavior [ RunTime:0.000058s ]
INFO: [ app_init ] --END-- [ RunTime:0.001254s ]
NOTIC: [8] Use of undefined constant Home - assumed 'Home' E:\PHPDemo\Ui_kd\Express\Home\Conf\config.php 第 12 行.
NOTIC: [8] Use of undefined constant Home - assumed 'Home' E:\PHPDemo\Ui_kd\Express\Home\Conf\config.php 第 13 行.
NOTIC: [8] Use of undefined constant Home - assumed 'Home' E:\PHPDemo\Ui_kd\Express\Home\Conf\config.php 第 14 行.
INFO: [ app_begin ] --START--
INFO: Run Behavior\ReadHtmlCacheBehavior [ RunTime:0.002383s ]
INFO: [ app_begin ] --END-- [ RunTime:0.002645s ]
INFO: [ view_parse ] --START--
INFO: Run Behavior\ParseTemplateBehavior [ RunTime:0.001863s ]
INFO: [ view_parse ] --END-- [ RunTime:0.006295s ]
INFO: [ view_filter ] --START--
INFO: Run Behavior\WriteHtmlCacheBehavior [ RunTime:0.009544s ]
INFO: [ view_filter ] --END-- [ RunTime:0.009800s ]
INFO: [ app_end ] --START--
INFO: Run Behavior\ShowPageTraceBehavior [ RunTime:0.009922s ]
INFO: [ app_end ] --END-- [ RunTime:0.010193s ]

[ 2018-08-02T22:00:00+08:00 ] ::1 /Ui_kd/
INFO: [ app_init ] --START--
INFO: Run Behavior\BuildLiteBehavior [ RunTime:0.000055s ]
INFO: [ app_init ] --END-- [ RunTime:0.001258s ]
NOTIC: [8] Use of undefined constant Home - assumed 'Home' E:\PHPDemo\Ui_kd\Express\Home\Conf\config.php 第 12 行.
NOTIC: [8] Use of undefined constant Home - assumed 'Home' E:\PHPDemo\Ui_kd\Express\Home\Conf\config.php 第 13 行.
NOTIC: [8] Use of undefined constant Home - assumed 'Home' E:\PHPDemo\Ui_kd\Express\Home\Conf\config.php 第 14 行.
INFO: [ app_begin ] --START--
INFO: Run Behavior\ReadHtmlCacheBehavior [ RunTime:0.001943s ]
INFO: [ app_begin ] --END-- [ RunTime:0.002205s ]
INFO: [ view_parse ] --START--
INFO: Run Behavior\ParseTemplateBehavior [ RunTime:0.001645s ]
INFO: [ view_parse ] --END-- [ RunTime:0.001899s ]
INFO: [ view_filter ] --START--
INFO: Run Behavior\WriteHtmlCacheBehavior [ RunTime:0.001223s ]
INFO: [ view_filter ] --END-- [ RunTime:0.001457s ]
INFO: [ app_end ] --START--
INFO: Run Behavior\ShowPageTraceBehavior [ RunTime:0.001945s ]
INFO: [ app_end ] --END-- [ RunTime:0.002188s ]

[ 2018-08-02T22:00:20+08:00 ] ::1 /Ui_kd/
INFO: [ app_init ] --START--
INFO: Run Behavior\BuildLiteBehavior [ RunTime:0.000055s ]
INFO: [ app_init ] --END-- [ RunTime:0.001248s ]
NOTIC: [8] Use of undefined constant Home - assumed 'Home' E:\PHPDemo\Ui_kd\Express\Home\Conf\config.php 第 12 行.
NOTIC: [8] Use of undefined constant Home - assumed 'Home' E:\PHPDemo\Ui_kd\Express\Home\Conf\config.php 第 13 行.
NOTIC: [8] Use of undefined constant Home - assumed 'Home' E:\PHPDemo\Ui_kd\Express\Home\Conf\config.php 第 14 行.
INFO: [ app_begin ] --START--
INFO: Run Behavior\ReadHtmlCacheBehavior [ RunTime:0.002175s ]
INFO: [ app_begin ] --END-- [ RunTime:0.002450s ]
INFO: [ view_parse ] --START--
INFO: [ template_filter ] --START--
INFO: Run Behavior\ContentReplaceBehavior [ RunTime:0.000160s ]
INFO: [ template_filter ] --END-- [ RunTime:0.000428s ]
INFO: Run Behavior\ParseTemplateBehavior [ RunTime:0.107750s ]
INFO: [ view_parse ] --END-- [ RunTime:0.108028s ]
INFO: [ view_filter ] --START--
INFO: Run Behavior\WriteHtmlCacheBehavior [ RunTime:0.001392s ]
INFO: [ view_filter ] --END-- [ RunTime:0.001630s ]
INFO: [ app_end ] --START--
INFO: Run Behavior\ShowPageTraceBehavior [ RunTime:0.003868s ]
INFO: [ app_end ] --END-- [ RunTime:0.004119s ]

[ 2018-08-02T22:02:36+08:00 ] ::1 /Ui_kd/
INFO: [ app_init ] --START--
INFO: Run Behavior\BuildLiteBehavior [ RunTime:0.000059s ]
INFO: [ app_init ] --END-- [ RunTime:0.001287s ]
NOTIC: [8] Use of undefined constant Home - assumed 'Home' E:\PHPDemo\Ui_kd\Express\Home\Conf\config.php 第 12 行.
NOTIC: [8] Use of undefined constant Home - assumed 'Home' E:\PHPDemo\Ui_kd\Express\Home\Conf\config.php 第 13 行.
NOTIC: [8] Use of undefined constant Home - assumed 'Home' E:\PHPDemo\Ui_kd\Express\Home\Conf\config.php 第 14 行.
INFO: [ app_begin ] --START--
INFO: Run Behavior\ReadHtmlCacheBehavior [ RunTime:0.002003s ]
INFO: [ app_begin ] --END-- [ RunTime:0.002263s ]
INFO: [ view_parse ] --START--
INFO: [ template_filter ] --START--
INFO: Run Behavior\ContentReplaceBehavior [ RunTime:0.000157s ]
INFO: [ template_filter ] --END-- [ RunTime:0.000417s ]
INFO: Run Behavior\ParseTemplateBehavior [ RunTime:0.118679s ]
INFO: [ view_parse ] --END-- [ RunTime:0.118969s ]
INFO: [ view_filter ] --START--
INFO: Run Behavior\WriteHtmlCacheBehavior [ RunTime:0.001412s ]
INFO: [ view_filter ] --END-- [ RunTime:0.001657s ]
INFO: [ app_end ] --START--
INFO: Run Behavior\ShowPageTraceBehavior [ RunTime:0.002049s ]
INFO: [ app_end ] --END-- [ RunTime:0.002295s ]

[ 2018-08-02T22:15:20+08:00 ] ::1 /Ui_kd/
INFO: [ app_init ] --START--
INFO: Run Behavior\BuildLiteBehavior [ RunTime:0.000060s ]
INFO: [ app_init ] --END-- [ RunTime:0.001423s ]
NOTIC: [8] Use of undefined constant Home - assumed 'Home' E:\PHPDemo\Ui_kd\Express\Home\Conf\config.php 第 12 行.
NOTIC: [8] Use of undefined constant Home - assumed 'Home' E:\PHPDemo\Ui_kd\Express\Home\Conf\config.php 第 13 行.
NOTIC: [8] Use of undefined constant Home - assumed 'Home' E:\PHPDemo\Ui_kd\Express\Home\Conf\config.php 第 14 行.
INFO: [ app_begin ] --START--
INFO: Run Behavior\ReadHtmlCacheBehavior [ RunTime:0.002439s ]
INFO: [ app_begin ] --END-- [ RunTime:0.002711s ]
INFO: [ view_parse ] --START--
INFO: [ template_filter ] --START--
INFO: Run Behavior\ContentReplaceBehavior [ RunTime:0.000164s ]
INFO: [ template_filter ] --END-- [ RunTime:0.000432s ]
INFO: Run Behavior\ParseTemplateBehavior [ RunTime:0.049106s ]
INFO: [ view_parse ] --END-- [ RunTime:0.049408s ]
INFO: [ view_filter ] --START--
INFO: Run Behavior\WriteHtmlCacheBehavior [ RunTime:0.001802s ]
INFO: [ view_filter ] --END-- [ RunTime:0.002067s ]
INFO: [ app_end ] --START--
INFO: Run Behavior\ShowPageTraceBehavior [ RunTime:0.004229s ]
INFO: [ app_end ] --END-- [ RunTime:0.004491s ]

[ 2018-08-02T22:29:08+08:00 ] ::1 /Ui_kd/
INFO: [ app_init ] --START--
INFO: Run Behavior\BuildLiteBehavior [ RunTime:0.000057s ]
INFO: [ app_init ] --END-- [ RunTime:0.001338s ]
NOTIC: [8] Use of undefined constant Home - assumed 'Home' E:\PHPDemo\Ui_kd\Express\Home\Conf\config.php 第 12 行.
NOTIC: [8] Use of undefined constant Home - assumed 'Home' E:\PHPDemo\Ui_kd\Express\Home\Conf\config.php 第 13 行.
NOTIC: [8] Use of undefined constant Home - assumed 'Home' E:\PHPDemo\Ui_kd\Express\Home\Conf\config.php 第 14 行.
INFO: [ app_begin ] --START--
INFO: Run Behavior\ReadHtmlCacheBehavior [ RunTime:0.002391s ]
INFO: [ app_begin ] --END-- [ RunTime:0.002716s ]
INFO: [ view_parse ] --START--
INFO: [ template_filter ] --START--
INFO: Run Behavior\ContentReplaceBehavior [ RunTime:0.000154s ]
INFO: [ template_filter ] --END-- [ RunTime:0.000455s ]
INFO: Run Behavior\ParseTemplateBehavior [ RunTime:0.020723s ]
INFO: [ view_parse ] --END-- [ RunTime:0.021027s ]
INFO: [ view_filter ] --START--
INFO: Run Behavior\WriteHtmlCacheBehavior [ RunTime:0.001244s ]
INFO: [ view_filter ] --END-- [ RunTime:0.001508s ]
INFO: [ app_end ] --START--
INFO: Run Behavior\ShowPageTraceBehavior [ RunTime:0.002020s ]
INFO: [ app_end ] --END-- [ RunTime:0.002268s ]

[ 2018-08-02T22:37:31+08:00 ] ::1 /Ui_kd/
INFO: [ app_init ] --START--
INFO: Run Behavior\BuildLiteBehavior [ RunTime:0.000058s ]
INFO: [ app_init ] --END-- [ RunTime:0.001339s ]
NOTIC: [8] Use of undefined constant Home - assumed 'Home' E:\PHPDemo\Ui_kd\Express\Home\Conf\config.php 第 12 行.
NOTIC: [8] Use of undefined constant Home - assumed 'Home' E:\PHPDemo\Ui_kd\Express\Home\Conf\config.php 第 13 行.
NOTIC: [8] Use of undefined constant Home - assumed 'Home' E:\PHPDemo\Ui_kd\Express\Home\Conf\config.php 第 14 行.
NOTIC: [8] Use of undefined constant Home - assumed 'Home' E:\PHPDemo\Ui_kd\Express\Home\Conf\config.php 第 15 行.
INFO: [ app_begin ] --START--
INFO: Run Behavior\ReadHtmlCacheBehavior [ RunTime:0.002094s ]
INFO: [ app_begin ] --END-- [ RunTime:0.002363s ]
INFO: [ view_parse ] --START--
INFO: [ template_filter ] --START--
INFO: Run Behavior\ContentReplaceBehavior [ RunTime:0.000258s ]
INFO: [ template_filter ] --END-- [ RunTime:0.000609s ]
INFO: Run Behavior\ParseTemplateBehavior [ RunTime:0.019243s ]
INFO: [ view_parse ] --END-- [ RunTime:0.019699s ]
INFO: [ view_filter ] --START--
INFO: Run Behavior\WriteHtmlCacheBehavior [ RunTime:0.001445s ]
INFO: [ view_filter ] --END-- [ RunTime:0.001699s ]
INFO: [ app_end ] --START--
INFO: Run Behavior\ShowPageTraceBehavior [ RunTime:0.002480s ]
INFO: [ app_end ] --END-- [ RunTime:0.002741s ]

[ 2018-08-02T22:37:31+08:00 ] ::1 /Ui_kd/Express/Home/Public/FROZEN/release/css/frozenui.css
INFO: [ app_init ] --START--
INFO: Run Behavior\BuildLiteBehavior [ RunTime:0.000099s ]
INFO: [ app_init ] --END-- [ RunTime:0.001969s ]
NOTIC: [8] Use of undefined constant Home - assumed 'Home' E:\PHPDemo\Ui_kd\Express\Home\Conf\config.php 第 12 行.
NOTIC: [8] Use of undefined constant Home - assumed 'Home' E:\PHPDemo\Ui_kd\Express\Home\Conf\config.php 第 13 行.
NOTIC: [8] Use of undefined constant Home - assumed 'Home' E:\PHPDemo\Ui_kd\Express\Home\Conf\config.php 第 14 行.
NOTIC: [8] Use of undefined constant Home - assumed 'Home' E:\PHPDemo\Ui_kd\Express\Home\Conf\config.php 第 15 行.
INFO: [ app_begin ] --START--
INFO: Run Behavior\ReadHtmlCacheBehavior [ RunTime:0.003239s ]
INFO: [ app_begin ] --END-- [ RunTime:0.003679s ]
ERR: 无法加载控制器:Express

[ 2018-08-02T22:37:34+08:00 ] ::1 /Ui_kd/Express/Home/Public/FROZEN/release/css/frozenui.css
INFO: [ app_init ] --START--
INFO: Run Behavior\BuildLiteBehavior [ RunTime:0.000082s ]
INFO: [ app_init ] --END-- [ RunTime:0.002279s ]
NOTIC: [8] Use of undefined constant Home - assumed 'Home' E:\PHPDemo\Ui_kd\Express\Home\Conf\config.php 第 12 行.
NOTIC: [8] Use of undefined constant Home - assumed 'Home' E:\PHPDemo\Ui_kd\Express\Home\Conf\config.php 第 13 行.
NOTIC: [8] Use of undefined constant Home - assumed 'Home' E:\PHPDemo\Ui_kd\Express\Home\Conf\config.php 第 14 行.
NOTIC: [8] Use of undefined constant Home - assumed 'Home' E:\PHPDemo\Ui_kd\Express\Home\Conf\config.php 第 15 行.
INFO: [ app_begin ] --START--
INFO: Run Behavior\ReadHtmlCacheBehavior [ RunTime:0.003201s ]
INFO: [ app_begin ] --END-- [ RunTime:0.003505s ]
ERR: 无法加载控制器:Express

[ 2018-08-02T22:38:20+08:00 ] ::1 /Ui_kd/
INFO: [ app_init ] --START--
INFO: Run Behavior\BuildLiteBehavior [ RunTime:0.000088s ]
INFO: [ app_init ] --END-- [ RunTime:0.001717s ]
NOTIC: [8] Use of undefined constant Home - assumed 'Home' E:\PHPDemo\Ui_kd\Express\Home\Conf\config.php 第 12 行.
NOTIC: [8] Use of undefined constant Home - assumed 'Home' E:\PHPDemo\Ui_kd\Express\Home\Conf\config.php 第 13 行.
NOTIC: [8] Use of undefined constant Home - assumed 'Home' E:\PHPDemo\Ui_kd\Express\Home\Conf\config.php 第 14 行.
NOTIC: [8] Use of undefined constant Home - assumed 'Home' E:\PHPDemo\Ui_kd\Express\Home\Conf\config.php 第 15 行.
INFO: [ app_begin ] --START--
INFO: Run Behavior\ReadHtmlCacheBehavior [ RunTime:0.002029s ]
INFO: [ app_begin ] --END-- [ RunTime:0.002314s ]
INFO: [ view_parse ] --START--
INFO: [ template_filter ] --START--
INFO: Run Behavior\ContentReplaceBehavior [ RunTime:0.000165s ]
INFO: [ template_filter ] --END-- [ RunTime:0.000426s ]
INFO: Run Behavior\ParseTemplateBehavior [ RunTime:0.017159s ]
INFO: [ view_parse ] --END-- [ RunTime:0.017430s ]
INFO: [ view_filter ] --START--
INFO: Run Behavior\WriteHtmlCacheBehavior [ RunTime:0.038103s ]
INFO: [ view_filter ] --END-- [ RunTime:0.038379s ]
INFO: [ app_end ] --START--
INFO: Run Behavior\ShowPageTraceBehavior [ RunTime:0.002053s ]
INFO: [ app_end ] --END-- [ RunTime:0.002322s ]

[ 2018-08-02T22:38:21+08:00 ] ::1 /Ui_kd/Express/Home/Public/FROZEN/release/css/frozenui.css
INFO: [ app_init ] --START--
INFO: Run Behavior\BuildLiteBehavior [ RunTime:0.000097s ]
INFO: [ app_init ] --END-- [ RunTime:0.002165s ]
NOTIC: [8] Use of undefined constant Home - assumed 'Home' E:\PHPDemo\Ui_kd\Express\Home\Conf\config.php 第 12 行.
NOTIC: [8] Use of undefined constant Home - assumed 'Home' E:\PHPDemo\Ui_kd\Express\Home\Conf\config.php 第 13 行.
NOTIC: [8] Use of undefined constant Home - assumed 'Home' E:\PHPDemo\Ui_kd\Express\Home\Conf\config.php 第 14 行.
NOTIC: [8] Use of undefined constant Home - assumed 'Home' E:\PHPDemo\Ui_kd\Express\Home\Conf\config.php 第 15 行.
INFO: [ app_begin ] --START--
INFO: Run Behavior\ReadHtmlCacheBehavior [ RunTime:0.002434s ]
INFO: [ app_begin ] --END-- [ RunTime:0.002880s ]
ERR: 无法加载控制器:Express

[ 2018-08-02T22:38:53+08:00 ] ::1 /Ui_kd/
INFO: [ app_init ] --START--
INFO: Run Behavior\BuildLiteBehavior [ RunTime:0.000057s ]
INFO: [ app_init ] --END-- [ RunTime:0.001257s ]
NOTIC: [8] Use of undefined constant Home - assumed 'Home' E:\PHPDemo\Ui_kd\Express\Home\Conf\config.php 第 12 行.
NOTIC: [8] Use of undefined constant Home - assumed 'Home' E:\PHPDemo\Ui_kd\Express\Home\Conf\config.php 第 13 行.
NOTIC: [8] Use of undefined constant Home - assumed 'Home' E:\PHPDemo\Ui_kd\Express\Home\Conf\config.php 第 14 行.
NOTIC: [8] Use of undefined constant Home - assumed 'Home' E:\PHPDemo\Ui_kd\Express\Home\Conf\config.php 第 15 行.
INFO: [ app_begin ] --START--
INFO: Run Behavior\ReadHtmlCacheBehavior [ RunTime:0.002028s ]
INFO: [ app_begin ] --END-- [ RunTime:0.002292s ]
INFO: [ view_parse ] --START--
INFO: [ template_filter ] --START--
INFO: Run Behavior\ContentReplaceBehavior [ RunTime:0.000277s ]
INFO: [ template_filter ] --END-- [ RunTime:0.000639s ]
INFO: Run Behavior\ParseTemplateBehavior [ RunTime:0.017973s ]
INFO: [ view_parse ] --END-- [ RunTime:0.018265s ]
INFO: [ view_filter ] --START--
INFO: Run Behavior\WriteHtmlCacheBehavior [ RunTime:0.001198s ]
INFO: [ view_filter ] --END-- [ RunTime:0.001450s ]
INFO: [ app_end ] --START--
INFO: Run Behavior\ShowPageTraceBehavior [ RunTime:0.001995s ]
INFO: [ app_end ] --END-- [ RunTime:0.002242s ]

[ 2018-08-02T22:39:29+08:00 ] ::1 /Ui_kd/
INFO: [ app_init ] --START--
INFO: Run Behavior\BuildLiteBehavior [ RunTime:0.000061s ]
INFO: [ app_init ] --END-- [ RunTime:0.001550s ]
NOTIC: [8] Use of undefined constant Home - assumed 'Home' E:\PHPDemo\Ui_kd\Express\Home\Conf\config.php 第 12 行.
NOTIC: [8] Use of undefined constant Home - assumed 'Home' E:\PHPDemo\Ui_kd\Express\Home\Conf\config.php 第 13 行.
NOTIC: [8] Use of undefined constant Home - assumed 'Home' E:\PHPDemo\Ui_kd\Express\Home\Conf\config.php 第 14 行.
NOTIC: [8] Use of undefined constant Home - assumed 'Home' E:\PHPDemo\Ui_kd\Express\Home\Conf\config.php 第 15 行.
INFO: [ app_begin ] --START--
INFO: Run Behavior\ReadHtmlCacheBehavior [ RunTime:0.002305s ]
INFO: [ app_begin ] --END-- [ RunTime:0.002599s ]
INFO: [ view_parse ] --START--
INFO: [ template_filter ] --START--
INFO: Run Behavior\ContentReplaceBehavior [ RunTime:0.000159s ]
INFO: [ template_filter ] --END-- [ RunTime:0.000421s ]
INFO: Run Behavior\ParseTemplateBehavior [ RunTime:0.019335s ]
INFO: [ view_parse ] --END-- [ RunTime:0.019651s ]
INFO: [ view_filter ] --START--
INFO: Run Behavior\WriteHtmlCacheBehavior [ RunTime:0.001589s ]
INFO: [ view_filter ] --END-- [ RunTime:0.001841s ]
INFO: [ app_end ] --START--
INFO: Run Behavior\ShowPageTraceBehavior [ RunTime:0.002006s ]
INFO: [ app_end ] --END-- [ RunTime:0.002271s ]

[ 2018-08-02T22:39:34+08:00 ] ::1 /Ui_kd/
INFO: [ app_init ] --START--
INFO: Run Behavior\BuildLiteBehavior [ RunTime:0.000063s ]
INFO: [ app_init ] --END-- [ RunTime:0.001555s ]
NOTIC: [8] Use of undefined constant Home - assumed 'Home' E:\PHPDemo\Ui_kd\Express\Home\Conf\config.php 第 12 行.
NOTIC: [8] Use of undefined constant Home - assumed 'Home' E:\PHPDemo\Ui_kd\Express\Home\Conf\config.php 第 13 行.
NOTIC: [8] Use of undefined constant Home - assumed 'Home' E:\PHPDemo\Ui_kd\Express\Home\Conf\config.php 第 14 行.
NOTIC: [8] Use of undefined constant Home - assumed 'Home' E:\PHPDemo\Ui_kd\Express\Home\Conf\config.php 第 15 行.
INFO: [ app_begin ] --START--
INFO: Run Behavior\ReadHtmlCacheBehavior [ RunTime:0.002209s ]
INFO: [ app_begin ] --END-- [ RunTime:0.002504s ]
INFO: [ view_parse ] --START--
INFO: [ template_filter ] --START--
INFO: Run Behavior\ContentReplaceBehavior [ RunTime:0.000161s ]
INFO: [ template_filter ] --END-- [ RunTime:0.000423s ]
INFO: Run Behavior\ParseTemplateBehavior [ RunTime:0.018169s ]
INFO: [ view_parse ] --END-- [ RunTime:0.018441s ]
INFO: [ view_filter ] --START--
INFO: Run Behavior\WriteHtmlCacheBehavior [ RunTime:0.001511s ]
INFO: [ view_filter ] --END-- [ RunTime:0.001768s ]
INFO: [ app_end ] --START--
INFO: Run Behavior\ShowPageTraceBehavior [ RunTime:0.002589s ]
INFO: [ app_end ] --END-- [ RunTime:0.002953s ]

[ 2018-08-02T22:52:31+08:00 ] ::1 /Ui_kd/
INFO: [ app_init ] --START--
INFO: Run Behavior\BuildLiteBehavior [ RunTime:0.000058s ]
INFO: [ app_init ] --END-- [ RunTime:0.001391s ]
NOTIC: [8] Use of undefined constant Home - assumed 'Home' E:\PHPDemo\Ui_kd\Express\Home\Conf\config.php 第 12 行.
NOTIC: [8] Use of undefined constant Home - assumed 'Home' E:\PHPDemo\Ui_kd\Express\Home\Conf\config.php 第 13 行.
NOTIC: [8] Use of undefined constant Home - assumed 'Home' E:\PHPDemo\Ui_kd\Express\Home\Conf\config.php 第 14 行.
NOTIC: [8] Use of undefined constant Home - assumed 'Home' E:\PHPDemo\Ui_kd\Express\Home\Conf\config.php 第 15 行.
INFO: [ app_begin ] --START--
INFO: Run Behavior\ReadHtmlCacheBehavior [ RunTime:0.002096s ]
INFO: [ app_begin ] --END-- [ RunTime:0.002361s ]
INFO: [ view_parse ] --START--
INFO: [ template_filter ] --START--
INFO: Run Behavior\ContentReplaceBehavior [ RunTime:0.000256s ]
INFO: [ template_filter ] --END-- [ RunTime:0.000608s ]
INFO: Run Behavior\ParseTemplateBehavior [ RunTime:0.020078s ]
INFO: [ view_parse ] --END-- [ RunTime:0.020359s ]
INFO: [ view_filter ] --START--
INFO: Run Behavior\WriteHtmlCacheBehavior [ RunTime:0.001443s ]
INFO: [ view_filter ] --END-- [ RunTime:0.001700s ]
INFO: [ app_end ] --START--
INFO: Run Behavior\ShowPageTraceBehavior [ RunTime:0.001886s ]
INFO: [ app_end ] --END-- [ RunTime:0.002130s ]

[ 2018-08-02T22:56:28+08:00 ] ::1 /Ui_kd/
INFO: [ app_init ] --START--
INFO: Run Behavior\BuildLiteBehavior [ RunTime:0.000096s ]
INFO: [ app_init ] --END-- [ RunTime:0.001339s ]
NOTIC: [8] Use of undefined constant Home - assumed 'Home' E:\PHPDemo\Ui_kd\Express\Home\Conf\config.php 第 12 行.
NOTIC: [8] Use of undefined constant Home - assumed 'Home' E:\PHPDemo\Ui_kd\Express\Home\Conf\config.php 第 13 行.
NOTIC: [8] Use of undefined constant Home - assumed 'Home' E:\PHPDemo\Ui_kd\Express\Home\Conf\config.php 第 14 行.
NOTIC: [8] Use of undefined constant Home - assumed 'Home' E:\PHPDemo\Ui_kd\Express\Home\Conf\config.php 第 15 行.
INFO: [ app_begin ] --START--
INFO: Run Behavior\ReadHtmlCacheBehavior [ RunTime:0.002001s ]
INFO: [ app_begin ] --END-- [ RunTime:0.002267s ]
INFO: [ view_parse ] --START--
INFO: [ template_filter ] --START--
INFO: Run Behavior\ContentReplaceBehavior [ RunTime:0.000191s ]
INFO: [ template_filter ] --END-- [ RunTime:0.000448s ]
INFO: Run Behavior\ParseTemplateBehavior [ RunTime:0.018078s ]
INFO: [ view_parse ] --END-- [ RunTime:0.018374s ]
INFO: [ view_filter ] --START--
INFO: Run Behavior\WriteHtmlCacheBehavior [ RunTime:0.001221s ]
INFO: [ view_filter ] --END-- [ RunTime:0.001488s ]
INFO: [ app_end ] --START--
INFO: Run Behavior\ShowPageTraceBehavior [ RunTime:0.002025s ]
INFO: [ app_end ] --END-- [ RunTime:0.002270s ]

[ 2018-08-02T23:02:59+08:00 ] ::1 /Ui_kd/
INFO: [ app_init ] --START--
INFO: Run Behavior\BuildLiteBehavior [ RunTime:0.000058s ]
INFO: [ app_init ] --END-- [ RunTime:0.001319s ]
NOTIC: [8] Use of undefined constant Home - assumed 'Home' E:\PHPDemo\Ui_kd\Express\Home\Conf\config.php 第 12 行.
NOTIC: [8] Use of undefined constant Home - assumed 'Home' E:\PHPDemo\Ui_kd\Express\Home\Conf\config.php 第 13 行.
NOTIC: [8] Use of undefined constant Home - assumed 'Home' E:\PHPDemo\Ui_kd\Express\Home\Conf\config.php 第 14 行.
NOTIC: [8] Use of undefined constant Home - assumed 'Home' E:\PHPDemo\Ui_kd\Express\Home\Conf\config.php 第 15 行.
INFO: [ app_begin ] --START--
INFO: Run Behavior\ReadHtmlCacheBehavior [ RunTime:0.002039s ]
INFO: [ app_begin ] --END-- [ RunTime:0.002318s ]
INFO: [ view_parse ] --START--
INFO: [ template_filter ] --START--
INFO: Run Behavior\ContentReplaceBehavior [ RunTime:0.000202s ]
INFO: [ template_filter ] --END-- [ RunTime:0.000464s ]
INFO: Run Behavior\ParseTemplateBehavior [ RunTime:0.018684s ]
INFO: [ view_parse ] --END-- [ RunTime:0.018961s ]
INFO: [ view_filter ] --START--
INFO: Run Behavior\WriteHtmlCacheBehavior [ RunTime:0.001399s ]
INFO: [ view_filter ] --END-- [ RunTime:0.001640s ]
INFO: [ app_end ] --START--
INFO: Run Behavior\ShowPageTraceBehavior [ RunTime:0.001986s ]
INFO: [ app_end ] --END-- [ RunTime:0.002253s ]

[ 2018-08-02T23:03:36+08:00 ] ::1 /Ui_kd/
INFO: [ app_init ] --START--
INFO: Run Behavior\BuildLiteBehavior [ RunTime:0.000061s ]
INFO: [ app_init ] --END-- [ RunTime:0.001611s ]
NOTIC: [8] Use of undefined constant Home - assumed 'Home' E:\PHPDemo\Ui_kd\Express\Home\Conf\config.php 第 12 行.
NOTIC: [8] Use of undefined constant Home - assumed 'Home' E:\PHPDemo\Ui_kd\Express\Home\Conf\config.php 第 13 行.
NOTIC: [8] Use of undefined constant Home - assumed 'Home' E:\PHPDemo\Ui_kd\Express\Home\Conf\config.php 第 14 行.
NOTIC: [8] Use of undefined constant Home - assumed 'Home' E:\PHPDemo\Ui_kd\Express\Home\Conf\config.php 第 15 行.
INFO: [ app_begin ] --START--
INFO: Run Behavior\ReadHtmlCacheBehavior [ RunTime:0.002914s ]
INFO: [ app_begin ] --END-- [ RunTime:0.003309s ]
INFO: [ view_parse ] --START--
INFO: [ template_filter ] --START--
INFO: Run Behavior\ContentReplaceBehavior [ RunTime:0.000289s ]
INFO: [ template_filter ] --END-- [ RunTime:0.000714s ]
INFO: Run Behavior\ParseTemplateBehavior [ RunTime:0.028463s ]
INFO: [ view_parse ] --END-- [ RunTime:0.028773s ]
INFO: [ view_filter ] --START--
INFO: Run Behavior\WriteHtmlCacheBehavior [ RunTime:0.002451s ]
INFO: [ view_filter ] --END-- [ RunTime:0.002735s ]
INFO: [ app_end ] --START--
INFO: Run Behavior\ShowPageTraceBehavior [ RunTime:0.002150s ]
INFO: [ app_end ] --END-- [ RunTime:0.002431s ]

[ 2018-08-02T23:05:02+08:00 ] ::1 /Ui_kd/
INFO: [ app_init ] --START--
INFO: Run Behavior\BuildLiteBehavior [ RunTime:0.000057s ]
INFO: [ app_init ] --END-- [ RunTime:0.001384s ]
NOTIC: [8] Use of undefined constant Home - assumed 'Home' E:\PHPDemo\Ui_kd\Express\Home\Conf\config.php 第 12 行.
NOTIC: [8] Use of undefined constant Home - assumed 'Home' E:\PHPDemo\Ui_kd\Express\Home\Conf\config.php 第 13 行.
NOTIC: [8] Use of undefined constant Home - assumed 'Home' E:\PHPDemo\Ui_kd\Express\Home\Conf\config.php 第 14 行.
NOTIC: [8] Use of undefined constant Home - assumed 'Home' E:\PHPDemo\Ui_kd\Express\Home\Conf\config.php 第 15 行.
INFO: [ app_begin ] --START--
INFO: Run Behavior\ReadHtmlCacheBehavior [ RunTime:0.001965s ]
INFO: [ app_begin ] --END-- [ RunTime:0.002224s ]
INFO: [ view_parse ] --START--
INFO: [ template_filter ] --START--
INFO: Run Behavior\ContentReplaceBehavior [ RunTime:0.000196s ]
INFO: [ template_filter ] --END-- [ RunTime:0.000456s ]
INFO: Run Behavior\ParseTemplateBehavior [ RunTime:0.019305s ]
INFO: [ view_parse ] --END-- [ RunTime:0.019585s ]
INFO: [ view_filter ] --START--
INFO: Run Behavior\WriteHtmlCacheBehavior [ RunTime:0.001428s ]
INFO: [ view_filter ] --END-- [ RunTime:0.001681s ]
INFO: [ app_end ] --START--
INFO: Run Behavior\ShowPageTraceBehavior [ RunTime:0.001851s ]
INFO: [ app_end ] --END-- [ RunTime:0.002097s ]

[ 2018-08-02T23:09:17+08:00 ] ::1 /Ui_kd/
INFO: [ app_init ] --START--
INFO: Run Behavior\BuildLiteBehavior [ RunTime:0.000058s ]
INFO: [ app_init ] --END-- [ RunTime:0.001292s ]
NOTIC: [8] Use of undefined constant Home - assumed 'Home' E:\PHPDemo\Ui_kd\Express\Home\Conf\config.php 第 12 行.
NOTIC: [8] Use of undefined constant Home - assumed 'Home' E:\PHPDemo\Ui_kd\Express\Home\Conf\config.php 第 13 行.
NOTIC: [8] Use of undefined constant Home - assumed 'Home' E:\PHPDemo\Ui_kd\Express\Home\Conf\config.php 第 14 行.
NOTIC: [8] Use of undefined constant Home - assumed 'Home' E:\PHPDemo\Ui_kd\Express\Home\Conf\config.php 第 15 行.
INFO: [ app_begin ] --START--
INFO: Run Behavior\ReadHtmlCacheBehavior [ RunTime:0.002021s ]
INFO: [ app_begin ] --END-- [ RunTime:0.002282s ]
INFO: [ view_parse ] --START--
INFO: [ template_filter ] --START--
INFO: Run Behavior\ContentReplaceBehavior [ RunTime:0.000196s ]
INFO: [ template_filter ] --END-- [ RunTime:0.000450s ]
INFO: Run Behavior\ParseTemplateBehavior [ RunTime:0.018871s ]
INFO: [ view_parse ] --END-- [ RunTime:0.019168s ]
INFO: [ view_filter ] --START--
INFO: Run Behavior\WriteHtmlCacheBehavior [ RunTime:0.001428s ]
INFO: [ view_filter ] --END-- [ RunTime:0.001683s ]
INFO: [ app_end ] --START--
INFO: Run Behavior\ShowPageTraceBehavior [ RunTime:0.001990s ]
INFO: [ app_end ] --END-- [ RunTime:0.002239s ]

[ 2018-08-02T23:12:50+08:00 ] ::1 /Ui_kd/
INFO: [ app_init ] --START--
INFO: Run Behavior\BuildLiteBehavior [ RunTime:0.000057s ]
INFO: [ app_init ] --END-- [ RunTime:0.001288s ]
NOTIC: [8] Use of undefined constant Home - assumed 'Home' E:\PHPDemo\Ui_kd\Express\Home\Conf\config.php 第 12 行.
NOTIC: [8] Use of undefined constant Home - assumed 'Home' E:\PHPDemo\Ui_kd\Express\Home\Conf\config.php 第 13 行.
NOTIC: [8] Use of undefined constant Home - assumed 'Home' E:\PHPDemo\Ui_kd\Express\Home\Conf\config.php 第 14 行.
NOTIC: [8] Use of undefined constant Home - assumed 'Home' E:\PHPDemo\Ui_kd\Express\Home\Conf\config.php 第 15 行.
INFO: [ app_begin ] --START--
INFO: Run Behavior\ReadHtmlCacheBehavior [ RunTime:0.002372s ]
INFO: [ app_begin ] --END-- [ RunTime:0.002643s ]
INFO: [ view_parse ] --START--
INFO: [ template_filter ] --START--
INFO: Run Behavior\ContentReplaceBehavior [ RunTime:0.000211s ]
INFO: [ template_filter ] --END-- [ RunTime:0.000471s ]
INFO: Run Behavior\ParseTemplateBehavior [ RunTime:0.018097s ]
INFO: [ view_parse ] --END-- [ RunTime:0.018452s ]
INFO: [ view_filter ] --START--
INFO: Run Behavior\WriteHtmlCacheBehavior [ RunTime:0.001413s ]
INFO: [ view_filter ] --END-- [ RunTime:0.001667s ]
INFO: [ app_end ] --START--
INFO: Run Behavior\ShowPageTraceBehavior [ RunTime:0.001974s ]
INFO: [ app_end ] --END-- [ RunTime:0.002219s ]

[ 2018-08-02T23:13:11+08:00 ] ::1 /Ui_kd/
INFO: [ app_init ] --START--
INFO: Run Behavior\BuildLiteBehavior [ RunTime:0.000057s ]
INFO: [ app_init ] --END-- [ RunTime:0.001504s ]
NOTIC: [8] Use of undefined constant Home - assumed 'Home' E:\PHPDemo\Ui_kd\Express\Home\Conf\config.php 第 12 行.
NOTIC: [8] Use of undefined constant Home - assumed 'Home' E:\PHPDemo\Ui_kd\Express\Home\Conf\config.php 第 13 行.
NOTIC: [8] Use of undefined constant Home - assumed 'Home' E:\PHPDemo\Ui_kd\Express\Home\Conf\config.php 第 14 行.
NOTIC: [8] Use of undefined constant Home - assumed 'Home' E:\PHPDemo\Ui_kd\Express\Home\Conf\config.php 第 15 行.
INFO: [ app_begin ] --START--
INFO: Run Behavior\ReadHtmlCacheBehavior [ RunTime:0.002015s ]
INFO: [ app_begin ] --END-- [ RunTime:0.002278s ]
INFO: [ view_parse ] --START--
INFO: [ template_filter ] --START--
INFO: Run Behavior\ContentReplaceBehavior [ RunTime:0.000200s ]
INFO: [ template_filter ] --END-- [ RunTime:0.000460s ]
INFO: Run Behavior\ParseTemplateBehavior [ RunTime:0.019064s ]
INFO: [ view_parse ] --END-- [ RunTime:0.019342s ]
INFO: [ view_filter ] --START--
INFO: Run Behavior\WriteHtmlCacheBehavior [ RunTime:0.001397s ]
INFO: [ view_filter ] --END-- [ RunTime:0.001649s ]
INFO: [ app_end ] --START--
INFO: Run Behavior\ShowPageTraceBehavior [ RunTime:0.002041s ]
INFO: [ app_end ] --END-- [ RunTime:0.002288s ]

[ 2018-08-02T23:13:42+08:00 ] ::1 /Ui_kd/
INFO: [ app_init ] --START--
INFO: Run Behavior\BuildLiteBehavior [ RunTime:0.000058s ]
INFO: [ app_init ] --END-- [ RunTime:0.001301s ]
NOTIC: [8] Use of undefined constant Home - assumed 'Home' E:\PHPDemo\Ui_kd\Express\Home\Conf\config.php 第 12 行.
NOTIC: [8] Use of undefined constant Home - assumed 'Home' E:\PHPDemo\Ui_kd\Express\Home\Conf\config.php 第 13 行.
NOTIC: [8] Use of undefined constant Home - assumed 'Home' E:\PHPDemo\Ui_kd\Express\Home\Conf\config.php 第 14 行.
NOTIC: [8] Use of undefined constant Home - assumed 'Home' E:\PHPDemo\Ui_kd\Express\Home\Conf\config.php 第 15 行.
INFO: [ app_begin ] --START--
INFO: Run Behavior\ReadHtmlCacheBehavior [ RunTime:0.002252s ]
INFO: [ app_begin ] --END-- [ RunTime:0.002516s ]
INFO: [ view_parse ] --START--
INFO: [ template_filter ] --START--
INFO: Run Behavior\ContentReplaceBehavior [ RunTime:0.000202s ]
INFO: [ template_filter ] --END-- [ RunTime:0.000459s ]
INFO: Run Behavior\ParseTemplateBehavior [ RunTime:0.018174s ]
INFO: [ view_parse ] --END-- [ RunTime:0.018454s ]
INFO: [ view_filter ] --START--
INFO: Run Behavior\WriteHtmlCacheBehavior [ RunTime:0.001424s ]
INFO: [ view_filter ] --END-- [ RunTime:0.001678s ]
INFO: [ app_end ] --START--
INFO: Run Behavior\ShowPageTraceBehavior [ RunTime:0.001989s ]
INFO: [ app_end ] --END-- [ RunTime:0.002232s ]

[ 2018-08-02T23:14:00+08:00 ] ::1 /Ui_kd/
INFO: [ app_init ] --START--
INFO: Run Behavior\BuildLiteBehavior [ RunTime:0.000056s ]
INFO: [ app_init ] --END-- [ RunTime:0.001260s ]
NOTIC: [8] Use of undefined constant Home - assumed 'Home' E:\PHPDemo\Ui_kd\Express\Home\Conf\config.php 第 12 行.
NOTIC: [8] Use of undefined constant Home - assumed 'Home' E:\PHPDemo\Ui_kd\Express\Home\Conf\config.php 第 13 行.
NOTIC: [8] Use of undefined constant Home - assumed 'Home' E:\PHPDemo\Ui_kd\Express\Home\Conf\config.php 第 14 行.
NOTIC: [8] Use of undefined constant Home - assumed 'Home' E:\PHPDemo\Ui_kd\Express\Home\Conf\config.php 第 15 行.
INFO: [ app_begin ] --START--
INFO: Run Behavior\ReadHtmlCacheBehavior [ RunTime:0.002237s ]
INFO: [ app_begin ] --END-- [ RunTime:0.002501s ]
INFO: [ view_parse ] --START--
INFO: [ template_filter ] --START--
INFO: Run Behavior\ContentReplaceBehavior [ RunTime:0.000200s ]
INFO: [ template_filter ] --END-- [ RunTime:0.000458s ]
INFO: Run Behavior\ParseTemplateBehavior [ RunTime:0.018103s ]
INFO: [ view_parse ] --END-- [ RunTime:0.018381s ]
INFO: [ view_filter ] --START--
INFO: Run Behavior\WriteHtmlCacheBehavior [ RunTime:0.001420s ]
INFO: [ view_filter ] --END-- [ RunTime:0.001687s ]
INFO: [ app_end ] --START--
INFO: Run Behavior\ShowPageTraceBehavior [ RunTime:0.001990s ]
INFO: [ app_end ] --END-- [ RunTime:0.002235s ]

[ 2018-08-02T23:14:36+08:00 ] ::1 /Ui_kd/
INFO: [ app_init ] --START--
INFO: Run Behavior\BuildLiteBehavior [ RunTime:0.000058s ]
INFO: [ app_init ] --END-- [ RunTime:0.001268s ]
NOTIC: [8] Use of undefined constant Home - assumed 'Home' E:\PHPDemo\Ui_kd\Express\Home\Conf\config.php 第 12 行.
NOTIC: [8] Use of undefined constant Home - assumed 'Home' E:\PHPDemo\Ui_kd\Express\Home\Conf\config.php 第 13 行.
NOTIC: [8] Use of undefined constant Home - assumed 'Home' E:\PHPDemo\Ui_kd\Express\Home\Conf\config.php 第 14 行.
NOTIC: [8] Use of undefined constant Home - assumed 'Home' E:\PHPDemo\Ui_kd\Express\Home\Conf\config.php 第 15 行.
INFO: [ app_begin ] --START--
INFO: Run Behavior\ReadHtmlCacheBehavior [ RunTime:0.002007s ]
INFO: [ app_begin ] --END-- [ RunTime:0.002272s ]
INFO: [ view_parse ] --START--
INFO: [ template_filter ] --START--
INFO: Run Behavior\ContentReplaceBehavior [ RunTime:0.000213s ]
INFO: [ template_filter ] --END-- [ RunTime:0.000480s ]
INFO: Run Behavior\ParseTemplateBehavior [ RunTime:0.020327s ]
INFO: [ view_parse ] --END-- [ RunTime:0.020659s ]
INFO: [ view_filter ] --START--
INFO: Run Behavior\WriteHtmlCacheBehavior [ RunTime:0.001823s ]
INFO: [ view_filter ] --END-- [ RunTime:0.002176s ]
INFO: [ app_end ] --START--
INFO: Run Behavior\ShowPageTraceBehavior [ RunTime:0.002485s ]
INFO: [ app_end ] --END-- [ RunTime:0.002741s ]

[ 2018-08-02T23:14:51+08:00 ] ::1 /Ui_kd/
INFO: [ app_init ] --START--
INFO: Run Behavior\BuildLiteBehavior [ RunTime:0.000056s ]
INFO: [ app_init ] --END-- [ RunTime:0.001296s ]
NOTIC: [8] Use of undefined constant Home - assumed 'Home' E:\PHPDemo\Ui_kd\Express\Home\Conf\config.php 第 12 行.
NOTIC: [8] Use of undefined constant Home - assumed 'Home' E:\PHPDemo\Ui_kd\Express\Home\Conf\config.php 第 13 行.
NOTIC: [8] Use of undefined constant Home - assumed 'Home' E:\PHPDemo\Ui_kd\Express\Home\Conf\config.php 第 14 行.
NOTIC: [8] Use of undefined constant Home - assumed 'Home' E:\PHPDemo\Ui_kd\Express\Home\Conf\config.php 第 15 行.
INFO: [ app_begin ] --START--
INFO: Run Behavior\ReadHtmlCacheBehavior [ RunTime:0.001921s ]
INFO: [ app_begin ] --END-- [ RunTime:0.002181s ]
INFO: [ view_parse ] --START--
INFO: [ template_filter ] --START--
INFO: Run Behavior\ContentReplaceBehavior [ RunTime:0.000198s ]
INFO: [ template_filter ] --END-- [ RunTime:0.000451s ]
INFO: Run Behavior\ParseTemplateBehavior [ RunTime:0.018097s ]
INFO: [ view_parse ] --END-- [ RunTime:0.018381s ]
INFO: [ view_filter ] --START--
INFO: Run Behavior\WriteHtmlCacheBehavior [ RunTime:0.001435s ]
INFO: [ view_filter ] --END-- [ RunTime:0.001678s ]
INFO: [ app_end ] --START--
INFO: Run Behavior\ShowPageTraceBehavior [ RunTime:0.001967s ]
INFO: [ app_end ] --END-- [ RunTime:0.002257s ]

[ 2018-08-02T23:15:08+08:00 ] ::1 /Ui_kd/
INFO: [ app_init ] --START--
INFO: Run Behavior\BuildLiteBehavior [ RunTime:0.000056s ]
INFO: [ app_init ] --END-- [ RunTime:0.001266s ]
NOTIC: [8] Use of undefined constant Home - assumed 'Home' E:\PHPDemo\Ui_kd\Express\Home\Conf\config.php 第 12 行.
NOTIC: [8] Use of undefined constant Home - assumed 'Home' E:\PHPDemo\Ui_kd\Express\Home\Conf\config.php 第 13 行.
NOTIC: [8] Use of undefined constant Home - assumed 'Home' E:\PHPDemo\Ui_kd\Express\Home\Conf\config.php 第 14 行.
NOTIC: [8] Use of undefined constant Home - assumed 'Home' E:\PHPDemo\Ui_kd\Express\Home\Conf\config.php 第 15 行.
INFO: [ app_begin ] --START--
INFO: Run Behavior\ReadHtmlCacheBehavior [ RunTime:0.003314s ]
INFO: [ app_begin ] --END-- [ RunTime:0.003681s ]
INFO: [ view_parse ] --START--
INFO: [ template_filter ] --START--
INFO: Run Behavior\ContentReplaceBehavior [ RunTime:0.000202s ]
INFO: [ template_filter ] --END-- [ RunTime:0.000462s ]
INFO: Run Behavior\ParseTemplateBehavior [ RunTime:0.019024s ]
INFO: [ view_parse ] --END-- [ RunTime:0.019320s ]
INFO: [ view_filter ] --START--
INFO: Run Behavior\WriteHtmlCacheBehavior [ RunTime:0.001490s ]
INFO: [ view_filter ] --END-- [ RunTime:0.001739s ]
INFO: [ app_end ] --START--
INFO: Run Behavior\ShowPageTraceBehavior [ RunTime:0.001980s ]
INFO: [ app_end ] --END-- [ RunTime:0.002225s ]

[ 2018-08-02T23:15:59+08:00 ] 127.0.0.1 /Ui_kd/
INFO: [ app_init ] --START--
INFO: Run Behavior\BuildLiteBehavior [ RunTime:0.000062s ]
INFO: [ app_init ] --END-- [ RunTime:0.001315s ]
NOTIC: [8] Use of undefined constant Home - assumed 'Home' E:\PHPDemo\Ui_kd\Express\Home\Conf\config.php 第 12 行.
NOTIC: [8] Use of undefined constant Home - assumed 'Home' E:\PHPDemo\Ui_kd\Express\Home\Conf\config.php 第 13 行.
NOTIC: [8] Use of undefined constant Home - assumed 'Home' E:\PHPDemo\Ui_kd\Express\Home\Conf\config.php 第 14 行.
NOTIC: [8] Use of undefined constant Home - assumed 'Home' E:\PHPDemo\Ui_kd\Express\Home\Conf\config.php 第 15 行.
INFO: [ app_begin ] --START--
INFO: Run Behavior\ReadHtmlCacheBehavior [ RunTime:0.002762s ]
INFO: [ app_begin ] --END-- [ RunTime:0.003063s ]
INFO: [ view_parse ] --START--
INFO: [ template_filter ] --START--
INFO: Run Behavior\ContentReplaceBehavior [ RunTime:0.000209s ]
INFO: [ template_filter ] --END-- [ RunTime:0.000471s ]
INFO: Run Behavior\ParseTemplateBehavior [ RunTime:0.020502s ]
INFO: [ view_parse ] --END-- [ RunTime:0.020780s ]
INFO: [ view_filter ] --START--
INFO: Run Behavior\WriteHtmlCacheBehavior [ RunTime:0.001480s ]
INFO: [ view_filter ] --END-- [ RunTime:0.001735s ]
INFO: [ app_end ] --START--
INFO: Run Behavior\ShowPageTraceBehavior [ RunTime:0.043797s ]
INFO: [ app_end ] --END-- [ RunTime:0.044167s ]

