[ 2018-09-08T03:36:51+08:00 ] 113.200.157.250 /sender
INFO: [ app_init ] --START--
INFO: Run Behavior\BuildLiteBehavior [ RunTime:0.000036s ]
INFO: [ app_init ] --END-- [ RunTime:0.000546s ]
NOTIC: [8] Use of undefined constant Home - assumed 'Home' C:\wamp64\www\Express\Sender\Conf\config.php 第 17 行.
NOTIC: [8] Use of undefined constant Home - assumed 'Home' C:\wamp64\www\Express\Sender\Conf\config.php 第 18 行.
NOTIC: [8] Use of undefined constant Home - assumed 'Home' C:\wamp64\www\Express\Sender\Conf\config.php 第 19 行.
NOTIC: [8] Use of undefined constant Kdadmin - assumed 'Kdadmin' C:\wamp64\www\Express\Sender\Conf\config.php 第 20 行.
INFO: [ app_begin ] --START--
INFO: Run Behavior\ReadHtmlCacheBehavior [ RunTime:0.000540s ]
INFO: [ app_begin ] --END-- [ RunTime:0.000713s ]
NOTIC: [8] Undefined index: code C:\wamp64\www\Express\Sender\Common\function.php 第 27 行.

[ 2018-09-08T03:36:53+08:00 ] 113.200.157.250 /sender/index/index.html?code=081UYvBe1IO2is0C5vze1qPMBe1UYvBE&state=123456
INFO: [ app_init ] --START--
INFO: Run Behavior\BuildLiteBehavior [ RunTime:0.000034s ]
INFO: [ app_init ] --END-- [ RunTime:0.000488s ]
NOTIC: [8] Use of undefined constant Home - assumed 'Home' C:\wamp64\www\Express\Sender\Conf\config.php 第 17 行.
NOTIC: [8] Use of undefined constant Home - assumed 'Home' C:\wamp64\www\Express\Sender\Conf\config.php 第 18 行.
NOTIC: [8] Use of undefined constant Home - assumed 'Home' C:\wamp64\www\Express\Sender\Conf\config.php 第 19 行.
NOTIC: [8] Use of undefined constant Kdadmin - assumed 'Kdadmin' C:\wamp64\www\Express\Sender\Conf\config.php 第 20 行.
INFO: [ app_begin ] --START--
INFO: Run Behavior\ReadHtmlCacheBehavior [ RunTime:0.000558s ]
INFO: [ app_begin ] --END-- [ RunTime:0.000737s ]
NOTIC: [2] Illegal string offset 'openid' C:\wamp64\www\Express\Sender\Common\function.php 第 37 行.
SQL: SHOW COLUMNS FROM `ui_userinfo` [ RunTime:0.0006s ]
SQL: SELECT * FROM `ui_userinfo` WHERE ( openid='{' )  [ RunTime:0.0003s ]
NOTIC: [8] Undefined index: code C:\wamp64\www\Express\Sender\Common\function.php 第 43 行.

[ 2018-09-08T03:36:54+08:00 ] 113.200.157.250 /sender/index/index.html?code=0017Oxv90gze9x1LTWs90wDxv907Oxvx&state=123456
INFO: [ app_init ] --START--
INFO: Run Behavior\BuildLiteBehavior [ RunTime:0.000035s ]
INFO: [ app_init ] --END-- [ RunTime:0.000494s ]
NOTIC: [8] Use of undefined constant Home - assumed 'Home' C:\wamp64\www\Express\Sender\Conf\config.php 第 17 行.
NOTIC: [8] Use of undefined constant Home - assumed 'Home' C:\wamp64\www\Express\Sender\Conf\config.php 第 18 行.
NOTIC: [8] Use of undefined constant Home - assumed 'Home' C:\wamp64\www\Express\Sender\Conf\config.php 第 19 行.
NOTIC: [8] Use of undefined constant Kdadmin - assumed 'Kdadmin' C:\wamp64\www\Express\Sender\Conf\config.php 第 20 行.
INFO: [ app_begin ] --START--
INFO: Run Behavior\ReadHtmlCacheBehavior [ RunTime:0.000560s ]
INFO: [ app_begin ] --END-- [ RunTime:0.000731s ]
SQL: SHOW COLUMNS FROM `ui_userinfo` [ RunTime:0.0006s ]
SQL: SELECT * FROM `ui_userinfo` WHERE ( openid='{' )  [ RunTime:0.0003s ]
SQL: SHOW COLUMNS FROM `ui_sender` [ RunTime:0.0007s ]
SQL: SELECT * FROM `ui_sender` WHERE `openid` = 'o1hEn1Sk8wx1ZpXAKm30yyi9dbNY' LIMIT 1   [ RunTime:0.0003s ]
SQL: SHOW COLUMNS FROM `ui_floor` [ RunTime:0.0004s ]
SQL: SELECT `floorname` FROM `ui_floor` WHERE `belong` = 1  [ RunTime:0.0002s ]
NOTIC: [8] Undefined index: floorname C:\wamp64\www\Express\Sender\Controller\IndexController.class.php 第 10 行.
SQL: SHOW COLUMNS FROM `ui_order` [ RunTime:0.0005s ]
SQL: SELECT * FROM `ui_order` WHERE `status` = 2  [ RunTime:0.0003s ]
INFO: [ view_parse ] --START--
INFO: [ template_filter ] --START--
INFO: Run Behavior\ContentReplaceBehavior [ RunTime:0.000150s ]
INFO: [ template_filter ] --END-- [ RunTime:0.000323s ]
NOTIC: [8] Undefined index: floorname C:\wamp64\www\Express\Runtime\Cache\Sender\8c32025a986e95e13140140044231188.php 第 22 行.
INFO: Run Behavior\ParseTemplateBehavior [ RunTime:0.012708s ]
INFO: [ view_parse ] --END-- [ RunTime:0.012892s ]
INFO: [ view_filter ] --START--
INFO: Run Behavior\WriteHtmlCacheBehavior [ RunTime:0.000365s ]
INFO: [ view_filter ] --END-- [ RunTime:0.000524s ]
INFO: [ app_end ] --START--
INFO: Run Behavior\ShowPageTraceBehavior [ RunTime:0.000526s ]
INFO: [ app_end ] --END-- [ RunTime:0.000690s ]

[ 2018-09-08T03:36:57+08:00 ] 113.200.157.250 /sender/index/myorder
INFO: [ app_init ] --START--
INFO: Run Behavior\BuildLiteBehavior [ RunTime:0.000036s ]
INFO: [ app_init ] --END-- [ RunTime:0.000499s ]
NOTIC: [8] Use of undefined constant Home - assumed 'Home' C:\wamp64\www\Express\Sender\Conf\config.php 第 17 行.
NOTIC: [8] Use of undefined constant Home - assumed 'Home' C:\wamp64\www\Express\Sender\Conf\config.php 第 18 行.
NOTIC: [8] Use of undefined constant Home - assumed 'Home' C:\wamp64\www\Express\Sender\Conf\config.php 第 19 行.
NOTIC: [8] Use of undefined constant Kdadmin - assumed 'Kdadmin' C:\wamp64\www\Express\Sender\Conf\config.php 第 20 行.
INFO: [ app_begin ] --START--
INFO: Run Behavior\ReadHtmlCacheBehavior [ RunTime:0.000546s ]
INFO: [ app_begin ] --END-- [ RunTime:0.000733s ]
SQL: SHOW COLUMNS FROM `ui_order` [ RunTime:0.0006s ]
SQL: SELECT * FROM `ui_order` WHERE `status` = 3  [ RunTime:0.0003s ]
INFO: [ view_parse ] --START--
INFO: [ template_filter ] --START--
INFO: Run Behavior\ContentReplaceBehavior [ RunTime:0.000147s ]
INFO: [ template_filter ] --END-- [ RunTime:0.000329s ]
INFO: Run Behavior\ParseTemplateBehavior [ RunTime:0.009835s ]
INFO: [ view_parse ] --END-- [ RunTime:0.010018s ]
INFO: [ view_filter ] --START--
INFO: Run Behavior\WriteHtmlCacheBehavior [ RunTime:0.000364s ]
INFO: [ view_filter ] --END-- [ RunTime:0.000525s ]
INFO: [ app_end ] --START--
INFO: Run Behavior\ShowPageTraceBehavior [ RunTime:0.000562s ]
INFO: [ app_end ] --END-- [ RunTime:0.000756s ]

[ 2018-09-08T03:36:58+08:00 ] 113.200.157.250 /sender/index/records
INFO: [ app_init ] --START--
INFO: Run Behavior\BuildLiteBehavior [ RunTime:0.000036s ]
INFO: [ app_init ] --END-- [ RunTime:0.000511s ]
NOTIC: [8] Use of undefined constant Home - assumed 'Home' C:\wamp64\www\Express\Sender\Conf\config.php 第 17 行.
NOTIC: [8] Use of undefined constant Home - assumed 'Home' C:\wamp64\www\Express\Sender\Conf\config.php 第 18 行.
NOTIC: [8] Use of undefined constant Home - assumed 'Home' C:\wamp64\www\Express\Sender\Conf\config.php 第 19 行.
NOTIC: [8] Use of undefined constant Kdadmin - assumed 'Kdadmin' C:\wamp64\www\Express\Sender\Conf\config.php 第 20 行.
INFO: [ app_begin ] --START--
INFO: Run Behavior\ReadHtmlCacheBehavior [ RunTime:0.000566s ]
INFO: [ app_begin ] --END-- [ RunTime:0.000742s ]
SQL: SHOW COLUMNS FROM `ui_order` [ RunTime:0.0006s ]
SQL: SELECT COUNT(*) AS tp_count FROM `ui_order` WHERE `sendid` = 1 AND `status` IN ('4','5') LIMIT 1   [ RunTime:0.0003s ]
SQL: SHOW COLUMNS FROM `ui_order` [ RunTime:0.0005s ]
SQL: SELECT * FROM `ui_order` WHERE `sendid` = 1 AND `status` IN ('4','5') LIMIT 0,15   [ RunTime:0.0003s ]
INFO: [ view_parse ] --START--
INFO: [ template_filter ] --START--
INFO: Run Behavior\ContentReplaceBehavior [ RunTime:0.000130s ]
INFO: [ template_filter ] --END-- [ RunTime:0.000300s ]
INFO: Run Behavior\ParseTemplateBehavior [ RunTime:0.009701s ]
INFO: [ view_parse ] --END-- [ RunTime:0.009874s ]
INFO: [ view_filter ] --START--
INFO: Run Behavior\WriteHtmlCacheBehavior [ RunTime:0.000362s ]
INFO: [ view_filter ] --END-- [ RunTime:0.000523s ]
INFO: [ app_end ] --START--
INFO: Run Behavior\ShowPageTraceBehavior [ RunTime:0.000520s ]
INFO: [ app_end ] --END-- [ RunTime:0.000692s ]

[ 2018-09-08T03:37:00+08:00 ] 113.200.157.250 /sender/index/index
INFO: [ app_init ] --START--
INFO: Run Behavior\BuildLiteBehavior [ RunTime:0.000035s ]
INFO: [ app_init ] --END-- [ RunTime:0.000474s ]
NOTIC: [8] Use of undefined constant Home - assumed 'Home' C:\wamp64\www\Express\Sender\Conf\config.php 第 17 行.
NOTIC: [8] Use of undefined constant Home - assumed 'Home' C:\wamp64\www\Express\Sender\Conf\config.php 第 18 行.
NOTIC: [8] Use of undefined constant Home - assumed 'Home' C:\wamp64\www\Express\Sender\Conf\config.php 第 19 行.
NOTIC: [8] Use of undefined constant Kdadmin - assumed 'Kdadmin' C:\wamp64\www\Express\Sender\Conf\config.php 第 20 行.
INFO: [ app_begin ] --START--
INFO: Run Behavior\ReadHtmlCacheBehavior [ RunTime:0.000541s ]
INFO: [ app_begin ] --END-- [ RunTime:0.000714s ]
SQL: SHOW COLUMNS FROM `ui_floor` [ RunTime:0.0006s ]
SQL: SELECT `floorname` FROM `ui_floor` WHERE `belong` = 1  [ RunTime:0.0003s ]
NOTIC: [8] Undefined index: floorname C:\wamp64\www\Express\Sender\Controller\IndexController.class.php 第 10 行.
SQL: SHOW COLUMNS FROM `ui_order` [ RunTime:0.0005s ]
SQL: SELECT * FROM `ui_order` WHERE `status` = 2  [ RunTime:0.0003s ]
INFO: [ view_parse ] --START--
INFO: [ template_filter ] --START--
INFO: Run Behavior\ContentReplaceBehavior [ RunTime:0.000153s ]
INFO: [ template_filter ] --END-- [ RunTime:0.000322s ]
NOTIC: [8] Undefined index: floorname C:\wamp64\www\Express\Runtime\Cache\Sender\8c32025a986e95e13140140044231188.php 第 22 行.
INFO: Run Behavior\ParseTemplateBehavior [ RunTime:0.012522s ]
INFO: [ view_parse ] --END-- [ RunTime:0.012692s ]
INFO: [ view_filter ] --START--
INFO: Run Behavior\WriteHtmlCacheBehavior [ RunTime:0.000359s ]
INFO: [ view_filter ] --END-- [ RunTime:0.000519s ]
INFO: [ app_end ] --START--
INFO: Run Behavior\ShowPageTraceBehavior [ RunTime:0.000520s ]
INFO: [ app_end ] --END-- [ RunTime:0.000701s ]

[ 2018-09-08T03:37:01+08:00 ] 113.200.157.250 /sender/index/myorder
INFO: [ app_init ] --START--
INFO: Run Behavior\BuildLiteBehavior [ RunTime:0.000035s ]
INFO: [ app_init ] --END-- [ RunTime:0.000477s ]
NOTIC: [8] Use of undefined constant Home - assumed 'Home' C:\wamp64\www\Express\Sender\Conf\config.php 第 17 行.
NOTIC: [8] Use of undefined constant Home - assumed 'Home' C:\wamp64\www\Express\Sender\Conf\config.php 第 18 行.
NOTIC: [8] Use of undefined constant Home - assumed 'Home' C:\wamp64\www\Express\Sender\Conf\config.php 第 19 行.
NOTIC: [8] Use of undefined constant Kdadmin - assumed 'Kdadmin' C:\wamp64\www\Express\Sender\Conf\config.php 第 20 行.
INFO: [ app_begin ] --START--
INFO: Run Behavior\ReadHtmlCacheBehavior [ RunTime:0.000553s ]
INFO: [ app_begin ] --END-- [ RunTime:0.000724s ]
SQL: SHOW COLUMNS FROM `ui_order` [ RunTime:0.0006s ]
SQL: SELECT * FROM `ui_order` WHERE `status` = 3  [ RunTime:0.0003s ]
INFO: [ view_parse ] --START--
INFO: [ template_filter ] --START--
INFO: Run Behavior\ContentReplaceBehavior [ RunTime:0.000142s ]
INFO: [ template_filter ] --END-- [ RunTime:0.000324s ]
INFO: Run Behavior\ParseTemplateBehavior [ RunTime:0.009642s ]
INFO: [ view_parse ] --END-- [ RunTime:0.009827s ]
INFO: [ view_filter ] --START--
INFO: Run Behavior\WriteHtmlCacheBehavior [ RunTime:0.000351s ]
INFO: [ view_filter ] --END-- [ RunTime:0.000515s ]
INFO: [ app_end ] --START--
INFO: Run Behavior\ShowPageTraceBehavior [ RunTime:0.000532s ]
INFO: [ app_end ] --END-- [ RunTime:0.000695s ]

[ 2018-09-08T03:37:02+08:00 ] 113.200.157.250 /sender/index/records
INFO: [ app_init ] --START--
INFO: Run Behavior\BuildLiteBehavior [ RunTime:0.000035s ]
INFO: [ app_init ] --END-- [ RunTime:0.000481s ]
NOTIC: [8] Use of undefined constant Home - assumed 'Home' C:\wamp64\www\Express\Sender\Conf\config.php 第 17 行.
NOTIC: [8] Use of undefined constant Home - assumed 'Home' C:\wamp64\www\Express\Sender\Conf\config.php 第 18 行.
NOTIC: [8] Use of undefined constant Home - assumed 'Home' C:\wamp64\www\Express\Sender\Conf\config.php 第 19 行.
NOTIC: [8] Use of undefined constant Kdadmin - assumed 'Kdadmin' C:\wamp64\www\Express\Sender\Conf\config.php 第 20 行.
INFO: [ app_begin ] --START--
INFO: Run Behavior\ReadHtmlCacheBehavior [ RunTime:0.000528s ]
INFO: [ app_begin ] --END-- [ RunTime:0.000705s ]
SQL: SHOW COLUMNS FROM `ui_order` [ RunTime:0.0006s ]
SQL: SELECT COUNT(*) AS tp_count FROM `ui_order` WHERE `sendid` = 1 AND `status` IN ('4','5') LIMIT 1   [ RunTime:0.0003s ]
SQL: SHOW COLUMNS FROM `ui_order` [ RunTime:0.0005s ]
SQL: SELECT * FROM `ui_order` WHERE `sendid` = 1 AND `status` IN ('4','5') LIMIT 0,15   [ RunTime:0.0003s ]
INFO: [ view_parse ] --START--
INFO: [ template_filter ] --START--
INFO: Run Behavior\ContentReplaceBehavior [ RunTime:0.000130s ]
INFO: [ template_filter ] --END-- [ RunTime:0.000299s ]
INFO: Run Behavior\ParseTemplateBehavior [ RunTime:0.009327s ]
INFO: [ view_parse ] --END-- [ RunTime:0.009500s ]
INFO: [ view_filter ] --START--
INFO: Run Behavior\WriteHtmlCacheBehavior [ RunTime:0.000362s ]
INFO: [ view_filter ] --END-- [ RunTime:0.000523s ]
INFO: [ app_end ] --START--
INFO: Run Behavior\ShowPageTraceBehavior [ RunTime:0.000529s ]
INFO: [ app_end ] --END-- [ RunTime:0.000695s ]

[ 2018-09-08T03:37:04+08:00 ] 113.200.157.250 /sender/index/index
INFO: [ app_init ] --START--
INFO: Run Behavior\BuildLiteBehavior [ RunTime:0.000034s ]
INFO: [ app_init ] --END-- [ RunTime:0.000465s ]
NOTIC: [8] Use of undefined constant Home - assumed 'Home' C:\wamp64\www\Express\Sender\Conf\config.php 第 17 行.
NOTIC: [8] Use of undefined constant Home - assumed 'Home' C:\wamp64\www\Express\Sender\Conf\config.php 第 18 行.
NOTIC: [8] Use of undefined constant Home - assumed 'Home' C:\wamp64\www\Express\Sender\Conf\config.php 第 19 行.
NOTIC: [8] Use of undefined constant Kdadmin - assumed 'Kdadmin' C:\wamp64\www\Express\Sender\Conf\config.php 第 20 行.
INFO: [ app_begin ] --START--
INFO: Run Behavior\ReadHtmlCacheBehavior [ RunTime:0.000542s ]
INFO: [ app_begin ] --END-- [ RunTime:0.000715s ]
SQL: SHOW COLUMNS FROM `ui_floor` [ RunTime:0.0006s ]
SQL: SELECT `floorname` FROM `ui_floor` WHERE `belong` = 1  [ RunTime:0.0003s ]
NOTIC: [8] Undefined index: floorname C:\wamp64\www\Express\Sender\Controller\IndexController.class.php 第 10 行.
SQL: SHOW COLUMNS FROM `ui_order` [ RunTime:0.0005s ]
SQL: SELECT * FROM `ui_order` WHERE `status` = 2  [ RunTime:0.0003s ]
INFO: [ view_parse ] --START--
INFO: [ template_filter ] --START--
INFO: Run Behavior\ContentReplaceBehavior [ RunTime:0.000150s ]
INFO: [ template_filter ] --END-- [ RunTime:0.000314s ]
NOTIC: [8] Undefined index: floorname C:\wamp64\www\Express\Runtime\Cache\Sender\8c32025a986e95e13140140044231188.php 第 22 行.
INFO: Run Behavior\ParseTemplateBehavior [ RunTime:0.012078s ]
INFO: [ view_parse ] --END-- [ RunTime:0.012247s ]
INFO: [ view_filter ] --START--
INFO: Run Behavior\WriteHtmlCacheBehavior [ RunTime:0.000352s ]
INFO: [ view_filter ] --END-- [ RunTime:0.000518s ]
INFO: [ app_end ] --START--
INFO: Run Behavior\ShowPageTraceBehavior [ RunTime:0.000521s ]
INFO: [ app_end ] --END-- [ RunTime:0.000686s ]

[ 2018-09-08T03:37:07+08:00 ] 113.200.157.250 /sender/index/?floorname=%E5%8C%97%E4%B8%89
INFO: [ app_init ] --START--
INFO: Run Behavior\BuildLiteBehavior [ RunTime:0.000035s ]
INFO: [ app_init ] --END-- [ RunTime:0.000475s ]
NOTIC: [8] Use of undefined constant Home - assumed 'Home' C:\wamp64\www\Express\Sender\Conf\config.php 第 17 行.
NOTIC: [8] Use of undefined constant Home - assumed 'Home' C:\wamp64\www\Express\Sender\Conf\config.php 第 18 行.
NOTIC: [8] Use of undefined constant Home - assumed 'Home' C:\wamp64\www\Express\Sender\Conf\config.php 第 19 行.
NOTIC: [8] Use of undefined constant Kdadmin - assumed 'Kdadmin' C:\wamp64\www\Express\Sender\Conf\config.php 第 20 行.
INFO: [ app_begin ] --START--
INFO: Run Behavior\ReadHtmlCacheBehavior [ RunTime:0.000566s ]
INFO: [ app_begin ] --END-- [ RunTime:0.000804s ]
SQL: SHOW COLUMNS FROM `ui_floor` [ RunTime:0.0006s ]
SQL: SELECT `floorname` FROM `ui_floor` WHERE `belong` = 1  [ RunTime:0.0003s ]
SQL: SHOW COLUMNS FROM `ui_order` [ RunTime:0.0005s ]
SQL: SELECT * FROM `ui_order` WHERE `location` LIKE '%北三%' AND `status` = 2  [ RunTime:0.0003s ]
INFO: [ view_parse ] --START--
INFO: [ template_filter ] --START--
INFO: Run Behavior\ContentReplaceBehavior [ RunTime:0.000155s ]
INFO: [ template_filter ] --END-- [ RunTime:0.000325s ]
INFO: Run Behavior\ParseTemplateBehavior [ RunTime:0.012238s ]
INFO: [ view_parse ] --END-- [ RunTime:0.012418s ]
INFO: [ view_filter ] --START--
INFO: Run Behavior\WriteHtmlCacheBehavior [ RunTime:0.000357s ]
INFO: [ view_filter ] --END-- [ RunTime:0.000518s ]
INFO: [ app_end ] --START--
INFO: Run Behavior\ShowPageTraceBehavior [ RunTime:0.000528s ]
INFO: [ app_end ] --END-- [ RunTime:0.000701s ]

[ 2018-09-08T03:37:09+08:00 ] 113.200.157.250 /sender/index/?floorname=%E5%8C%97%E5%85%AB
INFO: [ app_init ] --START--
INFO: Run Behavior\BuildLiteBehavior [ RunTime:0.000035s ]
INFO: [ app_init ] --END-- [ RunTime:0.000476s ]
NOTIC: [8] Use of undefined constant Home - assumed 'Home' C:\wamp64\www\Express\Sender\Conf\config.php 第 17 行.
NOTIC: [8] Use of undefined constant Home - assumed 'Home' C:\wamp64\www\Express\Sender\Conf\config.php 第 18 行.
NOTIC: [8] Use of undefined constant Home - assumed 'Home' C:\wamp64\www\Express\Sender\Conf\config.php 第 19 行.
NOTIC: [8] Use of undefined constant Kdadmin - assumed 'Kdadmin' C:\wamp64\www\Express\Sender\Conf\config.php 第 20 行.
INFO: [ app_begin ] --START--
INFO: Run Behavior\ReadHtmlCacheBehavior [ RunTime:0.000542s ]
INFO: [ app_begin ] --END-- [ RunTime:0.000718s ]
SQL: SHOW COLUMNS FROM `ui_floor` [ RunTime:0.0006s ]
SQL: SELECT `floorname` FROM `ui_floor` WHERE `belong` = 1  [ RunTime:0.0003s ]
SQL: SHOW COLUMNS FROM `ui_order` [ RunTime:0.0005s ]
SQL: SELECT * FROM `ui_order` WHERE `location` LIKE '%北八%' AND `status` = 2  [ RunTime:0.0003s ]
INFO: [ view_parse ] --START--
INFO: [ template_filter ] --START--
INFO: Run Behavior\ContentReplaceBehavior [ RunTime:0.000155s ]
INFO: [ template_filter ] --END-- [ RunTime:0.000335s ]
INFO: Run Behavior\ParseTemplateBehavior [ RunTime:0.012297s ]
INFO: [ view_parse ] --END-- [ RunTime:0.012475s ]
INFO: [ view_filter ] --START--
INFO: Run Behavior\WriteHtmlCacheBehavior [ RunTime:0.000369s ]
INFO: [ view_filter ] --END-- [ RunTime:0.000534s ]
INFO: [ app_end ] --START--
INFO: Run Behavior\ShowPageTraceBehavior [ RunTime:0.000542s ]
INFO: [ app_end ] --END-- [ RunTime:0.000708s ]

[ 2018-09-08T03:37:11+08:00 ] 113.200.157.250 /sender/index/?floorname=%E8%A5%BF%E5%85%AD
INFO: [ app_init ] --START--
INFO: Run Behavior\BuildLiteBehavior [ RunTime:0.000034s ]
INFO: [ app_init ] --END-- [ RunTime:0.000476s ]
NOTIC: [8] Use of undefined constant Home - assumed 'Home' C:\wamp64\www\Express\Sender\Conf\config.php 第 17 行.
NOTIC: [8] Use of undefined constant Home - assumed 'Home' C:\wamp64\www\Express\Sender\Conf\config.php 第 18 行.
NOTIC: [8] Use of undefined constant Home - assumed 'Home' C:\wamp64\www\Express\Sender\Conf\config.php 第 19 行.
NOTIC: [8] Use of undefined constant Kdadmin - assumed 'Kdadmin' C:\wamp64\www\Express\Sender\Conf\config.php 第 20 行.
INFO: [ app_begin ] --START--
INFO: Run Behavior\ReadHtmlCacheBehavior [ RunTime:0.000579s ]
INFO: [ app_begin ] --END-- [ RunTime:0.000750s ]
SQL: SHOW COLUMNS FROM `ui_floor` [ RunTime:0.0006s ]
SQL: SELECT `floorname` FROM `ui_floor` WHERE `belong` = 1  [ RunTime:0.0003s ]
SQL: SHOW COLUMNS FROM `ui_order` [ RunTime:0.0005s ]
SQL: SELECT * FROM `ui_order` WHERE `location` LIKE '%西六%' AND `status` = 2  [ RunTime:0.0003s ]
INFO: [ view_parse ] --START--
INFO: [ template_filter ] --START--
INFO: Run Behavior\ContentReplaceBehavior [ RunTime:0.000154s ]
INFO: [ template_filter ] --END-- [ RunTime:0.000322s ]
INFO: Run Behavior\ParseTemplateBehavior [ RunTime:0.012302s ]
INFO: [ view_parse ] --END-- [ RunTime:0.012494s ]
INFO: [ view_filter ] --START--
INFO: Run Behavior\WriteHtmlCacheBehavior [ RunTime:0.000370s ]
INFO: [ view_filter ] --END-- [ RunTime:0.000528s ]
INFO: [ app_end ] --START--
INFO: Run Behavior\ShowPageTraceBehavior [ RunTime:0.000538s ]
INFO: [ app_end ] --END-- [ RunTime:0.000712s ]

[ 2018-09-08T03:37:58+08:00 ] 223.166.222.110 /sender/index/records
INFO: [ app_init ] --START--
INFO: Run Behavior\BuildLiteBehavior [ RunTime:0.000035s ]
INFO: [ app_init ] --END-- [ RunTime:0.000476s ]
NOTIC: [8] Use of undefined constant Home - assumed 'Home' C:\wamp64\www\Express\Sender\Conf\config.php 第 17 行.
NOTIC: [8] Use of undefined constant Home - assumed 'Home' C:\wamp64\www\Express\Sender\Conf\config.php 第 18 行.
NOTIC: [8] Use of undefined constant Home - assumed 'Home' C:\wamp64\www\Express\Sender\Conf\config.php 第 19 行.
NOTIC: [8] Use of undefined constant Kdadmin - assumed 'Kdadmin' C:\wamp64\www\Express\Sender\Conf\config.php 第 20 行.
INFO: [ app_begin ] --START--
INFO: Run Behavior\ReadHtmlCacheBehavior [ RunTime:0.000552s ]
INFO: [ app_begin ] --END-- [ RunTime:0.000725s ]
NOTIC: [8] Undefined index: code C:\wamp64\www\Express\Sender\Common\function.php 第 27 行.

[ 2018-09-08T08:10:32+08:00 ] 58.251.121.186 /sender/index/myorder
INFO: [ app_init ] --START--
INFO: Run Behavior\BuildLiteBehavior [ RunTime:0.000035s ]
INFO: [ app_init ] --END-- [ RunTime:0.000460s ]
NOTIC: [8] Use of undefined constant Home - assumed 'Home' C:\wamp64\www\Express\Sender\Conf\config.php 第 17 行.
NOTIC: [8] Use of undefined constant Home - assumed 'Home' C:\wamp64\www\Express\Sender\Conf\config.php 第 18 行.
NOTIC: [8] Use of undefined constant Home - assumed 'Home' C:\wamp64\www\Express\Sender\Conf\config.php 第 19 行.
NOTIC: [8] Use of undefined constant Kdadmin - assumed 'Kdadmin' C:\wamp64\www\Express\Sender\Conf\config.php 第 20 行.
INFO: [ app_begin ] --START--
INFO: Run Behavior\ReadHtmlCacheBehavior [ RunTime:0.000532s ]
INFO: [ app_begin ] --END-- [ RunTime:0.000703s ]
NOTIC: [8] Undefined index: code C:\wamp64\www\Express\Sender\Common\function.php 第 27 行.

[ 2018-09-08T08:28:06+08:00 ] 59.36.119.227 /sender/index/?floorname%3D%25E5%258C%2597%25E4%25B8%2589
INFO: [ app_init ] --START--
INFO: Run Behavior\BuildLiteBehavior [ RunTime:0.000035s ]
INFO: [ app_init ] --END-- [ RunTime:0.000479s ]
NOTIC: [8] Use of undefined constant Home - assumed 'Home' C:\wamp64\www\Express\Sender\Conf\config.php 第 17 行.
NOTIC: [8] Use of undefined constant Home - assumed 'Home' C:\wamp64\www\Express\Sender\Conf\config.php 第 18 行.
NOTIC: [8] Use of undefined constant Home - assumed 'Home' C:\wamp64\www\Express\Sender\Conf\config.php 第 19 行.
NOTIC: [8] Use of undefined constant Kdadmin - assumed 'Kdadmin' C:\wamp64\www\Express\Sender\Conf\config.php 第 20 行.
INFO: [ app_begin ] --START--
INFO: Run Behavior\ReadHtmlCacheBehavior [ RunTime:0.000538s ]
INFO: [ app_begin ] --END-- [ RunTime:0.000716s ]
NOTIC: [8] Undefined index: code C:\wamp64\www\Express\Sender\Common\function.php 第 27 行.

[ 2018-09-08T10:51:32+08:00 ] 14.17.3.64 /sender/index/records/p/2.html
INFO: [ app_init ] --START--
INFO: Run Behavior\BuildLiteBehavior [ RunTime:0.000034s ]
INFO: [ app_init ] --END-- [ RunTime:0.000487s ]
NOTIC: [8] Use of undefined constant Home - assumed 'Home' C:\wamp64\www\Express\Sender\Conf\config.php 第 17 行.
NOTIC: [8] Use of undefined constant Home - assumed 'Home' C:\wamp64\www\Express\Sender\Conf\config.php 第 18 行.
NOTIC: [8] Use of undefined constant Home - assumed 'Home' C:\wamp64\www\Express\Sender\Conf\config.php 第 19 行.
NOTIC: [8] Use of undefined constant Kdadmin - assumed 'Kdadmin' C:\wamp64\www\Express\Sender\Conf\config.php 第 20 行.
INFO: [ app_begin ] --START--
INFO: Run Behavior\ReadHtmlCacheBehavior [ RunTime:0.000552s ]
INFO: [ app_begin ] --END-- [ RunTime:0.000726s ]
NOTIC: [8] Undefined index: code C:\wamp64\www\Express\Sender\Common\function.php 第 27 行.

[ 2018-09-08T13:58:54+08:00 ] 59.36.119.227 /sender/index/index.html?code%3D021voi610uZ8NF1CE1510Zpr610voi6r%26state%3D123456
INFO: [ app_init ] --START--
INFO: Run Behavior\BuildLiteBehavior [ RunTime:0.000034s ]
INFO: [ app_init ] --END-- [ RunTime:0.000478s ]
NOTIC: [8] Use of undefined constant Home - assumed 'Home' C:\wamp64\www\Express\Sender\Conf\config.php 第 17 行.
NOTIC: [8] Use of undefined constant Home - assumed 'Home' C:\wamp64\www\Express\Sender\Conf\config.php 第 18 行.
NOTIC: [8] Use of undefined constant Home - assumed 'Home' C:\wamp64\www\Express\Sender\Conf\config.php 第 19 行.
NOTIC: [8] Use of undefined constant Kdadmin - assumed 'Kdadmin' C:\wamp64\www\Express\Sender\Conf\config.php 第 20 行.
INFO: [ app_begin ] --START--
INFO: Run Behavior\ReadHtmlCacheBehavior [ RunTime:0.000534s ]
INFO: [ app_begin ] --END-- [ RunTime:0.000710s ]
NOTIC: [8] Undefined index: code C:\wamp64\www\Express\Sender\Common\function.php 第 27 行.

[ 2018-09-08T16:26:11+08:00 ] 14.17.3.64 /sender/index/records
INFO: [ app_init ] --START--
INFO: Run Behavior\BuildLiteBehavior [ RunTime:0.000034s ]
INFO: [ app_init ] --END-- [ RunTime:0.000459s ]
NOTIC: [8] Use of undefined constant Home - assumed 'Home' C:\wamp64\www\Express\Sender\Conf\config.php 第 17 行.
NOTIC: [8] Use of undefined constant Home - assumed 'Home' C:\wamp64\www\Express\Sender\Conf\config.php 第 18 行.
NOTIC: [8] Use of undefined constant Home - assumed 'Home' C:\wamp64\www\Express\Sender\Conf\config.php 第 19 行.
NOTIC: [8] Use of undefined constant Kdadmin - assumed 'Kdadmin' C:\wamp64\www\Express\Sender\Conf\config.php 第 20 行.
INFO: [ app_begin ] --START--
INFO: Run Behavior\ReadHtmlCacheBehavior [ RunTime:0.000756s ]
INFO: [ app_begin ] --END-- [ RunTime:0.001021s ]
NOTIC: [8] Undefined index: code C:\wamp64\www\Express\Sender\Common\function.php 第 27 行.

[ 2018-09-08T17:05:14+08:00 ] 113.200.157.250 /sender
INFO: [ app_init ] --START--
INFO: Run Behavior\BuildLiteBehavior [ RunTime:0.000035s ]
INFO: [ app_init ] --END-- [ RunTime:0.000490s ]
NOTIC: [8] Use of undefined constant Home - assumed 'Home' C:\wamp64\www\Express\Sender\Conf\config.php 第 17 行.
NOTIC: [8] Use of undefined constant Home - assumed 'Home' C:\wamp64\www\Express\Sender\Conf\config.php 第 18 行.
NOTIC: [8] Use of undefined constant Home - assumed 'Home' C:\wamp64\www\Express\Sender\Conf\config.php 第 19 行.
NOTIC: [8] Use of undefined constant Kdadmin - assumed 'Kdadmin' C:\wamp64\www\Express\Sender\Conf\config.php 第 20 行.
INFO: [ app_begin ] --START--
INFO: Run Behavior\ReadHtmlCacheBehavior [ RunTime:0.000568s ]
INFO: [ app_begin ] --END-- [ RunTime:0.000739s ]
NOTIC: [8] Undefined index: code C:\wamp64\www\Express\Sender\Common\function.php 第 27 行.

[ 2018-09-08T17:05:15+08:00 ] 113.200.157.250 /sender/index/index.html?code=021fYh2s0YM5ee1iTE2s0ZJb2s0fYh2l&state=123456
INFO: [ app_init ] --START--
INFO: Run Behavior\BuildLiteBehavior [ RunTime:0.000051s ]
INFO: [ app_init ] --END-- [ RunTime:0.000593s ]
NOTIC: [8] Use of undefined constant Home - assumed 'Home' C:\wamp64\www\Express\Sender\Conf\config.php 第 17 行.
NOTIC: [8] Use of undefined constant Home - assumed 'Home' C:\wamp64\www\Express\Sender\Conf\config.php 第 18 行.
NOTIC: [8] Use of undefined constant Home - assumed 'Home' C:\wamp64\www\Express\Sender\Conf\config.php 第 19 行.
NOTIC: [8] Use of undefined constant Kdadmin - assumed 'Kdadmin' C:\wamp64\www\Express\Sender\Conf\config.php 第 20 行.
INFO: [ app_begin ] --START--
INFO: Run Behavior\ReadHtmlCacheBehavior [ RunTime:0.000549s ]
INFO: [ app_begin ] --END-- [ RunTime:0.000722s ]
NOTIC: [2] Illegal string offset 'openid' C:\wamp64\www\Express\Sender\Common\function.php 第 37 行.
SQL: SHOW COLUMNS FROM `ui_userinfo` [ RunTime:0.0006s ]
SQL: SELECT * FROM `ui_userinfo` WHERE ( openid='{' )  [ RunTime:0.0003s ]
NOTIC: [8] Undefined index: code C:\wamp64\www\Express\Sender\Common\function.php 第 43 行.

[ 2018-09-08T17:05:17+08:00 ] 113.200.157.250 /sender/index/index.html?code=0817sPZS1fwKN61fCv0T16fCZS17sPZK&state=123456
INFO: [ app_init ] --START--
INFO: Run Behavior\BuildLiteBehavior [ RunTime:0.000034s ]
INFO: [ app_init ] --END-- [ RunTime:0.000437s ]
NOTIC: [8] Use of undefined constant Home - assumed 'Home' C:\wamp64\www\Express\Sender\Conf\config.php 第 17 行.
NOTIC: [8] Use of undefined constant Home - assumed 'Home' C:\wamp64\www\Express\Sender\Conf\config.php 第 18 行.
NOTIC: [8] Use of undefined constant Home - assumed 'Home' C:\wamp64\www\Express\Sender\Conf\config.php 第 19 行.
NOTIC: [8] Use of undefined constant Kdadmin - assumed 'Kdadmin' C:\wamp64\www\Express\Sender\Conf\config.php 第 20 行.
INFO: [ app_begin ] --START--
INFO: Run Behavior\ReadHtmlCacheBehavior [ RunTime:0.000514s ]
INFO: [ app_begin ] --END-- [ RunTime:0.000690s ]
SQL: SHOW COLUMNS FROM `ui_userinfo` [ RunTime:0.0006s ]
SQL: SELECT * FROM `ui_userinfo` WHERE ( openid='{' )  [ RunTime:0.0003s ]
SQL: SHOW COLUMNS FROM `ui_sender` [ RunTime:0.0008s ]
SQL: SELECT * FROM `ui_sender` WHERE `openid` = 'o1hEn1Sk8wx1ZpXAKm30yyi9dbNY' LIMIT 1   [ RunTime:0.0003s ]
SQL: SHOW COLUMNS FROM `ui_floor` [ RunTime:0.0004s ]
SQL: SELECT `floorname` FROM `ui_floor` WHERE `belong` = 1  [ RunTime:0.0002s ]
NOTIC: [8] Undefined index: floorname C:\wamp64\www\Express\Sender\Controller\IndexController.class.php 第 10 行.
SQL: SHOW COLUMNS FROM `ui_order` [ RunTime:0.0005s ]
SQL: SELECT * FROM `ui_order` WHERE `status` = 2  [ RunTime:0.0003s ]
INFO: [ view_parse ] --START--
INFO: [ template_filter ] --START--
INFO: Run Behavior\ContentReplaceBehavior [ RunTime:0.000160s ]
INFO: [ template_filter ] --END-- [ RunTime:0.000335s ]
NOTIC: [8] Undefined index: floorname C:\wamp64\www\Express\Runtime\Cache\Sender\8c32025a986e95e13140140044231188.php 第 22 行.
INFO: Run Behavior\ParseTemplateBehavior [ RunTime:0.012868s ]
INFO: [ view_parse ] --END-- [ RunTime:0.013065s ]
INFO: [ view_filter ] --START--
INFO: Run Behavior\WriteHtmlCacheBehavior [ RunTime:0.000341s ]
INFO: [ view_filter ] --END-- [ RunTime:0.000521s ]
INFO: [ app_end ] --START--
INFO: Run Behavior\ShowPageTraceBehavior [ RunTime:0.000510s ]
INFO: [ app_end ] --END-- [ RunTime:0.000675s ]

[ 2018-09-08T17:05:20+08:00 ] 113.200.157.250 /sender/index/?floorname=%E8%A5%BF%E5%85%AD
INFO: [ app_init ] --START--
INFO: Run Behavior\BuildLiteBehavior [ RunTime:0.000034s ]
INFO: [ app_init ] --END-- [ RunTime:0.000441s ]
NOTIC: [8] Use of undefined constant Home - assumed 'Home' C:\wamp64\www\Express\Sender\Conf\config.php 第 17 行.
NOTIC: [8] Use of undefined constant Home - assumed 'Home' C:\wamp64\www\Express\Sender\Conf\config.php 第 18 行.
NOTIC: [8] Use of undefined constant Home - assumed 'Home' C:\wamp64\www\Express\Sender\Conf\config.php 第 19 行.
NOTIC: [8] Use of undefined constant Kdadmin - assumed 'Kdadmin' C:\wamp64\www\Express\Sender\Conf\config.php 第 20 行.
INFO: [ app_begin ] --START--
INFO: Run Behavior\ReadHtmlCacheBehavior [ RunTime:0.000519s ]
INFO: [ app_begin ] --END-- [ RunTime:0.000689s ]
SQL: SHOW COLUMNS FROM `ui_floor` [ RunTime:0.0005s ]
SQL: SELECT `floorname` FROM `ui_floor` WHERE `belong` = 1  [ RunTime:0.0003s ]
SQL: SHOW COLUMNS FROM `ui_order` [ RunTime:0.0005s ]
SQL: SELECT * FROM `ui_order` WHERE `location` LIKE '%西六%' AND `status` = 2  [ RunTime:0.0003s ]
INFO: [ view_parse ] --START--
INFO: [ template_filter ] --START--
INFO: Run Behavior\ContentReplaceBehavior [ RunTime:0.000152s ]
INFO: [ template_filter ] --END-- [ RunTime:0.000322s ]
INFO: Run Behavior\ParseTemplateBehavior [ RunTime:0.012023s ]
INFO: [ view_parse ] --END-- [ RunTime:0.012201s ]
INFO: [ view_filter ] --START--
INFO: Run Behavior\WriteHtmlCacheBehavior [ RunTime:0.000340s ]
INFO: [ view_filter ] --END-- [ RunTime:0.000498s ]
INFO: [ app_end ] --START--
INFO: Run Behavior\ShowPageTraceBehavior [ RunTime:0.000510s ]
INFO: [ app_end ] --END-- [ RunTime:0.000675s ]

[ 2018-09-08T17:05:22+08:00 ] 113.200.157.250 /sender/index/?floorname=%E5%8C%97%E4%B8%89
INFO: [ app_init ] --START--
INFO: Run Behavior\BuildLiteBehavior [ RunTime:0.000035s ]
INFO: [ app_init ] --END-- [ RunTime:0.000464s ]
NOTIC: [8] Use of undefined constant Home - assumed 'Home' C:\wamp64\www\Express\Sender\Conf\config.php 第 17 行.
NOTIC: [8] Use of undefined constant Home - assumed 'Home' C:\wamp64\www\Express\Sender\Conf\config.php 第 18 行.
NOTIC: [8] Use of undefined constant Home - assumed 'Home' C:\wamp64\www\Express\Sender\Conf\config.php 第 19 行.
NOTIC: [8] Use of undefined constant Kdadmin - assumed 'Kdadmin' C:\wamp64\www\Express\Sender\Conf\config.php 第 20 行.
INFO: [ app_begin ] --START--
INFO: Run Behavior\ReadHtmlCacheBehavior [ RunTime:0.000551s ]
INFO: [ app_begin ] --END-- [ RunTime:0.000723s ]
SQL: SHOW COLUMNS FROM `ui_floor` [ RunTime:0.0006s ]
SQL: SELECT `floorname` FROM `ui_floor` WHERE `belong` = 1  [ RunTime:0.0003s ]
SQL: SHOW COLUMNS FROM `ui_order` [ RunTime:0.0005s ]
SQL: SELECT * FROM `ui_order` WHERE `location` LIKE '%北三%' AND `status` = 2  [ RunTime:0.0003s ]
INFO: [ view_parse ] --START--
INFO: [ template_filter ] --START--
INFO: Run Behavior\ContentReplaceBehavior [ RunTime:0.000151s ]
INFO: [ template_filter ] --END-- [ RunTime:0.000320s ]
INFO: Run Behavior\ParseTemplateBehavior [ RunTime:0.012739s ]
INFO: [ view_parse ] --END-- [ RunTime:0.012913s ]
INFO: [ view_filter ] --START--
INFO: Run Behavior\WriteHtmlCacheBehavior [ RunTime:0.000328s ]
INFO: [ view_filter ] --END-- [ RunTime:0.000486s ]
INFO: [ app_end ] --START--
INFO: Run Behavior\ShowPageTraceBehavior [ RunTime:0.000512s ]
INFO: [ app_end ] --END-- [ RunTime:0.000691s ]

[ 2018-09-08T17:05:24+08:00 ] 113.200.157.250 /sender/index/myorder
INFO: [ app_init ] --START--
INFO: Run Behavior\BuildLiteBehavior [ RunTime:0.000035s ]
INFO: [ app_init ] --END-- [ RunTime:0.000458s ]
NOTIC: [8] Use of undefined constant Home - assumed 'Home' C:\wamp64\www\Express\Sender\Conf\config.php 第 17 行.
NOTIC: [8] Use of undefined constant Home - assumed 'Home' C:\wamp64\www\Express\Sender\Conf\config.php 第 18 行.
NOTIC: [8] Use of undefined constant Home - assumed 'Home' C:\wamp64\www\Express\Sender\Conf\config.php 第 19 行.
NOTIC: [8] Use of undefined constant Kdadmin - assumed 'Kdadmin' C:\wamp64\www\Express\Sender\Conf\config.php 第 20 行.
INFO: [ app_begin ] --START--
INFO: Run Behavior\ReadHtmlCacheBehavior [ RunTime:0.000590s ]
INFO: [ app_begin ] --END-- [ RunTime:0.000778s ]
SQL: SHOW COLUMNS FROM `ui_order` [ RunTime:0.0006s ]
SQL: SELECT * FROM `ui_order` WHERE `status` = 3  [ RunTime:0.0003s ]
INFO: [ view_parse ] --START--
INFO: [ template_filter ] --START--
INFO: Run Behavior\ContentReplaceBehavior [ RunTime:0.000144s ]
INFO: [ template_filter ] --END-- [ RunTime:0.000311s ]
INFO: Run Behavior\ParseTemplateBehavior [ RunTime:0.009418s ]
INFO: [ view_parse ] --END-- [ RunTime:0.009591s ]
INFO: [ view_filter ] --START--
INFO: Run Behavior\WriteHtmlCacheBehavior [ RunTime:0.000327s ]
INFO: [ view_filter ] --END-- [ RunTime:0.000485s ]
INFO: [ app_end ] --START--
INFO: Run Behavior\ShowPageTraceBehavior [ RunTime:0.000511s ]
INFO: [ app_end ] --END-- [ RunTime:0.000676s ]

[ 2018-09-08T17:05:26+08:00 ] 113.200.157.250 /sender/index/records
INFO: [ app_init ] --START--
INFO: Run Behavior\BuildLiteBehavior [ RunTime:0.000035s ]
INFO: [ app_init ] --END-- [ RunTime:0.000448s ]
NOTIC: [8] Use of undefined constant Home - assumed 'Home' C:\wamp64\www\Express\Sender\Conf\config.php 第 17 行.
NOTIC: [8] Use of undefined constant Home - assumed 'Home' C:\wamp64\www\Express\Sender\Conf\config.php 第 18 行.
NOTIC: [8] Use of undefined constant Home - assumed 'Home' C:\wamp64\www\Express\Sender\Conf\config.php 第 19 行.
NOTIC: [8] Use of undefined constant Kdadmin - assumed 'Kdadmin' C:\wamp64\www\Express\Sender\Conf\config.php 第 20 行.
INFO: [ app_begin ] --START--
INFO: Run Behavior\ReadHtmlCacheBehavior [ RunTime:0.000523s ]
INFO: [ app_begin ] --END-- [ RunTime:0.000693s ]
SQL: SHOW COLUMNS FROM `ui_order` [ RunTime:0.0006s ]
SQL: SELECT COUNT(*) AS tp_count FROM `ui_order` WHERE `sendid` = 1 AND `status` IN ('4','5') LIMIT 1   [ RunTime:0.0003s ]
SQL: SHOW COLUMNS FROM `ui_order` [ RunTime:0.0005s ]
SQL: SELECT * FROM `ui_order` WHERE `sendid` = 1 AND `status` IN ('4','5') LIMIT 0,15   [ RunTime:0.0003s ]
INFO: [ view_parse ] --START--
INFO: [ template_filter ] --START--
INFO: Run Behavior\ContentReplaceBehavior [ RunTime:0.000130s ]
INFO: [ template_filter ] --END-- [ RunTime:0.000306s ]
INFO: Run Behavior\ParseTemplateBehavior [ RunTime:0.009432s ]
INFO: [ view_parse ] --END-- [ RunTime:0.009607s ]
INFO: [ view_filter ] --START--
INFO: Run Behavior\WriteHtmlCacheBehavior [ RunTime:0.000323s ]
INFO: [ view_filter ] --END-- [ RunTime:0.000489s ]
INFO: [ app_end ] --START--
INFO: Run Behavior\ShowPageTraceBehavior [ RunTime:0.000518s ]
INFO: [ app_end ] --END-- [ RunTime:0.000687s ]

[ 2018-09-08T17:05:28+08:00 ] 113.200.157.250 /sender/index/index
INFO: [ app_init ] --START--
INFO: Run Behavior\BuildLiteBehavior [ RunTime:0.000034s ]
INFO: [ app_init ] --END-- [ RunTime:0.000457s ]
NOTIC: [8] Use of undefined constant Home - assumed 'Home' C:\wamp64\www\Express\Sender\Conf\config.php 第 17 行.
NOTIC: [8] Use of undefined constant Home - assumed 'Home' C:\wamp64\www\Express\Sender\Conf\config.php 第 18 行.
NOTIC: [8] Use of undefined constant Home - assumed 'Home' C:\wamp64\www\Express\Sender\Conf\config.php 第 19 行.
NOTIC: [8] Use of undefined constant Kdadmin - assumed 'Kdadmin' C:\wamp64\www\Express\Sender\Conf\config.php 第 20 行.
INFO: [ app_begin ] --START--
INFO: Run Behavior\ReadHtmlCacheBehavior [ RunTime:0.000528s ]
INFO: [ app_begin ] --END-- [ RunTime:0.000700s ]
SQL: SHOW COLUMNS FROM `ui_floor` [ RunTime:0.0006s ]
SQL: SELECT `floorname` FROM `ui_floor` WHERE `belong` = 1  [ RunTime:0.0003s ]
NOTIC: [8] Undefined index: floorname C:\wamp64\www\Express\Sender\Controller\IndexController.class.php 第 10 行.
SQL: SHOW COLUMNS FROM `ui_order` [ RunTime:0.0005s ]
SQL: SELECT * FROM `ui_order` WHERE `status` = 2  [ RunTime:0.0003s ]
INFO: [ view_parse ] --START--
INFO: [ template_filter ] --START--
INFO: Run Behavior\ContentReplaceBehavior [ RunTime:0.000149s ]
INFO: [ template_filter ] --END-- [ RunTime:0.000314s ]
NOTIC: [8] Undefined index: floorname C:\wamp64\www\Express\Runtime\Cache\Sender\8c32025a986e95e13140140044231188.php 第 22 行.
INFO: Run Behavior\ParseTemplateBehavior [ RunTime:0.011999s ]
INFO: [ view_parse ] --END-- [ RunTime:0.012181s ]
INFO: [ view_filter ] --START--
INFO: Run Behavior\WriteHtmlCacheBehavior [ RunTime:0.000320s ]
INFO: [ view_filter ] --END-- [ RunTime:0.000478s ]
INFO: [ app_end ] --START--
INFO: Run Behavior\ShowPageTraceBehavior [ RunTime:0.000503s ]
INFO: [ app_end ] --END-- [ RunTime:0.000668s ]

[ 2018-09-08T17:05:36+08:00 ] 113.200.157.250 /sender/index/myorder
INFO: [ app_init ] --START--
INFO: Run Behavior\BuildLiteBehavior [ RunTime:0.000035s ]
INFO: [ app_init ] --END-- [ RunTime:0.000476s ]
NOTIC: [8] Use of undefined constant Home - assumed 'Home' C:\wamp64\www\Express\Sender\Conf\config.php 第 17 行.
NOTIC: [8] Use of undefined constant Home - assumed 'Home' C:\wamp64\www\Express\Sender\Conf\config.php 第 18 行.
NOTIC: [8] Use of undefined constant Home - assumed 'Home' C:\wamp64\www\Express\Sender\Conf\config.php 第 19 行.
NOTIC: [8] Use of undefined constant Kdadmin - assumed 'Kdadmin' C:\wamp64\www\Express\Sender\Conf\config.php 第 20 行.
INFO: [ app_begin ] --START--
INFO: Run Behavior\ReadHtmlCacheBehavior [ RunTime:0.000554s ]
INFO: [ app_begin ] --END-- [ RunTime:0.000726s ]
SQL: SHOW COLUMNS FROM `ui_order` [ RunTime:0.0006s ]
SQL: SELECT * FROM `ui_order` WHERE `status` = 3  [ RunTime:0.0003s ]
INFO: [ view_parse ] --START--
INFO: [ template_filter ] --START--
INFO: Run Behavior\ContentReplaceBehavior [ RunTime:0.000139s ]
INFO: [ template_filter ] --END-- [ RunTime:0.000308s ]
INFO: Run Behavior\ParseTemplateBehavior [ RunTime:0.009643s ]
INFO: [ view_parse ] --END-- [ RunTime:0.009818s ]
INFO: [ view_filter ] --START--
INFO: Run Behavior\WriteHtmlCacheBehavior [ RunTime:0.000327s ]
INFO: [ view_filter ] --END-- [ RunTime:0.000487s ]
INFO: [ app_end ] --START--
INFO: Run Behavior\ShowPageTraceBehavior [ RunTime:0.000510s ]
INFO: [ app_end ] --END-- [ RunTime:0.000689s ]

[ 2018-09-08T17:06:22+08:00 ] 101.89.239.238 /sender/index/?floorname=%E5%8C%97%E4%B8%89
INFO: [ app_init ] --START--
INFO: Run Behavior\BuildLiteBehavior [ RunTime:0.000035s ]
INFO: [ app_init ] --END-- [ RunTime:0.000458s ]
NOTIC: [8] Use of undefined constant Home - assumed 'Home' C:\wamp64\www\Express\Sender\Conf\config.php 第 17 行.
NOTIC: [8] Use of undefined constant Home - assumed 'Home' C:\wamp64\www\Express\Sender\Conf\config.php 第 18 行.
NOTIC: [8] Use of undefined constant Home - assumed 'Home' C:\wamp64\www\Express\Sender\Conf\config.php 第 19 行.
NOTIC: [8] Use of undefined constant Kdadmin - assumed 'Kdadmin' C:\wamp64\www\Express\Sender\Conf\config.php 第 20 行.
INFO: [ app_begin ] --START--
INFO: Run Behavior\ReadHtmlCacheBehavior [ RunTime:0.000516s ]
INFO: [ app_begin ] --END-- [ RunTime:0.000687s ]
NOTIC: [8] Undefined index: code C:\wamp64\www\Express\Sender\Common\function.php 第 27 行.

[ 2018-09-08T17:06:23+08:00 ] 101.89.239.245 /sender/index/myorder
INFO: [ app_init ] --START--
INFO: Run Behavior\BuildLiteBehavior [ RunTime:0.000035s ]
INFO: [ app_init ] --END-- [ RunTime:0.000470s ]
NOTIC: [8] Use of undefined constant Home - assumed 'Home' C:\wamp64\www\Express\Sender\Conf\config.php 第 17 行.
NOTIC: [8] Use of undefined constant Home - assumed 'Home' C:\wamp64\www\Express\Sender\Conf\config.php 第 18 行.
NOTIC: [8] Use of undefined constant Home - assumed 'Home' C:\wamp64\www\Express\Sender\Conf\config.php 第 19 行.
NOTIC: [8] Use of undefined constant Kdadmin - assumed 'Kdadmin' C:\wamp64\www\Express\Sender\Conf\config.php 第 20 行.
INFO: [ app_begin ] --START--
INFO: Run Behavior\ReadHtmlCacheBehavior [ RunTime:0.000531s ]
INFO: [ app_begin ] --END-- [ RunTime:0.000703s ]
NOTIC: [8] Undefined index: code C:\wamp64\www\Express\Sender\Common\function.php 第 27 行.

[ 2018-09-08T17:34:59+08:00 ] 183.57.53.222 /sender/index/records/p/1.html
INFO: [ app_init ] --START--
INFO: Run Behavior\BuildLiteBehavior [ RunTime:0.000035s ]
INFO: [ app_init ] --END-- [ RunTime:0.000481s ]
NOTIC: [8] Use of undefined constant Home - assumed 'Home' C:\wamp64\www\Express\Sender\Conf\config.php 第 17 行.
NOTIC: [8] Use of undefined constant Home - assumed 'Home' C:\wamp64\www\Express\Sender\Conf\config.php 第 18 行.
NOTIC: [8] Use of undefined constant Home - assumed 'Home' C:\wamp64\www\Express\Sender\Conf\config.php 第 19 行.
NOTIC: [8] Use of undefined constant Kdadmin - assumed 'Kdadmin' C:\wamp64\www\Express\Sender\Conf\config.php 第 20 行.
INFO: [ app_begin ] --START--
INFO: Run Behavior\ReadHtmlCacheBehavior [ RunTime:0.000567s ]
INFO: [ app_begin ] --END-- [ RunTime:0.000741s ]
NOTIC: [8] Undefined index: code C:\wamp64\www\Express\Sender\Common\function.php 第 27 行.

[ 2018-09-08T17:34:59+08:00 ] 58.251.121.185 /sender/index/?sendid%3D1%26sendid%3D1%26sendid%3D1%26sendid%3D1
INFO: [ app_init ] --START--
INFO: Run Behavior\BuildLiteBehavior [ RunTime:0.000033s ]
INFO: [ app_init ] --END-- [ RunTime:0.000480s ]
NOTIC: [8] Use of undefined constant Home - assumed 'Home' C:\wamp64\www\Express\Sender\Conf\config.php 第 17 行.
NOTIC: [8] Use of undefined constant Home - assumed 'Home' C:\wamp64\www\Express\Sender\Conf\config.php 第 18 行.
NOTIC: [8] Use of undefined constant Home - assumed 'Home' C:\wamp64\www\Express\Sender\Conf\config.php 第 19 行.
NOTIC: [8] Use of undefined constant Kdadmin - assumed 'Kdadmin' C:\wamp64\www\Express\Sender\Conf\config.php 第 20 行.
INFO: [ app_begin ] --START--
INFO: Run Behavior\ReadHtmlCacheBehavior [ RunTime:0.000546s ]
INFO: [ app_begin ] --END-- [ RunTime:0.000719s ]
NOTIC: [8] Undefined index: code C:\wamp64\www\Express\Sender\Common\function.php 第 27 行.

[ 2018-09-08T18:36:33+08:00 ] 113.200.157.250 /sender
INFO: [ app_init ] --START--
INFO: Run Behavior\BuildLiteBehavior [ RunTime:0.000046s ]
INFO: [ app_init ] --END-- [ RunTime:0.000470s ]
NOTIC: [8] Use of undefined constant Home - assumed 'Home' C:\wamp64\www\Express\Sender\Conf\config.php 第 17 行.
NOTIC: [8] Use of undefined constant Home - assumed 'Home' C:\wamp64\www\Express\Sender\Conf\config.php 第 18 行.
NOTIC: [8] Use of undefined constant Home - assumed 'Home' C:\wamp64\www\Express\Sender\Conf\config.php 第 19 行.
NOTIC: [8] Use of undefined constant Kdadmin - assumed 'Kdadmin' C:\wamp64\www\Express\Sender\Conf\config.php 第 20 行.
INFO: [ app_begin ] --START--
INFO: Run Behavior\ReadHtmlCacheBehavior [ RunTime:0.000554s ]
INFO: [ app_begin ] --END-- [ RunTime:0.000726s ]
SQL: SHOW COLUMNS FROM `ui_floor` [ RunTime:0.0006s ]
SQL: SELECT `floorname` FROM `ui_floor` WHERE `belong` = 1  [ RunTime:0.0003s ]
NOTIC: [8] Undefined index: floorname C:\wamp64\www\Express\Sender\Controller\IndexController.class.php 第 10 行.
SQL: SHOW COLUMNS FROM `ui_order` [ RunTime:0.0005s ]
SQL: SELECT * FROM `ui_order` WHERE `status` = 2  [ RunTime:0.0003s ]
INFO: [ view_parse ] --START--
INFO: [ template_filter ] --START--
INFO: Run Behavior\ContentReplaceBehavior [ RunTime:0.000148s ]
INFO: [ template_filter ] --END-- [ RunTime:0.000315s ]
NOTIC: [8] Undefined index: floorname C:\wamp64\www\Express\Runtime\Cache\Sender\8c32025a986e95e13140140044231188.php 第 22 行.
INFO: Run Behavior\ParseTemplateBehavior [ RunTime:0.012722s ]
INFO: [ view_parse ] --END-- [ RunTime:0.012895s ]
INFO: [ view_filter ] --START--
INFO: Run Behavior\WriteHtmlCacheBehavior [ RunTime:0.000350s ]
INFO: [ view_filter ] --END-- [ RunTime:0.000510s ]
INFO: [ app_end ] --START--
INFO: Run Behavior\ShowPageTraceBehavior [ RunTime:0.000490s ]
INFO: [ app_end ] --END-- [ RunTime:0.000681s ]

[ 2018-09-08T21:15:20+08:00 ] 59.36.119.227 /sender/index/index
INFO: [ app_init ] --START--
INFO: Run Behavior\BuildLiteBehavior [ RunTime:0.000035s ]
INFO: [ app_init ] --END-- [ RunTime:0.000466s ]
NOTIC: [8] Use of undefined constant Home - assumed 'Home' C:\wamp64\www\Express\Sender\Conf\config.php 第 17 行.
NOTIC: [8] Use of undefined constant Home - assumed 'Home' C:\wamp64\www\Express\Sender\Conf\config.php 第 18 行.
NOTIC: [8] Use of undefined constant Home - assumed 'Home' C:\wamp64\www\Express\Sender\Conf\config.php 第 19 行.
NOTIC: [8] Use of undefined constant Kdadmin - assumed 'Kdadmin' C:\wamp64\www\Express\Sender\Conf\config.php 第 20 行.
INFO: [ app_begin ] --START--
INFO: Run Behavior\ReadHtmlCacheBehavior [ RunTime:0.000530s ]
INFO: [ app_begin ] --END-- [ RunTime:0.000701s ]
NOTIC: [8] Undefined index: code C:\wamp64\www\Express\Sender\Common\function.php 第 27 行.

[ 2018-09-08T22:50:15+08:00 ] 101.91.62.109 /sender
INFO: [ app_init ] --START--
INFO: Run Behavior\BuildLiteBehavior [ RunTime:0.000035s ]
INFO: [ app_init ] --END-- [ RunTime:0.000467s ]
NOTIC: [8] Use of undefined constant Home - assumed 'Home' C:\wamp64\www\Express\Sender\Conf\config.php 第 17 行.
NOTIC: [8] Use of undefined constant Home - assumed 'Home' C:\wamp64\www\Express\Sender\Conf\config.php 第 18 行.
NOTIC: [8] Use of undefined constant Home - assumed 'Home' C:\wamp64\www\Express\Sender\Conf\config.php 第 19 行.
NOTIC: [8] Use of undefined constant Kdadmin - assumed 'Kdadmin' C:\wamp64\www\Express\Sender\Conf\config.php 第 20 行.
INFO: [ app_begin ] --START--
INFO: Run Behavior\ReadHtmlCacheBehavior [ RunTime:0.000559s ]
INFO: [ app_begin ] --END-- [ RunTime:0.000747s ]
NOTIC: [8] Undefined index: code C:\wamp64\www\Express\Sender\Common\function.php 第 27 行.

